CRITICAL - 2023-04-26 11:13:10 --> Undefined variable: ModelBuku
in APPPATH\Controllers\Buku.php on line 47.
 1 APPPATH\Controllers\Buku.php(47): CodeIgniter\Debug\Exceptions->errorHandler(8, 'Undefined variable: ModelBuku', 'APPPATH\\Controllers\\Buku.php', 47, [])
 2 SYSTEMPATH\CodeIgniter.php(904): App\Controllers\Buku->AddData()
 3 SYSTEMPATH\CodeIgniter.php(457): CodeIgniter\CodeIgniter->runController(Object(App\Controllers\Buku))
 4 SYSTEMPATH\CodeIgniter.php(340): CodeIgniter\CodeIgniter->handleRequest(null, Object(Config\Cache), false)
 5 FCPATH\index.php(67): CodeIgniter\CodeIgniter->run()
 6 SYSTEMPATH\Commands\Server\rewrite.php(43): require_once('FCPATH\\index.php')
CRITICAL - 2023-04-26 11:14:00 --> Undefined variable: Buku
in APPPATH\Controllers\Buku.php on line 47.
 1 APPPATH\Controllers\Buku.php(47): CodeIgniter\Debug\Exceptions->errorHandler(8, 'Undefined variable: Buku', 'APPPATH\\Controllers\\Buku.php', 47, [])
 2 SYSTEMPATH\CodeIgniter.php(904): App\Controllers\Buku->AddData()
 3 SYSTEMPATH\CodeIgniter.php(457): CodeIgniter\CodeIgniter->runController(Object(App\Controllers\Buku))
 4 SYSTEMPATH\CodeIgniter.php(340): CodeIgniter\CodeIgniter->handleRequest(null, Object(Config\Cache), false)
 5 FCPATH\index.php(67): CodeIgniter\CodeIgniter->run()
 6 SYSTEMPATH\Commands\Server\rewrite.php(43): require_once('FCPATH\\index.php')
CRITICAL - 2023-04-26 11:14:08 --> Undefined variable: buku
in APPPATH\Controllers\Buku.php on line 47.
 1 APPPATH\Controllers\Buku.php(47): CodeIgniter\Debug\Exceptions->errorHandler(8, 'Undefined variable: buku', 'APPPATH\\Controllers\\Buku.php', 47, [])
 2 SYSTEMPATH\CodeIgniter.php(904): App\Controllers\Buku->AddData()
 3 SYSTEMPATH\CodeIgniter.php(457): CodeIgniter\CodeIgniter->runController(Object(App\Controllers\Buku))
 4 SYSTEMPATH\CodeIgniter.php(340): CodeIgniter\CodeIgniter->handleRequest(null, Object(Config\Cache), false)
 5 FCPATH\index.php(67): CodeIgniter\CodeIgniter->run()
 6 SYSTEMPATH\Commands\Server\rewrite.php(43): require_once('FCPATH\\index.php')
CRITICAL - 2023-04-26 11:15:24 --> Undefined variable: ModelBuku
in APPPATH\Controllers\Buku.php on line 49.
 1 APPPATH\Controllers\Buku.php(49): CodeIgniter\Debug\Exceptions->errorHandler(8, 'Undefined variable: ModelBuku', 'APPPATH\\Controllers\\Buku.php', 49, [])
 2 SYSTEMPATH\CodeIgniter.php(904): App\Controllers\Buku->AddData()
 3 SYSTEMPATH\CodeIgniter.php(457): CodeIgniter\CodeIgniter->runController(Object(App\Controllers\Buku))
 4 SYSTEMPATH\CodeIgniter.php(340): CodeIgniter\CodeIgniter->handleRequest(null, Object(Config\Cache), false)
 5 FCPATH\index.php(67): CodeIgniter\CodeIgniter->run()
 6 SYSTEMPATH\Commands\Server\rewrite.php(43): require_once('FCPATH\\index.php')
CRITICAL - 2023-04-26 11:15:28 --> Undefined variable: ModelBuku
in APPPATH\Controllers\Buku.php on line 49.
 1 APPPATH\Controllers\Buku.php(49): CodeIgniter\Debug\Exceptions->errorHandler(8, 'Undefined variable: ModelBuku', 'APPPATH\\Controllers\\Buku.php', 49, [])
 2 SYSTEMPATH\CodeIgniter.php(904): App\Controllers\Buku->AddData()
 3 SYSTEMPATH\CodeIgniter.php(457): CodeIgniter\CodeIgniter->runController(Object(App\Controllers\Buku))
 4 SYSTEMPATH\CodeIgniter.php(340): CodeIgniter\CodeIgniter->handleRequest(null, Object(Config\Cache), false)
 5 FCPATH\index.php(67): CodeIgniter\CodeIgniter->run()
 6 SYSTEMPATH\Commands\Server\rewrite.php(43): require_once('FCPATH\\index.php')
CRITICAL - 2023-04-26 11:16:18 --> Undefined variable: ModelBuku
in APPPATH\Controllers\Buku.php on line 47.
 1 APPPATH\Controllers\Buku.php(47): CodeIgniter\Debug\Exceptions->errorHandler(8, 'Undefined variable: ModelBuku', 'APPPATH\\Controllers\\Buku.php', 47, [])
 2 SYSTEMPATH\CodeIgniter.php(904): App\Controllers\Buku->AddData()
 3 SYSTEMPATH\CodeIgniter.php(457): CodeIgniter\CodeIgniter->runController(Object(App\Controllers\Buku))
 4 SYSTEMPATH\CodeIgniter.php(340): CodeIgniter\CodeIgniter->handleRequest(null, Object(Config\Cache), false)
 5 FCPATH\index.php(67): CodeIgniter\CodeIgniter->run()
 6 SYSTEMPATH\Commands\Server\rewrite.php(43): require_once('FCPATH\\index.php')
CRITICAL - 2023-04-26 11:16:39 --> Undefined variable: ModelBuku
in APPPATH\Controllers\Buku.php on line 47.
 1 APPPATH\Controllers\Buku.php(47): CodeIgniter\Debug\Exceptions->errorHandler(8, 'Undefined variable: ModelBuku', 'APPPATH\\Controllers\\Buku.php', 47, [])
 2 SYSTEMPATH\CodeIgniter.php(904): App\Controllers\Buku->AddData()
 3 SYSTEMPATH\CodeIgniter.php(457): CodeIgniter\CodeIgniter->runController(Object(App\Controllers\Buku))
 4 SYSTEMPATH\CodeIgniter.php(340): CodeIgniter\CodeIgniter->handleRequest(null, Object(Config\Cache), false)
 5 FCPATH\index.php(67): CodeIgniter\CodeIgniter->run()
 6 SYSTEMPATH\Commands\Server\rewrite.php(43): require_once('FCPATH\\index.php')
CRITICAL - 2023-04-26 11:17:18 --> Undefined variable: ModelBuku
in APPPATH\Controllers\Buku.php on line 47.
 1 APPPATH\Controllers\Buku.php(47): CodeIgniter\Debug\Exceptions->errorHandler(8, 'Undefined variable: ModelBuku', 'APPPATH\\Controllers\\Buku.php', 47, [])
 2 SYSTEMPATH\CodeIgniter.php(904): App\Controllers\Buku->AddData()
 3 SYSTEMPATH\CodeIgniter.php(457): CodeIgniter\CodeIgniter->runController(Object(App\Controllers\Buku))
 4 SYSTEMPATH\CodeIgniter.php(340): CodeIgniter\CodeIgniter->handleRequest(null, Object(Config\Cache), false)
 5 FCPATH\index.php(67): CodeIgniter\CodeIgniter->run()
 6 SYSTEMPATH\Commands\Server\rewrite.php(43): require_once('FCPATH\\index.php')
CRITICAL - 2023-04-26 11:17:26 --> Undefined variable: ModelBuku
in APPPATH\Controllers\Buku.php on line 47.
 1 APPPATH\Controllers\Buku.php(47): CodeIgniter\Debug\Exceptions->errorHandler(8, 'Undefined variable: ModelBuku', 'APPPATH\\Controllers\\Buku.php', 47, [])
 2 SYSTEMPATH\CodeIgniter.php(904): App\Controllers\Buku->AddData()
 3 SYSTEMPATH\CodeIgniter.php(457): CodeIgniter\CodeIgniter->runController(Object(App\Controllers\Buku))
 4 SYSTEMPATH\CodeIgniter.php(340): CodeIgniter\CodeIgniter->handleRequest(null, Object(Config\Cache), false)
 5 FCPATH\index.php(67): CodeIgniter\CodeIgniter->run()
 6 SYSTEMPATH\Commands\Server\rewrite.php(43): require_once('FCPATH\\index.php')
CRITICAL - 2023-04-26 11:18:44 --> Undefined variable: ModelBuku
in APPPATH\Controllers\Buku.php on line 48.
 1 APPPATH\Controllers\Buku.php(48): CodeIgniter\Debug\Exceptions->errorHandler(8, 'Undefined variable: ModelBuku', 'APPPATH\\Controllers\\Buku.php', 48, [])
 2 SYSTEMPATH\CodeIgniter.php(904): App\Controllers\Buku->AddData()
 3 SYSTEMPATH\CodeIgniter.php(457): CodeIgniter\CodeIgniter->runController(Object(App\Controllers\Buku))
 4 SYSTEMPATH\CodeIgniter.php(340): CodeIgniter\CodeIgniter->handleRequest(null, Object(Config\Cache), false)
 5 FCPATH\index.php(67): CodeIgniter\CodeIgniter->run()
 6 SYSTEMPATH\Commands\Server\rewrite.php(43): require_once('FCPATH\\index.php')
CRITICAL - 2023-04-26 11:19:56 --> Undefined variable: KodeBuku
in APPPATH\Controllers\Buku.php on line 48.
 1 APPPATH\Controllers\Buku.php(48): CodeIgniter\Debug\Exceptions->errorHandler(8, 'Undefined variable: KodeBuku', 'APPPATH\\Controllers\\Buku.php', 48, [])
 2 SYSTEMPATH\CodeIgniter.php(904): App\Controllers\Buku->AddData()
 3 SYSTEMPATH\CodeIgniter.php(457): CodeIgniter\CodeIgniter->runController(Object(App\Controllers\Buku))
 4 SYSTEMPATH\CodeIgniter.php(340): CodeIgniter\CodeIgniter->handleRequest(null, Object(Config\Cache), false)
 5 FCPATH\index.php(67): CodeIgniter\CodeIgniter->run()
 6 SYSTEMPATH\Commands\Server\rewrite.php(43): require_once('FCPATH\\index.php')
CRITICAL - 2023-04-26 11:20:15 --> Undefined variable: kode_bku
in APPPATH\Views\buku\v_adddata.php on line 57.
 1 APPPATH\Views\buku\v_adddata.php(57): CodeIgniter\Debug\Exceptions->errorHandler(8, 'Undefined variable: kode_bku', 'APPPATH\\Views\\buku\\v_adddata.php', 57, [...])
 2 SYSTEMPATH\View\View.php(213): include('APPPATH\\Views\\buku\\v_adddata.php')
 3 SYSTEMPATH\View\View.php(216): CodeIgniter\View\View->CodeIgniter\View\{closure}()
 4 SYSTEMPATH\Common.php(1137): CodeIgniter\View\View->render('buku/v_adddata', [], true)
 5 APPPATH\Views\v_template_admin.php(292): view('buku/v_adddata')
 6 SYSTEMPATH\View\View.php(213): include('APPPATH\\Views\\v_template_admin.php')
 7 SYSTEMPATH\View\View.php(216): CodeIgniter\View\View->CodeIgniter\View\{closure}()
 8 SYSTEMPATH\Common.php(1137): CodeIgniter\View\View->render('v_template_admin', [], true)
 9 APPPATH\Controllers\Buku.php(49): view('v_template_admin', [...])
10 SYSTEMPATH\CodeIgniter.php(904): App\Controllers\Buku->AddData()
11 SYSTEMPATH\CodeIgniter.php(457): CodeIgniter\CodeIgniter->runController(Object(App\Controllers\Buku))
12 SYSTEMPATH\CodeIgniter.php(340): CodeIgniter\CodeIgniter->handleRequest(null, Object(Config\Cache), false)
13 FCPATH\index.php(67): CodeIgniter\CodeIgniter->run()
14 SYSTEMPATH\Commands\Server\rewrite.php(43): require_once('FCPATH\\index.php')
CRITICAL - 2023-04-26 11:20:38 --> Undefined variable: kode_buku
in APPPATH\Views\buku\v_adddata.php on line 57.
 1 APPPATH\Views\buku\v_adddata.php(57): CodeIgniter\Debug\Exceptions->errorHandler(8, 'Undefined variable: kode_buku', 'APPPATH\\Views\\buku\\v_adddata.php', 57, [...])
 2 SYSTEMPATH\View\View.php(213): include('APPPATH\\Views\\buku\\v_adddata.php')
 3 SYSTEMPATH\View\View.php(216): CodeIgniter\View\View->CodeIgniter\View\{closure}()
 4 SYSTEMPATH\Common.php(1137): CodeIgniter\View\View->render('buku/v_adddata', [], true)
 5 APPPATH\Views\v_template_admin.php(292): view('buku/v_adddata')
 6 SYSTEMPATH\View\View.php(213): include('APPPATH\\Views\\v_template_admin.php')
 7 SYSTEMPATH\View\View.php(216): CodeIgniter\View\View->CodeIgniter\View\{closure}()
 8 SYSTEMPATH\Common.php(1137): CodeIgniter\View\View->render('v_template_admin', [], true)
 9 APPPATH\Controllers\Buku.php(49): view('v_template_admin', [...])
10 SYSTEMPATH\CodeIgniter.php(904): App\Controllers\Buku->AddData()
11 SYSTEMPATH\CodeIgniter.php(457): CodeIgniter\CodeIgniter->runController(Object(App\Controllers\Buku))
12 SYSTEMPATH\CodeIgniter.php(340): CodeIgniter\CodeIgniter->handleRequest(null, Object(Config\Cache), false)
13 FCPATH\index.php(67): CodeIgniter\CodeIgniter->run()
14 SYSTEMPATH\Commands\Server\rewrite.php(43): require_once('FCPATH\\index.php')
CRITICAL - 2023-04-26 11:21:07 --> Undefined variable: ModelBuku
in APPPATH\Controllers\Buku.php on line 48.
 1 APPPATH\Controllers\Buku.php(48): CodeIgniter\Debug\Exceptions->errorHandler(8, 'Undefined variable: ModelBuku', 'APPPATH\\Controllers\\Buku.php', 48, [])
 2 SYSTEMPATH\CodeIgniter.php(904): App\Controllers\Buku->AddData()
 3 SYSTEMPATH\CodeIgniter.php(457): CodeIgniter\CodeIgniter->runController(Object(App\Controllers\Buku))
 4 SYSTEMPATH\CodeIgniter.php(340): CodeIgniter\CodeIgniter->handleRequest(null, Object(Config\Cache), false)
 5 FCPATH\index.php(67): CodeIgniter\CodeIgniter->run()
 6 SYSTEMPATH\Commands\Server\rewrite.php(43): require_once('FCPATH\\index.php')
CRITICAL - 2023-04-26 11:21:09 --> Undefined variable: ModelBuku
in APPPATH\Controllers\Buku.php on line 48.
 1 APPPATH\Controllers\Buku.php(48): CodeIgniter\Debug\Exceptions->errorHandler(8, 'Undefined variable: ModelBuku', 'APPPATH\\Controllers\\Buku.php', 48, [])
 2 SYSTEMPATH\CodeIgniter.php(904): App\Controllers\Buku->AddData()
 3 SYSTEMPATH\CodeIgniter.php(457): CodeIgniter\CodeIgniter->runController(Object(App\Controllers\Buku))
 4 SYSTEMPATH\CodeIgniter.php(340): CodeIgniter\CodeIgniter->handleRequest(null, Object(Config\Cache), false)
 5 FCPATH\index.php(67): CodeIgniter\CodeIgniter->run()
 6 SYSTEMPATH\Commands\Server\rewrite.php(43): require_once('FCPATH\\index.php')
CRITICAL - 2023-04-26 11:40:59 --> Undefined variable: kode_buku
in APPPATH\Views\buku\v_adddata.php on line 2.
 1 APPPATH\Views\buku\v_adddata.php(2): CodeIgniter\Debug\Exceptions->errorHandler(8, 'Undefined variable: kode_buku', 'APPPATH\\Views\\buku\\v_adddata.php', 2, [...])
 2 SYSTEMPATH\View\View.php(213): include('APPPATH\\Views\\buku\\v_adddata.php')
 3 SYSTEMPATH\View\View.php(216): CodeIgniter\View\View->CodeIgniter\View\{closure}()
 4 SYSTEMPATH\Common.php(1137): CodeIgniter\View\View->render('buku/v_adddata', [], true)
 5 APPPATH\Views\v_template_admin.php(292): view('buku/v_adddata')
 6 SYSTEMPATH\View\View.php(213): include('APPPATH\\Views\\v_template_admin.php')
 7 SYSTEMPATH\View\View.php(216): CodeIgniter\View\View->CodeIgniter\View\{closure}()
 8 SYSTEMPATH\Common.php(1137): CodeIgniter\View\View->render('v_template_admin', [], true)
 9 APPPATH\Controllers\Buku.php(51): view('v_template_admin', [...])
10 SYSTEMPATH\CodeIgniter.php(904): App\Controllers\Buku->AddData()
11 SYSTEMPATH\CodeIgniter.php(457): CodeIgniter\CodeIgniter->runController(Object(App\Controllers\Buku))
12 SYSTEMPATH\CodeIgniter.php(340): CodeIgniter\CodeIgniter->handleRequest(null, Object(Config\Cache), false)
13 FCPATH\index.php(67): CodeIgniter\CodeIgniter->run()
14 SYSTEMPATH\Commands\Server\rewrite.php(43): require_once('FCPATH\\index.php')
CRITICAL - 2023-04-26 11:41:06 --> Undefined variable: kode_buku
in APPPATH\Views\buku\v_adddata.php on line 2.
 1 APPPATH\Views\buku\v_adddata.php(2): CodeIgniter\Debug\Exceptions->errorHandler(8, 'Undefined variable: kode_buku', 'APPPATH\\Views\\buku\\v_adddata.php', 2, [...])
 2 SYSTEMPATH\View\View.php(213): include('APPPATH\\Views\\buku\\v_adddata.php')
 3 SYSTEMPATH\View\View.php(216): CodeIgniter\View\View->CodeIgniter\View\{closure}()
 4 SYSTEMPATH\Common.php(1137): CodeIgniter\View\View->render('buku/v_adddata', [], true)
 5 APPPATH\Views\v_template_admin.php(292): view('buku/v_adddata')
 6 SYSTEMPATH\View\View.php(213): include('APPPATH\\Views\\v_template_admin.php')
 7 SYSTEMPATH\View\View.php(216): CodeIgniter\View\View->CodeIgniter\View\{closure}()
 8 SYSTEMPATH\Common.php(1137): CodeIgniter\View\View->render('v_template_admin', [], true)
 9 APPPATH\Controllers\Buku.php(51): view('v_template_admin', [...])
10 SYSTEMPATH\CodeIgniter.php(904): App\Controllers\Buku->AddData()
11 SYSTEMPATH\CodeIgniter.php(457): CodeIgniter\CodeIgniter->runController(Object(App\Controllers\Buku))
12 SYSTEMPATH\CodeIgniter.php(340): CodeIgniter\CodeIgniter->handleRequest(null, Object(Config\Cache), false)
13 FCPATH\index.php(67): CodeIgniter\CodeIgniter->run()
14 SYSTEMPATH\Commands\Server\rewrite.php(43): require_once('FCPATH\\index.php')
CRITICAL - 2023-04-26 11:41:34 --> Undefined variable: kode_buku
in APPPATH\Views\buku\v_adddata.php on line 67.
 1 APPPATH\Views\buku\v_adddata.php(67): CodeIgniter\Debug\Exceptions->errorHandler(8, 'Undefined variable: kode_buku', 'APPPATH\\Views\\buku\\v_adddata.php', 67, [...])
 2 SYSTEMPATH\View\View.php(213): include('APPPATH\\Views\\buku\\v_adddata.php')
 3 SYSTEMPATH\View\View.php(216): CodeIgniter\View\View->CodeIgniter\View\{closure}()
 4 SYSTEMPATH\Common.php(1137): CodeIgniter\View\View->render('buku/v_adddata', [], true)
 5 APPPATH\Views\v_template_admin.php(292): view('buku/v_adddata')
 6 SYSTEMPATH\View\View.php(213): include('APPPATH\\Views\\v_template_admin.php')
 7 SYSTEMPATH\View\View.php(216): CodeIgniter\View\View->CodeIgniter\View\{closure}()
 8 SYSTEMPATH\Common.php(1137): CodeIgniter\View\View->render('v_template_admin', [], true)
 9 APPPATH\Controllers\Buku.php(51): view('v_template_admin', [...])
10 SYSTEMPATH\CodeIgniter.php(904): App\Controllers\Buku->AddData()
11 SYSTEMPATH\CodeIgniter.php(457): CodeIgniter\CodeIgniter->runController(Object(App\Controllers\Buku))
12 SYSTEMPATH\CodeIgniter.php(340): CodeIgniter\CodeIgniter->handleRequest(null, Object(Config\Cache), false)
13 FCPATH\index.php(67): CodeIgniter\CodeIgniter->run()
14 SYSTEMPATH\Commands\Server\rewrite.php(43): require_once('FCPATH\\index.php')
CRITICAL - 2023-04-26 11:43:45 --> Undefined variable: kode_buku
in APPPATH\Views\buku\v_adddata.php on line 58.
 1 APPPATH\Views\buku\v_adddata.php(58): CodeIgniter\Debug\Exceptions->errorHandler(8, 'Undefined variable: kode_buku', 'APPPATH\\Views\\buku\\v_adddata.php', 58, [...])
 2 SYSTEMPATH\View\View.php(213): include('APPPATH\\Views\\buku\\v_adddata.php')
 3 SYSTEMPATH\View\View.php(216): CodeIgniter\View\View->CodeIgniter\View\{closure}()
 4 SYSTEMPATH\Common.php(1137): CodeIgniter\View\View->render('buku/v_adddata', [], true)
 5 APPPATH\Views\v_template_admin.php(292): view('buku/v_adddata')
 6 SYSTEMPATH\View\View.php(213): include('APPPATH\\Views\\v_template_admin.php')
 7 SYSTEMPATH\View\View.php(216): CodeIgniter\View\View->CodeIgniter\View\{closure}()
 8 SYSTEMPATH\Common.php(1137): CodeIgniter\View\View->render('v_template_admin', [], true)
 9 APPPATH\Controllers\Buku.php(51): view('v_template_admin', [...])
10 SYSTEMPATH\CodeIgniter.php(904): App\Controllers\Buku->AddData()
11 SYSTEMPATH\CodeIgniter.php(457): CodeIgniter\CodeIgniter->runController(Object(App\Controllers\Buku))
12 SYSTEMPATH\CodeIgniter.php(340): CodeIgniter\CodeIgniter->handleRequest(null, Object(Config\Cache), false)
13 FCPATH\index.php(67): CodeIgniter\CodeIgniter->run()
14 SYSTEMPATH\Commands\Server\rewrite.php(43): require_once('FCPATH\\index.php')
CRITICAL - 2023-04-26 11:44:14 --> Undefined variable: kode_buku
in APPPATH\Views\buku\v_adddata.php on line 58.
 1 APPPATH\Views\buku\v_adddata.php(58): CodeIgniter\Debug\Exceptions->errorHandler(8, 'Undefined variable: kode_buku', 'APPPATH\\Views\\buku\\v_adddata.php', 58, [...])
 2 SYSTEMPATH\View\View.php(213): include('APPPATH\\Views\\buku\\v_adddata.php')
 3 SYSTEMPATH\View\View.php(216): CodeIgniter\View\View->CodeIgniter\View\{closure}()
 4 SYSTEMPATH\Common.php(1137): CodeIgniter\View\View->render('buku/v_adddata', [], true)
 5 APPPATH\Views\v_template_admin.php(292): view('buku/v_adddata')
 6 SYSTEMPATH\View\View.php(213): include('APPPATH\\Views\\v_template_admin.php')
 7 SYSTEMPATH\View\View.php(216): CodeIgniter\View\View->CodeIgniter\View\{closure}()
 8 SYSTEMPATH\Common.php(1137): CodeIgniter\View\View->render('v_template_admin', [], true)
 9 APPPATH\Controllers\Buku.php(51): view('v_template_admin', [...])
10 SYSTEMPATH\CodeIgniter.php(904): App\Controllers\Buku->AddData()
11 SYSTEMPATH\CodeIgniter.php(457): CodeIgniter\CodeIgniter->runController(Object(App\Controllers\Buku))
12 SYSTEMPATH\CodeIgniter.php(340): CodeIgniter\CodeIgniter->handleRequest(null, Object(Config\Cache), false)
13 FCPATH\index.php(67): CodeIgniter\CodeIgniter->run()
14 SYSTEMPATH\Commands\Server\rewrite.php(43): require_once('FCPATH\\index.php')
CRITICAL - 2023-04-26 11:44:33 --> Undefined variable: kode_buku
in APPPATH\Views\buku\v_adddata.php on line 58.
 1 APPPATH\Views\buku\v_adddata.php(58): CodeIgniter\Debug\Exceptions->errorHandler(8, 'Undefined variable: kode_buku', 'APPPATH\\Views\\buku\\v_adddata.php', 58, [...])
 2 SYSTEMPATH\View\View.php(213): include('APPPATH\\Views\\buku\\v_adddata.php')
 3 SYSTEMPATH\View\View.php(216): CodeIgniter\View\View->CodeIgniter\View\{closure}()
 4 SYSTEMPATH\Common.php(1137): CodeIgniter\View\View->render('buku/v_adddata', [], true)
 5 APPPATH\Views\v_template_admin.php(292): view('buku/v_adddata')
 6 SYSTEMPATH\View\View.php(213): include('APPPATH\\Views\\v_template_admin.php')
 7 SYSTEMPATH\View\View.php(216): CodeIgniter\View\View->CodeIgniter\View\{closure}()
 8 SYSTEMPATH\Common.php(1137): CodeIgniter\View\View->render('v_template_admin', [], true)
 9 APPPATH\Controllers\Buku.php(51): view('v_template_admin', [...])
10 SYSTEMPATH\CodeIgniter.php(904): App\Controllers\Buku->AddData()
11 SYSTEMPATH\CodeIgniter.php(457): CodeIgniter\CodeIgniter->runController(Object(App\Controllers\Buku))
12 SYSTEMPATH\CodeIgniter.php(340): CodeIgniter\CodeIgniter->handleRequest(null, Object(Config\Cache), false)
13 FCPATH\index.php(67): CodeIgniter\CodeIgniter->run()
14 SYSTEMPATH\Commands\Server\rewrite.php(43): require_once('FCPATH\\index.php')
CRITICAL - 2023-04-26 11:44:34 --> Undefined variable: kode_buku
in APPPATH\Views\buku\v_adddata.php on line 58.
 1 APPPATH\Views\buku\v_adddata.php(58): CodeIgniter\Debug\Exceptions->errorHandler(8, 'Undefined variable: kode_buku', 'APPPATH\\Views\\buku\\v_adddata.php', 58, [...])
 2 SYSTEMPATH\View\View.php(213): include('APPPATH\\Views\\buku\\v_adddata.php')
 3 SYSTEMPATH\View\View.php(216): CodeIgniter\View\View->CodeIgniter\View\{closure}()
 4 SYSTEMPATH\Common.php(1137): CodeIgniter\View\View->render('buku/v_adddata', [], true)
 5 APPPATH\Views\v_template_admin.php(292): view('buku/v_adddata')
 6 SYSTEMPATH\View\View.php(213): include('APPPATH\\Views\\v_template_admin.php')
 7 SYSTEMPATH\View\View.php(216): CodeIgniter\View\View->CodeIgniter\View\{closure}()
 8 SYSTEMPATH\Common.php(1137): CodeIgniter\View\View->render('v_template_admin', [], true)
 9 APPPATH\Controllers\Buku.php(51): view('v_template_admin', [...])
10 SYSTEMPATH\CodeIgniter.php(904): App\Controllers\Buku->AddData()
11 SYSTEMPATH\CodeIgniter.php(457): CodeIgniter\CodeIgniter->runController(Object(App\Controllers\Buku))
12 SYSTEMPATH\CodeIgniter.php(340): CodeIgniter\CodeIgniter->handleRequest(null, Object(Config\Cache), false)
13 FCPATH\index.php(67): CodeIgniter\CodeIgniter->run()
14 SYSTEMPATH\Commands\Server\rewrite.php(43): require_once('FCPATH\\index.php')
CRITICAL - 2023-04-26 11:44:47 --> Undefined variable: kode_buku
in APPPATH\Views\buku\v_adddata.php on line 58.
 1 APPPATH\Views\buku\v_adddata.php(58): CodeIgniter\Debug\Exceptions->errorHandler(8, 'Undefined variable: kode_buku', 'APPPATH\\Views\\buku\\v_adddata.php', 58, [...])
 2 SYSTEMPATH\View\View.php(213): include('APPPATH\\Views\\buku\\v_adddata.php')
 3 SYSTEMPATH\View\View.php(216): CodeIgniter\View\View->CodeIgniter\View\{closure}()
 4 SYSTEMPATH\Common.php(1137): CodeIgniter\View\View->render('buku/v_adddata', [], true)
 5 APPPATH\Views\v_template_admin.php(292): view('buku/v_adddata')
 6 SYSTEMPATH\View\View.php(213): include('APPPATH\\Views\\v_template_admin.php')
 7 SYSTEMPATH\View\View.php(216): CodeIgniter\View\View->CodeIgniter\View\{closure}()
 8 SYSTEMPATH\Common.php(1137): CodeIgniter\View\View->render('v_template_admin', [], true)
 9 APPPATH\Controllers\Buku.php(51): view('v_template_admin', [...])
10 SYSTEMPATH\CodeIgniter.php(904): App\Controllers\Buku->AddData()
11 SYSTEMPATH\CodeIgniter.php(457): CodeIgniter\CodeIgniter->runController(Object(App\Controllers\Buku))
12 SYSTEMPATH\CodeIgniter.php(340): CodeIgniter\CodeIgniter->handleRequest(null, Object(Config\Cache), false)
13 FCPATH\index.php(67): CodeIgniter\CodeIgniter->run()
14 SYSTEMPATH\Commands\Server\rewrite.php(43): require_once('FCPATH\\index.php')
CRITICAL - 2023-04-26 11:45:10 --> Undefined variable: kode_buku
in APPPATH\Views\buku\v_adddata.php on line 58.
 1 APPPATH\Views\buku\v_adddata.php(58): CodeIgniter\Debug\Exceptions->errorHandler(8, 'Undefined variable: kode_buku', 'APPPATH\\Views\\buku\\v_adddata.php', 58, [...])
 2 SYSTEMPATH\View\View.php(213): include('APPPATH\\Views\\buku\\v_adddata.php')
 3 SYSTEMPATH\View\View.php(216): CodeIgniter\View\View->CodeIgniter\View\{closure}()
 4 SYSTEMPATH\Common.php(1137): CodeIgniter\View\View->render('buku/v_adddata', [], true)
 5 APPPATH\Views\v_template_admin.php(292): view('buku/v_adddata')
 6 SYSTEMPATH\View\View.php(213): include('APPPATH\\Views\\v_template_admin.php')
 7 SYSTEMPATH\View\View.php(216): CodeIgniter\View\View->CodeIgniter\View\{closure}()
 8 SYSTEMPATH\Common.php(1137): CodeIgniter\View\View->render('v_template_admin', [], true)
 9 APPPATH\Controllers\Buku.php(51): view('v_template_admin', [...])
10 SYSTEMPATH\CodeIgniter.php(904): App\Controllers\Buku->AddData()
11 SYSTEMPATH\CodeIgniter.php(457): CodeIgniter\CodeIgniter->runController(Object(App\Controllers\Buku))
12 SYSTEMPATH\CodeIgniter.php(340): CodeIgniter\CodeIgniter->handleRequest(null, Object(Config\Cache), false)
13 FCPATH\index.php(67): CodeIgniter\CodeIgniter->run()
14 SYSTEMPATH\Commands\Server\rewrite.php(43): require_once('FCPATH\\index.php')
CRITICAL - 2023-04-26 11:46:35 --> Undefined variable: kode_buku
in APPPATH\Views\buku\v_adddata.php on line 2.
 1 APPPATH\Views\buku\v_adddata.php(2): CodeIgniter\Debug\Exceptions->errorHandler(8, 'Undefined variable: kode_buku', 'APPPATH\\Views\\buku\\v_adddata.php', 2, [...])
 2 SYSTEMPATH\View\View.php(213): include('APPPATH\\Views\\buku\\v_adddata.php')
 3 SYSTEMPATH\View\View.php(216): CodeIgniter\View\View->CodeIgniter\View\{closure}()
 4 SYSTEMPATH\Common.php(1137): CodeIgniter\View\View->render('buku/v_adddata', [], true)
 5 APPPATH\Views\v_template_admin.php(292): view('buku/v_adddata')
 6 SYSTEMPATH\View\View.php(213): include('APPPATH\\Views\\v_template_admin.php')
 7 SYSTEMPATH\View\View.php(216): CodeIgniter\View\View->CodeIgniter\View\{closure}()
 8 SYSTEMPATH\Common.php(1137): CodeIgniter\View\View->render('v_template_admin', [], true)
 9 APPPATH\Controllers\Buku.php(51): view('v_template_admin', [...])
10 SYSTEMPATH\CodeIgniter.php(904): App\Controllers\Buku->AddData()
11 SYSTEMPATH\CodeIgniter.php(457): CodeIgniter\CodeIgniter->runController(Object(App\Controllers\Buku))
12 SYSTEMPATH\CodeIgniter.php(340): CodeIgniter\CodeIgniter->handleRequest(null, Object(Config\Cache), false)
13 FCPATH\index.php(67): CodeIgniter\CodeIgniter->run()
14 SYSTEMPATH\Commands\Server\rewrite.php(43): require_once('FCPATH\\index.php')
CRITICAL - 2023-04-26 11:46:48 --> Undefined variable: kode_buku
in APPPATH\Views\buku\v_adddata.php on line 2.
 1 APPPATH\Views\buku\v_adddata.php(2): CodeIgniter\Debug\Exceptions->errorHandler(8, 'Undefined variable: kode_buku', 'APPPATH\\Views\\buku\\v_adddata.php', 2, [...])
 2 SYSTEMPATH\View\View.php(213): include('APPPATH\\Views\\buku\\v_adddata.php')
 3 SYSTEMPATH\View\View.php(216): CodeIgniter\View\View->CodeIgniter\View\{closure}()
 4 SYSTEMPATH\Common.php(1137): CodeIgniter\View\View->render('buku/v_adddata', [], true)
 5 APPPATH\Views\v_template_admin.php(292): view('buku/v_adddata')
 6 SYSTEMPATH\View\View.php(213): include('APPPATH\\Views\\v_template_admin.php')
 7 SYSTEMPATH\View\View.php(216): CodeIgniter\View\View->CodeIgniter\View\{closure}()
 8 SYSTEMPATH\Common.php(1137): CodeIgniter\View\View->render('v_template_admin', [], true)
 9 APPPATH\Controllers\Buku.php(51): view('v_template_admin', [...])
10 SYSTEMPATH\CodeIgniter.php(904): App\Controllers\Buku->AddData()
11 SYSTEMPATH\CodeIgniter.php(457): CodeIgniter\CodeIgniter->runController(Object(App\Controllers\Buku))
12 SYSTEMPATH\CodeIgniter.php(340): CodeIgniter\CodeIgniter->handleRequest(null, Object(Config\Cache), false)
13 FCPATH\index.php(67): CodeIgniter\CodeIgniter->run()
14 SYSTEMPATH\Commands\Server\rewrite.php(43): require_once('FCPATH\\index.php')
CRITICAL - 2023-04-26 11:47:26 --> Undefined variable: kode_buku
in APPPATH\Views\buku\v_adddata.php on line 59.
 1 APPPATH\Views\buku\v_adddata.php(59): CodeIgniter\Debug\Exceptions->errorHandler(8, 'Undefined variable: kode_buku', 'APPPATH\\Views\\buku\\v_adddata.php', 59, [...])
 2 SYSTEMPATH\View\View.php(213): include('APPPATH\\Views\\buku\\v_adddata.php')
 3 SYSTEMPATH\View\View.php(216): CodeIgniter\View\View->CodeIgniter\View\{closure}()
 4 SYSTEMPATH\Common.php(1137): CodeIgniter\View\View->render('buku/v_adddata', [], true)
 5 APPPATH\Views\v_template_admin.php(292): view('buku/v_adddata')
 6 SYSTEMPATH\View\View.php(213): include('APPPATH\\Views\\v_template_admin.php')
 7 SYSTEMPATH\View\View.php(216): CodeIgniter\View\View->CodeIgniter\View\{closure}()
 8 SYSTEMPATH\Common.php(1137): CodeIgniter\View\View->render('v_template_admin', [], true)
 9 APPPATH\Controllers\Buku.php(51): view('v_template_admin', [...])
10 SYSTEMPATH\CodeIgniter.php(904): App\Controllers\Buku->AddData()
11 SYSTEMPATH\CodeIgniter.php(457): CodeIgniter\CodeIgniter->runController(Object(App\Controllers\Buku))
12 SYSTEMPATH\CodeIgniter.php(340): CodeIgniter\CodeIgniter->handleRequest(null, Object(Config\Cache), false)
13 FCPATH\index.php(67): CodeIgniter\CodeIgniter->run()
14 SYSTEMPATH\Commands\Server\rewrite.php(43): require_once('FCPATH\\index.php')
CRITICAL - 2023-04-26 12:51:23 --> Undefined variable: kode_buku
in APPPATH\Views\buku\v_adddata.php on line 59.
 1 APPPATH\Views\buku\v_adddata.php(59): CodeIgniter\Debug\Exceptions->errorHandler(8, 'Undefined variable: kode_buku', 'APPPATH\\Views\\buku\\v_adddata.php', 59, [...])
 2 SYSTEMPATH\View\View.php(213): include('APPPATH\\Views\\buku\\v_adddata.php')
 3 SYSTEMPATH\View\View.php(216): CodeIgniter\View\View->CodeIgniter\View\{closure}()
 4 SYSTEMPATH\Common.php(1137): CodeIgniter\View\View->render('buku/v_adddata', [], true)
 5 APPPATH\Views\v_template_admin.php(292): view('buku/v_adddata')
 6 SYSTEMPATH\View\View.php(213): include('APPPATH\\Views\\v_template_admin.php')
 7 SYSTEMPATH\View\View.php(216): CodeIgniter\View\View->CodeIgniter\View\{closure}()
 8 SYSTEMPATH\Common.php(1137): CodeIgniter\View\View->render('v_template_admin', [], true)
 9 APPPATH\Controllers\Buku.php(51): view('v_template_admin', [...])
10 SYSTEMPATH\CodeIgniter.php(904): App\Controllers\Buku->AddData()
11 SYSTEMPATH\CodeIgniter.php(457): CodeIgniter\CodeIgniter->runController(Object(App\Controllers\Buku))
12 SYSTEMPATH\CodeIgniter.php(340): CodeIgniter\CodeIgniter->handleRequest(null, Object(Config\Cache), false)
13 FCPATH\index.php(67): CodeIgniter\CodeIgniter->run()
14 SYSTEMPATH\Commands\Server\rewrite.php(43): require_once('FCPATH\\index.php')
