CRITICAL - 2023-04-25 06:47:52 --> Undefined index: no_pinjam
in APPPATH\Views\peminjaman\v_diterima.php on line 47.
 1 APPPATH\Views\peminjaman\v_diterima.php(47): CodeIgniter\Debug\Exceptions->errorHandler(8, 'Undefined index: no_pinjam', 'APPPATH\\Views\\peminjaman\\v_diterima.php', 47, [...])
 2 SYSTEMPATH\View\View.php(213): include('APPPATH\\Views\\peminjaman\\v_diterima.php')
 3 SYSTEMPATH\View\View.php(216): CodeIgniter\View\View->CodeIgniter\View\{closure}()
 4 SYSTEMPATH\Common.php(1137): CodeIgniter\View\View->render('peminjaman/v_diterima', [], true)
 5 APPPATH\Views\v_template_anggota.php(172): view('peminjaman/v_diterima')
 6 SYSTEMPATH\View\View.php(213): include('APPPATH\\Views\\v_template_anggota.php')
 7 SYSTEMPATH\View\View.php(216): CodeIgniter\View\View->CodeIgniter\View\{closure}()
 8 SYSTEMPATH\Common.php(1137): CodeIgniter\View\View->render('v_template_anggota', [], true)
 9 APPPATH\Controllers\Peminjaman.php(100): view('v_template_anggota', [...])
10 SYSTEMPATH\CodeIgniter.php(904): App\Controllers\Peminjaman->PengajuanDiterima()
11 SYSTEMPATH\CodeIgniter.php(457): CodeIgniter\CodeIgniter->runController(Object(App\Controllers\Peminjaman))
12 SYSTEMPATH\CodeIgniter.php(340): CodeIgniter\CodeIgniter->handleRequest(null, Object(Config\Cache), false)
13 FCPATH\index.php(67): CodeIgniter\CodeIgniter->run()
14 SYSTEMPATH\Commands\Server\rewrite.php(43): require_once('FCPATH\\index.php')
CRITICAL - 2023-04-25 06:50:16 --> Undefined index: no_pinjam
in APPPATH\Views\peminjaman\v_diterima.php on line 53.
 1 APPPATH\Views\peminjaman\v_diterima.php(53): CodeIgniter\Debug\Exceptions->errorHandler(8, 'Undefined index: no_pinjam', 'APPPATH\\Views\\peminjaman\\v_diterima.php', 53, [...])
 2 SYSTEMPATH\View\View.php(213): include('APPPATH\\Views\\peminjaman\\v_diterima.php')
 3 SYSTEMPATH\View\View.php(216): CodeIgniter\View\View->CodeIgniter\View\{closure}()
 4 SYSTEMPATH\Common.php(1137): CodeIgniter\View\View->render('peminjaman/v_diterima', [], true)
 5 APPPATH\Views\v_template_anggota.php(172): view('peminjaman/v_diterima')
 6 SYSTEMPATH\View\View.php(213): include('APPPATH\\Views\\v_template_anggota.php')
 7 SYSTEMPATH\View\View.php(216): CodeIgniter\View\View->CodeIgniter\View\{closure}()
 8 SYSTEMPATH\Common.php(1137): CodeIgniter\View\View->render('v_template_anggota', [], true)
 9 APPPATH\Controllers\Peminjaman.php(100): view('v_template_anggota', [...])
10 SYSTEMPATH\CodeIgniter.php(904): App\Controllers\Peminjaman->PengajuanDiterima()
11 SYSTEMPATH\CodeIgniter.php(457): CodeIgniter\CodeIgniter->runController(Object(App\Controllers\Peminjaman))
12 SYSTEMPATH\CodeIgniter.php(340): CodeIgniter\CodeIgniter->handleRequest(null, Object(Config\Cache), false)
13 FCPATH\index.php(67): CodeIgniter\CodeIgniter->run()
14 SYSTEMPATH\Commands\Server\rewrite.php(43): require_once('FCPATH\\index.php')
CRITICAL - 2023-04-25 06:52:08 --> Undefined index: no_pinjam
in APPPATH\Views\peminjaman\v_diterima.php on line 53.
 1 APPPATH\Views\peminjaman\v_diterima.php(53): CodeIgniter\Debug\Exceptions->errorHandler(8, 'Undefined index: no_pinjam', 'APPPATH\\Views\\peminjaman\\v_diterima.php', 53, [...])
 2 SYSTEMPATH\View\View.php(213): include('APPPATH\\Views\\peminjaman\\v_diterima.php')
 3 SYSTEMPATH\View\View.php(216): CodeIgniter\View\View->CodeIgniter\View\{closure}()
 4 SYSTEMPATH\Common.php(1137): CodeIgniter\View\View->render('peminjaman/v_diterima', [], true)
 5 APPPATH\Views\v_template_anggota.php(172): view('peminjaman/v_diterima')
 6 SYSTEMPATH\View\View.php(213): include('APPPATH\\Views\\v_template_anggota.php')
 7 SYSTEMPATH\View\View.php(216): CodeIgniter\View\View->CodeIgniter\View\{closure}()
 8 SYSTEMPATH\Common.php(1137): CodeIgniter\View\View->render('v_template_anggota', [], true)
 9 APPPATH\Controllers\Peminjaman.php(100): view('v_template_anggota', [...])
10 SYSTEMPATH\CodeIgniter.php(904): App\Controllers\Peminjaman->PengajuanDiterima()
11 SYSTEMPATH\CodeIgniter.php(457): CodeIgniter\CodeIgniter->runController(Object(App\Controllers\Peminjaman))
12 SYSTEMPATH\CodeIgniter.php(340): CodeIgniter\CodeIgniter->handleRequest(null, Object(Config\Cache), false)
13 FCPATH\index.php(67): CodeIgniter\CodeIgniter->run()
14 SYSTEMPATH\Commands\Server\rewrite.php(43): require_once('FCPATH\\index.php')
CRITICAL - 2023-04-25 06:52:10 --> Undefined index: no_pinjam
in APPPATH\Views\peminjaman\v_diterima.php on line 53.
 1 APPPATH\Views\peminjaman\v_diterima.php(53): CodeIgniter\Debug\Exceptions->errorHandler(8, 'Undefined index: no_pinjam', 'APPPATH\\Views\\peminjaman\\v_diterima.php', 53, [...])
 2 SYSTEMPATH\View\View.php(213): include('APPPATH\\Views\\peminjaman\\v_diterima.php')
 3 SYSTEMPATH\View\View.php(216): CodeIgniter\View\View->CodeIgniter\View\{closure}()
 4 SYSTEMPATH\Common.php(1137): CodeIgniter\View\View->render('peminjaman/v_diterima', [], true)
 5 APPPATH\Views\v_template_anggota.php(172): view('peminjaman/v_diterima')
 6 SYSTEMPATH\View\View.php(213): include('APPPATH\\Views\\v_template_anggota.php')
 7 SYSTEMPATH\View\View.php(216): CodeIgniter\View\View->CodeIgniter\View\{closure}()
 8 SYSTEMPATH\Common.php(1137): CodeIgniter\View\View->render('v_template_anggota', [], true)
 9 APPPATH\Controllers\Peminjaman.php(100): view('v_template_anggota', [...])
10 SYSTEMPATH\CodeIgniter.php(904): App\Controllers\Peminjaman->PengajuanDiterima()
11 SYSTEMPATH\CodeIgniter.php(457): CodeIgniter\CodeIgniter->runController(Object(App\Controllers\Peminjaman))
12 SYSTEMPATH\CodeIgniter.php(340): CodeIgniter\CodeIgniter->handleRequest(null, Object(Config\Cache), false)
13 FCPATH\index.php(67): CodeIgniter\CodeIgniter->run()
14 SYSTEMPATH\Commands\Server\rewrite.php(43): require_once('FCPATH\\index.php')
CRITICAL - 2023-04-25 07:00:23 --> Undefined variable: pengajuanditerima
in APPPATH\Views\peminjaman\v_ditolak.php on line 44.
 1 APPPATH\Views\peminjaman\v_ditolak.php(44): CodeIgniter\Debug\Exceptions->errorHandler(8, 'Undefined variable: pengajuanditerima', 'APPPATH\\Views\\peminjaman\\v_ditolak.php', 44, [...])
 2 SYSTEMPATH\View\View.php(213): include('APPPATH\\Views\\peminjaman\\v_ditolak.php')
 3 SYSTEMPATH\View\View.php(216): CodeIgniter\View\View->CodeIgniter\View\{closure}()
 4 SYSTEMPATH\Common.php(1137): CodeIgniter\View\View->render('peminjaman/v_ditolak', [], true)
 5 APPPATH\Views\v_template_anggota.php(172): view('peminjaman/v_ditolak')
 6 SYSTEMPATH\View\View.php(213): include('APPPATH\\Views\\v_template_anggota.php')
 7 SYSTEMPATH\View\View.php(216): CodeIgniter\View\View->CodeIgniter\View\{closure}()
 8 SYSTEMPATH\Common.php(1137): CodeIgniter\View\View->render('v_template_anggota', [], true)
 9 APPPATH\Controllers\Peminjaman.php(115): view('v_template_anggota', [...])
10 SYSTEMPATH\CodeIgniter.php(904): App\Controllers\Peminjaman->PengajuanDitolak()
11 SYSTEMPATH\CodeIgniter.php(457): CodeIgniter\CodeIgniter->runController(Object(App\Controllers\Peminjaman))
12 SYSTEMPATH\CodeIgniter.php(340): CodeIgniter\CodeIgniter->handleRequest(null, Object(Config\Cache), false)
13 FCPATH\index.php(67): CodeIgniter\CodeIgniter->run()
14 SYSTEMPATH\Commands\Server\rewrite.php(43): require_once('FCPATH\\index.php')
CRITICAL - 2023-04-25 07:09:14 --> Undefined variable: totalanpeminjaman
in APPPATH\Views\v_dashboard_admin.php on line 50.
 1 APPPATH\Views\v_dashboard_admin.php(50): CodeIgniter\Debug\Exceptions->errorHandler(8, 'Undefined variable: totalanpeminjaman', 'APPPATH\\Views\\v_dashboard_admin.php', 50, [...])
 2 SYSTEMPATH\View\View.php(213): include('APPPATH\\Views\\v_dashboard_admin.php')
 3 SYSTEMPATH\View\View.php(216): CodeIgniter\View\View->CodeIgniter\View\{closure}()
 4 SYSTEMPATH\Common.php(1137): CodeIgniter\View\View->render('v_dashboard_admin', [], true)
 5 APPPATH\Views\v_template_admin.php(302): view('v_dashboard_admin')
 6 SYSTEMPATH\View\View.php(213): include('APPPATH\\Views\\v_template_admin.php')
 7 SYSTEMPATH\View\View.php(216): CodeIgniter\View\View->CodeIgniter\View\{closure}()
 8 SYSTEMPATH\Common.php(1137): CodeIgniter\View\View->render('v_template_admin', [], true)
 9 APPPATH\Controllers\Admin.php(27): view('v_template_admin', [...])
10 SYSTEMPATH\CodeIgniter.php(904): App\Controllers\Admin->index()
11 SYSTEMPATH\CodeIgniter.php(457): CodeIgniter\CodeIgniter->runController(Object(App\Controllers\Admin))
12 SYSTEMPATH\CodeIgniter.php(340): CodeIgniter\CodeIgniter->handleRequest(null, Object(Config\Cache), false)
13 FCPATH\index.php(67): CodeIgniter\CodeIgniter->run()
14 SYSTEMPATH\Commands\Server\rewrite.php(43): require_once('FCPATH\\index.php')
CRITICAL - 2023-04-25 07:10:34 --> Undefined variable: totalanpeminjaman
in APPPATH\Views\v_dashboard_admin.php on line 50.
 1 APPPATH\Views\v_dashboard_admin.php(50): CodeIgniter\Debug\Exceptions->errorHandler(8, 'Undefined variable: totalanpeminjaman', 'APPPATH\\Views\\v_dashboard_admin.php', 50, [...])
 2 SYSTEMPATH\View\View.php(213): include('APPPATH\\Views\\v_dashboard_admin.php')
 3 SYSTEMPATH\View\View.php(216): CodeIgniter\View\View->CodeIgniter\View\{closure}()
 4 SYSTEMPATH\Common.php(1137): CodeIgniter\View\View->render('v_dashboard_admin', [], true)
 5 APPPATH\Views\v_template_admin.php(302): view('v_dashboard_admin')
 6 SYSTEMPATH\View\View.php(213): include('APPPATH\\Views\\v_template_admin.php')
 7 SYSTEMPATH\View\View.php(216): CodeIgniter\View\View->CodeIgniter\View\{closure}()
 8 SYSTEMPATH\Common.php(1137): CodeIgniter\View\View->render('v_template_admin', [], true)
 9 APPPATH\Controllers\Admin.php(28): view('v_template_admin', [...])
10 SYSTEMPATH\CodeIgniter.php(904): App\Controllers\Admin->index()
11 SYSTEMPATH\CodeIgniter.php(457): CodeIgniter\CodeIgniter->runController(Object(App\Controllers\Admin))
12 SYSTEMPATH\CodeIgniter.php(340): CodeIgniter\CodeIgniter->handleRequest(null, Object(Config\Cache), false)
13 FCPATH\index.php(67): CodeIgniter\CodeIgniter->run()
14 SYSTEMPATH\Commands\Server\rewrite.php(43): require_once('FCPATH\\index.php')
CRITICAL - 2023-04-25 07:14:22 --> Trying to access array offset on value of type null
in APPPATH\Views\v_template_anggota.php on line 61.
 1 APPPATH\Views\v_template_anggota.php(61): CodeIgniter\Debug\Exceptions->errorHandler(8, 'Trying to access array offset on value of type null', 'APPPATH\\Views\\v_template_anggota.php', 61, [...])
 2 SYSTEMPATH\View\View.php(213): include('APPPATH\\Views\\v_template_anggota.php')
 3 SYSTEMPATH\View\View.php(216): CodeIgniter\View\View->CodeIgniter\View\{closure}()
 4 SYSTEMPATH\Common.php(1137): CodeIgniter\View\View->render('v_template_anggota', [], true)
 5 APPPATH\Controllers\Peminjaman.php(37): view('v_template_anggota', [...])
 6 SYSTEMPATH\CodeIgniter.php(904): App\Controllers\Peminjaman->Pengajuan()
 7 SYSTEMPATH\CodeIgniter.php(457): CodeIgniter\CodeIgniter->runController(Object(App\Controllers\Peminjaman))
 8 SYSTEMPATH\CodeIgniter.php(340): CodeIgniter\CodeIgniter->handleRequest(null, Object(Config\Cache), false)
 9 FCPATH\index.php(67): CodeIgniter\CodeIgniter->run()
10 SYSTEMPATH\Commands\Server\rewrite.php(43): require_once('FCPATH\\index.php')
CRITICAL - 2023-04-25 07:14:34 --> Trying to access array offset on value of type null
in APPPATH\Views\v_template_anggota.php on line 61.
 1 APPPATH\Views\v_template_anggota.php(61): CodeIgniter\Debug\Exceptions->errorHandler(8, 'Trying to access array offset on value of type null', 'APPPATH\\Views\\v_template_anggota.php', 61, [...])
 2 SYSTEMPATH\View\View.php(213): include('APPPATH\\Views\\v_template_anggota.php')
 3 SYSTEMPATH\View\View.php(216): CodeIgniter\View\View->CodeIgniter\View\{closure}()
 4 SYSTEMPATH\Common.php(1137): CodeIgniter\View\View->render('v_template_anggota', [], true)
 5 APPPATH\Controllers\Peminjaman.php(37): view('v_template_anggota', [...])
 6 SYSTEMPATH\CodeIgniter.php(904): App\Controllers\Peminjaman->Pengajuan()
 7 SYSTEMPATH\CodeIgniter.php(457): CodeIgniter\CodeIgniter->runController(Object(App\Controllers\Peminjaman))
 8 SYSTEMPATH\CodeIgniter.php(340): CodeIgniter\CodeIgniter->handleRequest(null, Object(Config\Cache), false)
 9 FCPATH\index.php(67): CodeIgniter\CodeIgniter->run()
10 SYSTEMPATH\Commands\Server\rewrite.php(43): require_once('FCPATH\\index.php')
CRITICAL - 2023-04-25 07:36:29 --> Undefined variable: status_pinjam
in APPPATH\Views\peminjaman\v_diterima.php on line 75.
 1 APPPATH\Views\peminjaman\v_diterima.php(75): CodeIgniter\Debug\Exceptions->errorHandler(8, 'Undefined variable: status_pinjam', 'APPPATH\\Views\\peminjaman\\v_diterima.php', 75, [...])
 2 SYSTEMPATH\View\View.php(213): include('APPPATH\\Views\\peminjaman\\v_diterima.php')
 3 SYSTEMPATH\View\View.php(216): CodeIgniter\View\View->CodeIgniter\View\{closure}()
 4 SYSTEMPATH\Common.php(1137): CodeIgniter\View\View->render('peminjaman/v_diterima', [], true)
 5 APPPATH\Views\v_template_anggota.php(166): view('peminjaman/v_diterima')
 6 SYSTEMPATH\View\View.php(213): include('APPPATH\\Views\\v_template_anggota.php')
 7 SYSTEMPATH\View\View.php(216): CodeIgniter\View\View->CodeIgniter\View\{closure}()
 8 SYSTEMPATH\Common.php(1137): CodeIgniter\View\View->render('v_template_anggota', [], true)
 9 APPPATH\Controllers\Peminjaman.php(100): view('v_template_anggota', [...])
10 SYSTEMPATH\CodeIgniter.php(904): App\Controllers\Peminjaman->PengajuanDiterima()
11 SYSTEMPATH\CodeIgniter.php(457): CodeIgniter\CodeIgniter->runController(Object(App\Controllers\Peminjaman))
12 SYSTEMPATH\CodeIgniter.php(340): CodeIgniter\CodeIgniter->handleRequest(null, Object(Config\Cache), false)
13 FCPATH\index.php(67): CodeIgniter\CodeIgniter->run()
14 SYSTEMPATH\Commands\Server\rewrite.php(43): require_once('FCPATH\\index.php')
CRITICAL - 2023-04-25 07:36:40 --> Undefined variable: Status_pinjam
in APPPATH\Views\peminjaman\v_diterima.php on line 75.
 1 APPPATH\Views\peminjaman\v_diterima.php(75): CodeIgniter\Debug\Exceptions->errorHandler(8, 'Undefined variable: Status_pinjam', 'APPPATH\\Views\\peminjaman\\v_diterima.php', 75, [...])
 2 SYSTEMPATH\View\View.php(213): include('APPPATH\\Views\\peminjaman\\v_diterima.php')
 3 SYSTEMPATH\View\View.php(216): CodeIgniter\View\View->CodeIgniter\View\{closure}()
 4 SYSTEMPATH\Common.php(1137): CodeIgniter\View\View->render('peminjaman/v_diterima', [], true)
 5 APPPATH\Views\v_template_anggota.php(166): view('peminjaman/v_diterima')
 6 SYSTEMPATH\View\View.php(213): include('APPPATH\\Views\\v_template_anggota.php')
 7 SYSTEMPATH\View\View.php(216): CodeIgniter\View\View->CodeIgniter\View\{closure}()
 8 SYSTEMPATH\Common.php(1137): CodeIgniter\View\View->render('v_template_anggota', [], true)
 9 APPPATH\Controllers\Peminjaman.php(100): view('v_template_anggota', [...])
10 SYSTEMPATH\CodeIgniter.php(904): App\Controllers\Peminjaman->PengajuanDiterima()
11 SYSTEMPATH\CodeIgniter.php(457): CodeIgniter\CodeIgniter->runController(Object(App\Controllers\Peminjaman))
12 SYSTEMPATH\CodeIgniter.php(340): CodeIgniter\CodeIgniter->handleRequest(null, Object(Config\Cache), false)
13 FCPATH\index.php(67): CodeIgniter\CodeIgniter->run()
14 SYSTEMPATH\Commands\Server\rewrite.php(43): require_once('FCPATH\\index.php')
CRITICAL - 2023-04-25 07:36:48 --> Undefined variable: Status
in APPPATH\Views\peminjaman\v_diterima.php on line 75.
 1 APPPATH\Views\peminjaman\v_diterima.php(75): CodeIgniter\Debug\Exceptions->errorHandler(8, 'Undefined variable: Status', 'APPPATH\\Views\\peminjaman\\v_diterima.php', 75, [...])
 2 SYSTEMPATH\View\View.php(213): include('APPPATH\\Views\\peminjaman\\v_diterima.php')
 3 SYSTEMPATH\View\View.php(216): CodeIgniter\View\View->CodeIgniter\View\{closure}()
 4 SYSTEMPATH\Common.php(1137): CodeIgniter\View\View->render('peminjaman/v_diterima', [], true)
 5 APPPATH\Views\v_template_anggota.php(166): view('peminjaman/v_diterima')
 6 SYSTEMPATH\View\View.php(213): include('APPPATH\\Views\\v_template_anggota.php')
 7 SYSTEMPATH\View\View.php(216): CodeIgniter\View\View->CodeIgniter\View\{closure}()
 8 SYSTEMPATH\Common.php(1137): CodeIgniter\View\View->render('v_template_anggota', [], true)
 9 APPPATH\Controllers\Peminjaman.php(100): view('v_template_anggota', [...])
10 SYSTEMPATH\CodeIgniter.php(904): App\Controllers\Peminjaman->PengajuanDiterima()
11 SYSTEMPATH\CodeIgniter.php(457): CodeIgniter\CodeIgniter->runController(Object(App\Controllers\Peminjaman))
12 SYSTEMPATH\CodeIgniter.php(340): CodeIgniter\CodeIgniter->handleRequest(null, Object(Config\Cache), false)
13 FCPATH\index.php(67): CodeIgniter\CodeIgniter->run()
14 SYSTEMPATH\Commands\Server\rewrite.php(43): require_once('FCPATH\\index.php')
CRITICAL - 2023-04-25 07:36:57 --> Undefined variable: Status
in APPPATH\Views\peminjaman\v_diterima.php on line 75.
 1 APPPATH\Views\peminjaman\v_diterima.php(75): CodeIgniter\Debug\Exceptions->errorHandler(8, 'Undefined variable: Status', 'APPPATH\\Views\\peminjaman\\v_diterima.php', 75, [...])
 2 SYSTEMPATH\View\View.php(213): include('APPPATH\\Views\\peminjaman\\v_diterima.php')
 3 SYSTEMPATH\View\View.php(216): CodeIgniter\View\View->CodeIgniter\View\{closure}()
 4 SYSTEMPATH\Common.php(1137): CodeIgniter\View\View->render('peminjaman/v_diterima', [], true)
 5 APPPATH\Views\v_template_anggota.php(166): view('peminjaman/v_diterima')
 6 SYSTEMPATH\View\View.php(213): include('APPPATH\\Views\\v_template_anggota.php')
 7 SYSTEMPATH\View\View.php(216): CodeIgniter\View\View->CodeIgniter\View\{closure}()
 8 SYSTEMPATH\Common.php(1137): CodeIgniter\View\View->render('v_template_anggota', [], true)
 9 APPPATH\Controllers\Peminjaman.php(100): view('v_template_anggota', [...])
10 SYSTEMPATH\CodeIgniter.php(904): App\Controllers\Peminjaman->PengajuanDiterima()
11 SYSTEMPATH\CodeIgniter.php(457): CodeIgniter\CodeIgniter->runController(Object(App\Controllers\Peminjaman))
12 SYSTEMPATH\CodeIgniter.php(340): CodeIgniter\CodeIgniter->handleRequest(null, Object(Config\Cache), false)
13 FCPATH\index.php(67): CodeIgniter\CodeIgniter->run()
14 SYSTEMPATH\Commands\Server\rewrite.php(43): require_once('FCPATH\\index.php')
CRITICAL - 2023-04-25 07:39:19 --> Undefined variable: status
in APPPATH\Views\peminjaman\v_diterima.php on line 75.
 1 APPPATH\Views\peminjaman\v_diterima.php(75): CodeIgniter\Debug\Exceptions->errorHandler(8, 'Undefined variable: status', 'APPPATH\\Views\\peminjaman\\v_diterima.php', 75, [...])
 2 SYSTEMPATH\View\View.php(213): include('APPPATH\\Views\\peminjaman\\v_diterima.php')
 3 SYSTEMPATH\View\View.php(216): CodeIgniter\View\View->CodeIgniter\View\{closure}()
 4 SYSTEMPATH\Common.php(1137): CodeIgniter\View\View->render('peminjaman/v_diterima', [], true)
 5 APPPATH\Views\v_template_anggota.php(166): view('peminjaman/v_diterima')
 6 SYSTEMPATH\View\View.php(213): include('APPPATH\\Views\\v_template_anggota.php')
 7 SYSTEMPATH\View\View.php(216): CodeIgniter\View\View->CodeIgniter\View\{closure}()
 8 SYSTEMPATH\Common.php(1137): CodeIgniter\View\View->render('v_template_anggota', [], true)
 9 APPPATH\Controllers\Peminjaman.php(100): view('v_template_anggota', [...])
10 SYSTEMPATH\CodeIgniter.php(904): App\Controllers\Peminjaman->PengajuanDiterima()
11 SYSTEMPATH\CodeIgniter.php(457): CodeIgniter\CodeIgniter->runController(Object(App\Controllers\Peminjaman))
12 SYSTEMPATH\CodeIgniter.php(340): CodeIgniter\CodeIgniter->handleRequest(null, Object(Config\Cache), false)
13 FCPATH\index.php(67): CodeIgniter\CodeIgniter->run()
14 SYSTEMPATH\Commands\Server\rewrite.php(43): require_once('FCPATH\\index.php')
CRITICAL - 2023-04-25 07:39:36 --> Undefined variable: alt
in APPPATH\Views\peminjaman\v_diterima.php on line 75.
 1 APPPATH\Views\peminjaman\v_diterima.php(75): CodeIgniter\Debug\Exceptions->errorHandler(8, 'Undefined variable: alt', 'APPPATH\\Views\\peminjaman\\v_diterima.php', 75, [...])
 2 SYSTEMPATH\View\View.php(213): include('APPPATH\\Views\\peminjaman\\v_diterima.php')
 3 SYSTEMPATH\View\View.php(216): CodeIgniter\View\View->CodeIgniter\View\{closure}()
 4 SYSTEMPATH\Common.php(1137): CodeIgniter\View\View->render('peminjaman/v_diterima', [], true)
 5 APPPATH\Views\v_template_anggota.php(166): view('peminjaman/v_diterima')
 6 SYSTEMPATH\View\View.php(213): include('APPPATH\\Views\\v_template_anggota.php')
 7 SYSTEMPATH\View\View.php(216): CodeIgniter\View\View->CodeIgniter\View\{closure}()
 8 SYSTEMPATH\Common.php(1137): CodeIgniter\View\View->render('v_template_anggota', [], true)
 9 APPPATH\Controllers\Peminjaman.php(100): view('v_template_anggota', [...])
10 SYSTEMPATH\CodeIgniter.php(904): App\Controllers\Peminjaman->PengajuanDiterima()
11 SYSTEMPATH\CodeIgniter.php(457): CodeIgniter\CodeIgniter->runController(Object(App\Controllers\Peminjaman))
12 SYSTEMPATH\CodeIgniter.php(340): CodeIgniter\CodeIgniter->handleRequest(null, Object(Config\Cache), false)
13 FCPATH\index.php(67): CodeIgniter\CodeIgniter->run()
14 SYSTEMPATH\Commands\Server\rewrite.php(43): require_once('FCPATH\\index.php')
CRITICAL - 2023-04-25 07:41:25 --> Undefined variable: status_pinjam
in APPPATH\Views\peminjaman\v_diterima.php on line 75.
 1 APPPATH\Views\peminjaman\v_diterima.php(75): CodeIgniter\Debug\Exceptions->errorHandler(8, 'Undefined variable: status_pinjam', 'APPPATH\\Views\\peminjaman\\v_diterima.php', 75, [...])
 2 SYSTEMPATH\View\View.php(213): include('APPPATH\\Views\\peminjaman\\v_diterima.php')
 3 SYSTEMPATH\View\View.php(216): CodeIgniter\View\View->CodeIgniter\View\{closure}()
 4 SYSTEMPATH\Common.php(1137): CodeIgniter\View\View->render('peminjaman/v_diterima', [], true)
 5 APPPATH\Views\v_template_anggota.php(166): view('peminjaman/v_diterima')
 6 SYSTEMPATH\View\View.php(213): include('APPPATH\\Views\\v_template_anggota.php')
 7 SYSTEMPATH\View\View.php(216): CodeIgniter\View\View->CodeIgniter\View\{closure}()
 8 SYSTEMPATH\Common.php(1137): CodeIgniter\View\View->render('v_template_anggota', [], true)
 9 APPPATH\Controllers\Peminjaman.php(100): view('v_template_anggota', [...])
10 SYSTEMPATH\CodeIgniter.php(904): App\Controllers\Peminjaman->PengajuanDiterima()
11 SYSTEMPATH\CodeIgniter.php(457): CodeIgniter\CodeIgniter->runController(Object(App\Controllers\Peminjaman))
12 SYSTEMPATH\CodeIgniter.php(340): CodeIgniter\CodeIgniter->handleRequest(null, Object(Config\Cache), false)
13 FCPATH\index.php(67): CodeIgniter\CodeIgniter->run()
14 SYSTEMPATH\Commands\Server\rewrite.php(43): require_once('FCPATH\\index.php')
CRITICAL - 2023-04-25 08:30:01 --> Call to undefined function mysql_query()
in APPPATH\Views\buku\v_adddata.php on line 40.
 1 SYSTEMPATH\View\View.php(213): include()
 2 SYSTEMPATH\View\View.php(216): CodeIgniter\View\View->CodeIgniter\View\{closure}()
 3 SYSTEMPATH\Common.php(1137): CodeIgniter\View\View->render('buku/v_adddata', [], true)
 4 APPPATH\Views\v_template_admin.php(292): view('buku/v_adddata')
 5 SYSTEMPATH\View\View.php(213): include('APPPATH\\Views\\v_template_admin.php')
 6 SYSTEMPATH\View\View.php(216): CodeIgniter\View\View->CodeIgniter\View\{closure}()
 7 SYSTEMPATH\Common.php(1137): CodeIgniter\View\View->render('v_template_admin', [], true)
 8 APPPATH\Controllers\Buku.php(48): view('v_template_admin', [...])
 9 SYSTEMPATH\CodeIgniter.php(904): App\Controllers\Buku->AddData()
10 SYSTEMPATH\CodeIgniter.php(457): CodeIgniter\CodeIgniter->runController(Object(App\Controllers\Buku))
11 SYSTEMPATH\CodeIgniter.php(340): CodeIgniter\CodeIgniter->handleRequest(null, Object(Config\Cache), false)
12 FCPATH\index.php(67): CodeIgniter\CodeIgniter->run()
13 SYSTEMPATH\Commands\Server\rewrite.php(43): require_once('FCPATH\\index.php')
CRITICAL - 2023-04-25 08:30:18 --> Call to undefined function mysql_query()
in APPPATH\Views\buku\v_adddata.php on line 40.
 1 SYSTEMPATH\View\View.php(213): include()
 2 SYSTEMPATH\View\View.php(216): CodeIgniter\View\View->CodeIgniter\View\{closure}()
 3 SYSTEMPATH\Common.php(1137): CodeIgniter\View\View->render('buku/v_adddata', [], true)
 4 APPPATH\Views\v_template_admin.php(292): view('buku/v_adddata')
 5 SYSTEMPATH\View\View.php(213): include('APPPATH\\Views\\v_template_admin.php')
 6 SYSTEMPATH\View\View.php(216): CodeIgniter\View\View->CodeIgniter\View\{closure}()
 7 SYSTEMPATH\Common.php(1137): CodeIgniter\View\View->render('v_template_admin', [], true)
 8 APPPATH\Controllers\Buku.php(48): view('v_template_admin', [...])
 9 SYSTEMPATH\CodeIgniter.php(904): App\Controllers\Buku->AddData()
10 SYSTEMPATH\CodeIgniter.php(457): CodeIgniter\CodeIgniter->runController(Object(App\Controllers\Buku))
11 SYSTEMPATH\CodeIgniter.php(340): CodeIgniter\CodeIgniter->handleRequest(null, Object(Config\Cache), false)
12 FCPATH\index.php(67): CodeIgniter\CodeIgniter->run()
13 SYSTEMPATH\Commands\Server\rewrite.php(43): require_once('FCPATH\\index.php')
CRITICAL - 2023-04-25 08:31:24 --> Call to undefined function mysql_query()
in APPPATH\Views\buku\v_adddata.php on line 40.
 1 SYSTEMPATH\View\View.php(213): include()
 2 SYSTEMPATH\View\View.php(216): CodeIgniter\View\View->CodeIgniter\View\{closure}()
 3 SYSTEMPATH\Common.php(1137): CodeIgniter\View\View->render('buku/v_adddata', [], true)
 4 APPPATH\Views\v_template_admin.php(292): view('buku/v_adddata')
 5 SYSTEMPATH\View\View.php(213): include('APPPATH\\Views\\v_template_admin.php')
 6 SYSTEMPATH\View\View.php(216): CodeIgniter\View\View->CodeIgniter\View\{closure}()
 7 SYSTEMPATH\Common.php(1137): CodeIgniter\View\View->render('v_template_admin', [], true)
 8 APPPATH\Controllers\Buku.php(48): view('v_template_admin', [...])
 9 SYSTEMPATH\CodeIgniter.php(904): App\Controllers\Buku->AddData()
10 SYSTEMPATH\CodeIgniter.php(457): CodeIgniter\CodeIgniter->runController(Object(App\Controllers\Buku))
11 SYSTEMPATH\CodeIgniter.php(340): CodeIgniter\CodeIgniter->handleRequest(null, Object(Config\Cache), false)
12 FCPATH\index.php(67): CodeIgniter\CodeIgniter->run()
13 SYSTEMPATH\Commands\Server\rewrite.php(43): require_once('FCPATH\\index.php')
CRITICAL - 2023-04-25 08:32:38 --> Call to undefined function mysql_query()
in APPPATH\Views\buku\v_adddata.php on line 15.
 1 SYSTEMPATH\View\View.php(213): include()
 2 SYSTEMPATH\View\View.php(216): CodeIgniter\View\View->CodeIgniter\View\{closure}()
 3 SYSTEMPATH\Common.php(1137): CodeIgniter\View\View->render('buku/v_adddata', [], true)
 4 APPPATH\Views\v_template_admin.php(292): view('buku/v_adddata')
 5 SYSTEMPATH\View\View.php(213): include('APPPATH\\Views\\v_template_admin.php')
 6 SYSTEMPATH\View\View.php(216): CodeIgniter\View\View->CodeIgniter\View\{closure}()
 7 SYSTEMPATH\Common.php(1137): CodeIgniter\View\View->render('v_template_admin', [], true)
 8 APPPATH\Controllers\Buku.php(48): view('v_template_admin', [...])
 9 SYSTEMPATH\CodeIgniter.php(904): App\Controllers\Buku->AddData()
10 SYSTEMPATH\CodeIgniter.php(457): CodeIgniter\CodeIgniter->runController(Object(App\Controllers\Buku))
11 SYSTEMPATH\CodeIgniter.php(340): CodeIgniter\CodeIgniter->handleRequest(null, Object(Config\Cache), false)
12 FCPATH\index.php(67): CodeIgniter\CodeIgniter->run()
13 SYSTEMPATH\Commands\Server\rewrite.php(43): require_once('FCPATH\\index.php')
CRITICAL - 2023-04-25 08:34:23 --> Call to undefined function mysql_query()
in APPPATH\Views\buku\v_adddata.php on line 36.
 1 SYSTEMPATH\View\View.php(213): include()
 2 SYSTEMPATH\View\View.php(216): CodeIgniter\View\View->CodeIgniter\View\{closure}()
 3 SYSTEMPATH\Common.php(1137): CodeIgniter\View\View->render('buku/v_adddata', [], true)
 4 APPPATH\Views\v_template_admin.php(292): view('buku/v_adddata')
 5 SYSTEMPATH\View\View.php(213): include('APPPATH\\Views\\v_template_admin.php')
 6 SYSTEMPATH\View\View.php(216): CodeIgniter\View\View->CodeIgniter\View\{closure}()
 7 SYSTEMPATH\Common.php(1137): CodeIgniter\View\View->render('v_template_admin', [], true)
 8 APPPATH\Controllers\Buku.php(48): view('v_template_admin', [...])
 9 SYSTEMPATH\CodeIgniter.php(904): App\Controllers\Buku->AddData()
10 SYSTEMPATH\CodeIgniter.php(457): CodeIgniter\CodeIgniter->runController(Object(App\Controllers\Buku))
11 SYSTEMPATH\CodeIgniter.php(340): CodeIgniter\CodeIgniter->handleRequest(null, Object(Config\Cache), false)
12 FCPATH\index.php(67): CodeIgniter\CodeIgniter->run()
13 SYSTEMPATH\Commands\Server\rewrite.php(43): require_once('FCPATH\\index.php')
CRITICAL - 2023-04-25 08:34:53 --> Call to undefined function mysql_query()
in APPPATH\Views\buku\v_adddata.php on line 36.
 1 SYSTEMPATH\View\View.php(213): include()
 2 SYSTEMPATH\View\View.php(216): CodeIgniter\View\View->CodeIgniter\View\{closure}()
 3 SYSTEMPATH\Common.php(1137): CodeIgniter\View\View->render('buku/v_adddata', [], true)
 4 APPPATH\Views\v_template_admin.php(292): view('buku/v_adddata')
 5 SYSTEMPATH\View\View.php(213): include('APPPATH\\Views\\v_template_admin.php')
 6 SYSTEMPATH\View\View.php(216): CodeIgniter\View\View->CodeIgniter\View\{closure}()
 7 SYSTEMPATH\Common.php(1137): CodeIgniter\View\View->render('v_template_admin', [], true)
 8 APPPATH\Controllers\Buku.php(48): view('v_template_admin', [...])
 9 SYSTEMPATH\CodeIgniter.php(904): App\Controllers\Buku->AddData()
10 SYSTEMPATH\CodeIgniter.php(457): CodeIgniter\CodeIgniter->runController(Object(App\Controllers\Buku))
11 SYSTEMPATH\CodeIgniter.php(340): CodeIgniter\CodeIgniter->handleRequest(null, Object(Config\Cache), false)
12 FCPATH\index.php(67): CodeIgniter\CodeIgniter->run()
13 SYSTEMPATH\Commands\Server\rewrite.php(43): require_once('FCPATH\\index.php')
CRITICAL - 2023-04-25 08:35:01 --> Call to undefined function mysql_query()
in APPPATH\Views\buku\v_adddata.php on line 36.
 1 SYSTEMPATH\View\View.php(213): include()
 2 SYSTEMPATH\View\View.php(216): CodeIgniter\View\View->CodeIgniter\View\{closure}()
 3 SYSTEMPATH\Common.php(1137): CodeIgniter\View\View->render('buku/v_adddata', [], true)
 4 APPPATH\Views\v_template_admin.php(292): view('buku/v_adddata')
 5 SYSTEMPATH\View\View.php(213): include('APPPATH\\Views\\v_template_admin.php')
 6 SYSTEMPATH\View\View.php(216): CodeIgniter\View\View->CodeIgniter\View\{closure}()
 7 SYSTEMPATH\Common.php(1137): CodeIgniter\View\View->render('v_template_admin', [], true)
 8 APPPATH\Controllers\Buku.php(48): view('v_template_admin', [...])
 9 SYSTEMPATH\CodeIgniter.php(904): App\Controllers\Buku->AddData()
10 SYSTEMPATH\CodeIgniter.php(457): CodeIgniter\CodeIgniter->runController(Object(App\Controllers\Buku))
11 SYSTEMPATH\CodeIgniter.php(340): CodeIgniter\CodeIgniter->handleRequest(null, Object(Config\Cache), false)
12 FCPATH\index.php(67): CodeIgniter\CodeIgniter->run()
13 SYSTEMPATH\Commands\Server\rewrite.php(43): require_once('FCPATH\\index.php')
