CRITICAL - 2023-04-10 00:49:58 --> Call to undefined function mysql_query()
in APPPATH\Views\buku\v_adddata.php on line 63.
 1 SYSTEMPATH\View\View.php(213): include()
 2 SYSTEMPATH\View\View.php(216): CodeIgniter\View\View->CodeIgniter\View\{closure}()
 3 SYSTEMPATH\Common.php(1137): CodeIgniter\View\View->render('buku/v_adddata', [], true)
 4 APPPATH\Views\v_template_admin.php(260): view('buku/v_adddata')
 5 SYSTEMPATH\View\View.php(213): include('APPPATH\\Views\\v_template_admin.php')
 6 SYSTEMPATH\View\View.php(216): CodeIgniter\View\View->CodeIgniter\View\{closure}()
 7 SYSTEMPATH\Common.php(1137): CodeIgniter\View\View->render('v_template_admin', [], true)
 8 APPPATH\Controllers\Buku.php(47): view('v_template_admin', [...])
 9 SYSTEMPATH\CodeIgniter.php(904): App\Controllers\Buku->AddData()
10 SYSTEMPATH\CodeIgniter.php(457): CodeIgniter\CodeIgniter->runController(Object(App\Controllers\Buku))
11 SYSTEMPATH\CodeIgniter.php(340): CodeIgniter\CodeIgniter->handleRequest(null, Object(Config\Cache), false)
12 FCPATH\index.php(67): CodeIgniter\CodeIgniter->run()
13 SYSTEMPATH\Commands\Server\rewrite.php(43): require_once('FCPATH\\index.php')
CRITICAL - 2023-04-10 00:50:39 --> Call to undefined function mysql_query()
in APPPATH\Views\buku\v_adddata.php on line 11.
 1 SYSTEMPATH\View\View.php(213): include()
 2 SYSTEMPATH\View\View.php(216): CodeIgniter\View\View->CodeIgniter\View\{closure}()
 3 SYSTEMPATH\Common.php(1137): CodeIgniter\View\View->render('buku/v_adddata', [], true)
 4 APPPATH\Views\v_template_admin.php(260): view('buku/v_adddata')
 5 SYSTEMPATH\View\View.php(213): include('APPPATH\\Views\\v_template_admin.php')
 6 SYSTEMPATH\View\View.php(216): CodeIgniter\View\View->CodeIgniter\View\{closure}()
 7 SYSTEMPATH\Common.php(1137): CodeIgniter\View\View->render('v_template_admin', [], true)
 8 APPPATH\Controllers\Buku.php(47): view('v_template_admin', [...])
 9 SYSTEMPATH\CodeIgniter.php(904): App\Controllers\Buku->AddData()
10 SYSTEMPATH\CodeIgniter.php(457): CodeIgniter\CodeIgniter->runController(Object(App\Controllers\Buku))
11 SYSTEMPATH\CodeIgniter.php(340): CodeIgniter\CodeIgniter->handleRequest(null, Object(Config\Cache), false)
12 FCPATH\index.php(67): CodeIgniter\CodeIgniter->run()
13 SYSTEMPATH\Commands\Server\rewrite.php(43): require_once('FCPATH\\index.php')
CRITICAL - 2023-04-10 01:03:25 --> Call to undefined function mysql_query()
in APPPATH\Views\buku\v_adddata.php on line 58.
 1 SYSTEMPATH\View\View.php(213): include()
 2 SYSTEMPATH\View\View.php(216): CodeIgniter\View\View->CodeIgniter\View\{closure}()
 3 SYSTEMPATH\Common.php(1137): CodeIgniter\View\View->render('buku/v_adddata', [], true)
 4 APPPATH\Views\v_template_admin.php(260): view('buku/v_adddata')
 5 SYSTEMPATH\View\View.php(213): include('APPPATH\\Views\\v_template_admin.php')
 6 SYSTEMPATH\View\View.php(216): CodeIgniter\View\View->CodeIgniter\View\{closure}()
 7 SYSTEMPATH\Common.php(1137): CodeIgniter\View\View->render('v_template_admin', [], true)
 8 APPPATH\Controllers\Buku.php(47): view('v_template_admin', [...])
 9 SYSTEMPATH\CodeIgniter.php(904): App\Controllers\Buku->AddData()
10 SYSTEMPATH\CodeIgniter.php(457): CodeIgniter\CodeIgniter->runController(Object(App\Controllers\Buku))
11 SYSTEMPATH\CodeIgniter.php(340): CodeIgniter\CodeIgniter->handleRequest(null, Object(Config\Cache), false)
12 FCPATH\index.php(67): CodeIgniter\CodeIgniter->run()
13 SYSTEMPATH\Commands\Server\rewrite.php(43): require_once('FCPATH\\index.php')
CRITICAL - 2023-04-10 01:04:12 --> Call to undefined function mysql_query()
in APPPATH\Views\buku\v_adddata.php on line 58.
 1 SYSTEMPATH\View\View.php(213): include()
 2 SYSTEMPATH\View\View.php(216): CodeIgniter\View\View->CodeIgniter\View\{closure}()
 3 SYSTEMPATH\Common.php(1137): CodeIgniter\View\View->render('buku/v_adddata', [], true)
 4 APPPATH\Views\v_template_admin.php(260): view('buku/v_adddata')
 5 SYSTEMPATH\View\View.php(213): include('APPPATH\\Views\\v_template_admin.php')
 6 SYSTEMPATH\View\View.php(216): CodeIgniter\View\View->CodeIgniter\View\{closure}()
 7 SYSTEMPATH\Common.php(1137): CodeIgniter\View\View->render('v_template_admin', [], true)
 8 APPPATH\Controllers\Buku.php(47): view('v_template_admin', [...])
 9 SYSTEMPATH\CodeIgniter.php(904): App\Controllers\Buku->AddData()
10 SYSTEMPATH\CodeIgniter.php(457): CodeIgniter\CodeIgniter->runController(Object(App\Controllers\Buku))
11 SYSTEMPATH\CodeIgniter.php(340): CodeIgniter\CodeIgniter->handleRequest(null, Object(Config\Cache), false)
12 FCPATH\index.php(67): CodeIgniter\CodeIgniter->run()
13 SYSTEMPATH\Commands\Server\rewrite.php(43): require_once('FCPATH\\index.php')
CRITICAL - 2023-04-10 01:26:17 --> Undefined variable: kode_buku
in APPPATH\Views\buku\v_adddata.php on line 63.
 1 APPPATH\Views\buku\v_adddata.php(63): CodeIgniter\Debug\Exceptions->errorHandler(8, 'Undefined variable: kode_buku', 'APPPATH\\Views\\buku\\v_adddata.php', 63, [...])
 2 SYSTEMPATH\View\View.php(213): include('APPPATH\\Views\\buku\\v_adddata.php')
 3 SYSTEMPATH\View\View.php(216): CodeIgniter\View\View->CodeIgniter\View\{closure}()
 4 SYSTEMPATH\Common.php(1137): CodeIgniter\View\View->render('buku/v_adddata', [], true)
 5 APPPATH\Views\v_template_admin.php(260): view('buku/v_adddata')
 6 SYSTEMPATH\View\View.php(213): include('APPPATH\\Views\\v_template_admin.php')
 7 SYSTEMPATH\View\View.php(216): CodeIgniter\View\View->CodeIgniter\View\{closure}()
 8 SYSTEMPATH\Common.php(1137): CodeIgniter\View\View->render('v_template_admin', [], true)
 9 APPPATH\Controllers\Buku.php(47): view('v_template_admin', [...])
10 SYSTEMPATH\CodeIgniter.php(904): App\Controllers\Buku->AddData()
11 SYSTEMPATH\CodeIgniter.php(457): CodeIgniter\CodeIgniter->runController(Object(App\Controllers\Buku))
12 SYSTEMPATH\CodeIgniter.php(340): CodeIgniter\CodeIgniter->handleRequest(null, Object(Config\Cache), false)
13 FCPATH\index.php(67): CodeIgniter\CodeIgniter->run()
14 SYSTEMPATH\Commands\Server\rewrite.php(43): require_once('FCPATH\\index.php')
CRITICAL - 2023-04-10 01:31:58 --> Call to undefined function mysql_query()
in APPPATH\Views\buku\v_adddata.php on line 43.
 1 SYSTEMPATH\View\View.php(213): include()
 2 SYSTEMPATH\View\View.php(216): CodeIgniter\View\View->CodeIgniter\View\{closure}()
 3 SYSTEMPATH\Common.php(1137): CodeIgniter\View\View->render('buku/v_adddata', [], true)
 4 APPPATH\Views\v_template_admin.php(260): view('buku/v_adddata')
 5 SYSTEMPATH\View\View.php(213): include('APPPATH\\Views\\v_template_admin.php')
 6 SYSTEMPATH\View\View.php(216): CodeIgniter\View\View->CodeIgniter\View\{closure}()
 7 SYSTEMPATH\Common.php(1137): CodeIgniter\View\View->render('v_template_admin', [], true)
 8 APPPATH\Controllers\Buku.php(47): view('v_template_admin', [...])
 9 SYSTEMPATH\CodeIgniter.php(904): App\Controllers\Buku->AddData()
10 SYSTEMPATH\CodeIgniter.php(457): CodeIgniter\CodeIgniter->runController(Object(App\Controllers\Buku))
11 SYSTEMPATH\CodeIgniter.php(340): CodeIgniter\CodeIgniter->handleRequest(null, Object(Config\Cache), false)
12 FCPATH\index.php(67): CodeIgniter\CodeIgniter->run()
13 SYSTEMPATH\Commands\Server\rewrite.php(43): require_once('FCPATH\\index.php')
CRITICAL - 2023-04-10 02:20:20 --> include(koneksi.php): failed to open stream: No such file or directory
in APPPATH\Views\buku\v_adddata.php on line 2.
 1 APPPATH\Views\buku\v_adddata.php(2): CodeIgniter\Debug\Exceptions->errorHandler(2, 'include(koneksi.php): failed to open stream: No such file or directory', 'APPPATH\\Views\\buku\\v_adddata.php', 2, [...])
 2 APPPATH\Views\buku\v_adddata.php(2): include()
 3 SYSTEMPATH\View\View.php(213): include('APPPATH\\Views\\buku\\v_adddata.php')
 4 SYSTEMPATH\View\View.php(216): CodeIgniter\View\View->CodeIgniter\View\{closure}()
 5 SYSTEMPATH\Common.php(1137): CodeIgniter\View\View->render('buku/v_adddata', [], true)
 6 APPPATH\Views\v_template_admin.php(267): view('buku/v_adddata')
 7 SYSTEMPATH\View\View.php(213): include('APPPATH\\Views\\v_template_admin.php')
 8 SYSTEMPATH\View\View.php(216): CodeIgniter\View\View->CodeIgniter\View\{closure}()
 9 SYSTEMPATH\Common.php(1137): CodeIgniter\View\View->render('v_template_admin', [], true)
10 APPPATH\Controllers\Buku.php(47): view('v_template_admin', [...])
11 SYSTEMPATH\CodeIgniter.php(904): App\Controllers\Buku->AddData()
12 SYSTEMPATH\CodeIgniter.php(457): CodeIgniter\CodeIgniter->runController(Object(App\Controllers\Buku))
13 SYSTEMPATH\CodeIgniter.php(340): CodeIgniter\CodeIgniter->handleRequest(null, Object(Config\Cache), false)
14 FCPATH\index.php(67): CodeIgniter\CodeIgniter->run()
15 SYSTEMPATH\Commands\Server\rewrite.php(43): require_once('FCPATH\\index.php')
CRITICAL - 2023-04-10 02:22:02 --> include(koneksi.php): failed to open stream: No such file or directory
in APPPATH\Views\buku\v_adddata.php on line 2.
 1 APPPATH\Views\buku\v_adddata.php(2): CodeIgniter\Debug\Exceptions->errorHandler(2, 'include(koneksi.php): failed to open stream: No such file or directory', 'APPPATH\\Views\\buku\\v_adddata.php', 2, [...])
 2 APPPATH\Views\buku\v_adddata.php(2): include()
 3 SYSTEMPATH\View\View.php(213): include('APPPATH\\Views\\buku\\v_adddata.php')
 4 SYSTEMPATH\View\View.php(216): CodeIgniter\View\View->CodeIgniter\View\{closure}()
 5 SYSTEMPATH\Common.php(1137): CodeIgniter\View\View->render('buku/v_adddata', [], true)
 6 APPPATH\Views\v_template_admin.php(267): view('buku/v_adddata')
 7 SYSTEMPATH\View\View.php(213): include('APPPATH\\Views\\v_template_admin.php')
 8 SYSTEMPATH\View\View.php(216): CodeIgniter\View\View->CodeIgniter\View\{closure}()
 9 SYSTEMPATH\Common.php(1137): CodeIgniter\View\View->render('v_template_admin', [], true)
10 APPPATH\Controllers\Buku.php(47): view('v_template_admin', [...])
11 SYSTEMPATH\CodeIgniter.php(904): App\Controllers\Buku->AddData()
12 SYSTEMPATH\CodeIgniter.php(457): CodeIgniter\CodeIgniter->runController(Object(App\Controllers\Buku))
13 SYSTEMPATH\CodeIgniter.php(340): CodeIgniter\CodeIgniter->handleRequest(null, Object(Config\Cache), false)
14 FCPATH\index.php(67): CodeIgniter\CodeIgniter->run()
15 SYSTEMPATH\Commands\Server\rewrite.php(43): require_once('FCPATH\\index.php')
CRITICAL - 2023-04-10 02:22:06 --> include(koneksi.php): failed to open stream: No such file or directory
in APPPATH\Views\buku\v_adddata.php on line 2.
 1 APPPATH\Views\buku\v_adddata.php(2): CodeIgniter\Debug\Exceptions->errorHandler(2, 'include(koneksi.php): failed to open stream: No such file or directory', 'APPPATH\\Views\\buku\\v_adddata.php', 2, [...])
 2 APPPATH\Views\buku\v_adddata.php(2): include()
 3 SYSTEMPATH\View\View.php(213): include('APPPATH\\Views\\buku\\v_adddata.php')
 4 SYSTEMPATH\View\View.php(216): CodeIgniter\View\View->CodeIgniter\View\{closure}()
 5 SYSTEMPATH\Common.php(1137): CodeIgniter\View\View->render('buku/v_adddata', [], true)
 6 APPPATH\Views\v_template_admin.php(267): view('buku/v_adddata')
 7 SYSTEMPATH\View\View.php(213): include('APPPATH\\Views\\v_template_admin.php')
 8 SYSTEMPATH\View\View.php(216): CodeIgniter\View\View->CodeIgniter\View\{closure}()
 9 SYSTEMPATH\Common.php(1137): CodeIgniter\View\View->render('v_template_admin', [], true)
10 APPPATH\Controllers\Buku.php(47): view('v_template_admin', [...])
11 SYSTEMPATH\CodeIgniter.php(904): App\Controllers\Buku->AddData()
12 SYSTEMPATH\CodeIgniter.php(457): CodeIgniter\CodeIgniter->runController(Object(App\Controllers\Buku))
13 SYSTEMPATH\CodeIgniter.php(340): CodeIgniter\CodeIgniter->handleRequest(null, Object(Config\Cache), false)
14 FCPATH\index.php(67): CodeIgniter\CodeIgniter->run()
15 SYSTEMPATH\Commands\Server\rewrite.php(43): require_once('FCPATH\\index.php')
CRITICAL - 2023-04-10 03:25:37 --> Undefined variable: anggota
in APPPATH\Views\v_template_anggota.php on line 58.
 1 APPPATH\Views\v_template_anggota.php(58): CodeIgniter\Debug\Exceptions->errorHandler(8, 'Undefined variable: anggota', 'APPPATH\\Views\\v_template_anggota.php', 58, [...])
 2 SYSTEMPATH\View\View.php(213): include('APPPATH\\Views\\v_template_anggota.php')
 3 SYSTEMPATH\View\View.php(216): CodeIgniter\View\View->CodeIgniter\View\{closure}()
 4 SYSTEMPATH\Common.php(1137): CodeIgniter\View\View->render('v_template_anggota', [], true)
 5 APPPATH\Controllers\Peminjaman.php(23): view('v_template_anggota', [...])
 6 SYSTEMPATH\CodeIgniter.php(904): App\Controllers\Peminjaman->Pengajuan()
 7 SYSTEMPATH\CodeIgniter.php(457): CodeIgniter\CodeIgniter->runController(Object(App\Controllers\Peminjaman))
 8 SYSTEMPATH\CodeIgniter.php(340): CodeIgniter\CodeIgniter->handleRequest(null, Object(Config\Cache), false)
 9 FCPATH\index.php(67): CodeIgniter\CodeIgniter->run()
10 SYSTEMPATH\Commands\Server\rewrite.php(43): require_once('FCPATH\\index.php')
CRITICAL - 2023-04-10 04:11:32 --> Trying to access array offset on value of type null
in APPPATH\Views\v_template_admin.php on line 76.
 1 APPPATH\Views\v_template_admin.php(76): CodeIgniter\Debug\Exceptions->errorHandler(8, 'Trying to access array offset on value of type null', 'APPPATH\\Views\\v_template_admin.php', 76, [...])
 2 SYSTEMPATH\View\View.php(213): include('APPPATH\\Views\\v_template_admin.php')
 3 SYSTEMPATH\View\View.php(216): CodeIgniter\View\View->CodeIgniter\View\{closure}()
 4 SYSTEMPATH\Common.php(1137): CodeIgniter\View\View->render('v_template_admin', [], true)
 5 APPPATH\Controllers\Anggota.php(48): view('v_template_admin', [...])
 6 SYSTEMPATH\CodeIgniter.php(904): App\Controllers\Anggota->AddData()
 7 SYSTEMPATH\CodeIgniter.php(457): CodeIgniter\CodeIgniter->runController(Object(App\Controllers\Anggota))
 8 SYSTEMPATH\CodeIgniter.php(340): CodeIgniter\CodeIgniter->handleRequest(null, Object(Config\Cache), false)
 9 FCPATH\index.php(67): CodeIgniter\CodeIgniter->run()
10 SYSTEMPATH\Commands\Server\rewrite.php(43): require_once('FCPATH\\index.php')
CRITICAL - 2023-04-10 04:33:11 --> Undefined variable: ebook
in APPPATH\Views\peminjaman\v_pengajuan.php on line 40.
 1 APPPATH\Views\peminjaman\v_pengajuan.php(40): CodeIgniter\Debug\Exceptions->errorHandler(8, 'Undefined variable: ebook', 'APPPATH\\Views\\peminjaman\\v_pengajuan.php', 40, [...])
 2 SYSTEMPATH\View\View.php(213): include('APPPATH\\Views\\peminjaman\\v_pengajuan.php')
 3 SYSTEMPATH\View\View.php(216): CodeIgniter\View\View->CodeIgniter\View\{closure}()
 4 SYSTEMPATH\Common.php(1137): CodeIgniter\View\View->render('peminjaman/v_pengajuan', [], true)
 5 APPPATH\Views\v_template_anggota.php(182): view('peminjaman/v_pengajuan')
 6 SYSTEMPATH\View\View.php(213): include('APPPATH\\Views\\v_template_anggota.php')
 7 SYSTEMPATH\View\View.php(216): CodeIgniter\View\View->CodeIgniter\View\{closure}()
 8 SYSTEMPATH\Common.php(1137): CodeIgniter\View\View->render('v_template_anggota', [], true)
 9 APPPATH\Controllers\Peminjaman.php(31): view('v_template_anggota', [...])
10 SYSTEMPATH\CodeIgniter.php(904): App\Controllers\Peminjaman->Pengajuan()
11 SYSTEMPATH\CodeIgniter.php(457): CodeIgniter\CodeIgniter->runController(Object(App\Controllers\Peminjaman))
12 SYSTEMPATH\CodeIgniter.php(340): CodeIgniter\CodeIgniter->handleRequest(null, Object(Config\Cache), false)
13 FCPATH\index.php(67): CodeIgniter\CodeIgniter->run()
14 SYSTEMPATH\Commands\Server\rewrite.php(43): require_once('FCPATH\\index.php')
CRITICAL - 2023-04-10 04:33:36 --> Undefined variable: ebook
in APPPATH\Views\peminjaman\v_pengajuan.php on line 40.
 1 APPPATH\Views\peminjaman\v_pengajuan.php(40): CodeIgniter\Debug\Exceptions->errorHandler(8, 'Undefined variable: ebook', 'APPPATH\\Views\\peminjaman\\v_pengajuan.php', 40, [...])
 2 SYSTEMPATH\View\View.php(213): include('APPPATH\\Views\\peminjaman\\v_pengajuan.php')
 3 SYSTEMPATH\View\View.php(216): CodeIgniter\View\View->CodeIgniter\View\{closure}()
 4 SYSTEMPATH\Common.php(1137): CodeIgniter\View\View->render('peminjaman/v_pengajuan', [], true)
 5 APPPATH\Views\v_template_anggota.php(182): view('peminjaman/v_pengajuan')
 6 SYSTEMPATH\View\View.php(213): include('APPPATH\\Views\\v_template_anggota.php')
 7 SYSTEMPATH\View\View.php(216): CodeIgniter\View\View->CodeIgniter\View\{closure}()
 8 SYSTEMPATH\Common.php(1137): CodeIgniter\View\View->render('v_template_anggota', [], true)
 9 APPPATH\Controllers\Peminjaman.php(31): view('v_template_anggota', [...])
10 SYSTEMPATH\CodeIgniter.php(904): App\Controllers\Peminjaman->Pengajuan()
11 SYSTEMPATH\CodeIgniter.php(457): CodeIgniter\CodeIgniter->runController(Object(App\Controllers\Peminjaman))
12 SYSTEMPATH\CodeIgniter.php(340): CodeIgniter\CodeIgniter->handleRequest(null, Object(Config\Cache), false)
13 FCPATH\index.php(67): CodeIgniter\CodeIgniter->run()
14 SYSTEMPATH\Commands\Server\rewrite.php(43): require_once('FCPATH\\index.php')
CRITICAL - 2023-04-10 05:32:59 --> Trying to access array offset on value of type null
in APPPATH\Views\v_template_admin.php on line 76.
 1 APPPATH\Views\v_template_admin.php(76): CodeIgniter\Debug\Exceptions->errorHandler(8, 'Trying to access array offset on value of type null', 'APPPATH\\Views\\v_template_admin.php', 76, [...])
 2 SYSTEMPATH\View\View.php(213): include('APPPATH\\Views\\v_template_admin.php')
 3 SYSTEMPATH\View\View.php(216): CodeIgniter\View\View->CodeIgniter\View\{closure}()
 4 SYSTEMPATH\Common.php(1137): CodeIgniter\View\View->render('v_template_admin', [], true)
 5 APPPATH\Controllers\Buku.php(47): view('v_template_admin', [...])
 6 SYSTEMPATH\CodeIgniter.php(904): App\Controllers\Buku->AddData()
 7 SYSTEMPATH\CodeIgniter.php(457): CodeIgniter\CodeIgniter->runController(Object(App\Controllers\Buku))
 8 SYSTEMPATH\CodeIgniter.php(340): CodeIgniter\CodeIgniter->handleRequest(null, Object(Config\Cache), false)
 9 FCPATH\index.php(67): CodeIgniter\CodeIgniter->run()
10 SYSTEMPATH\Commands\Server\rewrite.php(43): require_once('FCPATH\\index.php')
CRITICAL - 2023-04-10 05:44:52 --> Trying to access array offset on value of type null
in APPPATH\Views\v_template_admin.php on line 76.
 1 APPPATH\Views\v_template_admin.php(76): CodeIgniter\Debug\Exceptions->errorHandler(8, 'Trying to access array offset on value of type null', 'APPPATH\\Views\\v_template_admin.php', 76, [...])
 2 SYSTEMPATH\View\View.php(213): include('APPPATH\\Views\\v_template_admin.php')
 3 SYSTEMPATH\View\View.php(216): CodeIgniter\View\View->CodeIgniter\View\{closure}()
 4 SYSTEMPATH\Common.php(1137): CodeIgniter\View\View->render('v_template_admin', [], true)
 5 APPPATH\Controllers\Buku.php(47): view('v_template_admin', [...])
 6 SYSTEMPATH\CodeIgniter.php(904): App\Controllers\Buku->AddData()
 7 SYSTEMPATH\CodeIgniter.php(457): CodeIgniter\CodeIgniter->runController(Object(App\Controllers\Buku))
 8 SYSTEMPATH\CodeIgniter.php(340): CodeIgniter\CodeIgniter->handleRequest(null, Object(Config\Cache), false)
 9 FCPATH\index.php(67): CodeIgniter\CodeIgniter->run()
10 SYSTEMPATH\Commands\Server\rewrite.php(43): require_once('FCPATH\\index.php')
CRITICAL - 2023-04-10 09:35:39 --> syntax error, unexpected '}', expecting end of file
in APPPATH\Views\peminjaman\v_pengajuan.php on line 58.
 1 SYSTEMPATH\View\View.php(216): CodeIgniter\View\View->CodeIgniter\View\{closure}()
 2 SYSTEMPATH\Common.php(1137): CodeIgniter\View\View->render('peminjaman/v_pengajuan', [], true)
 3 APPPATH\Views\v_template_anggota.php(190): view('peminjaman/v_pengajuan')
 4 SYSTEMPATH\View\View.php(213): include('APPPATH\\Views\\v_template_anggota.php')
 5 SYSTEMPATH\View\View.php(216): CodeIgniter\View\View->CodeIgniter\View\{closure}()
 6 SYSTEMPATH\Common.php(1137): CodeIgniter\View\View->render('v_template_anggota', [], true)
 7 APPPATH\Controllers\Peminjaman.php(34): view('v_template_anggota', [...])
 8 SYSTEMPATH\CodeIgniter.php(904): App\Controllers\Peminjaman->Pengajuan()
 9 SYSTEMPATH\CodeIgniter.php(457): CodeIgniter\CodeIgniter->runController(Object(App\Controllers\Peminjaman))
10 SYSTEMPATH\CodeIgniter.php(340): CodeIgniter\CodeIgniter->handleRequest(null, Object(Config\Cache), false)
11 FCPATH\index.php(67): CodeIgniter\CodeIgniter->run()
12 SYSTEMPATH\Commands\Server\rewrite.php(43): require_once('FCPATH\\index.php')
CRITICAL - 2023-04-10 10:46:19 --> Call to undefined function number()
in APPPATH\Views\buku\v_adddata.php on line 16.
 1 SYSTEMPATH\View\View.php(213): include()
 2 SYSTEMPATH\View\View.php(216): CodeIgniter\View\View->CodeIgniter\View\{closure}()
 3 SYSTEMPATH\Common.php(1137): CodeIgniter\View\View->render('buku/v_adddata', [], true)
 4 APPPATH\Views\v_template_admin.php(263): view('buku/v_adddata')
 5 SYSTEMPATH\View\View.php(213): include('APPPATH\\Views\\v_template_admin.php')
 6 SYSTEMPATH\View\View.php(216): CodeIgniter\View\View->CodeIgniter\View\{closure}()
 7 SYSTEMPATH\Common.php(1137): CodeIgniter\View\View->render('v_template_admin', [], true)
 8 APPPATH\Controllers\Buku.php(47): view('v_template_admin', [...])
 9 SYSTEMPATH\CodeIgniter.php(904): App\Controllers\Buku->AddData()
10 SYSTEMPATH\CodeIgniter.php(457): CodeIgniter\CodeIgniter->runController(Object(App\Controllers\Buku))
11 SYSTEMPATH\CodeIgniter.php(340): CodeIgniter\CodeIgniter->handleRequest(null, Object(Config\Cache), false)
12 FCPATH\index.php(67): CodeIgniter\CodeIgniter->run()
13 SYSTEMPATH\Commands\Server\rewrite.php(43): require_once('FCPATH\\index.php')
