CRITICAL - 2023-04-17 23:07:55 --> Undefined index: no_pinjam 
in APPPATH\Views\peminjaman\v_pengajuan.php on line 52.
 1 APPPATH\Views\peminjaman\v_pengajuan.php(52): CodeIgniter\Debug\Exceptions->errorHandler(8, 'Undefined index: no_pinjam ', 'APPPATH\\Views\\peminjaman\\v_pengajuan.php', 52, [...])
 2 SYSTEMPATH\View\View.php(213): include('APPPATH\\Views\\peminjaman\\v_pengajuan.php')
 3 SYSTEMPATH\View\View.php(216): CodeIgniter\View\View->CodeIgniter\View\{closure}()
 4 SYSTEMPATH\Common.php(1137): CodeIgniter\View\View->render('peminjaman/v_pengajuan', [], true)
 5 APPPATH\Views\v_template_anggota.php(172): view('peminjaman/v_pengajuan')
 6 SYSTEMPATH\View\View.php(213): include('APPPATH\\Views\\v_template_anggota.php')
 7 SYSTEMPATH\View\View.php(216): CodeIgniter\View\View->CodeIgniter\View\{closure}()
 8 SYSTEMPATH\Common.php(1137): CodeIgniter\View\View->render('v_template_anggota', [], true)
 9 APPPATH\Controllers\Peminjaman.php(38): view('v_template_anggota', [...])
10 SYSTEMPATH\CodeIgniter.php(904): App\Controllers\Peminjaman->Pengajuan()
11 SYSTEMPATH\CodeIgniter.php(457): CodeIgniter\CodeIgniter->runController(Object(App\Controllers\Peminjaman))
12 SYSTEMPATH\CodeIgniter.php(340): CodeIgniter\CodeIgniter->handleRequest(null, Object(Config\Cache), false)
13 FCPATH\index.php(67): CodeIgniter\CodeIgniter->run()
14 SYSTEMPATH\Commands\Server\rewrite.php(43): require_once('FCPATH\\index.php')
CRITICAL - 2023-04-17 23:33:16 --> Trying to access array offset on value of type null
in APPPATH\Views\v_template_admin.php on line 75.
 1 APPPATH\Views\v_template_admin.php(75): CodeIgniter\Debug\Exceptions->errorHandler(8, 'Trying to access array offset on value of type null', 'APPPATH\\Views\\v_template_admin.php', 75, [...])
 2 SYSTEMPATH\View\View.php(213): include('APPPATH\\Views\\v_template_admin.php')
 3 SYSTEMPATH\View\View.php(216): CodeIgniter\View\View->CodeIgniter\View\{closure}()
 4 SYSTEMPATH\Common.php(1137): CodeIgniter\View\View->render('v_template_admin', [], true)
 5 APPPATH\Controllers\Buku.php(33): view('v_template_admin', [...])
 6 SYSTEMPATH\CodeIgniter.php(904): App\Controllers\Buku->index()
 7 SYSTEMPATH\CodeIgniter.php(457): CodeIgniter\CodeIgniter->runController(Object(App\Controllers\Buku))
 8 SYSTEMPATH\CodeIgniter.php(340): CodeIgniter\CodeIgniter->handleRequest(null, Object(Config\Cache), false)
 9 FCPATH\index.php(67): CodeIgniter\CodeIgniter->run()
10 SYSTEMPATH\Commands\Server\rewrite.php(43): require_once('FCPATH\\index.php')
ERROR - 2023-04-17 23:36:35 --> mysqli_sql_exception: Cannot add or update a child row: a foreign key constraint fails (`perpustakaan`.`buku`, CONSTRAINT `buku_ibfk_1` FOREIGN KEY (`id_buku`) REFERENCES `penerbit` (`id_penerbit`)) in C:\projectci4\system\Database\MySQLi\Connection.php:292
Stack trace:
#0 C:\projectci4\system\Database\MySQLi\Connection.php(292): mysqli->query('INSERT INTO `bu...', 0)
#1 C:\projectci4\system\Database\BaseConnection.php(693): CodeIgniter\Database\MySQLi\Connection->execute('INSERT INTO `bu...')
#2 C:\projectci4\system\Database\BaseConnection.php(620): CodeIgniter\Database\BaseConnection->simpleQuery('INSERT INTO `bu...')
#3 C:\projectci4\system\Database\BaseBuilder.php(1916): CodeIgniter\Database\BaseConnection->query('INSERT INTO `bu...', Array, false)
#4 C:\projectci4\app\Models\ModelBuku.php(33): CodeIgniter\Database\BaseBuilder->insert(Array)
#5 C:\projectci4\app\Controllers\Buku.php(166): App\Models\ModelBuku->AddData(Array)
#6 C:\projectci4\system\CodeIgniter.php(904): App\Controllers\Buku->SimpanData()
#7 C:\projectci4\system\CodeIgniter.php(457): CodeIgniter\CodeIgniter->runController(Object(App\Controllers\Buku))
#8 C:\projectci4\system\CodeIgniter.php(340): CodeIgniter\CodeIgniter->handleRequest(NULL, Object(Config\Cache), false)
#9 C:\projectci4\public\index.php(67): CodeIgniter\CodeIgniter->run()
#10 C:\projectci4\system\Commands\Server\rewrite.php(43): require_once('C:\\projectci4\\p...')
#11 {main}
CRITICAL - 2023-04-17 23:36:35 --> Cannot add or update a child row: a foreign key constraint fails (`perpustakaan`.`buku`, CONSTRAINT `buku_ibfk_1` FOREIGN KEY (`id_buku`) REFERENCES `penerbit` (`id_penerbit`))
in SYSTEMPATH\Database\MySQLi\Connection.php on line 292.
 1 SYSTEMPATH\Database\MySQLi\Connection.php(292): mysqli->query('INSERT INTO `buku` (`kode_buku`, `isbn`, `judul_buku`, `id_kategori`, `id_penulis`, `id_penerbit`, `id_rak`, `tahun`, `bahasa`, `halaman`, `jumlah`, `jml_tersedia`, `jml_dipinjam`, `cover`) VALUES (\'4\', \'4\', \'???\', \'8\', \'5\', \'5\', \'7\', \'2021\', \'Indonesia\', \'155\', \'20\', NULL, \'0\', \'1681792595_7438557bb70acf199cf9.png\')', 0)
 2 SYSTEMPATH\Database\BaseConnection.php(693): CodeIgniter\Database\MySQLi\Connection->execute('INSERT INTO `buku` (`kode_buku`, `isbn`, `judul_buku`, `id_kategori`, `id_penulis`, `id_penerbit`, `id_rak`, `tahun`, `bahasa`, `halaman`, `jumlah`, `jml_tersedia`, `jml_dipinjam`, `cover`) VALUES (\'4\', \'4\', \'???\', \'8\', \'5\', \'5\', \'7\', \'2021\', \'Indonesia\', \'155\', \'20\', NULL, \'0\', \'1681792595_7438557bb70acf199cf9.png\')')
 3 SYSTEMPATH\Database\BaseConnection.php(620): CodeIgniter\Database\BaseConnection->simpleQuery('INSERT INTO `buku` (`kode_buku`, `isbn`, `judul_buku`, `id_kategori`, `id_penulis`, `id_penerbit`, `id_rak`, `tahun`, `bahasa`, `halaman`, `jumlah`, `jml_tersedia`, `jml_dipinjam`, `cover`) VALUES (\'4\', \'4\', \'???\', \'8\', \'5\', \'5\', \'7\', \'2021\', \'Indonesia\', \'155\', \'20\', NULL, \'0\', \'1681792595_7438557bb70acf199cf9.png\')')
 4 SYSTEMPATH\Database\BaseBuilder.php(1916): CodeIgniter\Database\BaseConnection->query('INSERT INTO `buku` (`kode_buku`, `isbn`, `judul_buku`, `id_kategori`, `id_penulis`, `id_penerbit`, `id_rak`, `tahun`, `bahasa`, `halaman`, `jumlah`, `jml_tersedia`, `jml_dipinjam`, `cover`) VALUES (:kode_buku:, :isbn:, :judul_buku:, :id_kategori:, :id_penulis:, :id_penerbit:, :id_rak:, :tahun:, :bahasa:, :halaman:, :jumlah:, :jml_tersedia:, :jml_dipinjam:, :cover:)', [...], false)
 5 APPPATH\Models\ModelBuku.php(33): CodeIgniter\Database\BaseBuilder->insert([...])
 6 APPPATH\Controllers\Buku.php(166): App\Models\ModelBuku->AddData([...])
 7 SYSTEMPATH\CodeIgniter.php(904): App\Controllers\Buku->SimpanData()
 8 SYSTEMPATH\CodeIgniter.php(457): CodeIgniter\CodeIgniter->runController(Object(App\Controllers\Buku))
 9 SYSTEMPATH\CodeIgniter.php(340): CodeIgniter\CodeIgniter->handleRequest(null, Object(Config\Cache), false)
10 FCPATH\index.php(67): CodeIgniter\CodeIgniter->run()
11 SYSTEMPATH\Commands\Server\rewrite.php(43): require_once('FCPATH\\index.php')
ERROR - 2023-04-17 23:40:16 --> mysqli_sql_exception: Cannot add or update a child row: a foreign key constraint fails (`perpustakaan`.`buku`, CONSTRAINT `buku_ibfk_1` FOREIGN KEY (`id_buku`) REFERENCES `penerbit` (`id_penerbit`)) in C:\projectci4\system\Database\MySQLi\Connection.php:292
Stack trace:
#0 C:\projectci4\system\Database\MySQLi\Connection.php(292): mysqli->query('INSERT INTO `bu...', 0)
#1 C:\projectci4\system\Database\BaseConnection.php(693): CodeIgniter\Database\MySQLi\Connection->execute('INSERT INTO `bu...')
#2 C:\projectci4\system\Database\BaseConnection.php(620): CodeIgniter\Database\BaseConnection->simpleQuery('INSERT INTO `bu...')
#3 C:\projectci4\system\Database\BaseBuilder.php(1916): CodeIgniter\Database\BaseConnection->query('INSERT INTO `bu...', Array, false)
#4 C:\projectci4\app\Models\ModelBuku.php(33): CodeIgniter\Database\BaseBuilder->insert(Array)
#5 C:\projectci4\app\Controllers\Buku.php(166): App\Models\ModelBuku->AddData(Array)
#6 C:\projectci4\system\CodeIgniter.php(904): App\Controllers\Buku->SimpanData()
#7 C:\projectci4\system\CodeIgniter.php(457): CodeIgniter\CodeIgniter->runController(Object(App\Controllers\Buku))
#8 C:\projectci4\system\CodeIgniter.php(340): CodeIgniter\CodeIgniter->handleRequest(NULL, Object(Config\Cache), false)
#9 C:\projectci4\public\index.php(67): CodeIgniter\CodeIgniter->run()
#10 C:\projectci4\system\Commands\Server\rewrite.php(43): require_once('C:\\projectci4\\p...')
#11 {main}
CRITICAL - 2023-04-17 23:40:16 --> Cannot add or update a child row: a foreign key constraint fails (`perpustakaan`.`buku`, CONSTRAINT `buku_ibfk_1` FOREIGN KEY (`id_buku`) REFERENCES `penerbit` (`id_penerbit`))
in SYSTEMPATH\Database\MySQLi\Connection.php on line 292.
 1 SYSTEMPATH\Database\MySQLi\Connection.php(292): mysqli->query('INSERT INTO `buku` (`kode_buku`, `isbn`, `judul_buku`, `id_kategori`, `id_penulis`, `id_penerbit`, `id_rak`, `tahun`, `bahasa`, `halaman`, `jumlah`, `jml_tersedia`, `jml_dipinjam`, `cover`) VALUES (\'004\', \'004\', \'TEST\', \'7\', \'3\', \'5\', \'2\', \'2021\', \'Indonesia\', \'10\', \'22\', NULL, \'0\', \'1681792816_f20e51fb04610b5171d5.jpg\')', 0)
 2 SYSTEMPATH\Database\BaseConnection.php(693): CodeIgniter\Database\MySQLi\Connection->execute('INSERT INTO `buku` (`kode_buku`, `isbn`, `judul_buku`, `id_kategori`, `id_penulis`, `id_penerbit`, `id_rak`, `tahun`, `bahasa`, `halaman`, `jumlah`, `jml_tersedia`, `jml_dipinjam`, `cover`) VALUES (\'004\', \'004\', \'TEST\', \'7\', \'3\', \'5\', \'2\', \'2021\', \'Indonesia\', \'10\', \'22\', NULL, \'0\', \'1681792816_f20e51fb04610b5171d5.jpg\')')
 3 SYSTEMPATH\Database\BaseConnection.php(620): CodeIgniter\Database\BaseConnection->simpleQuery('INSERT INTO `buku` (`kode_buku`, `isbn`, `judul_buku`, `id_kategori`, `id_penulis`, `id_penerbit`, `id_rak`, `tahun`, `bahasa`, `halaman`, `jumlah`, `jml_tersedia`, `jml_dipinjam`, `cover`) VALUES (\'004\', \'004\', \'TEST\', \'7\', \'3\', \'5\', \'2\', \'2021\', \'Indonesia\', \'10\', \'22\', NULL, \'0\', \'1681792816_f20e51fb04610b5171d5.jpg\')')
 4 SYSTEMPATH\Database\BaseBuilder.php(1916): CodeIgniter\Database\BaseConnection->query('INSERT INTO `buku` (`kode_buku`, `isbn`, `judul_buku`, `id_kategori`, `id_penulis`, `id_penerbit`, `id_rak`, `tahun`, `bahasa`, `halaman`, `jumlah`, `jml_tersedia`, `jml_dipinjam`, `cover`) VALUES (:kode_buku:, :isbn:, :judul_buku:, :id_kategori:, :id_penulis:, :id_penerbit:, :id_rak:, :tahun:, :bahasa:, :halaman:, :jumlah:, :jml_tersedia:, :jml_dipinjam:, :cover:)', [...], false)
 5 APPPATH\Models\ModelBuku.php(33): CodeIgniter\Database\BaseBuilder->insert([...])
 6 APPPATH\Controllers\Buku.php(166): App\Models\ModelBuku->AddData([...])
 7 SYSTEMPATH\CodeIgniter.php(904): App\Controllers\Buku->SimpanData()
 8 SYSTEMPATH\CodeIgniter.php(457): CodeIgniter\CodeIgniter->runController(Object(App\Controllers\Buku))
 9 SYSTEMPATH\CodeIgniter.php(340): CodeIgniter\CodeIgniter->handleRequest(null, Object(Config\Cache), false)
10 FCPATH\index.php(67): CodeIgniter\CodeIgniter->run()
11 SYSTEMPATH\Commands\Server\rewrite.php(43): require_once('FCPATH\\index.php')
ERROR - 2023-04-17 23:44:14 --> mysqli_sql_exception: Cannot add or update a child row: a foreign key constraint fails (`perpustakaan`.`buku`, CONSTRAINT `buku_ibfk_1` FOREIGN KEY (`id_buku`) REFERENCES `penerbit` (`id_penerbit`)) in C:\projectci4\system\Database\MySQLi\Connection.php:292
Stack trace:
#0 C:\projectci4\system\Database\MySQLi\Connection.php(292): mysqli->query('INSERT INTO `bu...', 0)
#1 C:\projectci4\system\Database\BaseConnection.php(693): CodeIgniter\Database\MySQLi\Connection->execute('INSERT INTO `bu...')
#2 C:\projectci4\system\Database\BaseConnection.php(620): CodeIgniter\Database\BaseConnection->simpleQuery('INSERT INTO `bu...')
#3 C:\projectci4\system\Database\BaseBuilder.php(1916): CodeIgniter\Database\BaseConnection->query('INSERT INTO `bu...', Array, false)
#4 C:\projectci4\app\Models\ModelBuku.php(33): CodeIgniter\Database\BaseBuilder->insert(Array)
#5 C:\projectci4\app\Controllers\Buku.php(166): App\Models\ModelBuku->AddData(Array)
#6 C:\projectci4\system\CodeIgniter.php(904): App\Controllers\Buku->SimpanData()
#7 C:\projectci4\system\CodeIgniter.php(457): CodeIgniter\CodeIgniter->runController(Object(App\Controllers\Buku))
#8 C:\projectci4\system\CodeIgniter.php(340): CodeIgniter\CodeIgniter->handleRequest(NULL, Object(Config\Cache), false)
#9 C:\projectci4\public\index.php(67): CodeIgniter\CodeIgniter->run()
#10 C:\projectci4\system\Commands\Server\rewrite.php(43): require_once('C:\\projectci4\\p...')
#11 {main}
CRITICAL - 2023-04-17 23:44:14 --> Cannot add or update a child row: a foreign key constraint fails (`perpustakaan`.`buku`, CONSTRAINT `buku_ibfk_1` FOREIGN KEY (`id_buku`) REFERENCES `penerbit` (`id_penerbit`))
in SYSTEMPATH\Database\MySQLi\Connection.php on line 292.
 1 SYSTEMPATH\Database\MySQLi\Connection.php(292): mysqli->query('INSERT INTO `buku` (`kode_buku`, `isbn`, `judul_buku`, `id_kategori`, `id_penulis`, `id_penerbit`, `id_rak`, `tahun`, `bahasa`, `halaman`, `jumlah`, `jml_tersedia`, `jml_dipinjam`, `cover`) VALUES (\'004\', \'004\', \'TEST\', \'7\', \'3\', \'5\', \'2\', \'2021\', \'Indonesia\', \'10\', \'22\', NULL, \'0\', \'1681793054_d25efb29ff51de7f5f20.jpg\')', 0)
 2 SYSTEMPATH\Database\BaseConnection.php(693): CodeIgniter\Database\MySQLi\Connection->execute('INSERT INTO `buku` (`kode_buku`, `isbn`, `judul_buku`, `id_kategori`, `id_penulis`, `id_penerbit`, `id_rak`, `tahun`, `bahasa`, `halaman`, `jumlah`, `jml_tersedia`, `jml_dipinjam`, `cover`) VALUES (\'004\', \'004\', \'TEST\', \'7\', \'3\', \'5\', \'2\', \'2021\', \'Indonesia\', \'10\', \'22\', NULL, \'0\', \'1681793054_d25efb29ff51de7f5f20.jpg\')')
 3 SYSTEMPATH\Database\BaseConnection.php(620): CodeIgniter\Database\BaseConnection->simpleQuery('INSERT INTO `buku` (`kode_buku`, `isbn`, `judul_buku`, `id_kategori`, `id_penulis`, `id_penerbit`, `id_rak`, `tahun`, `bahasa`, `halaman`, `jumlah`, `jml_tersedia`, `jml_dipinjam`, `cover`) VALUES (\'004\', \'004\', \'TEST\', \'7\', \'3\', \'5\', \'2\', \'2021\', \'Indonesia\', \'10\', \'22\', NULL, \'0\', \'1681793054_d25efb29ff51de7f5f20.jpg\')')
 4 SYSTEMPATH\Database\BaseBuilder.php(1916): CodeIgniter\Database\BaseConnection->query('INSERT INTO `buku` (`kode_buku`, `isbn`, `judul_buku`, `id_kategori`, `id_penulis`, `id_penerbit`, `id_rak`, `tahun`, `bahasa`, `halaman`, `jumlah`, `jml_tersedia`, `jml_dipinjam`, `cover`) VALUES (:kode_buku:, :isbn:, :judul_buku:, :id_kategori:, :id_penulis:, :id_penerbit:, :id_rak:, :tahun:, :bahasa:, :halaman:, :jumlah:, :jml_tersedia:, :jml_dipinjam:, :cover:)', [...], false)
 5 APPPATH\Models\ModelBuku.php(33): CodeIgniter\Database\BaseBuilder->insert([...])
 6 APPPATH\Controllers\Buku.php(166): App\Models\ModelBuku->AddData([...])
 7 SYSTEMPATH\CodeIgniter.php(904): App\Controllers\Buku->SimpanData()
 8 SYSTEMPATH\CodeIgniter.php(457): CodeIgniter\CodeIgniter->runController(Object(App\Controllers\Buku))
 9 SYSTEMPATH\CodeIgniter.php(340): CodeIgniter\CodeIgniter->handleRequest(null, Object(Config\Cache), false)
10 FCPATH\index.php(67): CodeIgniter\CodeIgniter->run()
11 SYSTEMPATH\Commands\Server\rewrite.php(43): require_once('FCPATH\\index.php')
ERROR - 2023-04-17 23:49:21 --> mysqli_sql_exception: Cannot add or update a child row: a foreign key constraint fails (`perpustakaan`.`buku`, CONSTRAINT `buku_ibfk_1` FOREIGN KEY (`id_buku`) REFERENCES `penerbit` (`id_penerbit`)) in C:\projectci4\system\Database\MySQLi\Connection.php:292
Stack trace:
#0 C:\projectci4\system\Database\MySQLi\Connection.php(292): mysqli->query('INSERT INTO `bu...', 0)
#1 C:\projectci4\system\Database\BaseConnection.php(693): CodeIgniter\Database\MySQLi\Connection->execute('INSERT INTO `bu...')
#2 C:\projectci4\system\Database\BaseConnection.php(620): CodeIgniter\Database\BaseConnection->simpleQuery('INSERT INTO `bu...')
#3 C:\projectci4\system\Database\BaseBuilder.php(1916): CodeIgniter\Database\BaseConnection->query('INSERT INTO `bu...', Array, false)
#4 C:\projectci4\app\Models\ModelBuku.php(33): CodeIgniter\Database\BaseBuilder->insert(Array)
#5 C:\projectci4\app\Controllers\Buku.php(166): App\Models\ModelBuku->AddData(Array)
#6 C:\projectci4\system\CodeIgniter.php(904): App\Controllers\Buku->SimpanData()
#7 C:\projectci4\system\CodeIgniter.php(457): CodeIgniter\CodeIgniter->runController(Object(App\Controllers\Buku))
#8 C:\projectci4\system\CodeIgniter.php(340): CodeIgniter\CodeIgniter->handleRequest(NULL, Object(Config\Cache), false)
#9 C:\projectci4\public\index.php(67): CodeIgniter\CodeIgniter->run()
#10 C:\projectci4\system\Commands\Server\rewrite.php(43): require_once('C:\\projectci4\\p...')
#11 {main}
CRITICAL - 2023-04-17 23:49:21 --> Cannot add or update a child row: a foreign key constraint fails (`perpustakaan`.`buku`, CONSTRAINT `buku_ibfk_1` FOREIGN KEY (`id_buku`) REFERENCES `penerbit` (`id_penerbit`))
in SYSTEMPATH\Database\MySQLi\Connection.php on line 292.
 1 SYSTEMPATH\Database\MySQLi\Connection.php(292): mysqli->query('INSERT INTO `buku` (`kode_buku`, `isbn`, `judul_buku`, `id_kategori`, `id_penulis`, `id_penerbit`, `id_rak`, `tahun`, `bahasa`, `halaman`, `jumlah`, `jml_tersedia`, `jml_dipinjam`, `cover`) VALUES (\'4\', \'4\', \'TEST\', \'8\', \'5\', \'5\', \'9\', \'2018\', \'Indonesia\', \'15\', \'10\', NULL, \'0\', \'1681793361_b77a8e3a33cf2d5b9936.jpg\')', 0)
 2 SYSTEMPATH\Database\BaseConnection.php(693): CodeIgniter\Database\MySQLi\Connection->execute('INSERT INTO `buku` (`kode_buku`, `isbn`, `judul_buku`, `id_kategori`, `id_penulis`, `id_penerbit`, `id_rak`, `tahun`, `bahasa`, `halaman`, `jumlah`, `jml_tersedia`, `jml_dipinjam`, `cover`) VALUES (\'4\', \'4\', \'TEST\', \'8\', \'5\', \'5\', \'9\', \'2018\', \'Indonesia\', \'15\', \'10\', NULL, \'0\', \'1681793361_b77a8e3a33cf2d5b9936.jpg\')')
 3 SYSTEMPATH\Database\BaseConnection.php(620): CodeIgniter\Database\BaseConnection->simpleQuery('INSERT INTO `buku` (`kode_buku`, `isbn`, `judul_buku`, `id_kategori`, `id_penulis`, `id_penerbit`, `id_rak`, `tahun`, `bahasa`, `halaman`, `jumlah`, `jml_tersedia`, `jml_dipinjam`, `cover`) VALUES (\'4\', \'4\', \'TEST\', \'8\', \'5\', \'5\', \'9\', \'2018\', \'Indonesia\', \'15\', \'10\', NULL, \'0\', \'1681793361_b77a8e3a33cf2d5b9936.jpg\')')
 4 SYSTEMPATH\Database\BaseBuilder.php(1916): CodeIgniter\Database\BaseConnection->query('INSERT INTO `buku` (`kode_buku`, `isbn`, `judul_buku`, `id_kategori`, `id_penulis`, `id_penerbit`, `id_rak`, `tahun`, `bahasa`, `halaman`, `jumlah`, `jml_tersedia`, `jml_dipinjam`, `cover`) VALUES (:kode_buku:, :isbn:, :judul_buku:, :id_kategori:, :id_penulis:, :id_penerbit:, :id_rak:, :tahun:, :bahasa:, :halaman:, :jumlah:, :jml_tersedia:, :jml_dipinjam:, :cover:)', [...], false)
 5 APPPATH\Models\ModelBuku.php(33): CodeIgniter\Database\BaseBuilder->insert([...])
 6 APPPATH\Controllers\Buku.php(166): App\Models\ModelBuku->AddData([...])
 7 SYSTEMPATH\CodeIgniter.php(904): App\Controllers\Buku->SimpanData()
 8 SYSTEMPATH\CodeIgniter.php(457): CodeIgniter\CodeIgniter->runController(Object(App\Controllers\Buku))
 9 SYSTEMPATH\CodeIgniter.php(340): CodeIgniter\CodeIgniter->handleRequest(null, Object(Config\Cache), false)
10 FCPATH\index.php(67): CodeIgniter\CodeIgniter->run()
11 SYSTEMPATH\Commands\Server\rewrite.php(43): require_once('FCPATH\\index.php')
ERROR - 2023-04-17 23:58:23 --> mysqli_sql_exception: Cannot add or update a child row: a foreign key constraint fails (`perpustakaan`.`buku`, CONSTRAINT `buku_ibfk_1` FOREIGN KEY (`id_buku`) REFERENCES `penerbit` (`id_penerbit`)) in C:\projectci4\system\Database\MySQLi\Connection.php:292
Stack trace:
#0 C:\projectci4\system\Database\MySQLi\Connection.php(292): mysqli->query('INSERT INTO `bu...', 0)
#1 C:\projectci4\system\Database\BaseConnection.php(693): CodeIgniter\Database\MySQLi\Connection->execute('INSERT INTO `bu...')
#2 C:\projectci4\system\Database\BaseConnection.php(620): CodeIgniter\Database\BaseConnection->simpleQuery('INSERT INTO `bu...')
#3 C:\projectci4\system\Database\BaseBuilder.php(1916): CodeIgniter\Database\BaseConnection->query('INSERT INTO `bu...', Array, false)
#4 C:\projectci4\app\Models\ModelBuku.php(33): CodeIgniter\Database\BaseBuilder->insert(Array)
#5 C:\projectci4\app\Controllers\Buku.php(166): App\Models\ModelBuku->AddData(Array)
#6 C:\projectci4\system\CodeIgniter.php(904): App\Controllers\Buku->SimpanData()
#7 C:\projectci4\system\CodeIgniter.php(457): CodeIgniter\CodeIgniter->runController(Object(App\Controllers\Buku))
#8 C:\projectci4\system\CodeIgniter.php(340): CodeIgniter\CodeIgniter->handleRequest(NULL, Object(Config\Cache), false)
#9 C:\projectci4\public\index.php(67): CodeIgniter\CodeIgniter->run()
#10 C:\projectci4\system\Commands\Server\rewrite.php(43): require_once('C:\\projectci4\\p...')
#11 {main}
CRITICAL - 2023-04-17 23:58:23 --> Cannot add or update a child row: a foreign key constraint fails (`perpustakaan`.`buku`, CONSTRAINT `buku_ibfk_1` FOREIGN KEY (`id_buku`) REFERENCES `penerbit` (`id_penerbit`))
in SYSTEMPATH\Database\MySQLi\Connection.php on line 292.
 1 SYSTEMPATH\Database\MySQLi\Connection.php(292): mysqli->query('INSERT INTO `buku` (`kode_buku`, `isbn`, `judul_buku`, `id_kategori`, `id_penulis`, `id_penerbit`, `id_rak`, `tahun`, `bahasa`, `halaman`, `jumlah`, `jml_tersedia`, `jml_dipinjam`, `cover`) VALUES (\'4\', \'4\', \'TEST\', \'6\', \'5\', \'6\', \'9\', \'2020\', \'Indonesia\', \'3\', \'19\', NULL, \'0\', \'1681793903_061680a788d807af46f3.png\')', 0)
 2 SYSTEMPATH\Database\BaseConnection.php(693): CodeIgniter\Database\MySQLi\Connection->execute('INSERT INTO `buku` (`kode_buku`, `isbn`, `judul_buku`, `id_kategori`, `id_penulis`, `id_penerbit`, `id_rak`, `tahun`, `bahasa`, `halaman`, `jumlah`, `jml_tersedia`, `jml_dipinjam`, `cover`) VALUES (\'4\', \'4\', \'TEST\', \'6\', \'5\', \'6\', \'9\', \'2020\', \'Indonesia\', \'3\', \'19\', NULL, \'0\', \'1681793903_061680a788d807af46f3.png\')')
 3 SYSTEMPATH\Database\BaseConnection.php(620): CodeIgniter\Database\BaseConnection->simpleQuery('INSERT INTO `buku` (`kode_buku`, `isbn`, `judul_buku`, `id_kategori`, `id_penulis`, `id_penerbit`, `id_rak`, `tahun`, `bahasa`, `halaman`, `jumlah`, `jml_tersedia`, `jml_dipinjam`, `cover`) VALUES (\'4\', \'4\', \'TEST\', \'6\', \'5\', \'6\', \'9\', \'2020\', \'Indonesia\', \'3\', \'19\', NULL, \'0\', \'1681793903_061680a788d807af46f3.png\')')
 4 SYSTEMPATH\Database\BaseBuilder.php(1916): CodeIgniter\Database\BaseConnection->query('INSERT INTO `buku` (`kode_buku`, `isbn`, `judul_buku`, `id_kategori`, `id_penulis`, `id_penerbit`, `id_rak`, `tahun`, `bahasa`, `halaman`, `jumlah`, `jml_tersedia`, `jml_dipinjam`, `cover`) VALUES (:kode_buku:, :isbn:, :judul_buku:, :id_kategori:, :id_penulis:, :id_penerbit:, :id_rak:, :tahun:, :bahasa:, :halaman:, :jumlah:, :jml_tersedia:, :jml_dipinjam:, :cover:)', [...], false)
 5 APPPATH\Models\ModelBuku.php(33): CodeIgniter\Database\BaseBuilder->insert([...])
 6 APPPATH\Controllers\Buku.php(166): App\Models\ModelBuku->AddData([...])
 7 SYSTEMPATH\CodeIgniter.php(904): App\Controllers\Buku->SimpanData()
 8 SYSTEMPATH\CodeIgniter.php(457): CodeIgniter\CodeIgniter->runController(Object(App\Controllers\Buku))
 9 SYSTEMPATH\CodeIgniter.php(340): CodeIgniter\CodeIgniter->handleRequest(null, Object(Config\Cache), false)
10 FCPATH\index.php(67): CodeIgniter\CodeIgniter->run()
11 SYSTEMPATH\Commands\Server\rewrite.php(43): require_once('FCPATH\\index.php')
