CRITICAL - 2023-03-30 00:00:34 --> Array to string conversion
in APPPATH\Views\user\v_editdata.php on line 33.
 1 APPPATH\Views\user\v_editdata.php(33): CodeIgniter\Debug\Exceptions->errorHandler(8, 'Array to string conversion', 'APPPATH\\Views\\user\\v_editdata.php', 33, [...])
 2 SYSTEMPATH\View\View.php(213): include('APPPATH\\Views\\user\\v_editdata.php')
 3 SYSTEMPATH\View\View.php(216): CodeIgniter\View\View->CodeIgniter\View\{closure}()
 4 SYSTEMPATH\Common.php(1137): CodeIgniter\View\View->render('user/v_editdata', [], true)
 5 APPPATH\Views\v_template_admin.php(261): view('user/v_editdata')
 6 SYSTEMPATH\View\View.php(213): include('APPPATH\\Views\\v_template_admin.php')
 7 SYSTEMPATH\View\View.php(216): CodeIgniter\View\View->CodeIgniter\View\{closure}()
 8 SYSTEMPATH\Common.php(1137): CodeIgniter\View\View->render('v_template_admin', [], true)
 9 APPPATH\Controllers\User.php(133): view('v_template_admin', [...])
10 SYSTEMPATH\CodeIgniter.php(904): App\Controllers\User->EditData('12')
11 SYSTEMPATH\CodeIgniter.php(457): CodeIgniter\CodeIgniter->runController(Object(App\Controllers\User))
12 SYSTEMPATH\CodeIgniter.php(340): CodeIgniter\CodeIgniter->handleRequest(null, Object(Config\Cache), false)
13 FCPATH\index.php(67): CodeIgniter\CodeIgniter->run()
14 SYSTEMPATH\Commands\Server\rewrite.php(43): require_once('FCPATH\\index.php')
CRITICAL - 2023-03-30 00:13:43 --> Undefined variable: user
in APPPATH\Controllers\User.php on line 206.
 1 APPPATH\Controllers\User.php(206): CodeIgniter\Debug\Exceptions->errorHandler(8, 'Undefined variable: user', 'APPPATH\\Controllers\\User.php', 206, [...])
 2 SYSTEMPATH\CodeIgniter.php(904): App\Controllers\User->UpdateData('12')
 3 SYSTEMPATH\CodeIgniter.php(457): CodeIgniter\CodeIgniter->runController(Object(App\Controllers\User))
 4 SYSTEMPATH\CodeIgniter.php(340): CodeIgniter\CodeIgniter->handleRequest(null, Object(Config\Cache), false)
 5 FCPATH\index.php(67): CodeIgniter\CodeIgniter->run()
 6 SYSTEMPATH\Commands\Server\rewrite.php(43): require_once('FCPATH\\index.php')
CRITICAL - 2023-03-30 00:14:59 --> Undefined variable: user
in APPPATH\Controllers\User.php on line 206.
 1 APPPATH\Controllers\User.php(206): CodeIgniter\Debug\Exceptions->errorHandler(8, 'Undefined variable: user', 'APPPATH\\Controllers\\User.php', 206, [...])
 2 SYSTEMPATH\CodeIgniter.php(904): App\Controllers\User->UpdateData('12')
 3 SYSTEMPATH\CodeIgniter.php(457): CodeIgniter\CodeIgniter->runController(Object(App\Controllers\User))
 4 SYSTEMPATH\CodeIgniter.php(340): CodeIgniter\CodeIgniter->handleRequest(null, Object(Config\Cache), false)
 5 FCPATH\index.php(67): CodeIgniter\CodeIgniter->run()
 6 SYSTEMPATH\Commands\Server\rewrite.php(43): require_once('FCPATH\\index.php')
CRITICAL - 2023-03-30 00:16:53 --> Undefined variable: user
in APPPATH\Controllers\User.php on line 206.
 1 APPPATH\Controllers\User.php(206): CodeIgniter\Debug\Exceptions->errorHandler(8, 'Undefined variable: user', 'APPPATH\\Controllers\\User.php', 206, [...])
 2 SYSTEMPATH\CodeIgniter.php(904): App\Controllers\User->UpdateData('12')
 3 SYSTEMPATH\CodeIgniter.php(457): CodeIgniter\CodeIgniter->runController(Object(App\Controllers\User))
 4 SYSTEMPATH\CodeIgniter.php(340): CodeIgniter\CodeIgniter->handleRequest(null, Object(Config\Cache), false)
 5 FCPATH\index.php(67): CodeIgniter\CodeIgniter->run()
 6 SYSTEMPATH\Commands\Server\rewrite.php(43): require_once('FCPATH\\index.php')
CRITICAL - 2023-03-30 00:16:57 --> Undefined variable: user
in APPPATH\Controllers\User.php on line 206.
 1 APPPATH\Controllers\User.php(206): CodeIgniter\Debug\Exceptions->errorHandler(8, 'Undefined variable: user', 'APPPATH\\Controllers\\User.php', 206, [...])
 2 SYSTEMPATH\CodeIgniter.php(904): App\Controllers\User->UpdateData('12')
 3 SYSTEMPATH\CodeIgniter.php(457): CodeIgniter\CodeIgniter->runController(Object(App\Controllers\User))
 4 SYSTEMPATH\CodeIgniter.php(340): CodeIgniter\CodeIgniter->handleRequest(null, Object(Config\Cache), false)
 5 FCPATH\index.php(67): CodeIgniter\CodeIgniter->run()
 6 SYSTEMPATH\Commands\Server\rewrite.php(43): require_once('FCPATH\\index.php')
CRITICAL - 2023-03-30 00:37:25 --> Undefined variable: photo
in APPPATH\Controllers\User.php on line 100.
 1 APPPATH\Controllers\User.php(100): CodeIgniter\Debug\Exceptions->errorHandler(8, 'Undefined variable: photo', 'APPPATH\\Controllers\\User.php', 100, [...])
 2 SYSTEMPATH\CodeIgniter.php(904): App\Controllers\User->SimpanData()
 3 SYSTEMPATH\CodeIgniter.php(457): CodeIgniter\CodeIgniter->runController(Object(App\Controllers\User))
 4 SYSTEMPATH\CodeIgniter.php(340): CodeIgniter\CodeIgniter->handleRequest(null, Object(Config\Cache), false)
 5 FCPATH\index.php(67): CodeIgniter\CodeIgniter->run()
 6 SYSTEMPATH\Commands\Server\rewrite.php(43): require_once('FCPATH\\index.php')
CRITICAL - 2023-03-30 00:39:54 --> unlink(foto/1680154790_5e6812cff): No such file or directory
in APPPATH\Controllers\User.php on line 241.
 1 [internal function]: CodeIgniter\Debug\Exceptions->errorHandler(2, 'unlink(foto/1680154790_5e6812cff): No such file or directory', 'APPPATH\\Controllers\\User.php', 241, [...])
 2 APPPATH\Controllers\User.php(241): unlink('foto/1680154790_5e6812cff')
 3 SYSTEMPATH\CodeIgniter.php(904): App\Controllers\User->DeleteData('16')
 4 SYSTEMPATH\CodeIgniter.php(457): CodeIgniter\CodeIgniter->runController(Object(App\Controllers\User))
 5 SYSTEMPATH\CodeIgniter.php(340): CodeIgniter\CodeIgniter->handleRequest(null, Object(Config\Cache), false)
 6 FCPATH\index.php(67): CodeIgniter\CodeIgniter->run()
 7 SYSTEMPATH\Commands\Server\rewrite.php(43): require_once('FCPATH\\index.php')
CRITICAL - 2023-03-30 00:40:22 --> Illegal string offset 'id_user'
in APPPATH\Models\ModelUser.php on line 31.
 1 APPPATH\Models\ModelUser.php(31): CodeIgniter\Debug\Exceptions->errorHandler(2, 'Illegal string offset \'id_user\'', 'APPPATH\\Models\\ModelUser.php', 31, [...])
 2 APPPATH\Controllers\User.php(239): App\Models\ModelUser->DeleteData('16')
 3 SYSTEMPATH\CodeIgniter.php(904): App\Controllers\User->DeleteData('16')
 4 SYSTEMPATH\CodeIgniter.php(457): CodeIgniter\CodeIgniter->runController(Object(App\Controllers\User))
 5 SYSTEMPATH\CodeIgniter.php(340): CodeIgniter\CodeIgniter->handleRequest(null, Object(Config\Cache), false)
 6 FCPATH\index.php(67): CodeIgniter\CodeIgniter->run()
 7 SYSTEMPATH\Commands\Server\rewrite.php(43): require_once('FCPATH\\index.php')
CRITICAL - 2023-03-30 00:40:46 --> syntax error, unexpected ')', expecting variable (T_VARIABLE)
in APPPATH\Controllers\User.php on line 237.
 1 SYSTEMPATH\Router\Router.php(499): CodeIgniter\Router\AutoRouter->getRoute('User/DeleteData/16')
 2 SYSTEMPATH\Router\Router.php(205): CodeIgniter\Router\Router->autoRoute('User/DeleteData/16')
 3 SYSTEMPATH\CodeIgniter.php(779): CodeIgniter\Router\Router->handle('User/DeleteData/16')
 4 SYSTEMPATH\CodeIgniter.php(406): CodeIgniter\CodeIgniter->tryToRouteIt(Object(CodeIgniter\Router\RouteCollection))
 5 SYSTEMPATH\CodeIgniter.php(340): CodeIgniter\CodeIgniter->handleRequest(null, Object(Config\Cache), false)
 6 FCPATH\index.php(67): CodeIgniter\CodeIgniter->run()
 7 SYSTEMPATH\Commands\Server\rewrite.php(43): require_once('FCPATH\\index.php')
CRITICAL - 2023-03-30 00:40:56 --> Undefined variable: id_user
in APPPATH\Controllers\User.php on line 239.
 1 APPPATH\Controllers\User.php(239): CodeIgniter\Debug\Exceptions->errorHandler(8, 'Undefined variable: id_user', 'APPPATH\\Controllers\\User.php', 239, [])
 2 SYSTEMPATH\CodeIgniter.php(904): App\Controllers\User->DeleteData('16')
 3 SYSTEMPATH\CodeIgniter.php(457): CodeIgniter\CodeIgniter->runController(Object(App\Controllers\User))
 4 SYSTEMPATH\CodeIgniter.php(340): CodeIgniter\CodeIgniter->handleRequest(null, Object(Config\Cache), false)
 5 FCPATH\index.php(67): CodeIgniter\CodeIgniter->run()
 6 SYSTEMPATH\Commands\Server\rewrite.php(43): require_once('FCPATH\\index.php')
CRITICAL - 2023-03-30 00:41:18 --> unlink(foto/1680154790_5e6812cff): No such file or directory
in APPPATH\Controllers\User.php on line 241.
 1 [internal function]: CodeIgniter\Debug\Exceptions->errorHandler(2, 'unlink(foto/1680154790_5e6812cff): No such file or directory', 'APPPATH\\Controllers\\User.php', 241, [...])
 2 APPPATH\Controllers\User.php(241): unlink('foto/1680154790_5e6812cff')
 3 SYSTEMPATH\CodeIgniter.php(904): App\Controllers\User->DeleteData('16')
 4 SYSTEMPATH\CodeIgniter.php(457): CodeIgniter\CodeIgniter->runController(Object(App\Controllers\User))
 5 SYSTEMPATH\CodeIgniter.php(340): CodeIgniter\CodeIgniter->handleRequest(null, Object(Config\Cache), false)
 6 FCPATH\index.php(67): CodeIgniter\CodeIgniter->run()
 7 SYSTEMPATH\Commands\Server\rewrite.php(43): require_once('FCPATH\\index.php')
CRITICAL - 2023-03-30 01:17:11 --> syntax error, unexpected 'public' (T_PUBLIC)
in APPPATH\Controllers\User.php on line 234.
 1 SYSTEMPATH\Router\Router.php(499): CodeIgniter\Router\AutoRouter->getRoute('User')
 2 SYSTEMPATH\Router\Router.php(205): CodeIgniter\Router\Router->autoRoute('User')
 3 SYSTEMPATH\CodeIgniter.php(779): CodeIgniter\Router\Router->handle('User')
 4 SYSTEMPATH\CodeIgniter.php(406): CodeIgniter\CodeIgniter->tryToRouteIt(Object(CodeIgniter\Router\RouteCollection))
 5 SYSTEMPATH\CodeIgniter.php(340): CodeIgniter\CodeIgniter->handleRequest(null, Object(Config\Cache), false)
 6 FCPATH\index.php(67): CodeIgniter\CodeIgniter->run()
 7 SYSTEMPATH\Commands\Server\rewrite.php(43): require_once('FCPATH\\index.php')
CRITICAL - 2023-03-30 03:09:12 --> Undefined variable: validation
in APPPATH\Views\v_slider.php on line 66.
 1 APPPATH\Views\v_slider.php(66): CodeIgniter\Debug\Exceptions->errorHandler(8, 'Undefined variable: validation', 'APPPATH\\Views\\v_slider.php', 66, [...])
 2 SYSTEMPATH\View\View.php(213): include('APPPATH\\Views\\v_slider.php')
 3 SYSTEMPATH\View\View.php(216): CodeIgniter\View\View->CodeIgniter\View\{closure}()
 4 SYSTEMPATH\Common.php(1137): CodeIgniter\View\View->render('v_slider', [], true)
 5 APPPATH\Views\v_template_admin.php(261): view('v_slider')
 6 SYSTEMPATH\View\View.php(213): include('APPPATH\\Views\\v_template_admin.php')
 7 SYSTEMPATH\View\View.php(216): CodeIgniter\View\View->CodeIgniter\View\{closure}()
 8 SYSTEMPATH\Common.php(1137): CodeIgniter\View\View->render('v_template_admin', [], true)
 9 APPPATH\Controllers\Pengaturan.php(137): view('v_template_admin', [...])
10 SYSTEMPATH\CodeIgniter.php(904): App\Controllers\Pengaturan->Slider()
11 SYSTEMPATH\CodeIgniter.php(457): CodeIgniter\CodeIgniter->runController(Object(App\Controllers\Pengaturan))
12 SYSTEMPATH\CodeIgniter.php(340): CodeIgniter\CodeIgniter->handleRequest(null, Object(Config\Cache), false)
13 FCPATH\index.php(67): CodeIgniter\CodeIgniter->run()
14 SYSTEMPATH\Commands\Server\rewrite.php(43): require_once('FCPATH\\index.php')
CRITICAL - 2023-03-30 03:09:38 --> Undefined variable: validation
in APPPATH\Views\v_slider.php on line 66.
 1 APPPATH\Views\v_slider.php(66): CodeIgniter\Debug\Exceptions->errorHandler(8, 'Undefined variable: validation', 'APPPATH\\Views\\v_slider.php', 66, [...])
 2 SYSTEMPATH\View\View.php(213): include('APPPATH\\Views\\v_slider.php')
 3 SYSTEMPATH\View\View.php(216): CodeIgniter\View\View->CodeIgniter\View\{closure}()
 4 SYSTEMPATH\Common.php(1137): CodeIgniter\View\View->render('v_slider', [], true)
 5 APPPATH\Views\v_template_admin.php(261): view('v_slider')
 6 SYSTEMPATH\View\View.php(213): include('APPPATH\\Views\\v_template_admin.php')
 7 SYSTEMPATH\View\View.php(216): CodeIgniter\View\View->CodeIgniter\View\{closure}()
 8 SYSTEMPATH\Common.php(1137): CodeIgniter\View\View->render('v_template_admin', [], true)
 9 APPPATH\Controllers\Pengaturan.php(137): view('v_template_admin', [...])
10 SYSTEMPATH\CodeIgniter.php(904): App\Controllers\Pengaturan->Slider()
11 SYSTEMPATH\CodeIgniter.php(457): CodeIgniter\CodeIgniter->runController(Object(App\Controllers\Pengaturan))
12 SYSTEMPATH\CodeIgniter.php(340): CodeIgniter\CodeIgniter->handleRequest(null, Object(Config\Cache), false)
13 FCPATH\index.php(67): CodeIgniter\CodeIgniter->run()
14 SYSTEMPATH\Commands\Server\rewrite.php(43): require_once('FCPATH\\index.php')
CRITICAL - 2023-03-30 03:38:50 --> syntax error, unexpected 'else' (T_ELSE), expecting function (T_FUNCTION) or const (T_CONST)
in APPPATH\Controllers\Pengaturan.php on line 172.
 1 SYSTEMPATH\Router\Router.php(499): CodeIgniter\Router\AutoRouter->getRoute('Pengaturan/slider')
 2 SYSTEMPATH\Router\Router.php(205): CodeIgniter\Router\Router->autoRoute('Pengaturan/slider')
 3 SYSTEMPATH\CodeIgniter.php(779): CodeIgniter\Router\Router->handle('Pengaturan/slider')
 4 SYSTEMPATH\CodeIgniter.php(406): CodeIgniter\CodeIgniter->tryToRouteIt(Object(CodeIgniter\Router\RouteCollection))
 5 SYSTEMPATH\CodeIgniter.php(340): CodeIgniter\CodeIgniter->handleRequest(null, Object(Config\Cache), false)
 6 FCPATH\index.php(67): CodeIgniter\CodeIgniter->run()
 7 SYSTEMPATH\Commands\Server\rewrite.php(43): require_once('FCPATH\\index.php')
CRITICAL - 2023-03-30 03:54:04 --> You must set the database table to be used with your query.
in SYSTEMPATH\Database\BaseConnection.php on line 872.
 1 SYSTEMPATH\Model.php(586): CodeIgniter\Database\BaseConnection->table(null)
 2 SYSTEMPATH\Model.php(763): CodeIgniter\Model->builder()
 3 APPPATH\Controllers\Pengaturan.php(158): CodeIgniter\Model->__call('GetSliderById', [...])
 4 SYSTEMPATH\CodeIgniter.php(904): App\Controllers\Pengaturan->EditSlider('1')
 5 SYSTEMPATH\CodeIgniter.php(457): CodeIgniter\CodeIgniter->runController(Object(App\Controllers\Pengaturan))
 6 SYSTEMPATH\CodeIgniter.php(340): CodeIgniter\CodeIgniter->handleRequest(null, Object(Config\Cache), false)
 7 FCPATH\index.php(67): CodeIgniter\CodeIgniter->run()
 8 SYSTEMPATH\Commands\Server\rewrite.php(43): require_once('FCPATH\\index.php')
CRITICAL - 2023-03-30 03:59:14 --> Undefined variable: data
in APPPATH\Models\ModelPengaturan.php on line 33.
 1 APPPATH\Models\ModelPengaturan.php(33): CodeIgniter\Debug\Exceptions->errorHandler(8, 'Undefined variable: data', 'APPPATH\\Models\\ModelPengaturan.php', 33, [...])
 2 APPPATH\Controllers\Pengaturan.php(158): App\Models\ModelPengaturan->DetailSlider('1')
 3 SYSTEMPATH\CodeIgniter.php(904): App\Controllers\Pengaturan->EditSlider('1')
 4 SYSTEMPATH\CodeIgniter.php(457): CodeIgniter\CodeIgniter->runController(Object(App\Controllers\Pengaturan))
 5 SYSTEMPATH\CodeIgniter.php(340): CodeIgniter\CodeIgniter->handleRequest(null, Object(Config\Cache), false)
 6 FCPATH\index.php(67): CodeIgniter\CodeIgniter->run()
 7 SYSTEMPATH\Commands\Server\rewrite.php(43): require_once('FCPATH\\index.php')
CRITICAL - 2023-03-30 04:01:43 --> Undefined variable: data
in APPPATH\Models\ModelPengaturan.php on line 33.
 1 APPPATH\Models\ModelPengaturan.php(33): CodeIgniter\Debug\Exceptions->errorHandler(8, 'Undefined variable: data', 'APPPATH\\Models\\ModelPengaturan.php', 33, [...])
 2 APPPATH\Controllers\Pengaturan.php(158): App\Models\ModelPengaturan->DetailSlider('1')
 3 SYSTEMPATH\CodeIgniter.php(904): App\Controllers\Pengaturan->EditSlider('1')
 4 SYSTEMPATH\CodeIgniter.php(457): CodeIgniter\CodeIgniter->runController(Object(App\Controllers\Pengaturan))
 5 SYSTEMPATH\CodeIgniter.php(340): CodeIgniter\CodeIgniter->handleRequest(null, Object(Config\Cache), false)
 6 FCPATH\index.php(67): CodeIgniter\CodeIgniter->run()
 7 SYSTEMPATH\Commands\Server\rewrite.php(43): require_once('FCPATH\\index.php')
CRITICAL - 2023-03-30 04:02:54 --> Undefined variable: data
in APPPATH\Models\ModelPengaturan.php on line 33.
 1 APPPATH\Models\ModelPengaturan.php(33): CodeIgniter\Debug\Exceptions->errorHandler(8, 'Undefined variable: data', 'APPPATH\\Models\\ModelPengaturan.php', 33, [...])
 2 APPPATH\Controllers\Pengaturan.php(158): App\Models\ModelPengaturan->DetailSlider('1')
 3 SYSTEMPATH\CodeIgniter.php(904): App\Controllers\Pengaturan->EditSlider('1')
 4 SYSTEMPATH\CodeIgniter.php(457): CodeIgniter\CodeIgniter->runController(Object(App\Controllers\Pengaturan))
 5 SYSTEMPATH\CodeIgniter.php(340): CodeIgniter\CodeIgniter->handleRequest(null, Object(Config\Cache), false)
 6 FCPATH\index.php(67): CodeIgniter\CodeIgniter->run()
 7 SYSTEMPATH\Commands\Server\rewrite.php(43): require_once('FCPATH\\index.php')
CRITICAL - 2023-03-30 04:05:04 --> Undefined variable: data
in APPPATH\Models\ModelPengaturan.php on line 33.
 1 APPPATH\Models\ModelPengaturan.php(33): CodeIgniter\Debug\Exceptions->errorHandler(8, 'Undefined variable: data', 'APPPATH\\Models\\ModelPengaturan.php', 33, [...])
 2 APPPATH\Controllers\Pengaturan.php(158): App\Models\ModelPengaturan->DetailSlider('1')
 3 SYSTEMPATH\CodeIgniter.php(904): App\Controllers\Pengaturan->EditSlider('1')
 4 SYSTEMPATH\CodeIgniter.php(457): CodeIgniter\CodeIgniter->runController(Object(App\Controllers\Pengaturan))
 5 SYSTEMPATH\CodeIgniter.php(340): CodeIgniter\CodeIgniter->handleRequest(null, Object(Config\Cache), false)
 6 FCPATH\index.php(67): CodeIgniter\CodeIgniter->run()
 7 SYSTEMPATH\Commands\Server\rewrite.php(43): require_once('FCPATH\\index.php')
CRITICAL - 2023-03-30 04:08:51 --> Undefined variable: data
in APPPATH\Models\ModelPengaturan.php on line 33.
 1 APPPATH\Models\ModelPengaturan.php(33): CodeIgniter\Debug\Exceptions->errorHandler(8, 'Undefined variable: data', 'APPPATH\\Models\\ModelPengaturan.php', 33, [...])
 2 APPPATH\Controllers\Pengaturan.php(158): App\Models\ModelPengaturan->DetailSlider('1')
 3 SYSTEMPATH\CodeIgniter.php(904): App\Controllers\Pengaturan->EditSlider('1')
 4 SYSTEMPATH\CodeIgniter.php(457): CodeIgniter\CodeIgniter->runController(Object(App\Controllers\Pengaturan))
 5 SYSTEMPATH\CodeIgniter.php(340): CodeIgniter\CodeIgniter->handleRequest(null, Object(Config\Cache), false)
 6 FCPATH\index.php(67): CodeIgniter\CodeIgniter->run()
 7 SYSTEMPATH\Commands\Server\rewrite.php(43): require_once('FCPATH\\index.php')
CRITICAL - 2023-03-30 04:08:57 --> Undefined variable: data
in APPPATH\Models\ModelPengaturan.php on line 33.
 1 APPPATH\Models\ModelPengaturan.php(33): CodeIgniter\Debug\Exceptions->errorHandler(8, 'Undefined variable: data', 'APPPATH\\Models\\ModelPengaturan.php', 33, [...])
 2 APPPATH\Controllers\Pengaturan.php(158): App\Models\ModelPengaturan->DetailSlider('1')
 3 SYSTEMPATH\CodeIgniter.php(904): App\Controllers\Pengaturan->EditSlider('1')
 4 SYSTEMPATH\CodeIgniter.php(457): CodeIgniter\CodeIgniter->runController(Object(App\Controllers\Pengaturan))
 5 SYSTEMPATH\CodeIgniter.php(340): CodeIgniter\CodeIgniter->handleRequest(null, Object(Config\Cache), false)
 6 FCPATH\index.php(67): CodeIgniter\CodeIgniter->run()
 7 SYSTEMPATH\Commands\Server\rewrite.php(43): require_once('FCPATH\\index.php')
CRITICAL - 2023-03-30 04:12:19 --> Undefined variable: data
in APPPATH\Models\ModelPengaturan.php on line 33.
 1 APPPATH\Models\ModelPengaturan.php(33): CodeIgniter\Debug\Exceptions->errorHandler(8, 'Undefined variable: data', 'APPPATH\\Models\\ModelPengaturan.php', 33, [...])
 2 APPPATH\Controllers\Pengaturan.php(166): App\Models\ModelPengaturan->DetailSlider('1')
 3 SYSTEMPATH\CodeIgniter.php(904): App\Controllers\Pengaturan->EditSlider('1')
 4 SYSTEMPATH\CodeIgniter.php(457): CodeIgniter\CodeIgniter->runController(Object(App\Controllers\Pengaturan))
 5 SYSTEMPATH\CodeIgniter.php(340): CodeIgniter\CodeIgniter->handleRequest(null, Object(Config\Cache), false)
 6 FCPATH\index.php(67): CodeIgniter\CodeIgniter->run()
 7 SYSTEMPATH\Commands\Server\rewrite.php(43): require_once('FCPATH\\index.php')
CRITICAL - 2023-03-30 04:14:06 --> Undefined variable: validation
in APPPATH\Controllers\Pengaturan.php on line 155.
 1 APPPATH\Controllers\Pengaturan.php(155): CodeIgniter\Debug\Exceptions->errorHandler(8, 'Undefined variable: validation', 'APPPATH\\Controllers\\Pengaturan.php', 155, [...])
 2 SYSTEMPATH\CodeIgniter.php(904): App\Controllers\Pengaturan->EditSlider('1')
 3 SYSTEMPATH\CodeIgniter.php(457): CodeIgniter\CodeIgniter->runController(Object(App\Controllers\Pengaturan))
 4 SYSTEMPATH\CodeIgniter.php(340): CodeIgniter\CodeIgniter->handleRequest(null, Object(Config\Cache), false)
 5 FCPATH\index.php(67): CodeIgniter\CodeIgniter->run()
 6 SYSTEMPATH\Commands\Server\rewrite.php(43): require_once('FCPATH\\index.php')
CRITICAL - 2023-03-30 04:18:03 --> You must set the database table to be used with your query.
in SYSTEMPATH\Database\BaseConnection.php on line 872.
 1 SYSTEMPATH\Model.php(586): CodeIgniter\Database\BaseConnection->table(null)
 2 SYSTEMPATH\Model.php(763): CodeIgniter\Model->builder()
 3 APPPATH\Controllers\Pengaturan.php(158): CodeIgniter\Model->__call('GetSliderById', [...])
 4 SYSTEMPATH\CodeIgniter.php(904): App\Controllers\Pengaturan->EditSlider('1')
 5 SYSTEMPATH\CodeIgniter.php(457): CodeIgniter\CodeIgniter->runController(Object(App\Controllers\Pengaturan))
 6 SYSTEMPATH\CodeIgniter.php(340): CodeIgniter\CodeIgniter->handleRequest(null, Object(Config\Cache), false)
 7 FCPATH\index.php(67): CodeIgniter\CodeIgniter->run()
 8 SYSTEMPATH\Commands\Server\rewrite.php(43): require_once('FCPATH\\index.php')
CRITICAL - 2023-03-30 04:19:45 --> You must set the database table to be used with your query.
in SYSTEMPATH\Database\BaseConnection.php on line 872.
 1 SYSTEMPATH\Model.php(586): CodeIgniter\Database\BaseConnection->table(null)
 2 SYSTEMPATH\Model.php(763): CodeIgniter\Model->builder()
 3 APPPATH\Controllers\Pengaturan.php(158): CodeIgniter\Model->__call('GetSliderById', [...])
 4 SYSTEMPATH\CodeIgniter.php(904): App\Controllers\Pengaturan->EditSlider('1')
 5 SYSTEMPATH\CodeIgniter.php(457): CodeIgniter\CodeIgniter->runController(Object(App\Controllers\Pengaturan))
 6 SYSTEMPATH\CodeIgniter.php(340): CodeIgniter\CodeIgniter->handleRequest(null, Object(Config\Cache), false)
 7 FCPATH\index.php(67): CodeIgniter\CodeIgniter->run()
 8 SYSTEMPATH\Commands\Server\rewrite.php(43): require_once('FCPATH\\index.php')
CRITICAL - 2023-03-30 07:51:59 --> Undefined variable: slider
in APPPATH\Controllers\Pengaturan.php on line 158.
 1 APPPATH\Controllers\Pengaturan.php(158): CodeIgniter\Debug\Exceptions->errorHandler(8, 'Undefined variable: slider', 'APPPATH\\Controllers\\Pengaturan.php', 158, [...])
 2 SYSTEMPATH\CodeIgniter.php(904): App\Controllers\Pengaturan->EditSlider('1')
 3 SYSTEMPATH\CodeIgniter.php(457): CodeIgniter\CodeIgniter->runController(Object(App\Controllers\Pengaturan))
 4 SYSTEMPATH\CodeIgniter.php(340): CodeIgniter\CodeIgniter->handleRequest(null, Object(Config\Cache), false)
 5 FCPATH\index.php(67): CodeIgniter\CodeIgniter->run()
 6 SYSTEMPATH\Commands\Server\rewrite.php(43): require_once('FCPATH\\index.php')
CRITICAL - 2023-03-30 07:57:22 --> unlink(slider/slider1.jpg): No such file or directory
in APPPATH\Controllers\Pengaturan.php on line 155.
 1 [internal function]: CodeIgniter\Debug\Exceptions->errorHandler(2, 'unlink(slider/slider1.jpg): No such file or directory', 'APPPATH\\Controllers\\Pengaturan.php', 155, [...])
 2 APPPATH\Controllers\Pengaturan.php(155): unlink('slider/slider1.jpg')
 3 SYSTEMPATH\CodeIgniter.php(904): App\Controllers\Pengaturan->EditSlider('1')
 4 SYSTEMPATH\CodeIgniter.php(457): CodeIgniter\CodeIgniter->runController(Object(App\Controllers\Pengaturan))
 5 SYSTEMPATH\CodeIgniter.php(340): CodeIgniter\CodeIgniter->handleRequest(null, Object(Config\Cache), false)
 6 FCPATH\index.php(67): CodeIgniter\CodeIgniter->run()
 7 SYSTEMPATH\Commands\Server\rewrite.php(43): require_once('FCPATH\\index.php')
CRITICAL - 2023-03-30 07:59:44 --> Undefined variable: sliderManager
in APPPATH\Controllers\Pengaturan.php on line 158.
 1 APPPATH\Controllers\Pengaturan.php(158): CodeIgniter\Debug\Exceptions->errorHandler(8, 'Undefined variable: sliderManager', 'APPPATH\\Controllers\\Pengaturan.php', 158, [...])
 2 SYSTEMPATH\CodeIgniter.php(904): App\Controllers\Pengaturan->EditSlider('3')
 3 SYSTEMPATH\CodeIgniter.php(457): CodeIgniter\CodeIgniter->runController(Object(App\Controllers\Pengaturan))
 4 SYSTEMPATH\CodeIgniter.php(340): CodeIgniter\CodeIgniter->handleRequest(null, Object(Config\Cache), false)
 5 FCPATH\index.php(67): CodeIgniter\CodeIgniter->run()
 6 SYSTEMPATH\Commands\Server\rewrite.php(43): require_once('FCPATH\\index.php')
CRITICAL - 2023-03-30 08:00:01 --> unlink(slider/slider3.jpg): No such file or directory
in APPPATH\Controllers\Pengaturan.php on line 155.
 1 [internal function]: CodeIgniter\Debug\Exceptions->errorHandler(2, 'unlink(slider/slider3.jpg): No such file or directory', 'APPPATH\\Controllers\\Pengaturan.php', 155, [...])
 2 APPPATH\Controllers\Pengaturan.php(155): unlink('slider/slider3.jpg')
 3 SYSTEMPATH\CodeIgniter.php(904): App\Controllers\Pengaturan->EditSlider('3')
 4 SYSTEMPATH\CodeIgniter.php(457): CodeIgniter\CodeIgniter->runController(Object(App\Controllers\Pengaturan))
 5 SYSTEMPATH\CodeIgniter.php(340): CodeIgniter\CodeIgniter->handleRequest(null, Object(Config\Cache), false)
 6 FCPATH\index.php(67): CodeIgniter\CodeIgniter->run()
 7 SYSTEMPATH\Commands\Server\rewrite.php(43): require_once('FCPATH\\index.php')
CRITICAL - 2023-03-30 08:03:23 --> Undefined variable: slider
in APPPATH\Controllers\Pengaturan.php on line 158.
 1 APPPATH\Controllers\Pengaturan.php(158): CodeIgniter\Debug\Exceptions->errorHandler(8, 'Undefined variable: slider', 'APPPATH\\Controllers\\Pengaturan.php', 158, [...])
 2 SYSTEMPATH\CodeIgniter.php(904): App\Controllers\Pengaturan->EditSlider('3')
 3 SYSTEMPATH\CodeIgniter.php(457): CodeIgniter\CodeIgniter->runController(Object(App\Controllers\Pengaturan))
 4 SYSTEMPATH\CodeIgniter.php(340): CodeIgniter\CodeIgniter->handleRequest(null, Object(Config\Cache), false)
 5 FCPATH\index.php(67): CodeIgniter\CodeIgniter->run()
 6 SYSTEMPATH\Commands\Server\rewrite.php(43): require_once('FCPATH\\index.php')
CRITICAL - 2023-03-30 08:18:24 --> unlink(slider/1680182192_eeb7d0bff30cb6412334.jpg): No such file or directory
in APPPATH\Controllers\Pengaturan.php on line 155.
 1 [internal function]: CodeIgniter\Debug\Exceptions->errorHandler(2, 'unlink(slider/1680182192_eeb7d0bff30cb6412334.jpg): No such file or directory', 'APPPATH\\Controllers\\Pengaturan.php', 155, [...])
 2 APPPATH\Controllers\Pengaturan.php(155): unlink('slider/1680182192_eeb7d0bff30cb6412334.jpg')
 3 SYSTEMPATH\CodeIgniter.php(904): App\Controllers\Pengaturan->EditSlider('3')
 4 SYSTEMPATH\CodeIgniter.php(457): CodeIgniter\CodeIgniter->runController(Object(App\Controllers\Pengaturan))
 5 SYSTEMPATH\CodeIgniter.php(340): CodeIgniter\CodeIgniter->handleRequest(null, Object(Config\Cache), false)
 6 FCPATH\index.php(67): CodeIgniter\CodeIgniter->run()
 7 SYSTEMPATH\Commands\Server\rewrite.php(43): require_once('FCPATH\\index.php')
CRITICAL - 2023-03-30 08:19:17 --> unlink(slider/1680182192_eeb7d0bff30cb6412334.jpg): No such file or directory
in APPPATH\Controllers\Pengaturan.php on line 155.
 1 [internal function]: CodeIgniter\Debug\Exceptions->errorHandler(2, 'unlink(slider/1680182192_eeb7d0bff30cb6412334.jpg): No such file or directory', 'APPPATH\\Controllers\\Pengaturan.php', 155, [...])
 2 APPPATH\Controllers\Pengaturan.php(155): unlink('slider/1680182192_eeb7d0bff30cb6412334.jpg')
 3 SYSTEMPATH\CodeIgniter.php(904): App\Controllers\Pengaturan->EditSlider('3')
 4 SYSTEMPATH\CodeIgniter.php(457): CodeIgniter\CodeIgniter->runController(Object(App\Controllers\Pengaturan))
 5 SYSTEMPATH\CodeIgniter.php(340): CodeIgniter\CodeIgniter->handleRequest(null, Object(Config\Cache), false)
 6 FCPATH\index.php(67): CodeIgniter\CodeIgniter->run()
 7 SYSTEMPATH\Commands\Server\rewrite.php(43): require_once('FCPATH\\index.php')
CRITICAL - 2023-03-30 08:19:52 --> unlink(slider/1680182192_eeb7d0bff30cb6412334.jpg): No such file or directory
in APPPATH\Controllers\Pengaturan.php on line 155.
 1 [internal function]: CodeIgniter\Debug\Exceptions->errorHandler(2, 'unlink(slider/1680182192_eeb7d0bff30cb6412334.jpg): No such file or directory', 'APPPATH\\Controllers\\Pengaturan.php', 155, [...])
 2 APPPATH\Controllers\Pengaturan.php(155): unlink('slider/1680182192_eeb7d0bff30cb6412334.jpg')
 3 SYSTEMPATH\CodeIgniter.php(904): App\Controllers\Pengaturan->EditSlider('3')
 4 SYSTEMPATH\CodeIgniter.php(457): CodeIgniter\CodeIgniter->runController(Object(App\Controllers\Pengaturan))
 5 SYSTEMPATH\CodeIgniter.php(340): CodeIgniter\CodeIgniter->handleRequest(null, Object(Config\Cache), false)
 6 FCPATH\index.php(67): CodeIgniter\CodeIgniter->run()
 7 SYSTEMPATH\Commands\Server\rewrite.php(43): require_once('FCPATH\\index.php')
CRITICAL - 2023-03-30 08:22:13 --> unlink(slider/1680182192_eeb7d0bff30cb6412334.jpg): No such file or directory
in APPPATH\Controllers\Pengaturan.php on line 155.
 1 [internal function]: CodeIgniter\Debug\Exceptions->errorHandler(2, 'unlink(slider/1680182192_eeb7d0bff30cb6412334.jpg): No such file or directory', 'APPPATH\\Controllers\\Pengaturan.php', 155, [...])
 2 APPPATH\Controllers\Pengaturan.php(155): unlink('slider/1680182192_eeb7d0bff30cb6412334.jpg')
 3 SYSTEMPATH\CodeIgniter.php(904): App\Controllers\Pengaturan->EditSlider('3')
 4 SYSTEMPATH\CodeIgniter.php(457): CodeIgniter\CodeIgniter->runController(Object(App\Controllers\Pengaturan))
 5 SYSTEMPATH\CodeIgniter.php(340): CodeIgniter\CodeIgniter->handleRequest(null, Object(Config\Cache), false)
 6 FCPATH\index.php(67): CodeIgniter\CodeIgniter->run()
 7 SYSTEMPATH\Commands\Server\rewrite.php(43): require_once('FCPATH\\index.php')
CRITICAL - 2023-03-30 08:25:07 --> unlink(slider/slider2.jpg): No such file or directory
in APPPATH\Controllers\Pengaturan.php on line 155.
 1 [internal function]: CodeIgniter\Debug\Exceptions->errorHandler(2, 'unlink(slider/slider2.jpg): No such file or directory', 'APPPATH\\Controllers\\Pengaturan.php', 155, [...])
 2 APPPATH\Controllers\Pengaturan.php(155): unlink('slider/slider2.jpg')
 3 SYSTEMPATH\CodeIgniter.php(904): App\Controllers\Pengaturan->EditSlider('2')
 4 SYSTEMPATH\CodeIgniter.php(457): CodeIgniter\CodeIgniter->runController(Object(App\Controllers\Pengaturan))
 5 SYSTEMPATH\CodeIgniter.php(340): CodeIgniter\CodeIgniter->handleRequest(null, Object(Config\Cache), false)
 6 FCPATH\index.php(67): CodeIgniter\CodeIgniter->run()
 7 SYSTEMPATH\Commands\Server\rewrite.php(43): require_once('FCPATH\\index.php')
CRITICAL - 2023-03-30 08:27:19 --> unlink(slider/1680182192_eeb7d0bff30cb6412334.jpg): No such file or directory
in APPPATH\Controllers\Pengaturan.php on line 155.
 1 [internal function]: CodeIgniter\Debug\Exceptions->errorHandler(2, 'unlink(slider/1680182192_eeb7d0bff30cb6412334.jpg): No such file or directory', 'APPPATH\\Controllers\\Pengaturan.php', 155, [...])
 2 APPPATH\Controllers\Pengaturan.php(155): unlink('slider/1680182192_eeb7d0bff30cb6412334.jpg')
 3 SYSTEMPATH\CodeIgniter.php(904): App\Controllers\Pengaturan->EditSlider('3')
 4 SYSTEMPATH\CodeIgniter.php(457): CodeIgniter\CodeIgniter->runController(Object(App\Controllers\Pengaturan))
 5 SYSTEMPATH\CodeIgniter.php(340): CodeIgniter\CodeIgniter->handleRequest(null, Object(Config\Cache), false)
 6 FCPATH\index.php(67): CodeIgniter\CodeIgniter->run()
 7 SYSTEMPATH\Commands\Server\rewrite.php(43): require_once('FCPATH\\index.php')
CRITICAL - 2023-03-30 08:29:26 --> unlink(slider/slider2.jpg): No such file or directory
in APPPATH\Controllers\Pengaturan.php on line 155.
 1 [internal function]: CodeIgniter\Debug\Exceptions->errorHandler(2, 'unlink(slider/slider2.jpg): No such file or directory', 'APPPATH\\Controllers\\Pengaturan.php', 155, [...])
 2 APPPATH\Controllers\Pengaturan.php(155): unlink('slider/slider2.jpg')
 3 SYSTEMPATH\CodeIgniter.php(904): App\Controllers\Pengaturan->EditSlider('2')
 4 SYSTEMPATH\CodeIgniter.php(457): CodeIgniter\CodeIgniter->runController(Object(App\Controllers\Pengaturan))
 5 SYSTEMPATH\CodeIgniter.php(340): CodeIgniter\CodeIgniter->handleRequest(null, Object(Config\Cache), false)
 6 FCPATH\index.php(67): CodeIgniter\CodeIgniter->run()
 7 SYSTEMPATH\Commands\Server\rewrite.php(43): require_once('FCPATH\\index.php')
CRITICAL - 2023-03-30 08:34:04 --> unlink(slider/slider2.jpg): No such file or directory
in APPPATH\Controllers\Pengaturan.php on line 155.
 1 [internal function]: CodeIgniter\Debug\Exceptions->errorHandler(2, 'unlink(slider/slider2.jpg): No such file or directory', 'APPPATH\\Controllers\\Pengaturan.php', 155, [...])
 2 APPPATH\Controllers\Pengaturan.php(155): unlink('slider/slider2.jpg')
 3 SYSTEMPATH\CodeIgniter.php(904): App\Controllers\Pengaturan->EditSlider('2')
 4 SYSTEMPATH\CodeIgniter.php(457): CodeIgniter\CodeIgniter->runController(Object(App\Controllers\Pengaturan))
 5 SYSTEMPATH\CodeIgniter.php(340): CodeIgniter\CodeIgniter->handleRequest(null, Object(Config\Cache), false)
 6 FCPATH\index.php(67): CodeIgniter\CodeIgniter->run()
 7 SYSTEMPATH\Commands\Server\rewrite.php(43): require_once('FCPATH\\index.php')
CRITICAL - 2023-03-30 09:02:54 --> unlink(slider/1680184582_1ac2865e4481a05ddcbf.jpg): No such file or directory
in APPPATH\Controllers\Pengaturan.php on line 155.
 1 [internal function]: CodeIgniter\Debug\Exceptions->errorHandler(2, 'unlink(slider/1680184582_1ac2865e4481a05ddcbf.jpg): No such file or directory', 'APPPATH\\Controllers\\Pengaturan.php', 155, [...])
 2 APPPATH\Controllers\Pengaturan.php(155): unlink('slider/1680184582_1ac2865e4481a05ddcbf.jpg')
 3 SYSTEMPATH\CodeIgniter.php(904): App\Controllers\Pengaturan->EditSlider('2')
 4 SYSTEMPATH\CodeIgniter.php(457): CodeIgniter\CodeIgniter->runController(Object(App\Controllers\Pengaturan))
 5 SYSTEMPATH\CodeIgniter.php(340): CodeIgniter\CodeIgniter->handleRequest(null, Object(Config\Cache), false)
 6 FCPATH\index.php(67): CodeIgniter\CodeIgniter->run()
 7 SYSTEMPATH\Commands\Server\rewrite.php(43): require_once('FCPATH\\index.php')
CRITICAL - 2023-03-30 10:06:21 --> Undefined variable: web
in APPPATH\Views\v_sejarah.php on line 8.
 1 APPPATH\Views\v_sejarah.php(8): CodeIgniter\Debug\Exceptions->errorHandler(8, 'Undefined variable: web', 'APPPATH\\Views\\v_sejarah.php', 8, [...])
 2 SYSTEMPATH\View\View.php(213): include('APPPATH\\Views\\v_sejarah.php')
 3 SYSTEMPATH\View\View.php(216): CodeIgniter\View\View->CodeIgniter\View\{closure}()
 4 SYSTEMPATH\Common.php(1137): CodeIgniter\View\View->render('v_sejarah', [], true)
 5 APPPATH\Views\v_template.php(119): view('v_sejarah')
 6 SYSTEMPATH\View\View.php(213): include('APPPATH\\Views\\v_template.php')
 7 SYSTEMPATH\View\View.php(216): CodeIgniter\View\View->CodeIgniter\View\{closure}()
 8 SYSTEMPATH\Common.php(1137): CodeIgniter\View\View->render('v_template', [], true)
 9 APPPATH\Controllers\Home.php(31): view('v_template', [...])
10 SYSTEMPATH\CodeIgniter.php(904): App\Controllers\Home->Sejarah()
11 SYSTEMPATH\CodeIgniter.php(457): CodeIgniter\CodeIgniter->runController(Object(App\Controllers\Home))
12 SYSTEMPATH\CodeIgniter.php(340): CodeIgniter\CodeIgniter->handleRequest(null, Object(Config\Cache), false)
13 FCPATH\index.php(67): CodeIgniter\CodeIgniter->run()
14 SYSTEMPATH\Commands\Server\rewrite.php(43): require_once('FCPATH\\index.php')
CRITICAL - 2023-03-30 10:08:45 --> Undefined variable: web
in APPPATH\Views\v_sejarah.php on line 8.
 1 APPPATH\Views\v_sejarah.php(8): CodeIgniter\Debug\Exceptions->errorHandler(8, 'Undefined variable: web', 'APPPATH\\Views\\v_sejarah.php', 8, [...])
 2 SYSTEMPATH\View\View.php(213): include('APPPATH\\Views\\v_sejarah.php')
 3 SYSTEMPATH\View\View.php(216): CodeIgniter\View\View->CodeIgniter\View\{closure}()
 4 SYSTEMPATH\Common.php(1137): CodeIgniter\View\View->render('v_sejarah', [], true)
 5 APPPATH\Views\v_template.php(119): view('v_sejarah')
 6 SYSTEMPATH\View\View.php(213): include('APPPATH\\Views\\v_template.php')
 7 SYSTEMPATH\View\View.php(216): CodeIgniter\View\View->CodeIgniter\View\{closure}()
 8 SYSTEMPATH\Common.php(1137): CodeIgniter\View\View->render('v_template', [], true)
 9 APPPATH\Controllers\Home.php(31): view('v_template', [...])
10 SYSTEMPATH\CodeIgniter.php(904): App\Controllers\Home->Sejarah()
11 SYSTEMPATH\CodeIgniter.php(457): CodeIgniter\CodeIgniter->runController(Object(App\Controllers\Home))
12 SYSTEMPATH\CodeIgniter.php(340): CodeIgniter\CodeIgniter->handleRequest(null, Object(Config\Cache), false)
13 FCPATH\index.php(67): CodeIgniter\CodeIgniter->run()
14 SYSTEMPATH\Commands\Server\rewrite.php(43): require_once('FCPATH\\index.php')
CRITICAL - 2023-03-30 11:41:50 --> Undefined property: App\Controllers\Admin::$ModelAdmin
in APPPATH\Controllers\Admin.php on line 19.
 1 APPPATH\Controllers\Admin.php(19): CodeIgniter\Debug\Exceptions->errorHandler(8, 'Undefined property: App\\Controllers\\Admin::$ModelAdmin', 'APPPATH\\Controllers\\Admin.php', 19, [])
 2 SYSTEMPATH\CodeIgniter.php(904): App\Controllers\Admin->index()
 3 SYSTEMPATH\CodeIgniter.php(457): CodeIgniter\CodeIgniter->runController(Object(App\Controllers\Admin))
 4 SYSTEMPATH\CodeIgniter.php(340): CodeIgniter\CodeIgniter->handleRequest(null, Object(Config\Cache), false)
 5 FCPATH\index.php(67): CodeIgniter\CodeIgniter->run()
 6 SYSTEMPATH\Commands\Server\rewrite.php(43): require_once('FCPATH\\index.php')
CRITICAL - 2023-03-30 11:48:40 --> Undefined variable: web
in APPPATH\Views\v_template_admin.php on line 36.
 1 APPPATH\Views\v_template_admin.php(36): CodeIgniter\Debug\Exceptions->errorHandler(8, 'Undefined variable: web', 'APPPATH\\Views\\v_template_admin.php', 36, [...])
 2 SYSTEMPATH\View\View.php(213): include('APPPATH\\Views\\v_template_admin.php')
 3 SYSTEMPATH\View\View.php(216): CodeIgniter\View\View->CodeIgniter\View\{closure}()
 4 SYSTEMPATH\Common.php(1137): CodeIgniter\View\View->render('v_template_admin', [], true)
 5 APPPATH\Controllers\Admin.php(21): view('v_template_admin', [...])
 6 SYSTEMPATH\CodeIgniter.php(904): App\Controllers\Admin->index()
 7 SYSTEMPATH\CodeIgniter.php(457): CodeIgniter\CodeIgniter->runController(Object(App\Controllers\Admin))
 8 SYSTEMPATH\CodeIgniter.php(340): CodeIgniter\CodeIgniter->handleRequest(null, Object(Config\Cache), false)
 9 FCPATH\index.php(67): CodeIgniter\CodeIgniter->run()
10 SYSTEMPATH\Commands\Server\rewrite.php(43): require_once('FCPATH\\index.php')
CRITICAL - 2023-03-30 11:50:59 --> Undefined variable: web
in APPPATH\Views\v_template_admin.php on line 36.
 1 APPPATH\Views\v_template_admin.php(36): CodeIgniter\Debug\Exceptions->errorHandler(8, 'Undefined variable: web', 'APPPATH\\Views\\v_template_admin.php', 36, [...])
 2 SYSTEMPATH\View\View.php(213): include('APPPATH\\Views\\v_template_admin.php')
 3 SYSTEMPATH\View\View.php(216): CodeIgniter\View\View->CodeIgniter\View\{closure}()
 4 SYSTEMPATH\Common.php(1137): CodeIgniter\View\View->render('v_template_admin', [], true)
 5 APPPATH\Controllers\Admin.php(21): view('v_template_admin', [...])
 6 SYSTEMPATH\CodeIgniter.php(904): App\Controllers\Admin->index()
 7 SYSTEMPATH\CodeIgniter.php(457): CodeIgniter\CodeIgniter->runController(Object(App\Controllers\Admin))
 8 SYSTEMPATH\CodeIgniter.php(340): CodeIgniter\CodeIgniter->handleRequest(null, Object(Config\Cache), false)
 9 FCPATH\index.php(67): CodeIgniter\CodeIgniter->run()
10 SYSTEMPATH\Commands\Server\rewrite.php(43): require_once('FCPATH\\index.php')
CRITICAL - 2023-03-30 11:52:13 --> Undefined variable: web
in APPPATH\Views\v_template_admin.php on line 36.
 1 APPPATH\Views\v_template_admin.php(36): CodeIgniter\Debug\Exceptions->errorHandler(8, 'Undefined variable: web', 'APPPATH\\Views\\v_template_admin.php', 36, [...])
 2 SYSTEMPATH\View\View.php(213): include('APPPATH\\Views\\v_template_admin.php')
 3 SYSTEMPATH\View\View.php(216): CodeIgniter\View\View->CodeIgniter\View\{closure}()
 4 SYSTEMPATH\Common.php(1137): CodeIgniter\View\View->render('v_template_admin', [], true)
 5 APPPATH\Controllers\Anggota.php(27): view('v_template_admin', [...])
 6 SYSTEMPATH\CodeIgniter.php(904): App\Controllers\Anggota->index()
 7 SYSTEMPATH\CodeIgniter.php(457): CodeIgniter\CodeIgniter->runController(Object(App\Controllers\Anggota))
 8 SYSTEMPATH\CodeIgniter.php(340): CodeIgniter\CodeIgniter->handleRequest(null, Object(Config\Cache), false)
 9 FCPATH\index.php(67): CodeIgniter\CodeIgniter->run()
10 SYSTEMPATH\Commands\Server\rewrite.php(43): require_once('FCPATH\\index.php')
CRITICAL - 2023-03-30 11:52:57 --> Undefined variable: web
in APPPATH\Views\v_template_admin.php on line 36.
 1 APPPATH\Views\v_template_admin.php(36): CodeIgniter\Debug\Exceptions->errorHandler(8, 'Undefined variable: web', 'APPPATH\\Views\\v_template_admin.php', 36, [...])
 2 SYSTEMPATH\View\View.php(213): include('APPPATH\\Views\\v_template_admin.php')
 3 SYSTEMPATH\View\View.php(216): CodeIgniter\View\View->CodeIgniter\View\{closure}()
 4 SYSTEMPATH\Common.php(1137): CodeIgniter\View\View->render('v_template_admin', [], true)
 5 APPPATH\Controllers\Anggota.php(27): view('v_template_admin', [...])
 6 SYSTEMPATH\CodeIgniter.php(904): App\Controllers\Anggota->index()
 7 SYSTEMPATH\CodeIgniter.php(457): CodeIgniter\CodeIgniter->runController(Object(App\Controllers\Anggota))
 8 SYSTEMPATH\CodeIgniter.php(340): CodeIgniter\CodeIgniter->handleRequest(null, Object(Config\Cache), false)
 9 FCPATH\index.php(67): CodeIgniter\CodeIgniter->run()
10 SYSTEMPATH\Commands\Server\rewrite.php(43): require_once('FCPATH\\index.php')
CRITICAL - 2023-03-30 11:54:21 --> Undefined variable: web
in APPPATH\Views\v_template_admin.php on line 36.
 1 APPPATH\Views\v_template_admin.php(36): CodeIgniter\Debug\Exceptions->errorHandler(8, 'Undefined variable: web', 'APPPATH\\Views\\v_template_admin.php', 36, [...])
 2 SYSTEMPATH\View\View.php(213): include('APPPATH\\Views\\v_template_admin.php')
 3 SYSTEMPATH\View\View.php(216): CodeIgniter\View\View->CodeIgniter\View\{closure}()
 4 SYSTEMPATH\Common.php(1137): CodeIgniter\View\View->render('v_template_admin', [], true)
 5 APPPATH\Controllers\Anggota.php(27): view('v_template_admin', [...])
 6 SYSTEMPATH\CodeIgniter.php(904): App\Controllers\Anggota->index()
 7 SYSTEMPATH\CodeIgniter.php(457): CodeIgniter\CodeIgniter->runController(Object(App\Controllers\Anggota))
 8 SYSTEMPATH\CodeIgniter.php(340): CodeIgniter\CodeIgniter->handleRequest(null, Object(Config\Cache), false)
 9 FCPATH\index.php(67): CodeIgniter\CodeIgniter->run()
10 SYSTEMPATH\Commands\Server\rewrite.php(43): require_once('FCPATH\\index.php')
CRITICAL - 2023-03-30 11:59:33 --> Undefined variable: web
in APPPATH\Views\v_template_admin.php on line 56.
 1 APPPATH\Views\v_template_admin.php(56): CodeIgniter\Debug\Exceptions->errorHandler(8, 'Undefined variable: web', 'APPPATH\\Views\\v_template_admin.php', 56, [...])
 2 SYSTEMPATH\View\View.php(213): include('APPPATH\\Views\\v_template_admin.php')
 3 SYSTEMPATH\View\View.php(216): CodeIgniter\View\View->CodeIgniter\View\{closure}()
 4 SYSTEMPATH\Common.php(1137): CodeIgniter\View\View->render('v_template_admin', [], true)
 5 APPPATH\Controllers\Anggota.php(27): view('v_template_admin', [...])
 6 SYSTEMPATH\CodeIgniter.php(904): App\Controllers\Anggota->index()
 7 SYSTEMPATH\CodeIgniter.php(457): CodeIgniter\CodeIgniter->runController(Object(App\Controllers\Anggota))
 8 SYSTEMPATH\CodeIgniter.php(340): CodeIgniter\CodeIgniter->handleRequest(null, Object(Config\Cache), false)
 9 FCPATH\index.php(67): CodeIgniter\CodeIgniter->run()
10 SYSTEMPATH\Commands\Server\rewrite.php(43): require_once('FCPATH\\index.php')
CRITICAL - 2023-03-30 11:59:39 --> Undefined variable: web
in APPPATH\Views\v_template_admin.php on line 56.
 1 APPPATH\Views\v_template_admin.php(56): CodeIgniter\Debug\Exceptions->errorHandler(8, 'Undefined variable: web', 'APPPATH\\Views\\v_template_admin.php', 56, [...])
 2 SYSTEMPATH\View\View.php(213): include('APPPATH\\Views\\v_template_admin.php')
 3 SYSTEMPATH\View\View.php(216): CodeIgniter\View\View->CodeIgniter\View\{closure}()
 4 SYSTEMPATH\Common.php(1137): CodeIgniter\View\View->render('v_template_admin', [], true)
 5 APPPATH\Controllers\Admin.php(21): view('v_template_admin', [...])
 6 SYSTEMPATH\CodeIgniter.php(904): App\Controllers\Admin->index()
 7 SYSTEMPATH\CodeIgniter.php(457): CodeIgniter\CodeIgniter->runController(Object(App\Controllers\Admin))
 8 SYSTEMPATH\CodeIgniter.php(340): CodeIgniter\CodeIgniter->handleRequest(null, Object(Config\Cache), false)
 9 FCPATH\index.php(67): CodeIgniter\CodeIgniter->run()
10 SYSTEMPATH\Commands\Server\rewrite.php(43): require_once('FCPATH\\index.php')
CRITICAL - 2023-03-30 11:59:42 --> Undefined variable: web
in APPPATH\Views\v_template_admin.php on line 56.
 1 APPPATH\Views\v_template_admin.php(56): CodeIgniter\Debug\Exceptions->errorHandler(8, 'Undefined variable: web', 'APPPATH\\Views\\v_template_admin.php', 56, [...])
 2 SYSTEMPATH\View\View.php(213): include('APPPATH\\Views\\v_template_admin.php')
 3 SYSTEMPATH\View\View.php(216): CodeIgniter\View\View->CodeIgniter\View\{closure}()
 4 SYSTEMPATH\Common.php(1137): CodeIgniter\View\View->render('v_template_admin', [], true)
 5 APPPATH\Controllers\Anggota.php(27): view('v_template_admin', [...])
 6 SYSTEMPATH\CodeIgniter.php(904): App\Controllers\Anggota->index()
 7 SYSTEMPATH\CodeIgniter.php(457): CodeIgniter\CodeIgniter->runController(Object(App\Controllers\Anggota))
 8 SYSTEMPATH\CodeIgniter.php(340): CodeIgniter\CodeIgniter->handleRequest(null, Object(Config\Cache), false)
 9 FCPATH\index.php(67): CodeIgniter\CodeIgniter->run()
10 SYSTEMPATH\Commands\Server\rewrite.php(43): require_once('FCPATH\\index.php')
ERROR - 2023-03-30 12:48:24 --> mysqli_sql_exception: Table 'web' already exists in C:\projectci4\system\Database\MySQLi\Connection.php:292
Stack trace:
#0 C:\projectci4\system\Database\MySQLi\Connection.php(292): mysqli->query('CREATE TABLE `w...', 0)
#1 C:\projectci4\system\Database\BaseConnection.php(693): CodeIgniter\Database\MySQLi\Connection->execute('CREATE TABLE `w...')
#2 C:\projectci4\system\Database\BaseConnection.php(620): CodeIgniter\Database\BaseConnection->simpleQuery('CREATE TABLE `w...')
#3 C:\projectci4\system\Database\Forge.php(509): CodeIgniter\Database\BaseConnection->query('CREATE TABLE `w...')
#4 C:\projectci4\app\Database\Migrations\2023-03-30-174141_Buku.php(75): CodeIgniter\Database\Forge->createTable('web')
#5 C:\projectci4\system\Database\MigrationRunner.php(868): App\Database\Migrations\Buku->up()
#6 C:\projectci4\system\Database\MigrationRunner.php(187): CodeIgniter\Database\MigrationRunner->migrate('up', Object(stdClass))
#7 C:\projectci4\system\Commands\Database\Migrate.php(84): CodeIgniter\Database\MigrationRunner->latest(NULL)
#8 C:\projectci4\system\CLI\Commands.php(63): CodeIgniter\Commands\Database\Migrate->run(Array)
#9 C:\projectci4\system\CLI\CommandRunner.php(65): CodeIgniter\CLI\Commands->run('migrate', Array)
#10 C:\projectci4\system\CLI\CommandRunner.php(51): CodeIgniter\CLI\CommandRunner->index(Array)
#11 C:\projectci4\system\CodeIgniter.php(897): CodeIgniter\CLI\CommandRunner->_remap('index', Array)
#12 C:\projectci4\system\CodeIgniter.php(457): CodeIgniter\CodeIgniter->runController(Object(CodeIgniter\CLI\CommandRunner))
#13 C:\projectci4\system\CodeIgniter.php(336): CodeIgniter\CodeIgniter->handleRequest(NULL, Object(Config\Cache), false)
#14 C:\projectci4\system\CLI\Console.php(48): CodeIgniter\CodeIgniter->run()
#15 C:\projectci4\spark(98): CodeIgniter\CLI\Console->run()
#16 {main}
ERROR - 2023-03-30 12:49:14 --> mysqli_sql_exception: Table 'web' already exists in C:\projectci4\system\Database\MySQLi\Connection.php:292
Stack trace:
#0 C:\projectci4\system\Database\MySQLi\Connection.php(292): mysqli->query('CREATE TABLE `w...', 0)
#1 C:\projectci4\system\Database\BaseConnection.php(693): CodeIgniter\Database\MySQLi\Connection->execute('CREATE TABLE `w...')
#2 C:\projectci4\system\Database\BaseConnection.php(620): CodeIgniter\Database\BaseConnection->simpleQuery('CREATE TABLE `w...')
#3 C:\projectci4\system\Database\Forge.php(509): CodeIgniter\Database\BaseConnection->query('CREATE TABLE `w...')
#4 C:\projectci4\app\Database\Migrations\2023-03-30-174141_Buku.php(75): CodeIgniter\Database\Forge->createTable('web')
#5 C:\projectci4\system\Database\MigrationRunner.php(868): App\Database\Migrations\Buku->up()
#6 C:\projectci4\system\Database\MigrationRunner.php(187): CodeIgniter\Database\MigrationRunner->migrate('up', Object(stdClass))
#7 C:\projectci4\system\Commands\Database\Migrate.php(84): CodeIgniter\Database\MigrationRunner->latest(NULL)
#8 C:\projectci4\system\CLI\Commands.php(63): CodeIgniter\Commands\Database\Migrate->run(Array)
#9 C:\projectci4\system\CLI\CommandRunner.php(65): CodeIgniter\CLI\Commands->run('migrate', Array)
#10 C:\projectci4\system\CLI\CommandRunner.php(51): CodeIgniter\CLI\CommandRunner->index(Array)
#11 C:\projectci4\system\CodeIgniter.php(897): CodeIgniter\CLI\CommandRunner->_remap('index', Array)
#12 C:\projectci4\system\CodeIgniter.php(457): CodeIgniter\CodeIgniter->runController(Object(CodeIgniter\CLI\CommandRunner))
#13 C:\projectci4\system\CodeIgniter.php(336): CodeIgniter\CodeIgniter->handleRequest(NULL, Object(Config\Cache), false)
#14 C:\projectci4\system\CLI\Console.php(48): CodeIgniter\CodeIgniter->run()
#15 C:\projectci4\spark(98): CodeIgniter\CLI\Console->run()
#16 {main}
ERROR - 2023-03-30 12:50:30 --> mysqli_sql_exception: Table 'web' already exists in C:\projectci4\system\Database\MySQLi\Connection.php:292
Stack trace:
#0 C:\projectci4\system\Database\MySQLi\Connection.php(292): mysqli->query('CREATE TABLE `w...', 0)
#1 C:\projectci4\system\Database\BaseConnection.php(693): CodeIgniter\Database\MySQLi\Connection->execute('CREATE TABLE `w...')
#2 C:\projectci4\system\Database\BaseConnection.php(620): CodeIgniter\Database\BaseConnection->simpleQuery('CREATE TABLE `w...')
#3 C:\projectci4\system\Database\Forge.php(509): CodeIgniter\Database\BaseConnection->query('CREATE TABLE `w...')
#4 C:\projectci4\app\Database\Migrations\2023-03-30-174141_Buku.php(75): CodeIgniter\Database\Forge->createTable('web')
#5 C:\projectci4\system\Database\MigrationRunner.php(868): App\Database\Migrations\Buku->up()
#6 C:\projectci4\system\Database\MigrationRunner.php(187): CodeIgniter\Database\MigrationRunner->migrate('up', Object(stdClass))
#7 C:\projectci4\system\Commands\Database\Migrate.php(84): CodeIgniter\Database\MigrationRunner->latest(NULL)
#8 C:\projectci4\system\CLI\Commands.php(63): CodeIgniter\Commands\Database\Migrate->run(Array)
#9 C:\projectci4\system\CLI\BaseCommand.php(112): CodeIgniter\CLI\Commands->run('migrate', Array)
#10 C:\projectci4\system\Commands\Database\MigrateRefresh.php(85): CodeIgniter\CLI\BaseCommand->call('migrate', Array)
#11 C:\projectci4\system\CLI\Commands.php(63): CodeIgniter\Commands\Database\MigrateRefresh->run(Array)
#12 C:\projectci4\system\CLI\CommandRunner.php(65): CodeIgniter\CLI\Commands->run('migrate:refresh', Array)
#13 C:\projectci4\system\CLI\CommandRunner.php(51): CodeIgniter\CLI\CommandRunner->index(Array)
#14 C:\projectci4\system\CodeIgniter.php(897): CodeIgniter\CLI\CommandRunner->_remap('index', Array)
#15 C:\projectci4\system\CodeIgniter.php(457): CodeIgniter\CodeIgniter->runController(Object(CodeIgniter\CLI\CommandRunner))
#16 C:\projectci4\system\CodeIgniter.php(336): CodeIgniter\CodeIgniter->handleRequest(NULL, Object(Config\Cache), false)
#17 C:\projectci4\system\CLI\Console.php(48): CodeIgniter\CodeIgniter->run()
#18 C:\projectci4\spark(98): CodeIgniter\CLI\Console->run()
#19 {main}
ERROR - 2023-03-30 12:51:02 --> mysqli_sql_exception: Table 'web' already exists in C:\projectci4\system\Database\MySQLi\Connection.php:292
Stack trace:
#0 C:\projectci4\system\Database\MySQLi\Connection.php(292): mysqli->query('CREATE TABLE `w...', 0)
#1 C:\projectci4\system\Database\BaseConnection.php(693): CodeIgniter\Database\MySQLi\Connection->execute('CREATE TABLE `w...')
#2 C:\projectci4\system\Database\BaseConnection.php(620): CodeIgniter\Database\BaseConnection->simpleQuery('CREATE TABLE `w...')
#3 C:\projectci4\system\Database\Forge.php(509): CodeIgniter\Database\BaseConnection->query('CREATE TABLE `w...')
#4 C:\projectci4\app\Database\Migrations\2023-03-30-174141_Buku.php(75): CodeIgniter\Database\Forge->createTable('web')
#5 C:\projectci4\system\Database\MigrationRunner.php(868): App\Database\Migrations\Buku->up()
#6 C:\projectci4\system\Database\MigrationRunner.php(187): CodeIgniter\Database\MigrationRunner->migrate('up', Object(stdClass))
#7 C:\projectci4\system\Commands\Database\Migrate.php(84): CodeIgniter\Database\MigrationRunner->latest(NULL)
#8 C:\projectci4\system\CLI\Commands.php(63): CodeIgniter\Commands\Database\Migrate->run(Array)
#9 C:\projectci4\system\CLI\CommandRunner.php(65): CodeIgniter\CLI\Commands->run('migrate', Array)
#10 C:\projectci4\system\CLI\CommandRunner.php(51): CodeIgniter\CLI\CommandRunner->index(Array)
#11 C:\projectci4\system\CodeIgniter.php(897): CodeIgniter\CLI\CommandRunner->_remap('index', Array)
#12 C:\projectci4\system\CodeIgniter.php(457): CodeIgniter\CodeIgniter->runController(Object(CodeIgniter\CLI\CommandRunner))
#13 C:\projectci4\system\CodeIgniter.php(336): CodeIgniter\CodeIgniter->handleRequest(NULL, Object(Config\Cache), false)
#14 C:\projectci4\system\CLI\Console.php(48): CodeIgniter\CodeIgniter->run()
#15 C:\projectci4\spark(98): CodeIgniter\CLI\Console->run()
#16 {main}
ERROR - 2023-03-30 12:51:38 --> mysqli_sql_exception: Table 'web' already exists in C:\projectci4\system\Database\MySQLi\Connection.php:292
Stack trace:
#0 C:\projectci4\system\Database\MySQLi\Connection.php(292): mysqli->query('CREATE TABLE `w...', 0)
#1 C:\projectci4\system\Database\BaseConnection.php(693): CodeIgniter\Database\MySQLi\Connection->execute('CREATE TABLE `w...')
#2 C:\projectci4\system\Database\BaseConnection.php(620): CodeIgniter\Database\BaseConnection->simpleQuery('CREATE TABLE `w...')
#3 C:\projectci4\system\Database\Forge.php(509): CodeIgniter\Database\BaseConnection->query('CREATE TABLE `w...')
#4 C:\projectci4\app\Database\Migrations\2023-03-30-174141_Buku.php(75): CodeIgniter\Database\Forge->createTable('web')
#5 C:\projectci4\system\Database\MigrationRunner.php(868): App\Database\Migrations\Buku->up()
#6 C:\projectci4\system\Database\MigrationRunner.php(187): CodeIgniter\Database\MigrationRunner->migrate('up', Object(stdClass))
#7 C:\projectci4\system\Commands\Database\Migrate.php(84): CodeIgniter\Database\MigrationRunner->latest(NULL)
#8 C:\projectci4\system\CLI\Commands.php(63): CodeIgniter\Commands\Database\Migrate->run(Array)
#9 C:\projectci4\system\CLI\CommandRunner.php(65): CodeIgniter\CLI\Commands->run('migrate', Array)
#10 C:\projectci4\system\CLI\CommandRunner.php(51): CodeIgniter\CLI\CommandRunner->index(Array)
#11 C:\projectci4\system\CodeIgniter.php(897): CodeIgniter\CLI\CommandRunner->_remap('index', Array)
#12 C:\projectci4\system\CodeIgniter.php(457): CodeIgniter\CodeIgniter->runController(Object(CodeIgniter\CLI\CommandRunner))
#13 C:\projectci4\system\CodeIgniter.php(336): CodeIgniter\CodeIgniter->handleRequest(NULL, Object(Config\Cache), false)
#14 C:\projectci4\system\CLI\Console.php(48): CodeIgniter\CodeIgniter->run()
#15 C:\projectci4\spark(98): CodeIgniter\CLI\Console->run()
#16 {main}
CRITICAL - 2023-03-30 13:22:06 --> Trying to access array offset on value of type null
in APPPATH\Views\v_template_admin.php on line 47.
 1 APPPATH\Views\v_template_admin.php(47): CodeIgniter\Debug\Exceptions->errorHandler(8, 'Trying to access array offset on value of type null', 'APPPATH\\Views\\v_template_admin.php', 47, [...])
 2 SYSTEMPATH\View\View.php(213): include('APPPATH\\Views\\v_template_admin.php')
 3 SYSTEMPATH\View\View.php(216): CodeIgniter\View\View->CodeIgniter\View\{closure}()
 4 SYSTEMPATH\Common.php(1137): CodeIgniter\View\View->render('v_template_admin', [], true)
 5 APPPATH\Controllers\Admin.php(21): view('v_template_admin', [...])
 6 SYSTEMPATH\CodeIgniter.php(904): App\Controllers\Admin->index()
 7 SYSTEMPATH\CodeIgniter.php(457): CodeIgniter\CodeIgniter->runController(Object(App\Controllers\Admin))
 8 SYSTEMPATH\CodeIgniter.php(340): CodeIgniter\CodeIgniter->handleRequest(null, Object(Config\Cache), false)
 9 FCPATH\index.php(67): CodeIgniter\CodeIgniter->run()
10 SYSTEMPATH\Commands\Server\rewrite.php(43): require_once('FCPATH\\index.php')
CRITICAL - 2023-03-30 13:24:59 --> Trying to access array offset on value of type null
in APPPATH\Views\v_template_admin.php on line 52.
 1 APPPATH\Views\v_template_admin.php(52): CodeIgniter\Debug\Exceptions->errorHandler(8, 'Trying to access array offset on value of type null', 'APPPATH\\Views\\v_template_admin.php', 52, [...])
 2 SYSTEMPATH\View\View.php(213): include('APPPATH\\Views\\v_template_admin.php')
 3 SYSTEMPATH\View\View.php(216): CodeIgniter\View\View->CodeIgniter\View\{closure}()
 4 SYSTEMPATH\Common.php(1137): CodeIgniter\View\View->render('v_template_admin', [], true)
 5 APPPATH\Controllers\Admin.php(21): view('v_template_admin', [...])
 6 SYSTEMPATH\CodeIgniter.php(904): App\Controllers\Admin->index()
 7 SYSTEMPATH\CodeIgniter.php(457): CodeIgniter\CodeIgniter->runController(Object(App\Controllers\Admin))
 8 SYSTEMPATH\CodeIgniter.php(340): CodeIgniter\CodeIgniter->handleRequest(null, Object(Config\Cache), false)
 9 FCPATH\index.php(67): CodeIgniter\CodeIgniter->run()
10 SYSTEMPATH\Commands\Server\rewrite.php(43): require_once('FCPATH\\index.php')
CRITICAL - 2023-03-30 13:25:16 --> Undefined variable: Web
in APPPATH\Views\v_template_admin.php on line 47.
 1 APPPATH\Views\v_template_admin.php(47): CodeIgniter\Debug\Exceptions->errorHandler(8, 'Undefined variable: Web', 'APPPATH\\Views\\v_template_admin.php', 47, [...])
 2 SYSTEMPATH\View\View.php(213): include('APPPATH\\Views\\v_template_admin.php')
 3 SYSTEMPATH\View\View.php(216): CodeIgniter\View\View->CodeIgniter\View\{closure}()
 4 SYSTEMPATH\Common.php(1137): CodeIgniter\View\View->render('v_template_admin', [], true)
 5 APPPATH\Controllers\Admin.php(21): view('v_template_admin', [...])
 6 SYSTEMPATH\CodeIgniter.php(904): App\Controllers\Admin->index()
 7 SYSTEMPATH\CodeIgniter.php(457): CodeIgniter\CodeIgniter->runController(Object(App\Controllers\Admin))
 8 SYSTEMPATH\CodeIgniter.php(340): CodeIgniter\CodeIgniter->handleRequest(null, Object(Config\Cache), false)
 9 FCPATH\index.php(67): CodeIgniter\CodeIgniter->run()
10 SYSTEMPATH\Commands\Server\rewrite.php(43): require_once('FCPATH\\index.php')
CRITICAL - 2023-03-30 13:25:34 --> Trying to access array offset on value of type null
in APPPATH\Views\v_template_admin.php on line 47.
 1 APPPATH\Views\v_template_admin.php(47): CodeIgniter\Debug\Exceptions->errorHandler(8, 'Trying to access array offset on value of type null', 'APPPATH\\Views\\v_template_admin.php', 47, [...])
 2 SYSTEMPATH\View\View.php(213): include('APPPATH\\Views\\v_template_admin.php')
 3 SYSTEMPATH\View\View.php(216): CodeIgniter\View\View->CodeIgniter\View\{closure}()
 4 SYSTEMPATH\Common.php(1137): CodeIgniter\View\View->render('v_template_admin', [], true)
 5 APPPATH\Controllers\Admin.php(21): view('v_template_admin', [...])
 6 SYSTEMPATH\CodeIgniter.php(904): App\Controllers\Admin->index()
 7 SYSTEMPATH\CodeIgniter.php(457): CodeIgniter\CodeIgniter->runController(Object(App\Controllers\Admin))
 8 SYSTEMPATH\CodeIgniter.php(340): CodeIgniter\CodeIgniter->handleRequest(null, Object(Config\Cache), false)
 9 FCPATH\index.php(67): CodeIgniter\CodeIgniter->run()
10 SYSTEMPATH\Commands\Server\rewrite.php(43): require_once('FCPATH\\index.php')
CRITICAL - 2023-03-30 13:26:19 --> Trying to access array offset on value of type null
in APPPATH\Views\v_template.php on line 35.
 1 APPPATH\Views\v_template.php(35): CodeIgniter\Debug\Exceptions->errorHandler(8, 'Trying to access array offset on value of type null', 'APPPATH\\Views\\v_template.php', 35, [...])
 2 SYSTEMPATH\View\View.php(213): include('APPPATH\\Views\\v_template.php')
 3 SYSTEMPATH\View\View.php(216): CodeIgniter\View\View->CodeIgniter\View\{closure}()
 4 SYSTEMPATH\Common.php(1137): CodeIgniter\View\View->render('v_template', [], true)
 5 APPPATH\Controllers\Home.php(21): view('v_template', [...])
 6 SYSTEMPATH\CodeIgniter.php(904): App\Controllers\Home->index()
 7 SYSTEMPATH\CodeIgniter.php(457): CodeIgniter\CodeIgniter->runController(Object(App\Controllers\Home))
 8 SYSTEMPATH\CodeIgniter.php(340): CodeIgniter\CodeIgniter->handleRequest(null, Object(Config\Cache), false)
 9 FCPATH\index.php(67): CodeIgniter\CodeIgniter->run()
10 SYSTEMPATH\Commands\Server\rewrite.php(43): require_once('FCPATH\\index.php')
CRITICAL - 2023-03-30 13:26:44 --> Trying to access array offset on value of type null
in APPPATH\Views\v_template.php on line 35.
 1 APPPATH\Views\v_template.php(35): CodeIgniter\Debug\Exceptions->errorHandler(8, 'Trying to access array offset on value of type null', 'APPPATH\\Views\\v_template.php', 35, [...])
 2 SYSTEMPATH\View\View.php(213): include('APPPATH\\Views\\v_template.php')
 3 SYSTEMPATH\View\View.php(216): CodeIgniter\View\View->CodeIgniter\View\{closure}()
 4 SYSTEMPATH\Common.php(1137): CodeIgniter\View\View->render('v_template', [], true)
 5 APPPATH\Controllers\Home.php(21): view('v_template', [...])
 6 SYSTEMPATH\CodeIgniter.php(904): App\Controllers\Home->index()
 7 SYSTEMPATH\CodeIgniter.php(457): CodeIgniter\CodeIgniter->runController(Object(App\Controllers\Home))
 8 SYSTEMPATH\CodeIgniter.php(340): CodeIgniter\CodeIgniter->handleRequest(null, Object(Config\Cache), false)
 9 FCPATH\index.php(67): CodeIgniter\CodeIgniter->run()
10 SYSTEMPATH\Commands\Server\rewrite.php(43): require_once('FCPATH\\index.php')
CRITICAL - 2023-03-30 13:27:02 --> Trying to access array offset on value of type null
in APPPATH\Views\v_template.php on line 35.
 1 APPPATH\Views\v_template.php(35): CodeIgniter\Debug\Exceptions->errorHandler(8, 'Trying to access array offset on value of type null', 'APPPATH\\Views\\v_template.php', 35, [...])
 2 SYSTEMPATH\View\View.php(213): include('APPPATH\\Views\\v_template.php')
 3 SYSTEMPATH\View\View.php(216): CodeIgniter\View\View->CodeIgniter\View\{closure}()
 4 SYSTEMPATH\Common.php(1137): CodeIgniter\View\View->render('v_template', [], true)
 5 APPPATH\Controllers\Home.php(21): view('v_template', [...])
 6 SYSTEMPATH\CodeIgniter.php(904): App\Controllers\Home->index()
 7 SYSTEMPATH\CodeIgniter.php(457): CodeIgniter\CodeIgniter->runController(Object(App\Controllers\Home))
 8 SYSTEMPATH\CodeIgniter.php(340): CodeIgniter\CodeIgniter->handleRequest(null, Object(Config\Cache), false)
 9 FCPATH\index.php(67): CodeIgniter\CodeIgniter->run()
10 SYSTEMPATH\Commands\Server\rewrite.php(43): require_once('FCPATH\\index.php')
CRITICAL - 2023-03-30 13:34:12 --> Trying to access array offset on value of type null
in APPPATH\Views\v_template.php on line 35.
 1 APPPATH\Views\v_template.php(35): CodeIgniter\Debug\Exceptions->errorHandler(8, 'Trying to access array offset on value of type null', 'APPPATH\\Views\\v_template.php', 35, [...])
 2 SYSTEMPATH\View\View.php(213): include('APPPATH\\Views\\v_template.php')
 3 SYSTEMPATH\View\View.php(216): CodeIgniter\View\View->CodeIgniter\View\{closure}()
 4 SYSTEMPATH\Common.php(1137): CodeIgniter\View\View->render('v_template', [], true)
 5 APPPATH\Controllers\Home.php(21): view('v_template', [...])
 6 SYSTEMPATH\CodeIgniter.php(904): App\Controllers\Home->index()
 7 SYSTEMPATH\CodeIgniter.php(457): CodeIgniter\CodeIgniter->runController(Object(App\Controllers\Home))
 8 SYSTEMPATH\CodeIgniter.php(340): CodeIgniter\CodeIgniter->handleRequest(null, Object(Config\Cache), false)
 9 FCPATH\index.php(67): CodeIgniter\CodeIgniter->run()
10 SYSTEMPATH\Commands\Server\rewrite.php(43): require_once('FCPATH\\index.php')
CRITICAL - 2023-03-30 13:57:40 --> unlink(slider/slider2.jpg): No such file or directory
in APPPATH\Controllers\Pengaturan.php on line 185.
 1 [internal function]: CodeIgniter\Debug\Exceptions->errorHandler(2, 'unlink(slider/slider2.jpg): No such file or directory', 'APPPATH\\Controllers\\Pengaturan.php', 185, [...])
 2 APPPATH\Controllers\Pengaturan.php(185): unlink('slider/slider2.jpg')
 3 SYSTEMPATH\CodeIgniter.php(904): App\Controllers\Pengaturan->EditSlider('2')
 4 SYSTEMPATH\CodeIgniter.php(457): CodeIgniter\CodeIgniter->runController(Object(App\Controllers\Pengaturan))
 5 SYSTEMPATH\CodeIgniter.php(340): CodeIgniter\CodeIgniter->handleRequest(null, Object(Config\Cache), false)
 6 FCPATH\index.php(67): CodeIgniter\CodeIgniter->run()
 7 SYSTEMPATH\Commands\Server\rewrite.php(43): require_once('FCPATH\\index.php')
