CRITICAL - 2023-03-27 19:31:06 --> Invalid file: anggota/v_index.php
in SYSTEMPATH\Exceptions\FrameworkException.php on line 33.
 1 SYSTEMPATH\View\View.php(201): CodeIgniter\Exceptions\FrameworkException::forInvalidFile('anggota/v_index.php')
 2 SYSTEMPATH\Common.php(1137): CodeIgniter\View\View->render('anggota/v_index', [], true)
 3 APPPATH\Views\v_template_admin.php(249): view('anggota/v_index')
 4 SYSTEMPATH\View\View.php(213): include('APPPATH\\Views\\v_template_admin.php')
 5 SYSTEMPATH\View\View.php(216): CodeIgniter\View\View->CodeIgniter\View\{closure}()
 6 SYSTEMPATH\Common.php(1137): CodeIgniter\View\View->render('v_template_admin', [], true)
 7 APPPATH\Controllers\Anggota.php(25): view('v_template_admin', [...])
 8 SYSTEMPATH\CodeIgniter.php(904): App\Controllers\Anggota->index()
 9 SYSTEMPATH\CodeIgniter.php(457): CodeIgniter\CodeIgniter->runController(Object(App\Controllers\Anggota))
10 SYSTEMPATH\CodeIgniter.php(340): CodeIgniter\CodeIgniter->handleRequest(null, Object(Config\Cache), false)
11 FCPATH\index.php(67): CodeIgniter\CodeIgniter->run()
12 SYSTEMPATH\Commands\Server\rewrite.php(43): require_once('FCPATH\\index.php')
CRITICAL - 2023-03-27 19:43:09 --> Undefined index: email
in APPPATH\Views\anggota\v_index.php on line 47.
 1 APPPATH\Views\anggota\v_index.php(47): CodeIgniter\Debug\Exceptions->errorHandler(8, 'Undefined index: email', 'APPPATH\\Views\\anggota\\v_index.php', 47, [...])
 2 SYSTEMPATH\View\View.php(213): include('APPPATH\\Views\\anggota\\v_index.php')
 3 SYSTEMPATH\View\View.php(216): CodeIgniter\View\View->CodeIgniter\View\{closure}()
 4 SYSTEMPATH\Common.php(1137): CodeIgniter\View\View->render('anggota/v_index', [], true)
 5 APPPATH\Views\v_template_admin.php(249): view('anggota/v_index')
 6 SYSTEMPATH\View\View.php(213): include('APPPATH\\Views\\v_template_admin.php')
 7 SYSTEMPATH\View\View.php(216): CodeIgniter\View\View->CodeIgniter\View\{closure}()
 8 SYSTEMPATH\Common.php(1137): CodeIgniter\View\View->render('v_template_admin', [], true)
 9 APPPATH\Controllers\Anggota.php(25): view('v_template_admin', [...])
10 SYSTEMPATH\CodeIgniter.php(904): App\Controllers\Anggota->index()
11 SYSTEMPATH\CodeIgniter.php(457): CodeIgniter\CodeIgniter->runController(Object(App\Controllers\Anggota))
12 SYSTEMPATH\CodeIgniter.php(340): CodeIgniter\CodeIgniter->handleRequest(null, Object(Config\Cache), false)
13 FCPATH\index.php(67): CodeIgniter\CodeIgniter->run()
14 SYSTEMPATH\Commands\Server\rewrite.php(43): require_once('FCPATH\\index.php')
CRITICAL - 2023-03-27 19:43:31 --> Undefined index: kelas
in APPPATH\Views\anggota\v_index.php on line 48.
 1 APPPATH\Views\anggota\v_index.php(48): CodeIgniter\Debug\Exceptions->errorHandler(8, 'Undefined index: kelas', 'APPPATH\\Views\\anggota\\v_index.php', 48, [...])
 2 SYSTEMPATH\View\View.php(213): include('APPPATH\\Views\\anggota\\v_index.php')
 3 SYSTEMPATH\View\View.php(216): CodeIgniter\View\View->CodeIgniter\View\{closure}()
 4 SYSTEMPATH\Common.php(1137): CodeIgniter\View\View->render('anggota/v_index', [], true)
 5 APPPATH\Views\v_template_admin.php(249): view('anggota/v_index')
 6 SYSTEMPATH\View\View.php(213): include('APPPATH\\Views\\v_template_admin.php')
 7 SYSTEMPATH\View\View.php(216): CodeIgniter\View\View->CodeIgniter\View\{closure}()
 8 SYSTEMPATH\Common.php(1137): CodeIgniter\View\View->render('v_template_admin', [], true)
 9 APPPATH\Controllers\Anggota.php(25): view('v_template_admin', [...])
10 SYSTEMPATH\CodeIgniter.php(904): App\Controllers\Anggota->index()
11 SYSTEMPATH\CodeIgniter.php(457): CodeIgniter\CodeIgniter->runController(Object(App\Controllers\Anggota))
12 SYSTEMPATH\CodeIgniter.php(340): CodeIgniter\CodeIgniter->handleRequest(null, Object(Config\Cache), false)
13 FCPATH\index.php(67): CodeIgniter\CodeIgniter->run()
14 SYSTEMPATH\Commands\Server\rewrite.php(43): require_once('FCPATH\\index.php')
CRITICAL - 2023-03-27 21:00:23 -->  is not a valid rule.
in SYSTEMPATH\Validation\Validation.php on line 316.
 1 SYSTEMPATH\Validation\Validation.php(316): CodeIgniter\Validation\Exceptions\ValidationException::forRuleNotFound('ROOTPATH\\public')
 2 SYSTEMPATH\Validation\Validation.php(175): CodeIgniter\Validation\Validation->processRules('id_kategori', 'id_kategori', null, [...], [...])
 3 SYSTEMPATH\Controller.php(140): CodeIgniter\Validation\Validation->run()
 4 APPPATH\Controllers\Kategori.php(53): CodeIgniter\Controller->validate([...])
 5 SYSTEMPATH\CodeIgniter.php(904): App\Controllers\Kategori->EditData('9')
 6 SYSTEMPATH\CodeIgniter.php(457): CodeIgniter\CodeIgniter->runController(Object(App\Controllers\Kategori))
 7 SYSTEMPATH\CodeIgniter.php(340): CodeIgniter\CodeIgniter->handleRequest(null, Object(Config\Cache), false)
 8 FCPATH\index.php(67): CodeIgniter\CodeIgniter->run()
 9 SYSTEMPATH\Commands\Server\rewrite.php(43): require_once('FCPATH\\index.php')
CRITICAL - 2023-03-27 21:05:30 --> You must set the database table to be used with your query.
in SYSTEMPATH\Database\BaseConnection.php on line 872.
 1 SYSTEMPATH\Model.php(586): CodeIgniter\Database\BaseConnection->table(null)
 2 SYSTEMPATH\Model.php(763): CodeIgniter\Model->builder()
 3 APPPATH\Controllers\Anggota.php(33): CodeIgniter\Model->__call('Add', [...])
 4 SYSTEMPATH\CodeIgniter.php(904): App\Controllers\Anggota->Verifikasi('4')
 5 SYSTEMPATH\CodeIgniter.php(457): CodeIgniter\CodeIgniter->runController(Object(App\Controllers\Anggota))
 6 SYSTEMPATH\CodeIgniter.php(340): CodeIgniter\CodeIgniter->handleRequest(null, Object(Config\Cache), false)
 7 FCPATH\index.php(67): CodeIgniter\CodeIgniter->run()
 8 SYSTEMPATH\Commands\Server\rewrite.php(43): require_once('FCPATH\\index.php')
CRITICAL - 2023-03-27 21:08:19 --> Undefined index: id_anggota
in APPPATH\Models\ModelAnggota.php on line 28.
 1 APPPATH\Models\ModelAnggota.php(28): CodeIgniter\Debug\Exceptions->errorHandler(8, 'Undefined index: id_anggota', 'APPPATH\\Models\\ModelAnggota.php', 28, [...])
 2 APPPATH\Controllers\Anggota.php(33): App\Models\ModelAnggota->EditData([...])
 3 SYSTEMPATH\CodeIgniter.php(904): App\Controllers\Anggota->Verifikasi('4')
 4 SYSTEMPATH\CodeIgniter.php(457): CodeIgniter\CodeIgniter->runController(Object(App\Controllers\Anggota))
 5 SYSTEMPATH\CodeIgniter.php(340): CodeIgniter\CodeIgniter->handleRequest(null, Object(Config\Cache), false)
 6 FCPATH\index.php(67): CodeIgniter\CodeIgniter->run()
 7 SYSTEMPATH\Commands\Server\rewrite.php(43): require_once('FCPATH\\index.php')
CRITICAL - 2023-03-27 21:08:45 --> Undefined index: id_anggota
in APPPATH\Models\ModelAnggota.php on line 28.
 1 APPPATH\Models\ModelAnggota.php(28): CodeIgniter\Debug\Exceptions->errorHandler(8, 'Undefined index: id_anggota', 'APPPATH\\Models\\ModelAnggota.php', 28, [...])
 2 APPPATH\Controllers\Anggota.php(33): App\Models\ModelAnggota->EditData([...])
 3 SYSTEMPATH\CodeIgniter.php(904): App\Controllers\Anggota->Verifikasi('4')
 4 SYSTEMPATH\CodeIgniter.php(457): CodeIgniter\CodeIgniter->runController(Object(App\Controllers\Anggota))
 5 SYSTEMPATH\CodeIgniter.php(340): CodeIgniter\CodeIgniter->handleRequest(null, Object(Config\Cache), false)
 6 FCPATH\index.php(67): CodeIgniter\CodeIgniter->run()
 7 SYSTEMPATH\Commands\Server\rewrite.php(43): require_once('FCPATH\\index.php')
CRITICAL - 2023-03-27 21:08:50 --> Undefined index: id_anggota
in APPPATH\Models\ModelAnggota.php on line 28.
 1 APPPATH\Models\ModelAnggota.php(28): CodeIgniter\Debug\Exceptions->errorHandler(8, 'Undefined index: id_anggota', 'APPPATH\\Models\\ModelAnggota.php', 28, [...])
 2 APPPATH\Controllers\Anggota.php(33): App\Models\ModelAnggota->EditData([...])
 3 SYSTEMPATH\CodeIgniter.php(904): App\Controllers\Anggota->Verifikasi('4')
 4 SYSTEMPATH\CodeIgniter.php(457): CodeIgniter\CodeIgniter->runController(Object(App\Controllers\Anggota))
 5 SYSTEMPATH\CodeIgniter.php(340): CodeIgniter\CodeIgniter->handleRequest(null, Object(Config\Cache), false)
 6 FCPATH\index.php(67): CodeIgniter\CodeIgniter->run()
 7 SYSTEMPATH\Commands\Server\rewrite.php(43): require_once('FCPATH\\index.php')
