CRITICAL - 2023-03-31 02:53:22 --> Class 'app\Models\ModelBuku' not found
in APPPATH\Controllers\Buku.php on line 13.
 1 SYSTEMPATH\CodeIgniter.php(866): App\Controllers\Buku->__construct()
 2 SYSTEMPATH\CodeIgniter.php(448): CodeIgniter\CodeIgniter->createController()
 3 SYSTEMPATH\CodeIgniter.php(340): CodeIgniter\CodeIgniter->handleRequest(null, Object(Config\Cache), false)
 4 FCPATH\index.php(67): CodeIgniter\CodeIgniter->run()
 5 SYSTEMPATH\Commands\Server\rewrite.php(43): require_once('FCPATH\\index.php')
CRITICAL - 2023-03-31 03:02:06 --> Class 'app\Models\ModelBuku' not found
in APPPATH\Controllers\Buku.php on line 13.
 1 SYSTEMPATH\CodeIgniter.php(866): App\Controllers\Buku->__construct()
 2 SYSTEMPATH\CodeIgniter.php(448): CodeIgniter\CodeIgniter->createController()
 3 SYSTEMPATH\CodeIgniter.php(340): CodeIgniter\CodeIgniter->handleRequest(null, Object(Config\Cache), false)
 4 FCPATH\index.php(67): CodeIgniter\CodeIgniter->run()
 5 SYSTEMPATH\Commands\Server\rewrite.php(43): require_once('FCPATH\\index.php')
ERROR - 2023-03-31 03:22:15 --> mysqli_sql_exception: Unknown column 'penulist.id_penulis' in 'on clause' in C:\projectci4\system\Database\MySQLi\Connection.php:292
Stack trace:
#0 C:\projectci4\system\Database\MySQLi\Connection.php(292): mysqli->query('SELECT *\nFROM `...', 0)
#1 C:\projectci4\system\Database\BaseConnection.php(693): CodeIgniter\Database\MySQLi\Connection->execute('SELECT *\nFROM `...')
#2 C:\projectci4\system\Database\BaseConnection.php(620): CodeIgniter\Database\BaseConnection->simpleQuery('SELECT *\nFROM `...')
#3 C:\projectci4\system\Database\BaseBuilder.php(1585): CodeIgniter\Database\BaseConnection->query('SELECT *\nFROM `...', Array, false)
#4 C:\projectci4\app\Models\ModelBuku.php(17): CodeIgniter\Database\BaseBuilder->get()
#5 C:\projectci4\app\Controllers\Buku.php(23): App\Models\ModelBuku->AllData()
#6 C:\projectci4\system\CodeIgniter.php(904): App\Controllers\Buku->index()
#7 C:\projectci4\system\CodeIgniter.php(457): CodeIgniter\CodeIgniter->runController(Object(App\Controllers\Buku))
#8 C:\projectci4\system\CodeIgniter.php(340): CodeIgniter\CodeIgniter->handleRequest(NULL, Object(Config\Cache), false)
#9 C:\projectci4\public\index.php(67): CodeIgniter\CodeIgniter->run()
#10 C:\projectci4\system\Commands\Server\rewrite.php(43): require_once('C:\\projectci4\\p...')
#11 {main}
CRITICAL - 2023-03-31 03:22:15 --> Unknown column 'penulist.id_penulis' in 'on clause'
in SYSTEMPATH\Database\MySQLi\Connection.php on line 292.
 1 SYSTEMPATH\Database\MySQLi\Connection.php(292): mysqli->query('SELECT *
FROM `buku`
LEFT JOIN `kategori` ON `kategori`.`id_kategori` = `buku`.`id_kategori`
LEFT JOIN `penerbit` ON `penerbit`.`id_penerbit` = `buku`.`id_penerbit`
LEFT JOIN `penulis` ON `penulist`.`id_penulis` = `buku`.`id_penulis`
LEFT JOIN `rak` ON `rak`.`id_rak` = `buku`.`id_rak`
ORDER BY `id_buku` DESC', 0)
 2 SYSTEMPATH\Database\BaseConnection.php(693): CodeIgniter\Database\MySQLi\Connection->execute('SELECT *
FROM `buku`
LEFT JOIN `kategori` ON `kategori`.`id_kategori` = `buku`.`id_kategori`
LEFT JOIN `penerbit` ON `penerbit`.`id_penerbit` = `buku`.`id_penerbit`
LEFT JOIN `penulis` ON `penulist`.`id_penulis` = `buku`.`id_penulis`
LEFT JOIN `rak` ON `rak`.`id_rak` = `buku`.`id_rak`
ORDER BY `id_buku` DESC')
 3 SYSTEMPATH\Database\BaseConnection.php(620): CodeIgniter\Database\BaseConnection->simpleQuery('SELECT *
FROM `buku`
LEFT JOIN `kategori` ON `kategori`.`id_kategori` = `buku`.`id_kategori`
LEFT JOIN `penerbit` ON `penerbit`.`id_penerbit` = `buku`.`id_penerbit`
LEFT JOIN `penulis` ON `penulist`.`id_penulis` = `buku`.`id_penulis`
LEFT JOIN `rak` ON `rak`.`id_rak` = `buku`.`id_rak`
ORDER BY `id_buku` DESC')
 4 SYSTEMPATH\Database\BaseBuilder.php(1585): CodeIgniter\Database\BaseConnection->query('SELECT *
FROM `buku`
LEFT JOIN `kategori` ON `kategori`.`id_kategori` = `buku`.`id_kategori`
LEFT JOIN `penerbit` ON `penerbit`.`id_penerbit` = `buku`.`id_penerbit`
LEFT JOIN `penulis` ON `penulist`.`id_penulis` = `buku`.`id_penulis`
LEFT JOIN `rak` ON `rak`.`id_rak` = `buku`.`id_rak`
ORDER BY `id_buku` DESC', [], false)
 5 APPPATH\Models\ModelBuku.php(17): CodeIgniter\Database\BaseBuilder->get()
 6 APPPATH\Controllers\Buku.php(23): App\Models\ModelBuku->AllData()
 7 SYSTEMPATH\CodeIgniter.php(904): App\Controllers\Buku->index()
 8 SYSTEMPATH\CodeIgniter.php(457): CodeIgniter\CodeIgniter->runController(Object(App\Controllers\Buku))
 9 SYSTEMPATH\CodeIgniter.php(340): CodeIgniter\CodeIgniter->handleRequest(null, Object(Config\Cache), false)
10 FCPATH\index.php(67): CodeIgniter\CodeIgniter->run()
11 SYSTEMPATH\Commands\Server\rewrite.php(43): require_once('FCPATH\\index.php')
CRITICAL - 2023-03-31 06:39:56 --> syntax error, unexpected 'User' (T_STRING), expecting ')'
in APPPATH\Views\buku\v_adddata.php on line 123.
 1 SYSTEMPATH\View\View.php(216): CodeIgniter\View\View->CodeIgniter\View\{closure}()
 2 SYSTEMPATH\Common.php(1137): CodeIgniter\View\View->render('buku/v_adddata', [], true)
 3 APPPATH\Views\v_template_admin.php(260): view('buku/v_adddata')
 4 SYSTEMPATH\View\View.php(213): include('APPPATH\\Views\\v_template_admin.php')
 5 SYSTEMPATH\View\View.php(216): CodeIgniter\View\View->CodeIgniter\View\{closure}()
 6 SYSTEMPATH\Common.php(1137): CodeIgniter\View\View->render('v_template_admin', [], true)
 7 APPPATH\Controllers\Buku.php(36): view('v_template_admin', [...])
 8 SYSTEMPATH\CodeIgniter.php(904): App\Controllers\Buku->AddData()
 9 SYSTEMPATH\CodeIgniter.php(457): CodeIgniter\CodeIgniter->runController(Object(App\Controllers\Buku))
10 SYSTEMPATH\CodeIgniter.php(340): CodeIgniter\CodeIgniter->handleRequest(null, Object(Config\Cache), false)
11 FCPATH\index.php(67): CodeIgniter\CodeIgniter->run()
12 SYSTEMPATH\Commands\Server\rewrite.php(43): require_once('FCPATH\\index.php')
CRITICAL - 2023-03-31 10:34:46 --> Too few arguments to function App\Controllers\Buku::SimpanData(), 0 passed in C:\projectci4\system\CodeIgniter.php on line 904 and exactly 1 expected
in APPPATH\Controllers\Buku.php on line 49.
 1 SYSTEMPATH\CodeIgniter.php(904): App\Controllers\Buku->SimpanData()
 2 SYSTEMPATH\CodeIgniter.php(457): CodeIgniter\CodeIgniter->runController(Object(App\Controllers\Buku))
 3 SYSTEMPATH\CodeIgniter.php(340): CodeIgniter\CodeIgniter->handleRequest(null, Object(Config\Cache), false)
 4 FCPATH\index.php(67): CodeIgniter\CodeIgniter->run()
 5 SYSTEMPATH\Commands\Server\rewrite.php(43): require_once('FCPATH\\index.php')
CRITICAL - 2023-03-31 11:22:15 --> Call to undefined function base_urel()
in APPPATH\Views\buku\v_adddata.php on line 87.
 1 SYSTEMPATH\View\View.php(213): include()
 2 SYSTEMPATH\View\View.php(216): CodeIgniter\View\View->CodeIgniter\View\{closure}()
 3 SYSTEMPATH\Common.php(1137): CodeIgniter\View\View->render('buku/v_adddata', [], true)
 4 APPPATH\Views\v_template_admin.php(260): view('buku/v_adddata')
 5 SYSTEMPATH\View\View.php(213): include('APPPATH\\Views\\v_template_admin.php')
 6 SYSTEMPATH\View\View.php(216): CodeIgniter\View\View->CodeIgniter\View\{closure}()
 7 SYSTEMPATH\Common.php(1137): CodeIgniter\View\View->render('v_template_admin', [], true)
 8 APPPATH\Controllers\Buku.php(47): view('v_template_admin', [...])
 9 SYSTEMPATH\CodeIgniter.php(904): App\Controllers\Buku->AddData()
10 SYSTEMPATH\CodeIgniter.php(457): CodeIgniter\CodeIgniter->runController(Object(App\Controllers\Buku))
11 SYSTEMPATH\CodeIgniter.php(340): CodeIgniter\CodeIgniter->handleRequest(null, Object(Config\Cache), false)
12 FCPATH\index.php(67): CodeIgniter\CodeIgniter->run()
13 SYSTEMPATH\Commands\Server\rewrite.php(43): require_once('FCPATH\\index.php')
CRITICAL - 2023-03-31 12:44:43 --> Undefined index: nama_penulisi
in APPPATH\Views\buku\v_editdata.php on line 105.
 1 APPPATH\Views\buku\v_editdata.php(105): CodeIgniter\Debug\Exceptions->errorHandler(8, 'Undefined index: nama_penulisi', 'APPPATH\\Views\\buku\\v_editdata.php', 105, [...])
 2 SYSTEMPATH\View\View.php(213): include('APPPATH\\Views\\buku\\v_editdata.php')
 3 SYSTEMPATH\View\View.php(216): CodeIgniter\View\View->CodeIgniter\View\{closure}()
 4 SYSTEMPATH\Common.php(1137): CodeIgniter\View\View->render('buku/v_editdata', [], true)
 5 APPPATH\Views\v_template_admin.php(260): view('buku/v_editdata')
 6 SYSTEMPATH\View\View.php(213): include('APPPATH\\Views\\v_template_admin.php')
 7 SYSTEMPATH\View\View.php(216): CodeIgniter\View\View->CodeIgniter\View\{closure}()
 8 SYSTEMPATH\Common.php(1137): CodeIgniter\View\View->render('v_template_admin', [], true)
 9 APPPATH\Controllers\Buku.php(182): view('v_template_admin', [...])
10 SYSTEMPATH\CodeIgniter.php(904): App\Controllers\Buku->EditData('2')
11 SYSTEMPATH\CodeIgniter.php(457): CodeIgniter\CodeIgniter->runController(Object(App\Controllers\Buku))
12 SYSTEMPATH\CodeIgniter.php(340): CodeIgniter\CodeIgniter->handleRequest(null, Object(Config\Cache), false)
13 FCPATH\index.php(67): CodeIgniter\CodeIgniter->run()
14 SYSTEMPATH\Commands\Server\rewrite.php(43): require_once('FCPATH\\index.php')
