CRITICAL - 2023-04-02 00:11:18 --> Trying to access array offset on value of type null
in APPPATH\Views\v_template_admin.php on line 76.
 1 APPPATH\Views\v_template_admin.php(76): CodeIgniter\Debug\Exceptions->errorHandler(8, 'Trying to access array offset on value of type null', 'APPPATH\\Views\\v_template_admin.php', 76, [...])
 2 SYSTEMPATH\View\View.php(213): include('APPPATH\\Views\\v_template_admin.php')
 3 SYSTEMPATH\View\View.php(216): CodeIgniter\View\View->CodeIgniter\View\{closure}()
 4 SYSTEMPATH\Common.php(1137): CodeIgniter\View\View->render('v_template_admin', [], true)
 5 APPPATH\Controllers\Buku.php(33): view('v_template_admin', [...])
 6 SYSTEMPATH\CodeIgniter.php(904): App\Controllers\Buku->index()
 7 SYSTEMPATH\CodeIgniter.php(457): CodeIgniter\CodeIgniter->runController(Object(App\Controllers\Buku))
 8 SYSTEMPATH\CodeIgniter.php(340): CodeIgniter\CodeIgniter->handleRequest(null, Object(Config\Cache), false)
 9 FCPATH\index.php(67): CodeIgniter\CodeIgniter->run()
10 SYSTEMPATH\Commands\Server\rewrite.php(43): require_once('FCPATH\\index.php')
CRITICAL - 2023-04-02 02:52:32 --> Undefined property: App\Controllers\Anggota::$ModelAdmin
in APPPATH\Controllers\Anggota.php on line 26.
 1 APPPATH\Controllers\Anggota.php(26): CodeIgniter\Debug\Exceptions->errorHandler(8, 'Undefined property: App\\Controllers\\Anggota::$ModelAdmin', 'APPPATH\\Controllers\\Anggota.php', 26, [])
 2 SYSTEMPATH\CodeIgniter.php(904): App\Controllers\Anggota->index()
 3 SYSTEMPATH\CodeIgniter.php(457): CodeIgniter\CodeIgniter->runController(Object(App\Controllers\Anggota))
 4 SYSTEMPATH\CodeIgniter.php(340): CodeIgniter\CodeIgniter->handleRequest(null, Object(Config\Cache), false)
 5 FCPATH\index.php(67): CodeIgniter\CodeIgniter->run()
 6 SYSTEMPATH\Commands\Server\rewrite.php(43): require_once('FCPATH\\index.php')
