ERROR - 2023-04-18 00:11:52 --> mysqli_sql_exception: Cannot add or update a child row: a foreign key constraint fails (`perpustakaan`.`buku`, CONSTRAINT `buku_ibfk_1` FOREIGN KEY (`id_buku`) REFERENCES `penerbit` (`id_penerbit`)) in C:\projectci4\system\Database\MySQLi\Connection.php:292
Stack trace:
#0 C:\projectci4\system\Database\MySQLi\Connection.php(292): mysqli->query('INSERT INTO `bu...', 0)
#1 C:\projectci4\system\Database\BaseConnection.php(693): CodeIgniter\Database\MySQLi\Connection->execute('INSERT INTO `bu...')
#2 C:\projectci4\system\Database\BaseConnection.php(620): CodeIgniter\Database\BaseConnection->simpleQuery('INSERT INTO `bu...')
#3 C:\projectci4\system\Database\BaseBuilder.php(1916): CodeIgniter\Database\BaseConnection->query('INSERT INTO `bu...', Array, false)
#4 C:\projectci4\app\Models\ModelBuku.php(33): CodeIgniter\Database\BaseBuilder->insert(Array)
#5 C:\projectci4\app\Controllers\Buku.php(168): App\Models\ModelBuku->AddData(Array)
#6 C:\projectci4\system\CodeIgniter.php(904): App\Controllers\Buku->SimpanData()
#7 C:\projectci4\system\CodeIgniter.php(457): CodeIgniter\CodeIgniter->runController(Object(App\Controllers\Buku))
#8 C:\projectci4\system\CodeIgniter.php(340): CodeIgniter\CodeIgniter->handleRequest(NULL, Object(Config\Cache), false)
#9 C:\projectci4\public\index.php(67): CodeIgniter\CodeIgniter->run()
#10 C:\projectci4\system\Commands\Server\rewrite.php(43): require_once('C:\\projectci4\\p...')
#11 {main}
CRITICAL - 2023-04-18 00:11:52 --> Cannot add or update a child row: a foreign key constraint fails (`perpustakaan`.`buku`, CONSTRAINT `buku_ibfk_1` FOREIGN KEY (`id_buku`) REFERENCES `penerbit` (`id_penerbit`))
in SYSTEMPATH\Database\MySQLi\Connection.php on line 292.
 1 SYSTEMPATH\Database\MySQLi\Connection.php(292): mysqli->query('INSERT INTO `buku` (`kode_buku`, `isbn`, `judul_buku`, `id_kategori`, `id_penulis`, `id_penerbit`, `id_rak`, `tahun`, `bahasa`, `halaman`, `jumlah`, `jml_tersedia`, `jml_dipinjam`, `cover`) VALUES (\'004\', \'004\', \'test\', \'6\', \'3\', \'4\', \'7\', \'2021\', \'Indonesia\', \'56\', \'333\', NULL, \'0\', \'1681794712_1e41dcd32988ee7268c4.jpg\')', 0)
 2 SYSTEMPATH\Database\BaseConnection.php(693): CodeIgniter\Database\MySQLi\Connection->execute('INSERT INTO `buku` (`kode_buku`, `isbn`, `judul_buku`, `id_kategori`, `id_penulis`, `id_penerbit`, `id_rak`, `tahun`, `bahasa`, `halaman`, `jumlah`, `jml_tersedia`, `jml_dipinjam`, `cover`) VALUES (\'004\', \'004\', \'test\', \'6\', \'3\', \'4\', \'7\', \'2021\', \'Indonesia\', \'56\', \'333\', NULL, \'0\', \'1681794712_1e41dcd32988ee7268c4.jpg\')')
 3 SYSTEMPATH\Database\BaseConnection.php(620): CodeIgniter\Database\BaseConnection->simpleQuery('INSERT INTO `buku` (`kode_buku`, `isbn`, `judul_buku`, `id_kategori`, `id_penulis`, `id_penerbit`, `id_rak`, `tahun`, `bahasa`, `halaman`, `jumlah`, `jml_tersedia`, `jml_dipinjam`, `cover`) VALUES (\'004\', \'004\', \'test\', \'6\', \'3\', \'4\', \'7\', \'2021\', \'Indonesia\', \'56\', \'333\', NULL, \'0\', \'1681794712_1e41dcd32988ee7268c4.jpg\')')
 4 SYSTEMPATH\Database\BaseBuilder.php(1916): CodeIgniter\Database\BaseConnection->query('INSERT INTO `buku` (`kode_buku`, `isbn`, `judul_buku`, `id_kategori`, `id_penulis`, `id_penerbit`, `id_rak`, `tahun`, `bahasa`, `halaman`, `jumlah`, `jml_tersedia`, `jml_dipinjam`, `cover`) VALUES (:kode_buku:, :isbn:, :judul_buku:, :id_kategori:, :id_penulis:, :id_penerbit:, :id_rak:, :tahun:, :bahasa:, :halaman:, :jumlah:, :jml_tersedia:, :jml_dipinjam:, :cover:)', [...], false)
 5 APPPATH\Models\ModelBuku.php(33): CodeIgniter\Database\BaseBuilder->insert([...])
 6 APPPATH\Controllers\Buku.php(168): App\Models\ModelBuku->AddData([...])
 7 SYSTEMPATH\CodeIgniter.php(904): App\Controllers\Buku->SimpanData()
 8 SYSTEMPATH\CodeIgniter.php(457): CodeIgniter\CodeIgniter->runController(Object(App\Controllers\Buku))
 9 SYSTEMPATH\CodeIgniter.php(340): CodeIgniter\CodeIgniter->handleRequest(null, Object(Config\Cache), false)
10 FCPATH\index.php(67): CodeIgniter\CodeIgniter->run()
11 SYSTEMPATH\Commands\Server\rewrite.php(43): require_once('FCPATH\\index.php')
CRITICAL - 2023-04-18 00:34:32 --> Undefined variable: id_buku
in APPPATH\Controllers\Buku.php on line 291.
 1 APPPATH\Controllers\Buku.php(291): CodeIgniter\Debug\Exceptions->errorHandler(8, 'Undefined variable: id_buku', 'APPPATH\\Controllers\\Buku.php', 291, [...])
 2 SYSTEMPATH\CodeIgniter.php(904): App\Controllers\Buku->UpdateData('3')
 3 SYSTEMPATH\CodeIgniter.php(457): CodeIgniter\CodeIgniter->runController(Object(App\Controllers\Buku))
 4 SYSTEMPATH\CodeIgniter.php(340): CodeIgniter\CodeIgniter->handleRequest(null, Object(Config\Cache), false)
 5 FCPATH\index.php(67): CodeIgniter\CodeIgniter->run()
 6 SYSTEMPATH\Commands\Server\rewrite.php(43): require_once('FCPATH\\index.php')
CRITICAL - 2023-04-18 00:35:21 --> Undefined variable: id_buku
in APPPATH\Controllers\Buku.php on line 291.
 1 APPPATH\Controllers\Buku.php(291): CodeIgniter\Debug\Exceptions->errorHandler(8, 'Undefined variable: id_buku', 'APPPATH\\Controllers\\Buku.php', 291, [...])
 2 SYSTEMPATH\CodeIgniter.php(904): App\Controllers\Buku->UpdateData('3')
 3 SYSTEMPATH\CodeIgniter.php(457): CodeIgniter\CodeIgniter->runController(Object(App\Controllers\Buku))
 4 SYSTEMPATH\CodeIgniter.php(340): CodeIgniter\CodeIgniter->handleRequest(null, Object(Config\Cache), false)
 5 FCPATH\index.php(67): CodeIgniter\CodeIgniter->run()
 6 SYSTEMPATH\Commands\Server\rewrite.php(43): require_once('FCPATH\\index.php')
ERROR - 2023-04-18 00:37:24 --> mysqli_sql_exception: Cannot add or update a child row: a foreign key constraint fails (`perpustakaan`.`buku`, CONSTRAINT `buku_ibfk_1` FOREIGN KEY (`id_buku`) REFERENCES `penerbit` (`id_penerbit`)) in C:\projectci4\system\Database\MySQLi\Connection.php:292
Stack trace:
#0 C:\projectci4\system\Database\MySQLi\Connection.php(292): mysqli->query('INSERT INTO `bu...', 0)
#1 C:\projectci4\system\Database\BaseConnection.php(693): CodeIgniter\Database\MySQLi\Connection->execute('INSERT INTO `bu...')
#2 C:\projectci4\system\Database\BaseConnection.php(620): CodeIgniter\Database\BaseConnection->simpleQuery('INSERT INTO `bu...')
#3 C:\projectci4\system\Database\BaseBuilder.php(1916): CodeIgniter\Database\BaseConnection->query('INSERT INTO `bu...', Array, false)
#4 C:\projectci4\app\Models\ModelBuku.php(33): CodeIgniter\Database\BaseBuilder->insert(Array)
#5 C:\projectci4\app\Controllers\Buku.php(166): App\Models\ModelBuku->AddData(Array)
#6 C:\projectci4\system\CodeIgniter.php(904): App\Controllers\Buku->SimpanData()
#7 C:\projectci4\system\CodeIgniter.php(457): CodeIgniter\CodeIgniter->runController(Object(App\Controllers\Buku))
#8 C:\projectci4\system\CodeIgniter.php(340): CodeIgniter\CodeIgniter->handleRequest(NULL, Object(Config\Cache), false)
#9 C:\projectci4\public\index.php(67): CodeIgniter\CodeIgniter->run()
#10 C:\projectci4\system\Commands\Server\rewrite.php(43): require_once('C:\\projectci4\\p...')
#11 {main}
CRITICAL - 2023-04-18 00:37:24 --> Cannot add or update a child row: a foreign key constraint fails (`perpustakaan`.`buku`, CONSTRAINT `buku_ibfk_1` FOREIGN KEY (`id_buku`) REFERENCES `penerbit` (`id_penerbit`))
in SYSTEMPATH\Database\MySQLi\Connection.php on line 292.
 1 SYSTEMPATH\Database\MySQLi\Connection.php(292): mysqli->query('INSERT INTO `buku` (`kode_buku`, `isbn`, `judul_buku`, `id_kategori`, `id_penulis`, `id_penerbit`, `id_rak`, `tahun`, `bahasa`, `halaman`, `jumlah`, `jml_tersedia`, `jml_dipinjam`, `cover`) VALUES (\'004\', \'004\', \'test\', \'6\', \'3\', \'3\', \'7\', \'2021\', \'Indonesia\', \'117\', \'50\', NULL, \'0\', \'1681796244_0e96d10d2e8008d24ac1.jpg\')', 0)
 2 SYSTEMPATH\Database\BaseConnection.php(693): CodeIgniter\Database\MySQLi\Connection->execute('INSERT INTO `buku` (`kode_buku`, `isbn`, `judul_buku`, `id_kategori`, `id_penulis`, `id_penerbit`, `id_rak`, `tahun`, `bahasa`, `halaman`, `jumlah`, `jml_tersedia`, `jml_dipinjam`, `cover`) VALUES (\'004\', \'004\', \'test\', \'6\', \'3\', \'3\', \'7\', \'2021\', \'Indonesia\', \'117\', \'50\', NULL, \'0\', \'1681796244_0e96d10d2e8008d24ac1.jpg\')')
 3 SYSTEMPATH\Database\BaseConnection.php(620): CodeIgniter\Database\BaseConnection->simpleQuery('INSERT INTO `buku` (`kode_buku`, `isbn`, `judul_buku`, `id_kategori`, `id_penulis`, `id_penerbit`, `id_rak`, `tahun`, `bahasa`, `halaman`, `jumlah`, `jml_tersedia`, `jml_dipinjam`, `cover`) VALUES (\'004\', \'004\', \'test\', \'6\', \'3\', \'3\', \'7\', \'2021\', \'Indonesia\', \'117\', \'50\', NULL, \'0\', \'1681796244_0e96d10d2e8008d24ac1.jpg\')')
 4 SYSTEMPATH\Database\BaseBuilder.php(1916): CodeIgniter\Database\BaseConnection->query('INSERT INTO `buku` (`kode_buku`, `isbn`, `judul_buku`, `id_kategori`, `id_penulis`, `id_penerbit`, `id_rak`, `tahun`, `bahasa`, `halaman`, `jumlah`, `jml_tersedia`, `jml_dipinjam`, `cover`) VALUES (:kode_buku:, :isbn:, :judul_buku:, :id_kategori:, :id_penulis:, :id_penerbit:, :id_rak:, :tahun:, :bahasa:, :halaman:, :jumlah:, :jml_tersedia:, :jml_dipinjam:, :cover:)', [...], false)
 5 APPPATH\Models\ModelBuku.php(33): CodeIgniter\Database\BaseBuilder->insert([...])
 6 APPPATH\Controllers\Buku.php(166): App\Models\ModelBuku->AddData([...])
 7 SYSTEMPATH\CodeIgniter.php(904): App\Controllers\Buku->SimpanData()
 8 SYSTEMPATH\CodeIgniter.php(457): CodeIgniter\CodeIgniter->runController(Object(App\Controllers\Buku))
 9 SYSTEMPATH\CodeIgniter.php(340): CodeIgniter\CodeIgniter->handleRequest(null, Object(Config\Cache), false)
10 FCPATH\index.php(67): CodeIgniter\CodeIgniter->run()
11 SYSTEMPATH\Commands\Server\rewrite.php(43): require_once('FCPATH\\index.php')
ERROR - 2023-04-18 00:38:14 --> mysqli_sql_exception: Cannot add or update a child row: a foreign key constraint fails (`perpustakaan`.`buku`, CONSTRAINT `buku_ibfk_1` FOREIGN KEY (`id_buku`) REFERENCES `penerbit` (`id_penerbit`)) in C:\projectci4\system\Database\MySQLi\Connection.php:292
Stack trace:
#0 C:\projectci4\system\Database\MySQLi\Connection.php(292): mysqli->query('INSERT INTO `bu...', 0)
#1 C:\projectci4\system\Database\BaseConnection.php(693): CodeIgniter\Database\MySQLi\Connection->execute('INSERT INTO `bu...')
#2 C:\projectci4\system\Database\BaseConnection.php(620): CodeIgniter\Database\BaseConnection->simpleQuery('INSERT INTO `bu...')
#3 C:\projectci4\system\Database\BaseBuilder.php(1916): CodeIgniter\Database\BaseConnection->query('INSERT INTO `bu...', Array, false)
#4 C:\projectci4\app\Models\ModelBuku.php(33): CodeIgniter\Database\BaseBuilder->insert(Array)
#5 C:\projectci4\app\Controllers\Buku.php(166): App\Models\ModelBuku->AddData(Array)
#6 C:\projectci4\system\CodeIgniter.php(904): App\Controllers\Buku->SimpanData()
#7 C:\projectci4\system\CodeIgniter.php(457): CodeIgniter\CodeIgniter->runController(Object(App\Controllers\Buku))
#8 C:\projectci4\system\CodeIgniter.php(340): CodeIgniter\CodeIgniter->handleRequest(NULL, Object(Config\Cache), false)
#9 C:\projectci4\public\index.php(67): CodeIgniter\CodeIgniter->run()
#10 C:\projectci4\system\Commands\Server\rewrite.php(43): require_once('C:\\projectci4\\p...')
#11 {main}
CRITICAL - 2023-04-18 00:38:14 --> Cannot add or update a child row: a foreign key constraint fails (`perpustakaan`.`buku`, CONSTRAINT `buku_ibfk_1` FOREIGN KEY (`id_buku`) REFERENCES `penerbit` (`id_penerbit`))
in SYSTEMPATH\Database\MySQLi\Connection.php on line 292.
 1 SYSTEMPATH\Database\MySQLi\Connection.php(292): mysqli->query('INSERT INTO `buku` (`kode_buku`, `isbn`, `judul_buku`, `id_kategori`, `id_penulis`, `id_penerbit`, `id_rak`, `tahun`, `bahasa`, `halaman`, `jumlah`, `jml_tersedia`, `jml_dipinjam`, `cover`) VALUES (\'004\', \'004\', \'test\', \'6\', \'3\', \'3\', \'7\', \'2021\', \'Indonesia\', \'117\', \'50\', NULL, \'0\', \'1681796294_e1e89f1f5125522cac2d.jpg\')', 0)
 2 SYSTEMPATH\Database\BaseConnection.php(693): CodeIgniter\Database\MySQLi\Connection->execute('INSERT INTO `buku` (`kode_buku`, `isbn`, `judul_buku`, `id_kategori`, `id_penulis`, `id_penerbit`, `id_rak`, `tahun`, `bahasa`, `halaman`, `jumlah`, `jml_tersedia`, `jml_dipinjam`, `cover`) VALUES (\'004\', \'004\', \'test\', \'6\', \'3\', \'3\', \'7\', \'2021\', \'Indonesia\', \'117\', \'50\', NULL, \'0\', \'1681796294_e1e89f1f5125522cac2d.jpg\')')
 3 SYSTEMPATH\Database\BaseConnection.php(620): CodeIgniter\Database\BaseConnection->simpleQuery('INSERT INTO `buku` (`kode_buku`, `isbn`, `judul_buku`, `id_kategori`, `id_penulis`, `id_penerbit`, `id_rak`, `tahun`, `bahasa`, `halaman`, `jumlah`, `jml_tersedia`, `jml_dipinjam`, `cover`) VALUES (\'004\', \'004\', \'test\', \'6\', \'3\', \'3\', \'7\', \'2021\', \'Indonesia\', \'117\', \'50\', NULL, \'0\', \'1681796294_e1e89f1f5125522cac2d.jpg\')')
 4 SYSTEMPATH\Database\BaseBuilder.php(1916): CodeIgniter\Database\BaseConnection->query('INSERT INTO `buku` (`kode_buku`, `isbn`, `judul_buku`, `id_kategori`, `id_penulis`, `id_penerbit`, `id_rak`, `tahun`, `bahasa`, `halaman`, `jumlah`, `jml_tersedia`, `jml_dipinjam`, `cover`) VALUES (:kode_buku:, :isbn:, :judul_buku:, :id_kategori:, :id_penulis:, :id_penerbit:, :id_rak:, :tahun:, :bahasa:, :halaman:, :jumlah:, :jml_tersedia:, :jml_dipinjam:, :cover:)', [...], false)
 5 APPPATH\Models\ModelBuku.php(33): CodeIgniter\Database\BaseBuilder->insert([...])
 6 APPPATH\Controllers\Buku.php(166): App\Models\ModelBuku->AddData([...])
 7 SYSTEMPATH\CodeIgniter.php(904): App\Controllers\Buku->SimpanData()
 8 SYSTEMPATH\CodeIgniter.php(457): CodeIgniter\CodeIgniter->runController(Object(App\Controllers\Buku))
 9 SYSTEMPATH\CodeIgniter.php(340): CodeIgniter\CodeIgniter->handleRequest(null, Object(Config\Cache), false)
10 FCPATH\index.php(67): CodeIgniter\CodeIgniter->run()
11 SYSTEMPATH\Commands\Server\rewrite.php(43): require_once('FCPATH\\index.php')
CRITICAL - 2023-04-18 00:38:40 --> Undefined variable: id_buku
in APPPATH\Controllers\Buku.php on line 291.
 1 APPPATH\Controllers\Buku.php(291): CodeIgniter\Debug\Exceptions->errorHandler(8, 'Undefined variable: id_buku', 'APPPATH\\Controllers\\Buku.php', 291, [...])
 2 SYSTEMPATH\CodeIgniter.php(904): App\Controllers\Buku->UpdateData('3')
 3 SYSTEMPATH\CodeIgniter.php(457): CodeIgniter\CodeIgniter->runController(Object(App\Controllers\Buku))
 4 SYSTEMPATH\CodeIgniter.php(340): CodeIgniter\CodeIgniter->handleRequest(null, Object(Config\Cache), false)
 5 FCPATH\index.php(67): CodeIgniter\CodeIgniter->run()
 6 SYSTEMPATH\Commands\Server\rewrite.php(43): require_once('FCPATH\\index.php')
ERROR - 2023-04-18 00:46:12 --> mysqli_sql_exception: Cannot add or update a child row: a foreign key constraint fails (`perpustakaan`.`buku`, CONSTRAINT `buku_ibfk_1` FOREIGN KEY (`id_buku`) REFERENCES `penerbit` (`id_penerbit`)) in C:\projectci4\system\Database\MySQLi\Connection.php:292
Stack trace:
#0 C:\projectci4\system\Database\MySQLi\Connection.php(292): mysqli->query('INSERT INTO `bu...', 0)
#1 C:\projectci4\system\Database\BaseConnection.php(693): CodeIgniter\Database\MySQLi\Connection->execute('INSERT INTO `bu...')
#2 C:\projectci4\system\Database\BaseConnection.php(620): CodeIgniter\Database\BaseConnection->simpleQuery('INSERT INTO `bu...')
#3 C:\projectci4\system\Database\BaseBuilder.php(1916): CodeIgniter\Database\BaseConnection->query('INSERT INTO `bu...', Array, false)
#4 C:\projectci4\app\Models\ModelBuku.php(33): CodeIgniter\Database\BaseBuilder->insert(Array)
#5 C:\projectci4\app\Controllers\Buku.php(168): App\Models\ModelBuku->AddData(Array)
#6 C:\projectci4\system\CodeIgniter.php(904): App\Controllers\Buku->SimpanData()
#7 C:\projectci4\system\CodeIgniter.php(457): CodeIgniter\CodeIgniter->runController(Object(App\Controllers\Buku))
#8 C:\projectci4\system\CodeIgniter.php(340): CodeIgniter\CodeIgniter->handleRequest(NULL, Object(Config\Cache), false)
#9 C:\projectci4\public\index.php(67): CodeIgniter\CodeIgniter->run()
#10 C:\projectci4\system\Commands\Server\rewrite.php(43): require_once('C:\\projectci4\\p...')
#11 {main}
CRITICAL - 2023-04-18 00:46:12 --> Cannot add or update a child row: a foreign key constraint fails (`perpustakaan`.`buku`, CONSTRAINT `buku_ibfk_1` FOREIGN KEY (`id_buku`) REFERENCES `penerbit` (`id_penerbit`))
in SYSTEMPATH\Database\MySQLi\Connection.php on line 292.
 1 SYSTEMPATH\Database\MySQLi\Connection.php(292): mysqli->query('INSERT INTO `buku` (`kode_buku`, `isbn`, `judul_buku`, `id_kategori`, `id_penulis`, `id_penerbit`, `id_rak`, `tahun`, `bahasa`, `halaman`, `jumlah`, `jml_tersedia`, `jml_dipinjam`, `cover`) VALUES (\'004\', \'004\', \'TEST\', \'7\', \'2\', \'3\', \'8\', \'2023\', \'Indonesia\', \'69\', \'122\', NULL, \'0\', \'1681796772_759a097d1ab7a483bc37.jpg\')', 0)
 2 SYSTEMPATH\Database\BaseConnection.php(693): CodeIgniter\Database\MySQLi\Connection->execute('INSERT INTO `buku` (`kode_buku`, `isbn`, `judul_buku`, `id_kategori`, `id_penulis`, `id_penerbit`, `id_rak`, `tahun`, `bahasa`, `halaman`, `jumlah`, `jml_tersedia`, `jml_dipinjam`, `cover`) VALUES (\'004\', \'004\', \'TEST\', \'7\', \'2\', \'3\', \'8\', \'2023\', \'Indonesia\', \'69\', \'122\', NULL, \'0\', \'1681796772_759a097d1ab7a483bc37.jpg\')')
 3 SYSTEMPATH\Database\BaseConnection.php(620): CodeIgniter\Database\BaseConnection->simpleQuery('INSERT INTO `buku` (`kode_buku`, `isbn`, `judul_buku`, `id_kategori`, `id_penulis`, `id_penerbit`, `id_rak`, `tahun`, `bahasa`, `halaman`, `jumlah`, `jml_tersedia`, `jml_dipinjam`, `cover`) VALUES (\'004\', \'004\', \'TEST\', \'7\', \'2\', \'3\', \'8\', \'2023\', \'Indonesia\', \'69\', \'122\', NULL, \'0\', \'1681796772_759a097d1ab7a483bc37.jpg\')')
 4 SYSTEMPATH\Database\BaseBuilder.php(1916): CodeIgniter\Database\BaseConnection->query('INSERT INTO `buku` (`kode_buku`, `isbn`, `judul_buku`, `id_kategori`, `id_penulis`, `id_penerbit`, `id_rak`, `tahun`, `bahasa`, `halaman`, `jumlah`, `jml_tersedia`, `jml_dipinjam`, `cover`) VALUES (:kode_buku:, :isbn:, :judul_buku:, :id_kategori:, :id_penulis:, :id_penerbit:, :id_rak:, :tahun:, :bahasa:, :halaman:, :jumlah:, :jml_tersedia:, :jml_dipinjam:, :cover:)', [...], false)
 5 APPPATH\Models\ModelBuku.php(33): CodeIgniter\Database\BaseBuilder->insert([...])
 6 APPPATH\Controllers\Buku.php(168): App\Models\ModelBuku->AddData([...])
 7 SYSTEMPATH\CodeIgniter.php(904): App\Controllers\Buku->SimpanData()
 8 SYSTEMPATH\CodeIgniter.php(457): CodeIgniter\CodeIgniter->runController(Object(App\Controllers\Buku))
 9 SYSTEMPATH\CodeIgniter.php(340): CodeIgniter\CodeIgniter->handleRequest(null, Object(Config\Cache), false)
10 FCPATH\index.php(67): CodeIgniter\CodeIgniter->run()
11 SYSTEMPATH\Commands\Server\rewrite.php(43): require_once('FCPATH\\index.php')
ERROR - 2023-04-18 00:46:47 --> mysqli_sql_exception: Cannot add or update a child row: a foreign key constraint fails (`perpustakaan`.`buku`, CONSTRAINT `buku_ibfk_1` FOREIGN KEY (`id_buku`) REFERENCES `penerbit` (`id_penerbit`)) in C:\projectci4\system\Database\MySQLi\Connection.php:292
Stack trace:
#0 C:\projectci4\system\Database\MySQLi\Connection.php(292): mysqli->query('INSERT INTO `bu...', 0)
#1 C:\projectci4\system\Database\BaseConnection.php(693): CodeIgniter\Database\MySQLi\Connection->execute('INSERT INTO `bu...')
#2 C:\projectci4\system\Database\BaseConnection.php(620): CodeIgniter\Database\BaseConnection->simpleQuery('INSERT INTO `bu...')
#3 C:\projectci4\system\Database\BaseBuilder.php(1916): CodeIgniter\Database\BaseConnection->query('INSERT INTO `bu...', Array, false)
#4 C:\projectci4\app\Models\ModelBuku.php(33): CodeIgniter\Database\BaseBuilder->insert(Array)
#5 C:\projectci4\app\Controllers\Buku.php(168): App\Models\ModelBuku->AddData(Array)
#6 C:\projectci4\system\CodeIgniter.php(904): App\Controllers\Buku->SimpanData()
#7 C:\projectci4\system\CodeIgniter.php(457): CodeIgniter\CodeIgniter->runController(Object(App\Controllers\Buku))
#8 C:\projectci4\system\CodeIgniter.php(340): CodeIgniter\CodeIgniter->handleRequest(NULL, Object(Config\Cache), false)
#9 C:\projectci4\public\index.php(67): CodeIgniter\CodeIgniter->run()
#10 C:\projectci4\system\Commands\Server\rewrite.php(43): require_once('C:\\projectci4\\p...')
#11 {main}
CRITICAL - 2023-04-18 00:46:47 --> Cannot add or update a child row: a foreign key constraint fails (`perpustakaan`.`buku`, CONSTRAINT `buku_ibfk_1` FOREIGN KEY (`id_buku`) REFERENCES `penerbit` (`id_penerbit`))
in SYSTEMPATH\Database\MySQLi\Connection.php on line 292.
 1 SYSTEMPATH\Database\MySQLi\Connection.php(292): mysqli->query('INSERT INTO `buku` (`kode_buku`, `isbn`, `judul_buku`, `id_kategori`, `id_penulis`, `id_penerbit`, `id_rak`, `tahun`, `bahasa`, `halaman`, `jumlah`, `jml_tersedia`, `jml_dipinjam`, `cover`) VALUES (\'004\', \'004\', \'TEST\', \'7\', \'2\', \'3\', \'8\', \'2023\', \'Indonesia\', \'69\', \'122\', NULL, \'0\', \'1681796807_a5b6b78aa2a17520e703.jpg\')', 0)
 2 SYSTEMPATH\Database\BaseConnection.php(693): CodeIgniter\Database\MySQLi\Connection->execute('INSERT INTO `buku` (`kode_buku`, `isbn`, `judul_buku`, `id_kategori`, `id_penulis`, `id_penerbit`, `id_rak`, `tahun`, `bahasa`, `halaman`, `jumlah`, `jml_tersedia`, `jml_dipinjam`, `cover`) VALUES (\'004\', \'004\', \'TEST\', \'7\', \'2\', \'3\', \'8\', \'2023\', \'Indonesia\', \'69\', \'122\', NULL, \'0\', \'1681796807_a5b6b78aa2a17520e703.jpg\')')
 3 SYSTEMPATH\Database\BaseConnection.php(620): CodeIgniter\Database\BaseConnection->simpleQuery('INSERT INTO `buku` (`kode_buku`, `isbn`, `judul_buku`, `id_kategori`, `id_penulis`, `id_penerbit`, `id_rak`, `tahun`, `bahasa`, `halaman`, `jumlah`, `jml_tersedia`, `jml_dipinjam`, `cover`) VALUES (\'004\', \'004\', \'TEST\', \'7\', \'2\', \'3\', \'8\', \'2023\', \'Indonesia\', \'69\', \'122\', NULL, \'0\', \'1681796807_a5b6b78aa2a17520e703.jpg\')')
 4 SYSTEMPATH\Database\BaseBuilder.php(1916): CodeIgniter\Database\BaseConnection->query('INSERT INTO `buku` (`kode_buku`, `isbn`, `judul_buku`, `id_kategori`, `id_penulis`, `id_penerbit`, `id_rak`, `tahun`, `bahasa`, `halaman`, `jumlah`, `jml_tersedia`, `jml_dipinjam`, `cover`) VALUES (:kode_buku:, :isbn:, :judul_buku:, :id_kategori:, :id_penulis:, :id_penerbit:, :id_rak:, :tahun:, :bahasa:, :halaman:, :jumlah:, :jml_tersedia:, :jml_dipinjam:, :cover:)', [...], false)
 5 APPPATH\Models\ModelBuku.php(33): CodeIgniter\Database\BaseBuilder->insert([...])
 6 APPPATH\Controllers\Buku.php(168): App\Models\ModelBuku->AddData([...])
 7 SYSTEMPATH\CodeIgniter.php(904): App\Controllers\Buku->SimpanData()
 8 SYSTEMPATH\CodeIgniter.php(457): CodeIgniter\CodeIgniter->runController(Object(App\Controllers\Buku))
 9 SYSTEMPATH\CodeIgniter.php(340): CodeIgniter\CodeIgniter->handleRequest(null, Object(Config\Cache), false)
10 FCPATH\index.php(67): CodeIgniter\CodeIgniter->run()
11 SYSTEMPATH\Commands\Server\rewrite.php(43): require_once('FCPATH\\index.php')
ERROR - 2023-04-18 00:49:10 --> mysqli_sql_exception: Cannot add or update a child row: a foreign key constraint fails (`perpustakaan`.`buku`, CONSTRAINT `buku_ibfk_1` FOREIGN KEY (`id_buku`) REFERENCES `penerbit` (`id_penerbit`)) in C:\projectci4\system\Database\MySQLi\Connection.php:292
Stack trace:
#0 C:\projectci4\system\Database\MySQLi\Connection.php(292): mysqli->query('INSERT INTO `bu...', 0)
#1 C:\projectci4\system\Database\BaseConnection.php(693): CodeIgniter\Database\MySQLi\Connection->execute('INSERT INTO `bu...')
#2 C:\projectci4\system\Database\BaseConnection.php(620): CodeIgniter\Database\BaseConnection->simpleQuery('INSERT INTO `bu...')
#3 C:\projectci4\system\Database\BaseBuilder.php(1916): CodeIgniter\Database\BaseConnection->query('INSERT INTO `bu...', Array, false)
#4 C:\projectci4\app\Models\ModelBuku.php(33): CodeIgniter\Database\BaseBuilder->insert(Array)
#5 C:\projectci4\app\Controllers\Buku.php(168): App\Models\ModelBuku->AddData(Array)
#6 C:\projectci4\system\CodeIgniter.php(904): App\Controllers\Buku->SimpanData()
#7 C:\projectci4\system\CodeIgniter.php(457): CodeIgniter\CodeIgniter->runController(Object(App\Controllers\Buku))
#8 C:\projectci4\system\CodeIgniter.php(340): CodeIgniter\CodeIgniter->handleRequest(NULL, Object(Config\Cache), false)
#9 C:\projectci4\public\index.php(67): CodeIgniter\CodeIgniter->run()
#10 C:\projectci4\system\Commands\Server\rewrite.php(43): require_once('C:\\projectci4\\p...')
#11 {main}
CRITICAL - 2023-04-18 00:49:10 --> Cannot add or update a child row: a foreign key constraint fails (`perpustakaan`.`buku`, CONSTRAINT `buku_ibfk_1` FOREIGN KEY (`id_buku`) REFERENCES `penerbit` (`id_penerbit`))
in SYSTEMPATH\Database\MySQLi\Connection.php on line 292.
 1 SYSTEMPATH\Database\MySQLi\Connection.php(292): mysqli->query('INSERT INTO `buku` (`kode_buku`, `isbn`, `judul_buku`, `id_kategori`, `id_penulis`, `id_penerbit`, `id_rak`, `tahun`, `bahasa`, `halaman`, `jumlah`, `jml_tersedia`, `jml_dipinjam`, `cover`) VALUES (\'004\', \'004\', \'Septihan\', \'7\', \'4\', \'5\', \'8\', \'2021\', \'Indonesia\', \'11\', \'234\', NULL, \'0\', \'1681796950_fe91a6d5803789f40a31.jpg\')', 0)
 2 SYSTEMPATH\Database\BaseConnection.php(693): CodeIgniter\Database\MySQLi\Connection->execute('INSERT INTO `buku` (`kode_buku`, `isbn`, `judul_buku`, `id_kategori`, `id_penulis`, `id_penerbit`, `id_rak`, `tahun`, `bahasa`, `halaman`, `jumlah`, `jml_tersedia`, `jml_dipinjam`, `cover`) VALUES (\'004\', \'004\', \'Septihan\', \'7\', \'4\', \'5\', \'8\', \'2021\', \'Indonesia\', \'11\', \'234\', NULL, \'0\', \'1681796950_fe91a6d5803789f40a31.jpg\')')
 3 SYSTEMPATH\Database\BaseConnection.php(620): CodeIgniter\Database\BaseConnection->simpleQuery('INSERT INTO `buku` (`kode_buku`, `isbn`, `judul_buku`, `id_kategori`, `id_penulis`, `id_penerbit`, `id_rak`, `tahun`, `bahasa`, `halaman`, `jumlah`, `jml_tersedia`, `jml_dipinjam`, `cover`) VALUES (\'004\', \'004\', \'Septihan\', \'7\', \'4\', \'5\', \'8\', \'2021\', \'Indonesia\', \'11\', \'234\', NULL, \'0\', \'1681796950_fe91a6d5803789f40a31.jpg\')')
 4 SYSTEMPATH\Database\BaseBuilder.php(1916): CodeIgniter\Database\BaseConnection->query('INSERT INTO `buku` (`kode_buku`, `isbn`, `judul_buku`, `id_kategori`, `id_penulis`, `id_penerbit`, `id_rak`, `tahun`, `bahasa`, `halaman`, `jumlah`, `jml_tersedia`, `jml_dipinjam`, `cover`) VALUES (:kode_buku:, :isbn:, :judul_buku:, :id_kategori:, :id_penulis:, :id_penerbit:, :id_rak:, :tahun:, :bahasa:, :halaman:, :jumlah:, :jml_tersedia:, :jml_dipinjam:, :cover:)', [...], false)
 5 APPPATH\Models\ModelBuku.php(33): CodeIgniter\Database\BaseBuilder->insert([...])
 6 APPPATH\Controllers\Buku.php(168): App\Models\ModelBuku->AddData([...])
 7 SYSTEMPATH\CodeIgniter.php(904): App\Controllers\Buku->SimpanData()
 8 SYSTEMPATH\CodeIgniter.php(457): CodeIgniter\CodeIgniter->runController(Object(App\Controllers\Buku))
 9 SYSTEMPATH\CodeIgniter.php(340): CodeIgniter\CodeIgniter->handleRequest(null, Object(Config\Cache), false)
10 FCPATH\index.php(67): CodeIgniter\CodeIgniter->run()
11 SYSTEMPATH\Commands\Server\rewrite.php(43): require_once('FCPATH\\index.php')
ERROR - 2023-04-18 00:53:10 --> mysqli_sql_exception: Cannot add or update a child row: a foreign key constraint fails (`perpustakaan`.`buku`, CONSTRAINT `buku_ibfk_1` FOREIGN KEY (`id_buku`) REFERENCES `penerbit` (`id_penerbit`)) in C:\projectci4\system\Database\MySQLi\Connection.php:292
Stack trace:
#0 C:\projectci4\system\Database\MySQLi\Connection.php(292): mysqli->query('INSERT INTO `bu...', 0)
#1 C:\projectci4\system\Database\BaseConnection.php(693): CodeIgniter\Database\MySQLi\Connection->execute('INSERT INTO `bu...')
#2 C:\projectci4\system\Database\BaseConnection.php(620): CodeIgniter\Database\BaseConnection->simpleQuery('INSERT INTO `bu...')
#3 C:\projectci4\system\Database\BaseBuilder.php(1916): CodeIgniter\Database\BaseConnection->query('INSERT INTO `bu...', Array, false)
#4 C:\projectci4\app\Models\ModelBuku.php(33): CodeIgniter\Database\BaseBuilder->insert(Array)
#5 C:\projectci4\app\Controllers\Buku.php(168): App\Models\ModelBuku->AddData(Array)
#6 C:\projectci4\system\CodeIgniter.php(904): App\Controllers\Buku->SimpanData()
#7 C:\projectci4\system\CodeIgniter.php(457): CodeIgniter\CodeIgniter->runController(Object(App\Controllers\Buku))
#8 C:\projectci4\system\CodeIgniter.php(340): CodeIgniter\CodeIgniter->handleRequest(NULL, Object(Config\Cache), false)
#9 C:\projectci4\public\index.php(67): CodeIgniter\CodeIgniter->run()
#10 C:\projectci4\system\Commands\Server\rewrite.php(43): require_once('C:\\projectci4\\p...')
#11 {main}
CRITICAL - 2023-04-18 00:53:10 --> Cannot add or update a child row: a foreign key constraint fails (`perpustakaan`.`buku`, CONSTRAINT `buku_ibfk_1` FOREIGN KEY (`id_buku`) REFERENCES `penerbit` (`id_penerbit`))
in SYSTEMPATH\Database\MySQLi\Connection.php on line 292.
 1 SYSTEMPATH\Database\MySQLi\Connection.php(292): mysqli->query('INSERT INTO `buku` (`kode_buku`, `isbn`, `judul_buku`, `id_kategori`, `id_penulis`, `id_penerbit`, `id_rak`, `tahun`, `bahasa`, `halaman`, `jumlah`, `jml_tersedia`, `jml_dipinjam`, `cover`) VALUES (\'004\', \'004\', \'TEST\', \'7\', \'5\', \'5\', \'8\', \'2011\', \'Indonesia\', \'155\', \'60\', NULL, \'0\', \'1681797190_43ccf0946e4781dd59ea.jpg\')', 0)
 2 SYSTEMPATH\Database\BaseConnection.php(693): CodeIgniter\Database\MySQLi\Connection->execute('INSERT INTO `buku` (`kode_buku`, `isbn`, `judul_buku`, `id_kategori`, `id_penulis`, `id_penerbit`, `id_rak`, `tahun`, `bahasa`, `halaman`, `jumlah`, `jml_tersedia`, `jml_dipinjam`, `cover`) VALUES (\'004\', \'004\', \'TEST\', \'7\', \'5\', \'5\', \'8\', \'2011\', \'Indonesia\', \'155\', \'60\', NULL, \'0\', \'1681797190_43ccf0946e4781dd59ea.jpg\')')
 3 SYSTEMPATH\Database\BaseConnection.php(620): CodeIgniter\Database\BaseConnection->simpleQuery('INSERT INTO `buku` (`kode_buku`, `isbn`, `judul_buku`, `id_kategori`, `id_penulis`, `id_penerbit`, `id_rak`, `tahun`, `bahasa`, `halaman`, `jumlah`, `jml_tersedia`, `jml_dipinjam`, `cover`) VALUES (\'004\', \'004\', \'TEST\', \'7\', \'5\', \'5\', \'8\', \'2011\', \'Indonesia\', \'155\', \'60\', NULL, \'0\', \'1681797190_43ccf0946e4781dd59ea.jpg\')')
 4 SYSTEMPATH\Database\BaseBuilder.php(1916): CodeIgniter\Database\BaseConnection->query('INSERT INTO `buku` (`kode_buku`, `isbn`, `judul_buku`, `id_kategori`, `id_penulis`, `id_penerbit`, `id_rak`, `tahun`, `bahasa`, `halaman`, `jumlah`, `jml_tersedia`, `jml_dipinjam`, `cover`) VALUES (:kode_buku:, :isbn:, :judul_buku:, :id_kategori:, :id_penulis:, :id_penerbit:, :id_rak:, :tahun:, :bahasa:, :halaman:, :jumlah:, :jml_tersedia:, :jml_dipinjam:, :cover:)', [...], false)
 5 APPPATH\Models\ModelBuku.php(33): CodeIgniter\Database\BaseBuilder->insert([...])
 6 APPPATH\Controllers\Buku.php(168): App\Models\ModelBuku->AddData([...])
 7 SYSTEMPATH\CodeIgniter.php(904): App\Controllers\Buku->SimpanData()
 8 SYSTEMPATH\CodeIgniter.php(457): CodeIgniter\CodeIgniter->runController(Object(App\Controllers\Buku))
 9 SYSTEMPATH\CodeIgniter.php(340): CodeIgniter\CodeIgniter->handleRequest(null, Object(Config\Cache), false)
10 FCPATH\index.php(67): CodeIgniter\CodeIgniter->run()
11 SYSTEMPATH\Commands\Server\rewrite.php(43): require_once('FCPATH\\index.php')
ERROR - 2023-04-18 00:55:20 --> mysqli_sql_exception: Cannot add or update a child row: a foreign key constraint fails (`perpustakaan`.`buku`, CONSTRAINT `buku_ibfk_1` FOREIGN KEY (`id_buku`) REFERENCES `penerbit` (`id_penerbit`)) in C:\projectci4\system\Database\MySQLi\Connection.php:292
Stack trace:
#0 C:\projectci4\system\Database\MySQLi\Connection.php(292): mysqli->query('INSERT INTO `bu...', 0)
#1 C:\projectci4\system\Database\BaseConnection.php(693): CodeIgniter\Database\MySQLi\Connection->execute('INSERT INTO `bu...')
#2 C:\projectci4\system\Database\BaseConnection.php(620): CodeIgniter\Database\BaseConnection->simpleQuery('INSERT INTO `bu...')
#3 C:\projectci4\system\Database\BaseBuilder.php(1916): CodeIgniter\Database\BaseConnection->query('INSERT INTO `bu...', Array, false)
#4 C:\projectci4\app\Models\ModelBuku.php(33): CodeIgniter\Database\BaseBuilder->insert(Array)
#5 C:\projectci4\app\Controllers\Buku.php(168): App\Models\ModelBuku->AddData(Array)
#6 C:\projectci4\system\CodeIgniter.php(904): App\Controllers\Buku->SimpanData()
#7 C:\projectci4\system\CodeIgniter.php(457): CodeIgniter\CodeIgniter->runController(Object(App\Controllers\Buku))
#8 C:\projectci4\system\CodeIgniter.php(340): CodeIgniter\CodeIgniter->handleRequest(NULL, Object(Config\Cache), false)
#9 C:\projectci4\public\index.php(67): CodeIgniter\CodeIgniter->run()
#10 C:\projectci4\system\Commands\Server\rewrite.php(43): require_once('C:\\projectci4\\p...')
#11 {main}
CRITICAL - 2023-04-18 00:55:20 --> Cannot add or update a child row: a foreign key constraint fails (`perpustakaan`.`buku`, CONSTRAINT `buku_ibfk_1` FOREIGN KEY (`id_buku`) REFERENCES `penerbit` (`id_penerbit`))
in SYSTEMPATH\Database\MySQLi\Connection.php on line 292.
 1 SYSTEMPATH\Database\MySQLi\Connection.php(292): mysqli->query('INSERT INTO `buku` (`kode_buku`, `isbn`, `judul_buku`, `id_kategori`, `id_penulis`, `id_penerbit`, `id_rak`, `tahun`, `bahasa`, `halaman`, `jumlah`, `jml_tersedia`, `jml_dipinjam`, `cover`) VALUES (\'004\', \'004\', \'TEST\', \'7\', \'5\', \'5\', \'8\', \'2011\', \'Indonesia\', \'155\', \'60\', NULL, \'0\', \'1681797320_7f27b49ee76202655a91.jpg\')', 0)
 2 SYSTEMPATH\Database\BaseConnection.php(693): CodeIgniter\Database\MySQLi\Connection->execute('INSERT INTO `buku` (`kode_buku`, `isbn`, `judul_buku`, `id_kategori`, `id_penulis`, `id_penerbit`, `id_rak`, `tahun`, `bahasa`, `halaman`, `jumlah`, `jml_tersedia`, `jml_dipinjam`, `cover`) VALUES (\'004\', \'004\', \'TEST\', \'7\', \'5\', \'5\', \'8\', \'2011\', \'Indonesia\', \'155\', \'60\', NULL, \'0\', \'1681797320_7f27b49ee76202655a91.jpg\')')
 3 SYSTEMPATH\Database\BaseConnection.php(620): CodeIgniter\Database\BaseConnection->simpleQuery('INSERT INTO `buku` (`kode_buku`, `isbn`, `judul_buku`, `id_kategori`, `id_penulis`, `id_penerbit`, `id_rak`, `tahun`, `bahasa`, `halaman`, `jumlah`, `jml_tersedia`, `jml_dipinjam`, `cover`) VALUES (\'004\', \'004\', \'TEST\', \'7\', \'5\', \'5\', \'8\', \'2011\', \'Indonesia\', \'155\', \'60\', NULL, \'0\', \'1681797320_7f27b49ee76202655a91.jpg\')')
 4 SYSTEMPATH\Database\BaseBuilder.php(1916): CodeIgniter\Database\BaseConnection->query('INSERT INTO `buku` (`kode_buku`, `isbn`, `judul_buku`, `id_kategori`, `id_penulis`, `id_penerbit`, `id_rak`, `tahun`, `bahasa`, `halaman`, `jumlah`, `jml_tersedia`, `jml_dipinjam`, `cover`) VALUES (:kode_buku:, :isbn:, :judul_buku:, :id_kategori:, :id_penulis:, :id_penerbit:, :id_rak:, :tahun:, :bahasa:, :halaman:, :jumlah:, :jml_tersedia:, :jml_dipinjam:, :cover:)', [...], false)
 5 APPPATH\Models\ModelBuku.php(33): CodeIgniter\Database\BaseBuilder->insert([...])
 6 APPPATH\Controllers\Buku.php(168): App\Models\ModelBuku->AddData([...])
 7 SYSTEMPATH\CodeIgniter.php(904): App\Controllers\Buku->SimpanData()
 8 SYSTEMPATH\CodeIgniter.php(457): CodeIgniter\CodeIgniter->runController(Object(App\Controllers\Buku))
 9 SYSTEMPATH\CodeIgniter.php(340): CodeIgniter\CodeIgniter->handleRequest(null, Object(Config\Cache), false)
10 FCPATH\index.php(67): CodeIgniter\CodeIgniter->run()
11 SYSTEMPATH\Commands\Server\rewrite.php(43): require_once('FCPATH\\index.php')
ERROR - 2023-04-18 00:58:31 --> mysqli_sql_exception: Cannot add or update a child row: a foreign key constraint fails (`perpustakaan`.`buku`, CONSTRAINT `buku_ibfk_1` FOREIGN KEY (`id_buku`) REFERENCES `penerbit` (`id_penerbit`)) in C:\projectci4\system\Database\MySQLi\Connection.php:292
Stack trace:
#0 C:\projectci4\system\Database\MySQLi\Connection.php(292): mysqli->query('INSERT INTO `bu...', 0)
#1 C:\projectci4\system\Database\BaseConnection.php(693): CodeIgniter\Database\MySQLi\Connection->execute('INSERT INTO `bu...')
#2 C:\projectci4\system\Database\BaseConnection.php(620): CodeIgniter\Database\BaseConnection->simpleQuery('INSERT INTO `bu...')
#3 C:\projectci4\system\Database\BaseBuilder.php(1916): CodeIgniter\Database\BaseConnection->query('INSERT INTO `bu...', Array, false)
#4 C:\projectci4\app\Models\ModelBuku.php(33): CodeIgniter\Database\BaseBuilder->insert(Array)
#5 C:\projectci4\app\Controllers\Buku.php(168): App\Models\ModelBuku->AddData(Array)
#6 C:\projectci4\system\CodeIgniter.php(904): App\Controllers\Buku->SimpanData()
#7 C:\projectci4\system\CodeIgniter.php(457): CodeIgniter\CodeIgniter->runController(Object(App\Controllers\Buku))
#8 C:\projectci4\system\CodeIgniter.php(340): CodeIgniter\CodeIgniter->handleRequest(NULL, Object(Config\Cache), false)
#9 C:\projectci4\public\index.php(67): CodeIgniter\CodeIgniter->run()
#10 C:\projectci4\system\Commands\Server\rewrite.php(43): require_once('C:\\projectci4\\p...')
#11 {main}
CRITICAL - 2023-04-18 00:58:31 --> Cannot add or update a child row: a foreign key constraint fails (`perpustakaan`.`buku`, CONSTRAINT `buku_ibfk_1` FOREIGN KEY (`id_buku`) REFERENCES `penerbit` (`id_penerbit`))
in SYSTEMPATH\Database\MySQLi\Connection.php on line 292.
 1 SYSTEMPATH\Database\MySQLi\Connection.php(292): mysqli->query('INSERT INTO `buku` (`kode_buku`, `isbn`, `judul_buku`, `id_kategori`, `id_penulis`, `id_penerbit`, `id_rak`, `tahun`, `bahasa`, `halaman`, `jumlah`, `jml_tersedia`, `jml_dipinjam`, `cover`) VALUES (\'004\', \'004\', \'TEST\', \'7\', \'5\', \'5\', \'8\', \'2011\', \'Indonesia\', \'155\', \'60\', NULL, \'0\', \'1681797511_b6f0cb18c3e514f6da50.jpg\')', 0)
 2 SYSTEMPATH\Database\BaseConnection.php(693): CodeIgniter\Database\MySQLi\Connection->execute('INSERT INTO `buku` (`kode_buku`, `isbn`, `judul_buku`, `id_kategori`, `id_penulis`, `id_penerbit`, `id_rak`, `tahun`, `bahasa`, `halaman`, `jumlah`, `jml_tersedia`, `jml_dipinjam`, `cover`) VALUES (\'004\', \'004\', \'TEST\', \'7\', \'5\', \'5\', \'8\', \'2011\', \'Indonesia\', \'155\', \'60\', NULL, \'0\', \'1681797511_b6f0cb18c3e514f6da50.jpg\')')
 3 SYSTEMPATH\Database\BaseConnection.php(620): CodeIgniter\Database\BaseConnection->simpleQuery('INSERT INTO `buku` (`kode_buku`, `isbn`, `judul_buku`, `id_kategori`, `id_penulis`, `id_penerbit`, `id_rak`, `tahun`, `bahasa`, `halaman`, `jumlah`, `jml_tersedia`, `jml_dipinjam`, `cover`) VALUES (\'004\', \'004\', \'TEST\', \'7\', \'5\', \'5\', \'8\', \'2011\', \'Indonesia\', \'155\', \'60\', NULL, \'0\', \'1681797511_b6f0cb18c3e514f6da50.jpg\')')
 4 SYSTEMPATH\Database\BaseBuilder.php(1916): CodeIgniter\Database\BaseConnection->query('INSERT INTO `buku` (`kode_buku`, `isbn`, `judul_buku`, `id_kategori`, `id_penulis`, `id_penerbit`, `id_rak`, `tahun`, `bahasa`, `halaman`, `jumlah`, `jml_tersedia`, `jml_dipinjam`, `cover`) VALUES (:kode_buku:, :isbn:, :judul_buku:, :id_kategori:, :id_penulis:, :id_penerbit:, :id_rak:, :tahun:, :bahasa:, :halaman:, :jumlah:, :jml_tersedia:, :jml_dipinjam:, :cover:)', [...], false)
 5 APPPATH\Models\ModelBuku.php(33): CodeIgniter\Database\BaseBuilder->insert([...])
 6 APPPATH\Controllers\Buku.php(168): App\Models\ModelBuku->AddData([...])
 7 SYSTEMPATH\CodeIgniter.php(904): App\Controllers\Buku->SimpanData()
 8 SYSTEMPATH\CodeIgniter.php(457): CodeIgniter\CodeIgniter->runController(Object(App\Controllers\Buku))
 9 SYSTEMPATH\CodeIgniter.php(340): CodeIgniter\CodeIgniter->handleRequest(null, Object(Config\Cache), false)
10 FCPATH\index.php(67): CodeIgniter\CodeIgniter->run()
11 SYSTEMPATH\Commands\Server\rewrite.php(43): require_once('FCPATH\\index.php')
ERROR - 2023-04-18 00:58:35 --> mysqli_sql_exception: Cannot add or update a child row: a foreign key constraint fails (`perpustakaan`.`buku`, CONSTRAINT `buku_ibfk_1` FOREIGN KEY (`id_buku`) REFERENCES `penerbit` (`id_penerbit`)) in C:\projectci4\system\Database\MySQLi\Connection.php:292
Stack trace:
#0 C:\projectci4\system\Database\MySQLi\Connection.php(292): mysqli->query('INSERT INTO `bu...', 0)
#1 C:\projectci4\system\Database\BaseConnection.php(693): CodeIgniter\Database\MySQLi\Connection->execute('INSERT INTO `bu...')
#2 C:\projectci4\system\Database\BaseConnection.php(620): CodeIgniter\Database\BaseConnection->simpleQuery('INSERT INTO `bu...')
#3 C:\projectci4\system\Database\BaseBuilder.php(1916): CodeIgniter\Database\BaseConnection->query('INSERT INTO `bu...', Array, false)
#4 C:\projectci4\app\Models\ModelBuku.php(33): CodeIgniter\Database\BaseBuilder->insert(Array)
#5 C:\projectci4\app\Controllers\Buku.php(168): App\Models\ModelBuku->AddData(Array)
#6 C:\projectci4\system\CodeIgniter.php(904): App\Controllers\Buku->SimpanData()
#7 C:\projectci4\system\CodeIgniter.php(457): CodeIgniter\CodeIgniter->runController(Object(App\Controllers\Buku))
#8 C:\projectci4\system\CodeIgniter.php(340): CodeIgniter\CodeIgniter->handleRequest(NULL, Object(Config\Cache), false)
#9 C:\projectci4\public\index.php(67): CodeIgniter\CodeIgniter->run()
#10 C:\projectci4\system\Commands\Server\rewrite.php(43): require_once('C:\\projectci4\\p...')
#11 {main}
CRITICAL - 2023-04-18 00:58:35 --> Cannot add or update a child row: a foreign key constraint fails (`perpustakaan`.`buku`, CONSTRAINT `buku_ibfk_1` FOREIGN KEY (`id_buku`) REFERENCES `penerbit` (`id_penerbit`))
in SYSTEMPATH\Database\MySQLi\Connection.php on line 292.
 1 SYSTEMPATH\Database\MySQLi\Connection.php(292): mysqli->query('INSERT INTO `buku` (`kode_buku`, `isbn`, `judul_buku`, `id_kategori`, `id_penulis`, `id_penerbit`, `id_rak`, `tahun`, `bahasa`, `halaman`, `jumlah`, `jml_tersedia`, `jml_dipinjam`, `cover`) VALUES (\'004\', \'004\', \'TEST\', \'7\', \'5\', \'5\', \'8\', \'2011\', \'Indonesia\', \'155\', \'60\', NULL, \'0\', \'1681797515_c464e2e529dd4fb5acfc.jpg\')', 0)
 2 SYSTEMPATH\Database\BaseConnection.php(693): CodeIgniter\Database\MySQLi\Connection->execute('INSERT INTO `buku` (`kode_buku`, `isbn`, `judul_buku`, `id_kategori`, `id_penulis`, `id_penerbit`, `id_rak`, `tahun`, `bahasa`, `halaman`, `jumlah`, `jml_tersedia`, `jml_dipinjam`, `cover`) VALUES (\'004\', \'004\', \'TEST\', \'7\', \'5\', \'5\', \'8\', \'2011\', \'Indonesia\', \'155\', \'60\', NULL, \'0\', \'1681797515_c464e2e529dd4fb5acfc.jpg\')')
 3 SYSTEMPATH\Database\BaseConnection.php(620): CodeIgniter\Database\BaseConnection->simpleQuery('INSERT INTO `buku` (`kode_buku`, `isbn`, `judul_buku`, `id_kategori`, `id_penulis`, `id_penerbit`, `id_rak`, `tahun`, `bahasa`, `halaman`, `jumlah`, `jml_tersedia`, `jml_dipinjam`, `cover`) VALUES (\'004\', \'004\', \'TEST\', \'7\', \'5\', \'5\', \'8\', \'2011\', \'Indonesia\', \'155\', \'60\', NULL, \'0\', \'1681797515_c464e2e529dd4fb5acfc.jpg\')')
 4 SYSTEMPATH\Database\BaseBuilder.php(1916): CodeIgniter\Database\BaseConnection->query('INSERT INTO `buku` (`kode_buku`, `isbn`, `judul_buku`, `id_kategori`, `id_penulis`, `id_penerbit`, `id_rak`, `tahun`, `bahasa`, `halaman`, `jumlah`, `jml_tersedia`, `jml_dipinjam`, `cover`) VALUES (:kode_buku:, :isbn:, :judul_buku:, :id_kategori:, :id_penulis:, :id_penerbit:, :id_rak:, :tahun:, :bahasa:, :halaman:, :jumlah:, :jml_tersedia:, :jml_dipinjam:, :cover:)', [...], false)
 5 APPPATH\Models\ModelBuku.php(33): CodeIgniter\Database\BaseBuilder->insert([...])
 6 APPPATH\Controllers\Buku.php(168): App\Models\ModelBuku->AddData([...])
 7 SYSTEMPATH\CodeIgniter.php(904): App\Controllers\Buku->SimpanData()
 8 SYSTEMPATH\CodeIgniter.php(457): CodeIgniter\CodeIgniter->runController(Object(App\Controllers\Buku))
 9 SYSTEMPATH\CodeIgniter.php(340): CodeIgniter\CodeIgniter->handleRequest(null, Object(Config\Cache), false)
10 FCPATH\index.php(67): CodeIgniter\CodeIgniter->run()
11 SYSTEMPATH\Commands\Server\rewrite.php(43): require_once('FCPATH\\index.php')
ERROR - 2023-04-18 01:00:39 --> mysqli_sql_exception: Cannot add or update a child row: a foreign key constraint fails (`perpustakaan`.`buku`, CONSTRAINT `buku_ibfk_1` FOREIGN KEY (`id_buku`) REFERENCES `penerbit` (`id_penerbit`)) in C:\projectci4\system\Database\MySQLi\Connection.php:292
Stack trace:
#0 C:\projectci4\system\Database\MySQLi\Connection.php(292): mysqli->query('INSERT INTO `bu...', 0)
#1 C:\projectci4\system\Database\BaseConnection.php(693): CodeIgniter\Database\MySQLi\Connection->execute('INSERT INTO `bu...')
#2 C:\projectci4\system\Database\BaseConnection.php(620): CodeIgniter\Database\BaseConnection->simpleQuery('INSERT INTO `bu...')
#3 C:\projectci4\system\Database\BaseBuilder.php(1916): CodeIgniter\Database\BaseConnection->query('INSERT INTO `bu...', Array, false)
#4 C:\projectci4\app\Models\ModelBuku.php(33): CodeIgniter\Database\BaseBuilder->insert(Array)
#5 C:\projectci4\app\Controllers\Buku.php(168): App\Models\ModelBuku->AddData(Array)
#6 C:\projectci4\system\CodeIgniter.php(904): App\Controllers\Buku->SimpanData()
#7 C:\projectci4\system\CodeIgniter.php(457): CodeIgniter\CodeIgniter->runController(Object(App\Controllers\Buku))
#8 C:\projectci4\system\CodeIgniter.php(340): CodeIgniter\CodeIgniter->handleRequest(NULL, Object(Config\Cache), false)
#9 C:\projectci4\public\index.php(67): CodeIgniter\CodeIgniter->run()
#10 C:\projectci4\system\Commands\Server\rewrite.php(43): require_once('C:\\projectci4\\p...')
#11 {main}
CRITICAL - 2023-04-18 01:00:39 --> Cannot add or update a child row: a foreign key constraint fails (`perpustakaan`.`buku`, CONSTRAINT `buku_ibfk_1` FOREIGN KEY (`id_buku`) REFERENCES `penerbit` (`id_penerbit`))
in SYSTEMPATH\Database\MySQLi\Connection.php on line 292.
 1 SYSTEMPATH\Database\MySQLi\Connection.php(292): mysqli->query('INSERT INTO `buku` (`kode_buku`, `isbn`, `judul_buku`, `id_kategori`, `id_penulis`, `id_penerbit`, `id_rak`, `tahun`, `bahasa`, `halaman`, `jumlah`, `jml_tersedia`, `jml_dipinjam`, `cover`) VALUES (\'004\', \'004\', \'TEST\', \'7\', \'5\', \'5\', \'8\', \'2011\', \'Indonesia\', \'155\', \'60\', NULL, \'0\', \'1681797639_39811fcb39e973c60417.jpg\')', 0)
 2 SYSTEMPATH\Database\BaseConnection.php(693): CodeIgniter\Database\MySQLi\Connection->execute('INSERT INTO `buku` (`kode_buku`, `isbn`, `judul_buku`, `id_kategori`, `id_penulis`, `id_penerbit`, `id_rak`, `tahun`, `bahasa`, `halaman`, `jumlah`, `jml_tersedia`, `jml_dipinjam`, `cover`) VALUES (\'004\', \'004\', \'TEST\', \'7\', \'5\', \'5\', \'8\', \'2011\', \'Indonesia\', \'155\', \'60\', NULL, \'0\', \'1681797639_39811fcb39e973c60417.jpg\')')
 3 SYSTEMPATH\Database\BaseConnection.php(620): CodeIgniter\Database\BaseConnection->simpleQuery('INSERT INTO `buku` (`kode_buku`, `isbn`, `judul_buku`, `id_kategori`, `id_penulis`, `id_penerbit`, `id_rak`, `tahun`, `bahasa`, `halaman`, `jumlah`, `jml_tersedia`, `jml_dipinjam`, `cover`) VALUES (\'004\', \'004\', \'TEST\', \'7\', \'5\', \'5\', \'8\', \'2011\', \'Indonesia\', \'155\', \'60\', NULL, \'0\', \'1681797639_39811fcb39e973c60417.jpg\')')
 4 SYSTEMPATH\Database\BaseBuilder.php(1916): CodeIgniter\Database\BaseConnection->query('INSERT INTO `buku` (`kode_buku`, `isbn`, `judul_buku`, `id_kategori`, `id_penulis`, `id_penerbit`, `id_rak`, `tahun`, `bahasa`, `halaman`, `jumlah`, `jml_tersedia`, `jml_dipinjam`, `cover`) VALUES (:kode_buku:, :isbn:, :judul_buku:, :id_kategori:, :id_penulis:, :id_penerbit:, :id_rak:, :tahun:, :bahasa:, :halaman:, :jumlah:, :jml_tersedia:, :jml_dipinjam:, :cover:)', [...], false)
 5 APPPATH\Models\ModelBuku.php(33): CodeIgniter\Database\BaseBuilder->insert([...])
 6 APPPATH\Controllers\Buku.php(168): App\Models\ModelBuku->AddData([...])
 7 SYSTEMPATH\CodeIgniter.php(904): App\Controllers\Buku->SimpanData()
 8 SYSTEMPATH\CodeIgniter.php(457): CodeIgniter\CodeIgniter->runController(Object(App\Controllers\Buku))
 9 SYSTEMPATH\CodeIgniter.php(340): CodeIgniter\CodeIgniter->handleRequest(null, Object(Config\Cache), false)
10 FCPATH\index.php(67): CodeIgniter\CodeIgniter->run()
11 SYSTEMPATH\Commands\Server\rewrite.php(43): require_once('FCPATH\\index.php')
CRITICAL - 2023-04-18 01:06:23 --> Undefined index: no_pinjam 
in APPPATH\Views\peminjaman\v_pengajuan.php on line 52.
 1 APPPATH\Views\peminjaman\v_pengajuan.php(52): CodeIgniter\Debug\Exceptions->errorHandler(8, 'Undefined index: no_pinjam ', 'APPPATH\\Views\\peminjaman\\v_pengajuan.php', 52, [...])
 2 SYSTEMPATH\View\View.php(213): include('APPPATH\\Views\\peminjaman\\v_pengajuan.php')
 3 SYSTEMPATH\View\View.php(216): CodeIgniter\View\View->CodeIgniter\View\{closure}()
 4 SYSTEMPATH\Common.php(1137): CodeIgniter\View\View->render('peminjaman/v_pengajuan', [], true)
 5 APPPATH\Views\v_template_anggota.php(172): view('peminjaman/v_pengajuan')
 6 SYSTEMPATH\View\View.php(213): include('APPPATH\\Views\\v_template_anggota.php')
 7 SYSTEMPATH\View\View.php(216): CodeIgniter\View\View->CodeIgniter\View\{closure}()
 8 SYSTEMPATH\Common.php(1137): CodeIgniter\View\View->render('v_template_anggota', [], true)
 9 APPPATH\Controllers\Peminjaman.php(38): view('v_template_anggota', [...])
10 SYSTEMPATH\CodeIgniter.php(904): App\Controllers\Peminjaman->Pengajuan()
11 SYSTEMPATH\CodeIgniter.php(457): CodeIgniter\CodeIgniter->runController(Object(App\Controllers\Peminjaman))
12 SYSTEMPATH\CodeIgniter.php(340): CodeIgniter\CodeIgniter->handleRequest(null, Object(Config\Cache), false)
13 FCPATH\index.php(67): CodeIgniter\CodeIgniter->run()
14 SYSTEMPATH\Commands\Server\rewrite.php(43): require_once('FCPATH\\index.php')
CRITICAL - 2023-04-18 01:07:06 --> Undefined index: no_pinjam 
in APPPATH\Views\peminjaman\v_pengajuan.php on line 51.
 1 APPPATH\Views\peminjaman\v_pengajuan.php(51): CodeIgniter\Debug\Exceptions->errorHandler(8, 'Undefined index: no_pinjam ', 'APPPATH\\Views\\peminjaman\\v_pengajuan.php', 51, [...])
 2 SYSTEMPATH\View\View.php(213): include('APPPATH\\Views\\peminjaman\\v_pengajuan.php')
 3 SYSTEMPATH\View\View.php(216): CodeIgniter\View\View->CodeIgniter\View\{closure}()
 4 SYSTEMPATH\Common.php(1137): CodeIgniter\View\View->render('peminjaman/v_pengajuan', [], true)
 5 APPPATH\Views\v_template_anggota.php(172): view('peminjaman/v_pengajuan')
 6 SYSTEMPATH\View\View.php(213): include('APPPATH\\Views\\v_template_anggota.php')
 7 SYSTEMPATH\View\View.php(216): CodeIgniter\View\View->CodeIgniter\View\{closure}()
 8 SYSTEMPATH\Common.php(1137): CodeIgniter\View\View->render('v_template_anggota', [], true)
 9 APPPATH\Controllers\Peminjaman.php(38): view('v_template_anggota', [...])
10 SYSTEMPATH\CodeIgniter.php(904): App\Controllers\Peminjaman->Pengajuan()
11 SYSTEMPATH\CodeIgniter.php(457): CodeIgniter\CodeIgniter->runController(Object(App\Controllers\Peminjaman))
12 SYSTEMPATH\CodeIgniter.php(340): CodeIgniter\CodeIgniter->handleRequest(null, Object(Config\Cache), false)
13 FCPATH\index.php(67): CodeIgniter\CodeIgniter->run()
14 SYSTEMPATH\Commands\Server\rewrite.php(43): require_once('FCPATH\\index.php')
ERROR - 2023-04-18 01:15:23 --> mysqli_sql_exception: Unknown column 'peminjaman.id_kategori' in 'on clause' in C:\projectci4\system\Database\MySQLi\Connection.php:292
Stack trace:
#0 C:\projectci4\system\Database\MySQLi\Connection.php(292): mysqli->query('SELECT *\nFROM `...', 0)
#1 C:\projectci4\system\Database\BaseConnection.php(693): CodeIgniter\Database\MySQLi\Connection->execute('SELECT *\nFROM `...')
#2 C:\projectci4\system\Database\BaseConnection.php(620): CodeIgniter\Database\BaseConnection->simpleQuery('SELECT *\nFROM `...')
#3 C:\projectci4\system\Database\BaseBuilder.php(1585): CodeIgniter\Database\BaseConnection->query('SELECT *\nFROM `...', Array, false)
#4 C:\projectci4\app\Models\ModelPeminjaman.php(24): CodeIgniter\Database\BaseBuilder->get()
#5 C:\projectci4\app\Controllers\Peminjaman.php(35): App\Models\ModelPeminjaman->PengajuanBuku('1')
#6 C:\projectci4\system\CodeIgniter.php(904): App\Controllers\Peminjaman->Pengajuan()
#7 C:\projectci4\system\CodeIgniter.php(457): CodeIgniter\CodeIgniter->runController(Object(App\Controllers\Peminjaman))
#8 C:\projectci4\system\CodeIgniter.php(340): CodeIgniter\CodeIgniter->handleRequest(NULL, Object(Config\Cache), false)
#9 C:\projectci4\public\index.php(67): CodeIgniter\CodeIgniter->run()
#10 C:\projectci4\system\Commands\Server\rewrite.php(43): require_once('C:\\projectci4\\p...')
#11 {main}
CRITICAL - 2023-04-18 01:15:23 --> Unknown column 'peminjaman.id_kategori' in 'on clause'
in SYSTEMPATH\Database\MySQLi\Connection.php on line 292.
 1 SYSTEMPATH\Database\MySQLi\Connection.php(292): mysqli->query('SELECT *
FROM `peminjaman`
LEFT JOIN `buku` ON `buku`.`id_buku` = `peminjaman`.`id_buku`
LEFT JOIN `kategori` ON `kategori`.`id_kategori` = `peminjaman`.`id_kategori`
LEFT JOIN `penerbit` ON `penerbit`.`id_penerbit` = `peminjaman`.`id_penerbit`
LEFT JOIN `penulis` ON `penulis`.`id_penulis` = `peminjaman`.`id_penulis`
LEFT JOIN `rak` ON `rak`.`id_rak` = `peminjaman`.`id_rak`
WHERE `id_anggota` = \'1\'
AND `status_pinjam` = \'Diajukan\'', 0)
 2 SYSTEMPATH\Database\BaseConnection.php(693): CodeIgniter\Database\MySQLi\Connection->execute('SELECT *
FROM `peminjaman`
LEFT JOIN `buku` ON `buku`.`id_buku` = `peminjaman`.`id_buku`
LEFT JOIN `kategori` ON `kategori`.`id_kategori` = `peminjaman`.`id_kategori`
LEFT JOIN `penerbit` ON `penerbit`.`id_penerbit` = `peminjaman`.`id_penerbit`
LEFT JOIN `penulis` ON `penulis`.`id_penulis` = `peminjaman`.`id_penulis`
LEFT JOIN `rak` ON `rak`.`id_rak` = `peminjaman`.`id_rak`
WHERE `id_anggota` = \'1\'
AND `status_pinjam` = \'Diajukan\'')
 3 SYSTEMPATH\Database\BaseConnection.php(620): CodeIgniter\Database\BaseConnection->simpleQuery('SELECT *
FROM `peminjaman`
LEFT JOIN `buku` ON `buku`.`id_buku` = `peminjaman`.`id_buku`
LEFT JOIN `kategori` ON `kategori`.`id_kategori` = `peminjaman`.`id_kategori`
LEFT JOIN `penerbit` ON `penerbit`.`id_penerbit` = `peminjaman`.`id_penerbit`
LEFT JOIN `penulis` ON `penulis`.`id_penulis` = `peminjaman`.`id_penulis`
LEFT JOIN `rak` ON `rak`.`id_rak` = `peminjaman`.`id_rak`
WHERE `id_anggota` = \'1\'
AND `status_pinjam` = \'Diajukan\'')
 4 SYSTEMPATH\Database\BaseBuilder.php(1585): CodeIgniter\Database\BaseConnection->query('SELECT *
FROM `peminjaman`
LEFT JOIN `buku` ON `buku`.`id_buku` = `peminjaman`.`id_buku`
LEFT JOIN `kategori` ON `kategori`.`id_kategori` = `peminjaman`.`id_kategori`
LEFT JOIN `penerbit` ON `penerbit`.`id_penerbit` = `peminjaman`.`id_penerbit`
LEFT JOIN `penulis` ON `penulis`.`id_penulis` = `peminjaman`.`id_penulis`
LEFT JOIN `rak` ON `rak`.`id_rak` = `peminjaman`.`id_rak`
WHERE `id_anggota` = :id_anggota:
AND `status_pinjam` = :status_pinjam:', [...], false)
 5 APPPATH\Models\ModelPeminjaman.php(24): CodeIgniter\Database\BaseBuilder->get()
 6 APPPATH\Controllers\Peminjaman.php(35): App\Models\ModelPeminjaman->PengajuanBuku('1')
 7 SYSTEMPATH\CodeIgniter.php(904): App\Controllers\Peminjaman->Pengajuan()
 8 SYSTEMPATH\CodeIgniter.php(457): CodeIgniter\CodeIgniter->runController(Object(App\Controllers\Peminjaman))
 9 SYSTEMPATH\CodeIgniter.php(340): CodeIgniter\CodeIgniter->handleRequest(null, Object(Config\Cache), false)
10 FCPATH\index.php(67): CodeIgniter\CodeIgniter->run()
11 SYSTEMPATH\Commands\Server\rewrite.php(43): require_once('FCPATH\\index.php')
