CRITICAL - 2023-05-03 00:36:05 --> Trying to access array offset on value of type null
in APPPATH\Views\v_template_anggota.php on line 61.
 1 APPPATH\Views\v_template_anggota.php(61): CodeIgniter\Debug\Exceptions->errorHandler(8, 'Trying to access array offset on value of type null', 'APPPATH\\Views\\v_template_anggota.php', 61, [...])
 2 SYSTEMPATH\View\View.php(213): include('APPPATH\\Views\\v_template_anggota.php')
 3 SYSTEMPATH\View\View.php(216): CodeIgniter\View\View->CodeIgniter\View\{closure}()
 4 SYSTEMPATH\Common.php(1137): CodeIgniter\View\View->render('v_template_anggota', [], true)
 5 APPPATH\Controllers\Peminjaman.php(37): view('v_template_anggota', [...])
 6 SYSTEMPATH\CodeIgniter.php(904): App\Controllers\Peminjaman->Pengajuan()
 7 SYSTEMPATH\CodeIgniter.php(457): CodeIgniter\CodeIgniter->runController(Object(App\Controllers\Peminjaman))
 8 SYSTEMPATH\CodeIgniter.php(340): CodeIgniter\CodeIgniter->handleRequest(null, Object(Config\Cache), false)
 9 FCPATH\index.php(67): CodeIgniter\CodeIgniter->run()
10 SYSTEMPATH\Commands\Server\rewrite.php(43): require_once('FCPATH\\index.php')
CRITICAL - 2023-05-03 00:37:04 --> Trying to access array offset on value of type null
in APPPATH\Views\v_template_anggota.php on line 61.
 1 APPPATH\Views\v_template_anggota.php(61): CodeIgniter\Debug\Exceptions->errorHandler(8, 'Trying to access array offset on value of type null', 'APPPATH\\Views\\v_template_anggota.php', 61, [...])
 2 SYSTEMPATH\View\View.php(213): include('APPPATH\\Views\\v_template_anggota.php')
 3 SYSTEMPATH\View\View.php(216): CodeIgniter\View\View->CodeIgniter\View\{closure}()
 4 SYSTEMPATH\Common.php(1137): CodeIgniter\View\View->render('v_template_anggota', [], true)
 5 APPPATH\Controllers\Peminjaman.php(37): view('v_template_anggota', [...])
 6 SYSTEMPATH\CodeIgniter.php(904): App\Controllers\Peminjaman->Pengajuan()
 7 SYSTEMPATH\CodeIgniter.php(457): CodeIgniter\CodeIgniter->runController(Object(App\Controllers\Peminjaman))
 8 SYSTEMPATH\CodeIgniter.php(340): CodeIgniter\CodeIgniter->handleRequest(null, Object(Config\Cache), false)
 9 FCPATH\index.php(67): CodeIgniter\CodeIgniter->run()
10 SYSTEMPATH\Commands\Server\rewrite.php(43): require_once('FCPATH\\index.php')
CRITICAL - 2023-05-03 04:10:41 --> Undefined variable: buku
in APPPATH\Controllers\Buku.php on line 48.
 1 APPPATH\Controllers\Buku.php(48): CodeIgniter\Debug\Exceptions->errorHandler(8, 'Undefined variable: buku', 'APPPATH\\Controllers\\Buku.php', 48, [])
 2 SYSTEMPATH\CodeIgniter.php(904): App\Controllers\Buku->AddData()
 3 SYSTEMPATH\CodeIgniter.php(457): CodeIgniter\CodeIgniter->runController(Object(App\Controllers\Buku))
 4 SYSTEMPATH\CodeIgniter.php(340): CodeIgniter\CodeIgniter->handleRequest(null, Object(Config\Cache), false)
 5 FCPATH\index.php(67): CodeIgniter\CodeIgniter->run()
 6 SYSTEMPATH\Commands\Server\rewrite.php(43): require_once('FCPATH\\index.php')
CRITICAL - 2023-05-03 04:14:51 --> Trying to get property 'kode_buku' of non-object
in APPPATH\Models\ModelBuku.php on line 63.
 1 APPPATH\Models\ModelBuku.php(63): CodeIgniter\Debug\Exceptions->errorHandler(8, 'Trying to get property \'kode_buku\' of non-object', 'APPPATH\\Models\\ModelBuku.php', 63, [...])
 2 APPPATH\Controllers\Buku.php(48): App\Models\ModelBuku->getNoKodeBuku()
 3 SYSTEMPATH\CodeIgniter.php(904): App\Controllers\Buku->AddData()
 4 SYSTEMPATH\CodeIgniter.php(457): CodeIgniter\CodeIgniter->runController(Object(App\Controllers\Buku))
 5 SYSTEMPATH\CodeIgniter.php(340): CodeIgniter\CodeIgniter->handleRequest(null, Object(Config\Cache), false)
 6 FCPATH\index.php(67): CodeIgniter\CodeIgniter->run()
 7 SYSTEMPATH\Commands\Server\rewrite.php(43): require_once('FCPATH\\index.php')
CRITICAL - 2023-05-03 04:15:00 --> Trying to get property 'kode_buku' of non-object
in APPPATH\Models\ModelBuku.php on line 63.
 1 APPPATH\Models\ModelBuku.php(63): CodeIgniter\Debug\Exceptions->errorHandler(8, 'Trying to get property \'kode_buku\' of non-object', 'APPPATH\\Models\\ModelBuku.php', 63, [...])
 2 APPPATH\Controllers\Buku.php(48): App\Models\ModelBuku->getNoKodeBuku()
 3 SYSTEMPATH\CodeIgniter.php(904): App\Controllers\Buku->AddData()
 4 SYSTEMPATH\CodeIgniter.php(457): CodeIgniter\CodeIgniter->runController(Object(App\Controllers\Buku))
 5 SYSTEMPATH\CodeIgniter.php(340): CodeIgniter\CodeIgniter->handleRequest(null, Object(Config\Cache), false)
 6 FCPATH\index.php(67): CodeIgniter\CodeIgniter->run()
 7 SYSTEMPATH\Commands\Server\rewrite.php(43): require_once('FCPATH\\index.php')
