CRITICAL - 2023-03-01 18:37:53 --> Undefined property: App\Controllers\Rak::$ModelKategori
in APPPATH\Controllers\Rak.php on line 34.
 1 APPPATH\Controllers\Rak.php(34): CodeIgniter\Debug\Exceptions->errorHandler(8, 'Undefined property: App\\Controllers\\Rak::$ModelKategori', 'APPPATH\\Controllers\\Rak.php', 34, [...])
 2 SYSTEMPATH\CodeIgniter.php(904): App\Controllers\Rak->AddData()
 3 SYSTEMPATH\CodeIgniter.php(457): CodeIgniter\CodeIgniter->runController(Object(App\Controllers\Rak))
 4 SYSTEMPATH\CodeIgniter.php(340): CodeIgniter\CodeIgniter->handleRequest(null, Object(Config\Cache), false)
 5 FCPATH\index.php(67): CodeIgniter\CodeIgniter->run()
 6 SYSTEMPATH\Commands\Server\rewrite.php(43): require_once('FCPATH\\index.php')
ERROR - 2023-03-01 18:38:16 --> mysqli_sql_exception: Column 'lantai_rak' cannot be null in C:\projectci4\system\Database\MySQLi\Connection.php:292
Stack trace:
#0 C:\projectci4\system\Database\MySQLi\Connection.php(292): mysqli->query('INSERT INTO `ra...', 0)
#1 C:\projectci4\system\Database\BaseConnection.php(693): CodeIgniter\Database\MySQLi\Connection->execute('INSERT INTO `ra...')
#2 C:\projectci4\system\Database\BaseConnection.php(620): CodeIgniter\Database\BaseConnection->simpleQuery('INSERT INTO `ra...')
#3 C:\projectci4\system\Database\BaseBuilder.php(1916): CodeIgniter\Database\BaseConnection->query('INSERT INTO `ra...', Array, false)
#4 C:\projectci4\app\Models\ModelRak.php(18): CodeIgniter\Database\BaseBuilder->insert(Array)
#5 C:\projectci4\app\Controllers\Rak.php(34): App\Models\ModelRak->AddData(Array)
#6 C:\projectci4\system\CodeIgniter.php(904): App\Controllers\Rak->AddData()
#7 C:\projectci4\system\CodeIgniter.php(457): CodeIgniter\CodeIgniter->runController(Object(App\Controllers\Rak))
#8 C:\projectci4\system\CodeIgniter.php(340): CodeIgniter\CodeIgniter->handleRequest(NULL, Object(Config\Cache), false)
#9 C:\projectci4\public\index.php(67): CodeIgniter\CodeIgniter->run()
#10 C:\projectci4\system\Commands\Server\rewrite.php(43): require_once('C:\\projectci4\\p...')
#11 {main}
CRITICAL - 2023-03-01 18:38:16 --> Column 'lantai_rak' cannot be null
in SYSTEMPATH\Database\MySQLi\Connection.php on line 292.
 1 SYSTEMPATH\Database\MySQLi\Connection.php(292): mysqli->query('INSERT INTO `rak` (`nama_rak`, `lantai_rak`) VALUES (\'1\', NULL)', 0)
 2 SYSTEMPATH\Database\BaseConnection.php(693): CodeIgniter\Database\MySQLi\Connection->execute('INSERT INTO `rak` (`nama_rak`, `lantai_rak`) VALUES (\'1\', NULL)')
 3 SYSTEMPATH\Database\BaseConnection.php(620): CodeIgniter\Database\BaseConnection->simpleQuery('INSERT INTO `rak` (`nama_rak`, `lantai_rak`) VALUES (\'1\', NULL)')
 4 SYSTEMPATH\Database\BaseBuilder.php(1916): CodeIgniter\Database\BaseConnection->query('INSERT INTO `rak` (`nama_rak`, `lantai_rak`) VALUES (:nama_rak:, :lantai_rak:)', [...], false)
 5 APPPATH\Models\ModelRak.php(18): CodeIgniter\Database\BaseBuilder->insert([...])
 6 APPPATH\Controllers\Rak.php(34): App\Models\ModelRak->AddData([...])
 7 SYSTEMPATH\CodeIgniter.php(904): App\Controllers\Rak->AddData()
 8 SYSTEMPATH\CodeIgniter.php(457): CodeIgniter\CodeIgniter->runController(Object(App\Controllers\Rak))
 9 SYSTEMPATH\CodeIgniter.php(340): CodeIgniter\CodeIgniter->handleRequest(null, Object(Config\Cache), false)
10 FCPATH\index.php(67): CodeIgniter\CodeIgniter->run()
11 SYSTEMPATH\Commands\Server\rewrite.php(43): require_once('FCPATH\\index.php')
ERROR - 2023-03-01 18:38:28 --> mysqli_sql_exception: Column 'lantai_rak' cannot be null in C:\projectci4\system\Database\MySQLi\Connection.php:292
Stack trace:
#0 C:\projectci4\system\Database\MySQLi\Connection.php(292): mysqli->query('INSERT INTO `ra...', 0)
#1 C:\projectci4\system\Database\BaseConnection.php(693): CodeIgniter\Database\MySQLi\Connection->execute('INSERT INTO `ra...')
#2 C:\projectci4\system\Database\BaseConnection.php(620): CodeIgniter\Database\BaseConnection->simpleQuery('INSERT INTO `ra...')
#3 C:\projectci4\system\Database\BaseBuilder.php(1916): CodeIgniter\Database\BaseConnection->query('INSERT INTO `ra...', Array, false)
#4 C:\projectci4\app\Models\ModelRak.php(18): CodeIgniter\Database\BaseBuilder->insert(Array)
#5 C:\projectci4\app\Controllers\Rak.php(34): App\Models\ModelRak->AddData(Array)
#6 C:\projectci4\system\CodeIgniter.php(904): App\Controllers\Rak->AddData()
#7 C:\projectci4\system\CodeIgniter.php(457): CodeIgniter\CodeIgniter->runController(Object(App\Controllers\Rak))
#8 C:\projectci4\system\CodeIgniter.php(340): CodeIgniter\CodeIgniter->handleRequest(NULL, Object(Config\Cache), false)
#9 C:\projectci4\public\index.php(67): CodeIgniter\CodeIgniter->run()
#10 C:\projectci4\system\Commands\Server\rewrite.php(43): require_once('C:\\projectci4\\p...')
#11 {main}
CRITICAL - 2023-03-01 18:38:28 --> Column 'lantai_rak' cannot be null
in SYSTEMPATH\Database\MySQLi\Connection.php on line 292.
 1 SYSTEMPATH\Database\MySQLi\Connection.php(292): mysqli->query('INSERT INTO `rak` (`nama_rak`, `lantai_rak`) VALUES (\'1\', NULL)', 0)
 2 SYSTEMPATH\Database\BaseConnection.php(693): CodeIgniter\Database\MySQLi\Connection->execute('INSERT INTO `rak` (`nama_rak`, `lantai_rak`) VALUES (\'1\', NULL)')
 3 SYSTEMPATH\Database\BaseConnection.php(620): CodeIgniter\Database\BaseConnection->simpleQuery('INSERT INTO `rak` (`nama_rak`, `lantai_rak`) VALUES (\'1\', NULL)')
 4 SYSTEMPATH\Database\BaseBuilder.php(1916): CodeIgniter\Database\BaseConnection->query('INSERT INTO `rak` (`nama_rak`, `lantai_rak`) VALUES (:nama_rak:, :lantai_rak:)', [...], false)
 5 APPPATH\Models\ModelRak.php(18): CodeIgniter\Database\BaseBuilder->insert([...])
 6 APPPATH\Controllers\Rak.php(34): App\Models\ModelRak->AddData([...])
 7 SYSTEMPATH\CodeIgniter.php(904): App\Controllers\Rak->AddData()
 8 SYSTEMPATH\CodeIgniter.php(457): CodeIgniter\CodeIgniter->runController(Object(App\Controllers\Rak))
 9 SYSTEMPATH\CodeIgniter.php(340): CodeIgniter\CodeIgniter->handleRequest(null, Object(Config\Cache), false)
10 FCPATH\index.php(67): CodeIgniter\CodeIgniter->run()
11 SYSTEMPATH\Commands\Server\rewrite.php(43): require_once('FCPATH\\index.php')
ERROR - 2023-03-01 18:39:33 --> mysqli_sql_exception: Column 'lantai_rak' cannot be null in C:\projectci4\system\Database\MySQLi\Connection.php:292
Stack trace:
#0 C:\projectci4\system\Database\MySQLi\Connection.php(292): mysqli->query('INSERT INTO `ra...', 0)
#1 C:\projectci4\system\Database\BaseConnection.php(693): CodeIgniter\Database\MySQLi\Connection->execute('INSERT INTO `ra...')
#2 C:\projectci4\system\Database\BaseConnection.php(620): CodeIgniter\Database\BaseConnection->simpleQuery('INSERT INTO `ra...')
#3 C:\projectci4\system\Database\BaseBuilder.php(1916): CodeIgniter\Database\BaseConnection->query('INSERT INTO `ra...', Array, false)
#4 C:\projectci4\app\Models\ModelRak.php(18): CodeIgniter\Database\BaseBuilder->insert(Array)
#5 C:\projectci4\app\Controllers\Rak.php(34): App\Models\ModelRak->AddData(Array)
#6 C:\projectci4\system\CodeIgniter.php(904): App\Controllers\Rak->AddData()
#7 C:\projectci4\system\CodeIgniter.php(457): CodeIgniter\CodeIgniter->runController(Object(App\Controllers\Rak))
#8 C:\projectci4\system\CodeIgniter.php(340): CodeIgniter\CodeIgniter->handleRequest(NULL, Object(Config\Cache), false)
#9 C:\projectci4\public\index.php(67): CodeIgniter\CodeIgniter->run()
#10 C:\projectci4\system\Commands\Server\rewrite.php(43): require_once('C:\\projectci4\\p...')
#11 {main}
CRITICAL - 2023-03-01 18:39:33 --> Column 'lantai_rak' cannot be null
in SYSTEMPATH\Database\MySQLi\Connection.php on line 292.
 1 SYSTEMPATH\Database\MySQLi\Connection.php(292): mysqli->query('INSERT INTO `rak` (`nama_rak`, `lantai_rak`) VALUES (\'1\', NULL)', 0)
 2 SYSTEMPATH\Database\BaseConnection.php(693): CodeIgniter\Database\MySQLi\Connection->execute('INSERT INTO `rak` (`nama_rak`, `lantai_rak`) VALUES (\'1\', NULL)')
 3 SYSTEMPATH\Database\BaseConnection.php(620): CodeIgniter\Database\BaseConnection->simpleQuery('INSERT INTO `rak` (`nama_rak`, `lantai_rak`) VALUES (\'1\', NULL)')
 4 SYSTEMPATH\Database\BaseBuilder.php(1916): CodeIgniter\Database\BaseConnection->query('INSERT INTO `rak` (`nama_rak`, `lantai_rak`) VALUES (:nama_rak:, :lantai_rak:)', [...], false)
 5 APPPATH\Models\ModelRak.php(18): CodeIgniter\Database\BaseBuilder->insert([...])
 6 APPPATH\Controllers\Rak.php(34): App\Models\ModelRak->AddData([...])
 7 SYSTEMPATH\CodeIgniter.php(904): App\Controllers\Rak->AddData()
 8 SYSTEMPATH\CodeIgniter.php(457): CodeIgniter\CodeIgniter->runController(Object(App\Controllers\Rak))
 9 SYSTEMPATH\CodeIgniter.php(340): CodeIgniter\CodeIgniter->handleRequest(null, Object(Config\Cache), false)
10 FCPATH\index.php(67): CodeIgniter\CodeIgniter->run()
11 SYSTEMPATH\Commands\Server\rewrite.php(43): require_once('FCPATH\\index.php')
