CRITICAL - 2023-03-26 07:30:20 --> Class 'app\Models\ModelAnggota' not found
in APPPATH\Controllers\DashboardAnggota.php on line 13.
 1 SYSTEMPATH\CodeIgniter.php(866): App\Controllers\DashboardAnggota->__construct()
 2 SYSTEMPATH\CodeIgniter.php(448): CodeIgniter\CodeIgniter->createController()
 3 SYSTEMPATH\CodeIgniter.php(340): CodeIgniter\CodeIgniter->handleRequest(null, Object(Config\Cache), false)
 4 FCPATH\index.php(67): CodeIgniter\CodeIgniter->run()
 5 SYSTEMPATH\Commands\Server\rewrite.php(43): require_once('FCPATH\\index.php')
CRITICAL - 2023-03-26 09:08:47 --> Undefined index: no_telepon    
in APPPATH\Views\v_dashboard_anggota.php on line 46.
 1 APPPATH\Views\v_dashboard_anggota.php(46): CodeIgniter\Debug\Exceptions->errorHandler(8, 'Undefined index: no_telepon    ', 'APPPATH\\Views\\v_dashboard_anggota.php', 46, [...])
 2 SYSTEMPATH\View\View.php(213): include('APPPATH\\Views\\v_dashboard_anggota.php')
 3 SYSTEMPATH\View\View.php(216): CodeIgniter\View\View->CodeIgniter\View\{closure}()
 4 SYSTEMPATH\Common.php(1137): CodeIgniter\View\View->render('v_dashboard_anggota', [], true)
 5 APPPATH\Views\v_template_anggota.php(147): view('v_dashboard_anggota')
 6 SYSTEMPATH\View\View.php(213): include('APPPATH\\Views\\v_template_anggota.php')
 7 SYSTEMPATH\View\View.php(216): CodeIgniter\View\View->CodeIgniter\View\{closure}()
 8 SYSTEMPATH\Common.php(1137): CodeIgniter\View\View->render('v_template_anggota', [], true)
 9 APPPATH\Controllers\DashboardAnggota.php(25): view('v_template_anggota', [...])
10 SYSTEMPATH\CodeIgniter.php(904): App\Controllers\DashboardAnggota->index()
11 SYSTEMPATH\CodeIgniter.php(457): CodeIgniter\CodeIgniter->runController(Object(App\Controllers\DashboardAnggota))
12 SYSTEMPATH\CodeIgniter.php(340): CodeIgniter\CodeIgniter->handleRequest(null, Object(Config\Cache), false)
13 FCPATH\index.php(67): CodeIgniter\CodeIgniter->run()
14 SYSTEMPATH\Commands\Server\rewrite.php(43): require_once('FCPATH\\index.php')
CRITICAL - 2023-03-26 09:09:04 --> Undefined index: no_telepon
in APPPATH\Views\v_dashboard_anggota.php on line 46.
 1 APPPATH\Views\v_dashboard_anggota.php(46): CodeIgniter\Debug\Exceptions->errorHandler(8, 'Undefined index: no_telepon', 'APPPATH\\Views\\v_dashboard_anggota.php', 46, [...])
 2 SYSTEMPATH\View\View.php(213): include('APPPATH\\Views\\v_dashboard_anggota.php')
 3 SYSTEMPATH\View\View.php(216): CodeIgniter\View\View->CodeIgniter\View\{closure}()
 4 SYSTEMPATH\Common.php(1137): CodeIgniter\View\View->render('v_dashboard_anggota', [], true)
 5 APPPATH\Views\v_template_anggota.php(147): view('v_dashboard_anggota')
 6 SYSTEMPATH\View\View.php(213): include('APPPATH\\Views\\v_template_anggota.php')
 7 SYSTEMPATH\View\View.php(216): CodeIgniter\View\View->CodeIgniter\View\{closure}()
 8 SYSTEMPATH\Common.php(1137): CodeIgniter\View\View->render('v_template_anggota', [], true)
 9 APPPATH\Controllers\DashboardAnggota.php(25): view('v_template_anggota', [...])
10 SYSTEMPATH\CodeIgniter.php(904): App\Controllers\DashboardAnggota->index()
11 SYSTEMPATH\CodeIgniter.php(457): CodeIgniter\CodeIgniter->runController(Object(App\Controllers\DashboardAnggota))
12 SYSTEMPATH\CodeIgniter.php(340): CodeIgniter\CodeIgniter->handleRequest(null, Object(Config\Cache), false)
13 FCPATH\index.php(67): CodeIgniter\CodeIgniter->run()
14 SYSTEMPATH\Commands\Server\rewrite.php(43): require_once('FCPATH\\index.php')
