CRITICAL - 2023-04-27 01:23:56 --> Undefined variable: db
in APPPATH\Models\ModelBuku.php on line 53.
 1 APPPATH\Models\ModelBuku.php(53): CodeIgniter\Debug\Exceptions->errorHandler(8, 'Undefined variable: db', 'APPPATH\\Models\\ModelBuku.php', 53, [])
 2 APPPATH\Controllers\Buku.php(27): App\Models\ModelBuku->noKodeBuku()
 3 SYSTEMPATH\CodeIgniter.php(904): App\Controllers\Buku->index()
 4 SYSTEMPATH\CodeIgniter.php(457): CodeIgniter\CodeIgniter->runController(Object(App\Controllers\Buku))
 5 SYSTEMPATH\CodeIgniter.php(340): CodeIgniter\CodeIgniter->handleRequest(null, Object(Config\Cache), false)
 6 FCPATH\index.php(67): CodeIgniter\CodeIgniter->run()
 7 SYSTEMPATH\Commands\Server\rewrite.php(43): require_once('FCPATH\\index.php')
CRITICAL - 2023-04-27 01:35:16 --> You must set the database table to be used with your query.
in SYSTEMPATH\Database\BaseConnection.php on line 872.
 1 SYSTEMPATH\Model.php(586): CodeIgniter\Database\BaseConnection->table(null)
 2 SYSTEMPATH\Model.php(734): CodeIgniter\Model->builder()
 3 APPPATH\Models\ModelBuku.php(54): CodeIgniter\Model->__get('buku')
 4 APPPATH\Controllers\Buku.php(27): App\Models\ModelBuku->noKodeBuku()
 5 SYSTEMPATH\CodeIgniter.php(904): App\Controllers\Buku->index()
 6 SYSTEMPATH\CodeIgniter.php(457): CodeIgniter\CodeIgniter->runController(Object(App\Controllers\Buku))
 7 SYSTEMPATH\CodeIgniter.php(340): CodeIgniter\CodeIgniter->handleRequest(null, Object(Config\Cache), false)
 8 FCPATH\index.php(67): CodeIgniter\CodeIgniter->run()
 9 SYSTEMPATH\Commands\Server\rewrite.php(43): require_once('FCPATH\\index.php')
CRITICAL - 2023-04-27 02:03:08 --> Undefined variable: kode_buku
in APPPATH\Views\buku\v_adddata.php on line 59.
 1 APPPATH\Views\buku\v_adddata.php(59): CodeIgniter\Debug\Exceptions->errorHandler(8, 'Undefined variable: kode_buku', 'APPPATH\\Views\\buku\\v_adddata.php', 59, [...])
 2 SYSTEMPATH\View\View.php(213): include('APPPATH\\Views\\buku\\v_adddata.php')
 3 SYSTEMPATH\View\View.php(216): CodeIgniter\View\View->CodeIgniter\View\{closure}()
 4 SYSTEMPATH\Common.php(1137): CodeIgniter\View\View->render('buku/v_adddata', [], true)
 5 APPPATH\Views\v_template_admin.php(292): view('buku/v_adddata')
 6 SYSTEMPATH\View\View.php(213): include('APPPATH\\Views\\v_template_admin.php')
 7 SYSTEMPATH\View\View.php(216): CodeIgniter\View\View->CodeIgniter\View\{closure}()
 8 SYSTEMPATH\Common.php(1137): CodeIgniter\View\View->render('v_template_admin', [], true)
 9 APPPATH\Controllers\Buku.php(49): view('v_template_admin', [...])
10 SYSTEMPATH\CodeIgniter.php(904): App\Controllers\Buku->AddData()
11 SYSTEMPATH\CodeIgniter.php(457): CodeIgniter\CodeIgniter->runController(Object(App\Controllers\Buku))
12 SYSTEMPATH\CodeIgniter.php(340): CodeIgniter\CodeIgniter->handleRequest(null, Object(Config\Cache), false)
13 FCPATH\index.php(67): CodeIgniter\CodeIgniter->run()
14 SYSTEMPATH\Commands\Server\rewrite.php(43): require_once('FCPATH\\index.php')
CRITICAL - 2023-04-27 02:04:14 --> Undefined variable: kode_buku
in APPPATH\Views\buku\v_adddata.php on line 255.
 1 APPPATH\Views\buku\v_adddata.php(255): CodeIgniter\Debug\Exceptions->errorHandler(8, 'Undefined variable: kode_buku', 'APPPATH\\Views\\buku\\v_adddata.php', 255, [...])
 2 SYSTEMPATH\View\View.php(213): include('APPPATH\\Views\\buku\\v_adddata.php')
 3 SYSTEMPATH\View\View.php(216): CodeIgniter\View\View->CodeIgniter\View\{closure}()
 4 SYSTEMPATH\Common.php(1137): CodeIgniter\View\View->render('buku/v_adddata', [], true)
 5 APPPATH\Views\v_template_admin.php(292): view('buku/v_adddata')
 6 SYSTEMPATH\View\View.php(213): include('APPPATH\\Views\\v_template_admin.php')
 7 SYSTEMPATH\View\View.php(216): CodeIgniter\View\View->CodeIgniter\View\{closure}()
 8 SYSTEMPATH\Common.php(1137): CodeIgniter\View\View->render('v_template_admin', [], true)
 9 APPPATH\Controllers\Buku.php(49): view('v_template_admin', [...])
10 SYSTEMPATH\CodeIgniter.php(904): App\Controllers\Buku->AddData()
11 SYSTEMPATH\CodeIgniter.php(457): CodeIgniter\CodeIgniter->runController(Object(App\Controllers\Buku))
12 SYSTEMPATH\CodeIgniter.php(340): CodeIgniter\CodeIgniter->handleRequest(null, Object(Config\Cache), false)
13 FCPATH\index.php(67): CodeIgniter\CodeIgniter->run()
14 SYSTEMPATH\Commands\Server\rewrite.php(43): require_once('FCPATH\\index.php')
CRITICAL - 2023-04-27 02:04:28 --> Undefined variable: kode_buku
in APPPATH\Views\buku\v_adddata.php on line 255.
 1 APPPATH\Views\buku\v_adddata.php(255): CodeIgniter\Debug\Exceptions->errorHandler(8, 'Undefined variable: kode_buku', 'APPPATH\\Views\\buku\\v_adddata.php', 255, [...])
 2 SYSTEMPATH\View\View.php(213): include('APPPATH\\Views\\buku\\v_adddata.php')
 3 SYSTEMPATH\View\View.php(216): CodeIgniter\View\View->CodeIgniter\View\{closure}()
 4 SYSTEMPATH\Common.php(1137): CodeIgniter\View\View->render('buku/v_adddata', [], true)
 5 APPPATH\Views\v_template_admin.php(292): view('buku/v_adddata')
 6 SYSTEMPATH\View\View.php(213): include('APPPATH\\Views\\v_template_admin.php')
 7 SYSTEMPATH\View\View.php(216): CodeIgniter\View\View->CodeIgniter\View\{closure}()
 8 SYSTEMPATH\Common.php(1137): CodeIgniter\View\View->render('v_template_admin', [], true)
 9 APPPATH\Controllers\Buku.php(49): view('v_template_admin', [...])
10 SYSTEMPATH\CodeIgniter.php(904): App\Controllers\Buku->AddData()
11 SYSTEMPATH\CodeIgniter.php(457): CodeIgniter\CodeIgniter->runController(Object(App\Controllers\Buku))
12 SYSTEMPATH\CodeIgniter.php(340): CodeIgniter\CodeIgniter->handleRequest(null, Object(Config\Cache), false)
13 FCPATH\index.php(67): CodeIgniter\CodeIgniter->run()
14 SYSTEMPATH\Commands\Server\rewrite.php(43): require_once('FCPATH\\index.php')
CRITICAL - 2023-04-27 02:54:23 --> Call to undefined method CodeIgniter\Database\MySQLi\Connection::select()
in APPPATH\Models\ModelBuku.php on line 52.
 1 APPPATH\Controllers\Buku.php(32): App\Models\ModelBuku->kode_buku()
 2 SYSTEMPATH\CodeIgniter.php(904): App\Controllers\Buku->index()
 3 SYSTEMPATH\CodeIgniter.php(457): CodeIgniter\CodeIgniter->runController(Object(App\Controllers\Buku))
 4 SYSTEMPATH\CodeIgniter.php(340): CodeIgniter\CodeIgniter->handleRequest(null, Object(Config\Cache), false)
 5 FCPATH\index.php(67): CodeIgniter\CodeIgniter->run()
 6 SYSTEMPATH\Commands\Server\rewrite.php(43): require_once('FCPATH\\index.php')
CRITICAL - 2023-04-27 03:01:13 --> Too few arguments to function App\Models\ModelBuku::AddData(), 0 passed in C:\projectci4\app\Controllers\Buku.php on line 32 and exactly 1 expected
in APPPATH\Models\ModelBuku.php on line 31.
 1 APPPATH\Controllers\Buku.php(32): App\Models\ModelBuku->AddData()
 2 SYSTEMPATH\CodeIgniter.php(904): App\Controllers\Buku->index()
 3 SYSTEMPATH\CodeIgniter.php(457): CodeIgniter\CodeIgniter->runController(Object(App\Controllers\Buku))
 4 SYSTEMPATH\CodeIgniter.php(340): CodeIgniter\CodeIgniter->handleRequest(null, Object(Config\Cache), false)
 5 FCPATH\index.php(67): CodeIgniter\CodeIgniter->run()
 6 SYSTEMPATH\Commands\Server\rewrite.php(43): require_once('FCPATH\\index.php')
