ERROR - 2023-03-08 18:49:32 --> Error connecting to the database: mysqli_sql_exception: No connection could be made because the target machine actively refused it.
 in C:\projectci4\system\Database\MySQLi\Connection.php:171
Stack trace:
#0 C:\projectci4\system\Database\MySQLi\Connection.php(171): mysqli->real_connect('localhost', 'root', '', 'db_perpustakaan', 3306, '', 0)
#1 C:\projectci4\system\Database\BaseConnection.php(382): CodeIgniter\Database\MySQLi\Connection->connect(false)
#2 C:\projectci4\system\Database\BaseConnection.php(588): CodeIgniter\Database\BaseConnection->initialize()
#3 C:\projectci4\system\Database\BaseBuilder.php(1585): CodeIgniter\Database\BaseConnection->query('SELECT *\nFROM `...', Array, false)
#4 C:\projectci4\app\Models\ModelAuth.php(15): CodeIgniter\Database\BaseBuilder->get()
#5 C:\projectci4\app\Controllers\Auth.php(52): App\Models\ModelAuth->LoginUser('admin@gmail.com', '211006')
#6 C:\projectci4\system\CodeIgniter.php(904): App\Controllers\Auth->CekLoginUser()
#7 C:\projectci4\system\CodeIgniter.php(457): CodeIgniter\CodeIgniter->runController(Object(App\Controllers\Auth))
#8 C:\projectci4\system\CodeIgniter.php(340): CodeIgniter\CodeIgniter->handleRequest(NULL, Object(Config\Cache), false)
#9 C:\projectci4\public\index.php(67): CodeIgniter\CodeIgniter->run()
#10 C:\projectci4\system\Commands\Server\rewrite.php(43): require_once('C:\\projectci4\\p...')
#11 {main}

Next CodeIgniter\Database\Exceptions\DatabaseException: No connection could be made because the target machine actively refused it.
 in C:\projectci4\system\Database\MySQLi\Connection.php:215
Stack trace:
#0 C:\projectci4\system\Database\BaseConnection.php(382): CodeIgniter\Database\MySQLi\Connection->connect(false)
#1 C:\projectci4\system\Database\BaseConnection.php(588): CodeIgniter\Database\BaseConnection->initialize()
#2 C:\projectci4\system\Database\BaseBuilder.php(1585): CodeIgniter\Database\BaseConnection->query('SELECT *\nFROM `...', Array, false)
#3 C:\projectci4\app\Models\ModelAuth.php(15): CodeIgniter\Database\BaseBuilder->get()
#4 C:\projectci4\app\Controllers\Auth.php(52): App\Models\ModelAuth->LoginUser('admin@gmail.com', '211006')
#5 C:\projectci4\system\CodeIgniter.php(904): App\Controllers\Auth->CekLoginUser()
#6 C:\projectci4\system\CodeIgniter.php(457): CodeIgniter\CodeIgniter->runController(Object(App\Controllers\Auth))
#7 C:\projectci4\system\CodeIgniter.php(340): CodeIgniter\CodeIgniter->handleRequest(NULL, Object(Config\Cache), false)
#8 C:\projectci4\public\index.php(67): CodeIgniter\CodeIgniter->run()
#9 C:\projectci4\system\Commands\Server\rewrite.php(43): require_once('C:\\projectci4\\p...')
#10 {main}
CRITICAL - 2023-03-08 18:49:32 --> Unable to connect to the database.
Main connection [MySQLi]: No connection could be made because the target machine actively refused it.

in SYSTEMPATH\Database\BaseConnection.php on line 418.
 1 SYSTEMPATH\Database\BaseConnection.php(588): CodeIgniter\Database\BaseConnection->initialize()
 2 SYSTEMPATH\Database\BaseBuilder.php(1585): CodeIgniter\Database\BaseConnection->query('SELECT *
FROM `user`
WHERE `email` = :email:
AND `password` = :password:', [...], false)
 3 APPPATH\Models\ModelAuth.php(15): CodeIgniter\Database\BaseBuilder->get()
 4 APPPATH\Controllers\Auth.php(52): App\Models\ModelAuth->LoginUser('admin@gmail.com', '211006')
 5 SYSTEMPATH\CodeIgniter.php(904): App\Controllers\Auth->CekLoginUser()
 6 SYSTEMPATH\CodeIgniter.php(457): CodeIgniter\CodeIgniter->runController(Object(App\Controllers\Auth))
 7 SYSTEMPATH\CodeIgniter.php(340): CodeIgniter\CodeIgniter->handleRequest(null, Object(Config\Cache), false)
 8 FCPATH\index.php(67): CodeIgniter\CodeIgniter->run()
 9 SYSTEMPATH\Commands\Server\rewrite.php(43): require_once('FCPATH\\index.php')
ERROR - 2023-03-08 18:49:36 --> Error connecting to the database: mysqli_sql_exception: No connection could be made because the target machine actively refused it.
 in C:\projectci4\system\Database\MySQLi\Connection.php:171
Stack trace:
#0 C:\projectci4\system\Database\MySQLi\Connection.php(171): mysqli->real_connect('localhost', 'root', '', 'db_perpustakaan', 3306, '', 0)
#1 C:\projectci4\system\Database\BaseConnection.php(382): CodeIgniter\Database\MySQLi\Connection->connect(false)
#2 C:\projectci4\system\Database\BaseConnection.php(588): CodeIgniter\Database\BaseConnection->initialize()
#3 C:\projectci4\system\Database\BaseBuilder.php(1585): CodeIgniter\Database\BaseConnection->query('SELECT *\nFROM `...', Array, false)
#4 C:\projectci4\app\Models\ModelAuth.php(15): CodeIgniter\Database\BaseBuilder->get()
#5 C:\projectci4\app\Controllers\Auth.php(52): App\Models\ModelAuth->LoginUser('admin@gmail.com', '211006')
#6 C:\projectci4\system\CodeIgniter.php(904): App\Controllers\Auth->CekLoginUser()
#7 C:\projectci4\system\CodeIgniter.php(457): CodeIgniter\CodeIgniter->runController(Object(App\Controllers\Auth))
#8 C:\projectci4\system\CodeIgniter.php(340): CodeIgniter\CodeIgniter->handleRequest(NULL, Object(Config\Cache), false)
#9 C:\projectci4\public\index.php(67): CodeIgniter\CodeIgniter->run()
#10 C:\projectci4\system\Commands\Server\rewrite.php(43): require_once('C:\\projectci4\\p...')
#11 {main}

Next CodeIgniter\Database\Exceptions\DatabaseException: No connection could be made because the target machine actively refused it.
 in C:\projectci4\system\Database\MySQLi\Connection.php:215
Stack trace:
#0 C:\projectci4\system\Database\BaseConnection.php(382): CodeIgniter\Database\MySQLi\Connection->connect(false)
#1 C:\projectci4\system\Database\BaseConnection.php(588): CodeIgniter\Database\BaseConnection->initialize()
#2 C:\projectci4\system\Database\BaseBuilder.php(1585): CodeIgniter\Database\BaseConnection->query('SELECT *\nFROM `...', Array, false)
#3 C:\projectci4\app\Models\ModelAuth.php(15): CodeIgniter\Database\BaseBuilder->get()
#4 C:\projectci4\app\Controllers\Auth.php(52): App\Models\ModelAuth->LoginUser('admin@gmail.com', '211006')
#5 C:\projectci4\system\CodeIgniter.php(904): App\Controllers\Auth->CekLoginUser()
#6 C:\projectci4\system\CodeIgniter.php(457): CodeIgniter\CodeIgniter->runController(Object(App\Controllers\Auth))
#7 C:\projectci4\system\CodeIgniter.php(340): CodeIgniter\CodeIgniter->handleRequest(NULL, Object(Config\Cache), false)
#8 C:\projectci4\public\index.php(67): CodeIgniter\CodeIgniter->run()
#9 C:\projectci4\system\Commands\Server\rewrite.php(43): require_once('C:\\projectci4\\p...')
#10 {main}
CRITICAL - 2023-03-08 18:49:36 --> Unable to connect to the database.
Main connection [MySQLi]: No connection could be made because the target machine actively refused it.

in SYSTEMPATH\Database\BaseConnection.php on line 418.
 1 SYSTEMPATH\Database\BaseConnection.php(588): CodeIgniter\Database\BaseConnection->initialize()
 2 SYSTEMPATH\Database\BaseBuilder.php(1585): CodeIgniter\Database\BaseConnection->query('SELECT *
FROM `user`
WHERE `email` = :email:
AND `password` = :password:', [...], false)
 3 APPPATH\Models\ModelAuth.php(15): CodeIgniter\Database\BaseBuilder->get()
 4 APPPATH\Controllers\Auth.php(52): App\Models\ModelAuth->LoginUser('admin@gmail.com', '211006')
 5 SYSTEMPATH\CodeIgniter.php(904): App\Controllers\Auth->CekLoginUser()
 6 SYSTEMPATH\CodeIgniter.php(457): CodeIgniter\CodeIgniter->runController(Object(App\Controllers\Auth))
 7 SYSTEMPATH\CodeIgniter.php(340): CodeIgniter\CodeIgniter->handleRequest(null, Object(Config\Cache), false)
 8 FCPATH\index.php(67): CodeIgniter\CodeIgniter->run()
 9 SYSTEMPATH\Commands\Server\rewrite.php(43): require_once('FCPATH\\index.php')
ERROR - 2023-03-08 18:49:40 --> Error connecting to the database: mysqli_sql_exception: No connection could be made because the target machine actively refused it.
 in C:\projectci4\system\Database\MySQLi\Connection.php:171
Stack trace:
#0 C:\projectci4\system\Database\MySQLi\Connection.php(171): mysqli->real_connect('localhost', 'root', '', 'db_perpustakaan', 3306, '', 0)
#1 C:\projectci4\system\Database\BaseConnection.php(382): CodeIgniter\Database\MySQLi\Connection->connect(false)
#2 C:\projectci4\system\Database\BaseConnection.php(588): CodeIgniter\Database\BaseConnection->initialize()
#3 C:\projectci4\system\Database\BaseBuilder.php(1585): CodeIgniter\Database\BaseConnection->query('SELECT *\nFROM `...', Array, false)
#4 C:\projectci4\app\Models\ModelAuth.php(15): CodeIgniter\Database\BaseBuilder->get()
#5 C:\projectci4\app\Controllers\Auth.php(52): App\Models\ModelAuth->LoginUser('admin@gmail.com', '211006')
#6 C:\projectci4\system\CodeIgniter.php(904): App\Controllers\Auth->CekLoginUser()
#7 C:\projectci4\system\CodeIgniter.php(457): CodeIgniter\CodeIgniter->runController(Object(App\Controllers\Auth))
#8 C:\projectci4\system\CodeIgniter.php(340): CodeIgniter\CodeIgniter->handleRequest(NULL, Object(Config\Cache), false)
#9 C:\projectci4\public\index.php(67): CodeIgniter\CodeIgniter->run()
#10 C:\projectci4\system\Commands\Server\rewrite.php(43): require_once('C:\\projectci4\\p...')
#11 {main}

Next CodeIgniter\Database\Exceptions\DatabaseException: No connection could be made because the target machine actively refused it.
 in C:\projectci4\system\Database\MySQLi\Connection.php:215
Stack trace:
#0 C:\projectci4\system\Database\BaseConnection.php(382): CodeIgniter\Database\MySQLi\Connection->connect(false)
#1 C:\projectci4\system\Database\BaseConnection.php(588): CodeIgniter\Database\BaseConnection->initialize()
#2 C:\projectci4\system\Database\BaseBuilder.php(1585): CodeIgniter\Database\BaseConnection->query('SELECT *\nFROM `...', Array, false)
#3 C:\projectci4\app\Models\ModelAuth.php(15): CodeIgniter\Database\BaseBuilder->get()
#4 C:\projectci4\app\Controllers\Auth.php(52): App\Models\ModelAuth->LoginUser('admin@gmail.com', '211006')
#5 C:\projectci4\system\CodeIgniter.php(904): App\Controllers\Auth->CekLoginUser()
#6 C:\projectci4\system\CodeIgniter.php(457): CodeIgniter\CodeIgniter->runController(Object(App\Controllers\Auth))
#7 C:\projectci4\system\CodeIgniter.php(340): CodeIgniter\CodeIgniter->handleRequest(NULL, Object(Config\Cache), false)
#8 C:\projectci4\public\index.php(67): CodeIgniter\CodeIgniter->run()
#9 C:\projectci4\system\Commands\Server\rewrite.php(43): require_once('C:\\projectci4\\p...')
#10 {main}
CRITICAL - 2023-03-08 18:49:40 --> Unable to connect to the database.
Main connection [MySQLi]: No connection could be made because the target machine actively refused it.

in SYSTEMPATH\Database\BaseConnection.php on line 418.
 1 SYSTEMPATH\Database\BaseConnection.php(588): CodeIgniter\Database\BaseConnection->initialize()
 2 SYSTEMPATH\Database\BaseBuilder.php(1585): CodeIgniter\Database\BaseConnection->query('SELECT *
FROM `user`
WHERE `email` = :email:
AND `password` = :password:', [...], false)
 3 APPPATH\Models\ModelAuth.php(15): CodeIgniter\Database\BaseBuilder->get()
 4 APPPATH\Controllers\Auth.php(52): App\Models\ModelAuth->LoginUser('admin@gmail.com', '211006')
 5 SYSTEMPATH\CodeIgniter.php(904): App\Controllers\Auth->CekLoginUser()
 6 SYSTEMPATH\CodeIgniter.php(457): CodeIgniter\CodeIgniter->runController(Object(App\Controllers\Auth))
 7 SYSTEMPATH\CodeIgniter.php(340): CodeIgniter\CodeIgniter->handleRequest(null, Object(Config\Cache), false)
 8 FCPATH\index.php(67): CodeIgniter\CodeIgniter->run()
 9 SYSTEMPATH\Commands\Server\rewrite.php(43): require_once('FCPATH\\index.php')
ERROR - 2023-03-08 18:49:58 --> Error connecting to the database: mysqli_sql_exception: No connection could be made because the target machine actively refused it.
 in C:\projectci4\system\Database\MySQLi\Connection.php:171
Stack trace:
#0 C:\projectci4\system\Database\MySQLi\Connection.php(171): mysqli->real_connect('localhost', 'root', '', 'db_perpustakaan', 3306, '', 0)
#1 C:\projectci4\system\Database\BaseConnection.php(382): CodeIgniter\Database\MySQLi\Connection->connect(false)
#2 C:\projectci4\system\Database\BaseConnection.php(588): CodeIgniter\Database\BaseConnection->initialize()
#3 C:\projectci4\system\Database\BaseBuilder.php(1585): CodeIgniter\Database\BaseConnection->query('SELECT *\nFROM `...', Array, false)
#4 C:\projectci4\app\Models\ModelAuth.php(15): CodeIgniter\Database\BaseBuilder->get()
#5 C:\projectci4\app\Controllers\Auth.php(52): App\Models\ModelAuth->LoginUser('admin@gmail.com', '211006')
#6 C:\projectci4\system\CodeIgniter.php(904): App\Controllers\Auth->CekLoginUser()
#7 C:\projectci4\system\CodeIgniter.php(457): CodeIgniter\CodeIgniter->runController(Object(App\Controllers\Auth))
#8 C:\projectci4\system\CodeIgniter.php(340): CodeIgniter\CodeIgniter->handleRequest(NULL, Object(Config\Cache), false)
#9 C:\projectci4\public\index.php(67): CodeIgniter\CodeIgniter->run()
#10 C:\projectci4\system\Commands\Server\rewrite.php(43): require_once('C:\\projectci4\\p...')
#11 {main}

Next CodeIgniter\Database\Exceptions\DatabaseException: No connection could be made because the target machine actively refused it.
 in C:\projectci4\system\Database\MySQLi\Connection.php:215
Stack trace:
#0 C:\projectci4\system\Database\BaseConnection.php(382): CodeIgniter\Database\MySQLi\Connection->connect(false)
#1 C:\projectci4\system\Database\BaseConnection.php(588): CodeIgniter\Database\BaseConnection->initialize()
#2 C:\projectci4\system\Database\BaseBuilder.php(1585): CodeIgniter\Database\BaseConnection->query('SELECT *\nFROM `...', Array, false)
#3 C:\projectci4\app\Models\ModelAuth.php(15): CodeIgniter\Database\BaseBuilder->get()
#4 C:\projectci4\app\Controllers\Auth.php(52): App\Models\ModelAuth->LoginUser('admin@gmail.com', '211006')
#5 C:\projectci4\system\CodeIgniter.php(904): App\Controllers\Auth->CekLoginUser()
#6 C:\projectci4\system\CodeIgniter.php(457): CodeIgniter\CodeIgniter->runController(Object(App\Controllers\Auth))
#7 C:\projectci4\system\CodeIgniter.php(340): CodeIgniter\CodeIgniter->handleRequest(NULL, Object(Config\Cache), false)
#8 C:\projectci4\public\index.php(67): CodeIgniter\CodeIgniter->run()
#9 C:\projectci4\system\Commands\Server\rewrite.php(43): require_once('C:\\projectci4\\p...')
#10 {main}
CRITICAL - 2023-03-08 18:49:58 --> Unable to connect to the database.
Main connection [MySQLi]: No connection could be made because the target machine actively refused it.

in SYSTEMPATH\Database\BaseConnection.php on line 418.
 1 SYSTEMPATH\Database\BaseConnection.php(588): CodeIgniter\Database\BaseConnection->initialize()
 2 SYSTEMPATH\Database\BaseBuilder.php(1585): CodeIgniter\Database\BaseConnection->query('SELECT *
FROM `user`
WHERE `email` = :email:
AND `password` = :password:', [...], false)
 3 APPPATH\Models\ModelAuth.php(15): CodeIgniter\Database\BaseBuilder->get()
 4 APPPATH\Controllers\Auth.php(52): App\Models\ModelAuth->LoginUser('admin@gmail.com', '211006')
 5 SYSTEMPATH\CodeIgniter.php(904): App\Controllers\Auth->CekLoginUser()
 6 SYSTEMPATH\CodeIgniter.php(457): CodeIgniter\CodeIgniter->runController(Object(App\Controllers\Auth))
 7 SYSTEMPATH\CodeIgniter.php(340): CodeIgniter\CodeIgniter->handleRequest(null, Object(Config\Cache), false)
 8 FCPATH\index.php(67): CodeIgniter\CodeIgniter->run()
 9 SYSTEMPATH\Commands\Server\rewrite.php(43): require_once('FCPATH\\index.php')
ERROR - 2023-03-08 18:50:33 --> Error connecting to the database: mysqli_sql_exception: No connection could be made because the target machine actively refused it.
 in C:\projectci4\system\Database\MySQLi\Connection.php:171
Stack trace:
#0 C:\projectci4\system\Database\MySQLi\Connection.php(171): mysqli->real_connect('localhost', 'root', '', 'db_perpustakaan', 3306, '', 0)
#1 C:\projectci4\system\Database\BaseConnection.php(382): CodeIgniter\Database\MySQLi\Connection->connect(false)
#2 C:\projectci4\system\Database\BaseConnection.php(588): CodeIgniter\Database\BaseConnection->initialize()
#3 C:\projectci4\system\Database\BaseBuilder.php(1585): CodeIgniter\Database\BaseConnection->query('SELECT *\nFROM `...', Array, false)
#4 C:\projectci4\app\Models\ModelAuth.php(15): CodeIgniter\Database\BaseBuilder->get()
#5 C:\projectci4\app\Controllers\Auth.php(52): App\Models\ModelAuth->LoginUser('admin@gmail.com', '211006')
#6 C:\projectci4\system\CodeIgniter.php(904): App\Controllers\Auth->CekLoginUser()
#7 C:\projectci4\system\CodeIgniter.php(457): CodeIgniter\CodeIgniter->runController(Object(App\Controllers\Auth))
#8 C:\projectci4\system\CodeIgniter.php(340): CodeIgniter\CodeIgniter->handleRequest(NULL, Object(Config\Cache), false)
#9 C:\projectci4\public\index.php(67): CodeIgniter\CodeIgniter->run()
#10 C:\projectci4\system\Commands\Server\rewrite.php(43): require_once('C:\\projectci4\\p...')
#11 {main}

Next CodeIgniter\Database\Exceptions\DatabaseException: No connection could be made because the target machine actively refused it.
 in C:\projectci4\system\Database\MySQLi\Connection.php:215
Stack trace:
#0 C:\projectci4\system\Database\BaseConnection.php(382): CodeIgniter\Database\MySQLi\Connection->connect(false)
#1 C:\projectci4\system\Database\BaseConnection.php(588): CodeIgniter\Database\BaseConnection->initialize()
#2 C:\projectci4\system\Database\BaseBuilder.php(1585): CodeIgniter\Database\BaseConnection->query('SELECT *\nFROM `...', Array, false)
#3 C:\projectci4\app\Models\ModelAuth.php(15): CodeIgniter\Database\BaseBuilder->get()
#4 C:\projectci4\app\Controllers\Auth.php(52): App\Models\ModelAuth->LoginUser('admin@gmail.com', '211006')
#5 C:\projectci4\system\CodeIgniter.php(904): App\Controllers\Auth->CekLoginUser()
#6 C:\projectci4\system\CodeIgniter.php(457): CodeIgniter\CodeIgniter->runController(Object(App\Controllers\Auth))
#7 C:\projectci4\system\CodeIgniter.php(340): CodeIgniter\CodeIgniter->handleRequest(NULL, Object(Config\Cache), false)
#8 C:\projectci4\public\index.php(67): CodeIgniter\CodeIgniter->run()
#9 C:\projectci4\system\Commands\Server\rewrite.php(43): require_once('C:\\projectci4\\p...')
#10 {main}
CRITICAL - 2023-03-08 18:50:33 --> Unable to connect to the database.
Main connection [MySQLi]: No connection could be made because the target machine actively refused it.

in SYSTEMPATH\Database\BaseConnection.php on line 418.
 1 SYSTEMPATH\Database\BaseConnection.php(588): CodeIgniter\Database\BaseConnection->initialize()
 2 SYSTEMPATH\Database\BaseBuilder.php(1585): CodeIgniter\Database\BaseConnection->query('SELECT *
FROM `user`
WHERE `email` = :email:
AND `password` = :password:', [...], false)
 3 APPPATH\Models\ModelAuth.php(15): CodeIgniter\Database\BaseBuilder->get()
 4 APPPATH\Controllers\Auth.php(52): App\Models\ModelAuth->LoginUser('admin@gmail.com', '211006')
 5 SYSTEMPATH\CodeIgniter.php(904): App\Controllers\Auth->CekLoginUser()
 6 SYSTEMPATH\CodeIgniter.php(457): CodeIgniter\CodeIgniter->runController(Object(App\Controllers\Auth))
 7 SYSTEMPATH\CodeIgniter.php(340): CodeIgniter\CodeIgniter->handleRequest(null, Object(Config\Cache), false)
 8 FCPATH\index.php(67): CodeIgniter\CodeIgniter->run()
 9 SYSTEMPATH\Commands\Server\rewrite.php(43): require_once('FCPATH\\index.php')
ERROR - 2023-03-08 18:59:30 --> Error connecting to the database: mysqli_sql_exception: No connection could be made because the target machine actively refused it.
 in C:\projectci4\system\Database\MySQLi\Connection.php:171
Stack trace:
#0 C:\projectci4\system\Database\MySQLi\Connection.php(171): mysqli->real_connect('localhost', 'root', '', 'db_perpustakaan', 3306, '', 0)
#1 C:\projectci4\system\Database\BaseConnection.php(382): CodeIgniter\Database\MySQLi\Connection->connect(false)
#2 C:\projectci4\system\Database\BaseConnection.php(588): CodeIgniter\Database\BaseConnection->initialize()
#3 C:\projectci4\system\Database\BaseBuilder.php(1585): CodeIgniter\Database\BaseConnection->query('SELECT *\nFROM `...', Array, false)
#4 C:\projectci4\app\Models\ModelAuth.php(15): CodeIgniter\Database\BaseBuilder->get()
#5 C:\projectci4\app\Controllers\Auth.php(52): App\Models\ModelAuth->LoginUser('admin@gmail.com', '211006')
#6 C:\projectci4\system\CodeIgniter.php(904): App\Controllers\Auth->CekLoginUser()
#7 C:\projectci4\system\CodeIgniter.php(457): CodeIgniter\CodeIgniter->runController(Object(App\Controllers\Auth))
#8 C:\projectci4\system\CodeIgniter.php(340): CodeIgniter\CodeIgniter->handleRequest(NULL, Object(Config\Cache), false)
#9 C:\projectci4\public\index.php(67): CodeIgniter\CodeIgniter->run()
#10 C:\projectci4\system\Commands\Server\rewrite.php(43): require_once('C:\\projectci4\\p...')
#11 {main}

Next CodeIgniter\Database\Exceptions\DatabaseException: No connection could be made because the target machine actively refused it.
 in C:\projectci4\system\Database\MySQLi\Connection.php:215
Stack trace:
#0 C:\projectci4\system\Database\BaseConnection.php(382): CodeIgniter\Database\MySQLi\Connection->connect(false)
#1 C:\projectci4\system\Database\BaseConnection.php(588): CodeIgniter\Database\BaseConnection->initialize()
#2 C:\projectci4\system\Database\BaseBuilder.php(1585): CodeIgniter\Database\BaseConnection->query('SELECT *\nFROM `...', Array, false)
#3 C:\projectci4\app\Models\ModelAuth.php(15): CodeIgniter\Database\BaseBuilder->get()
#4 C:\projectci4\app\Controllers\Auth.php(52): App\Models\ModelAuth->LoginUser('admin@gmail.com', '211006')
#5 C:\projectci4\system\CodeIgniter.php(904): App\Controllers\Auth->CekLoginUser()
#6 C:\projectci4\system\CodeIgniter.php(457): CodeIgniter\CodeIgniter->runController(Object(App\Controllers\Auth))
#7 C:\projectci4\system\CodeIgniter.php(340): CodeIgniter\CodeIgniter->handleRequest(NULL, Object(Config\Cache), false)
#8 C:\projectci4\public\index.php(67): CodeIgniter\CodeIgniter->run()
#9 C:\projectci4\system\Commands\Server\rewrite.php(43): require_once('C:\\projectci4\\p...')
#10 {main}
CRITICAL - 2023-03-08 18:59:30 --> Unable to connect to the database.
Main connection [MySQLi]: No connection could be made because the target machine actively refused it.

in SYSTEMPATH\Database\BaseConnection.php on line 418.
 1 SYSTEMPATH\Database\BaseConnection.php(588): CodeIgniter\Database\BaseConnection->initialize()
 2 SYSTEMPATH\Database\BaseBuilder.php(1585): CodeIgniter\Database\BaseConnection->query('SELECT *
FROM `user`
WHERE `email` = :email:
AND `password` = :password:', [...], false)
 3 APPPATH\Models\ModelAuth.php(15): CodeIgniter\Database\BaseBuilder->get()
 4 APPPATH\Controllers\Auth.php(52): App\Models\ModelAuth->LoginUser('admin@gmail.com', '211006')
 5 SYSTEMPATH\CodeIgniter.php(904): App\Controllers\Auth->CekLoginUser()
 6 SYSTEMPATH\CodeIgniter.php(457): CodeIgniter\CodeIgniter->runController(Object(App\Controllers\Auth))
 7 SYSTEMPATH\CodeIgniter.php(340): CodeIgniter\CodeIgniter->handleRequest(null, Object(Config\Cache), false)
 8 FCPATH\index.php(67): CodeIgniter\CodeIgniter->run()
 9 SYSTEMPATH\Commands\Server\rewrite.php(43): require_once('FCPATH\\index.php')
ERROR - 2023-03-08 18:59:41 --> Error connecting to the database: mysqli_sql_exception: No connection could be made because the target machine actively refused it.
 in C:\projectci4\system\Database\MySQLi\Connection.php:171
Stack trace:
#0 C:\projectci4\system\Database\MySQLi\Connection.php(171): mysqli->real_connect('localhost', 'root', '', 'db_perpustakaan', 3306, '', 0)
#1 C:\projectci4\system\Database\BaseConnection.php(382): CodeIgniter\Database\MySQLi\Connection->connect(false)
#2 C:\projectci4\system\Database\BaseConnection.php(588): CodeIgniter\Database\BaseConnection->initialize()
#3 C:\projectci4\system\Database\BaseBuilder.php(1585): CodeIgniter\Database\BaseConnection->query('SELECT *\nFROM `...', Array, false)
#4 C:\projectci4\app\Models\ModelAuth.php(15): CodeIgniter\Database\BaseBuilder->get()
#5 C:\projectci4\app\Controllers\Auth.php(52): App\Models\ModelAuth->LoginUser('admin@gmail.com', '211006')
#6 C:\projectci4\system\CodeIgniter.php(904): App\Controllers\Auth->CekLoginUser()
#7 C:\projectci4\system\CodeIgniter.php(457): CodeIgniter\CodeIgniter->runController(Object(App\Controllers\Auth))
#8 C:\projectci4\system\CodeIgniter.php(340): CodeIgniter\CodeIgniter->handleRequest(NULL, Object(Config\Cache), false)
#9 C:\projectci4\public\index.php(67): CodeIgniter\CodeIgniter->run()
#10 C:\projectci4\system\Commands\Server\rewrite.php(43): require_once('C:\\projectci4\\p...')
#11 {main}

Next CodeIgniter\Database\Exceptions\DatabaseException: No connection could be made because the target machine actively refused it.
 in C:\projectci4\system\Database\MySQLi\Connection.php:215
Stack trace:
#0 C:\projectci4\system\Database\BaseConnection.php(382): CodeIgniter\Database\MySQLi\Connection->connect(false)
#1 C:\projectci4\system\Database\BaseConnection.php(588): CodeIgniter\Database\BaseConnection->initialize()
#2 C:\projectci4\system\Database\BaseBuilder.php(1585): CodeIgniter\Database\BaseConnection->query('SELECT *\nFROM `...', Array, false)
#3 C:\projectci4\app\Models\ModelAuth.php(15): CodeIgniter\Database\BaseBuilder->get()
#4 C:\projectci4\app\Controllers\Auth.php(52): App\Models\ModelAuth->LoginUser('admin@gmail.com', '211006')
#5 C:\projectci4\system\CodeIgniter.php(904): App\Controllers\Auth->CekLoginUser()
#6 C:\projectci4\system\CodeIgniter.php(457): CodeIgniter\CodeIgniter->runController(Object(App\Controllers\Auth))
#7 C:\projectci4\system\CodeIgniter.php(340): CodeIgniter\CodeIgniter->handleRequest(NULL, Object(Config\Cache), false)
#8 C:\projectci4\public\index.php(67): CodeIgniter\CodeIgniter->run()
#9 C:\projectci4\system\Commands\Server\rewrite.php(43): require_once('C:\\projectci4\\p...')
#10 {main}
CRITICAL - 2023-03-08 18:59:41 --> Unable to connect to the database.
Main connection [MySQLi]: No connection could be made because the target machine actively refused it.

in SYSTEMPATH\Database\BaseConnection.php on line 418.
 1 SYSTEMPATH\Database\BaseConnection.php(588): CodeIgniter\Database\BaseConnection->initialize()
 2 SYSTEMPATH\Database\BaseBuilder.php(1585): CodeIgniter\Database\BaseConnection->query('SELECT *
FROM `user`
WHERE `email` = :email:
AND `password` = :password:', [...], false)
 3 APPPATH\Models\ModelAuth.php(15): CodeIgniter\Database\BaseBuilder->get()
 4 APPPATH\Controllers\Auth.php(52): App\Models\ModelAuth->LoginUser('admin@gmail.com', '211006')
 5 SYSTEMPATH\CodeIgniter.php(904): App\Controllers\Auth->CekLoginUser()
 6 SYSTEMPATH\CodeIgniter.php(457): CodeIgniter\CodeIgniter->runController(Object(App\Controllers\Auth))
 7 SYSTEMPATH\CodeIgniter.php(340): CodeIgniter\CodeIgniter->handleRequest(null, Object(Config\Cache), false)
 8 FCPATH\index.php(67): CodeIgniter\CodeIgniter->run()
 9 SYSTEMPATH\Commands\Server\rewrite.php(43): require_once('FCPATH\\index.php')
ERROR - 2023-03-08 19:00:21 --> Error connecting to the database: mysqli_sql_exception: No connection could be made because the target machine actively refused it.
 in C:\projectci4\system\Database\MySQLi\Connection.php:171
Stack trace:
#0 C:\projectci4\system\Database\MySQLi\Connection.php(171): mysqli->real_connect('localhost', 'root', '', 'db_perpustakaan', 3306, '', 0)
#1 C:\projectci4\system\Database\BaseConnection.php(382): CodeIgniter\Database\MySQLi\Connection->connect(false)
#2 C:\projectci4\system\Database\BaseConnection.php(588): CodeIgniter\Database\BaseConnection->initialize()
#3 C:\projectci4\system\Database\BaseBuilder.php(1585): CodeIgniter\Database\BaseConnection->query('SELECT *\nFROM `...', Array, false)
#4 C:\projectci4\app\Models\ModelAuth.php(15): CodeIgniter\Database\BaseBuilder->get()
#5 C:\projectci4\app\Controllers\Auth.php(52): App\Models\ModelAuth->LoginUser('admin@gmail.com', '211006')
#6 C:\projectci4\system\CodeIgniter.php(904): App\Controllers\Auth->CekLoginUser()
#7 C:\projectci4\system\CodeIgniter.php(457): CodeIgniter\CodeIgniter->runController(Object(App\Controllers\Auth))
#8 C:\projectci4\system\CodeIgniter.php(340): CodeIgniter\CodeIgniter->handleRequest(NULL, Object(Config\Cache), false)
#9 C:\projectci4\public\index.php(67): CodeIgniter\CodeIgniter->run()
#10 C:\projectci4\system\Commands\Server\rewrite.php(43): require_once('C:\\projectci4\\p...')
#11 {main}

Next CodeIgniter\Database\Exceptions\DatabaseException: No connection could be made because the target machine actively refused it.
 in C:\projectci4\system\Database\MySQLi\Connection.php:215
Stack trace:
#0 C:\projectci4\system\Database\BaseConnection.php(382): CodeIgniter\Database\MySQLi\Connection->connect(false)
#1 C:\projectci4\system\Database\BaseConnection.php(588): CodeIgniter\Database\BaseConnection->initialize()
#2 C:\projectci4\system\Database\BaseBuilder.php(1585): CodeIgniter\Database\BaseConnection->query('SELECT *\nFROM `...', Array, false)
#3 C:\projectci4\app\Models\ModelAuth.php(15): CodeIgniter\Database\BaseBuilder->get()
#4 C:\projectci4\app\Controllers\Auth.php(52): App\Models\ModelAuth->LoginUser('admin@gmail.com', '211006')
#5 C:\projectci4\system\CodeIgniter.php(904): App\Controllers\Auth->CekLoginUser()
#6 C:\projectci4\system\CodeIgniter.php(457): CodeIgniter\CodeIgniter->runController(Object(App\Controllers\Auth))
#7 C:\projectci4\system\CodeIgniter.php(340): CodeIgniter\CodeIgniter->handleRequest(NULL, Object(Config\Cache), false)
#8 C:\projectci4\public\index.php(67): CodeIgniter\CodeIgniter->run()
#9 C:\projectci4\system\Commands\Server\rewrite.php(43): require_once('C:\\projectci4\\p...')
#10 {main}
CRITICAL - 2023-03-08 19:00:21 --> Unable to connect to the database.
Main connection [MySQLi]: No connection could be made because the target machine actively refused it.

in SYSTEMPATH\Database\BaseConnection.php on line 418.
 1 SYSTEMPATH\Database\BaseConnection.php(588): CodeIgniter\Database\BaseConnection->initialize()
 2 SYSTEMPATH\Database\BaseBuilder.php(1585): CodeIgniter\Database\BaseConnection->query('SELECT *
FROM `user`
WHERE `email` = :email:
AND `password` = :password:', [...], false)
 3 APPPATH\Models\ModelAuth.php(15): CodeIgniter\Database\BaseBuilder->get()
 4 APPPATH\Controllers\Auth.php(52): App\Models\ModelAuth->LoginUser('admin@gmail.com', '211006')
 5 SYSTEMPATH\CodeIgniter.php(904): App\Controllers\Auth->CekLoginUser()
 6 SYSTEMPATH\CodeIgniter.php(457): CodeIgniter\CodeIgniter->runController(Object(App\Controllers\Auth))
 7 SYSTEMPATH\CodeIgniter.php(340): CodeIgniter\CodeIgniter->handleRequest(null, Object(Config\Cache), false)
 8 FCPATH\index.php(67): CodeIgniter\CodeIgniter->run()
 9 SYSTEMPATH\Commands\Server\rewrite.php(43): require_once('FCPATH\\index.php')
ERROR - 2023-03-08 19:00:32 --> Error connecting to the database: mysqli_sql_exception: No connection could be made because the target machine actively refused it.
 in C:\projectci4\system\Database\MySQLi\Connection.php:171
Stack trace:
#0 C:\projectci4\system\Database\MySQLi\Connection.php(171): mysqli->real_connect('localhost', 'root', '', 'db_perpustakaan', 3306, '', 0)
#1 C:\projectci4\system\Database\BaseConnection.php(382): CodeIgniter\Database\MySQLi\Connection->connect(false)
#2 C:\projectci4\system\Database\BaseConnection.php(588): CodeIgniter\Database\BaseConnection->initialize()
#3 C:\projectci4\system\Database\BaseBuilder.php(1585): CodeIgniter\Database\BaseConnection->query('SELECT *\nFROM `...', Array, false)
#4 C:\projectci4\app\Models\ModelAuth.php(15): CodeIgniter\Database\BaseBuilder->get()
#5 C:\projectci4\app\Controllers\Auth.php(52): App\Models\ModelAuth->LoginUser('admin@gmail.com', '211006')
#6 C:\projectci4\system\CodeIgniter.php(904): App\Controllers\Auth->CekLoginUser()
#7 C:\projectci4\system\CodeIgniter.php(457): CodeIgniter\CodeIgniter->runController(Object(App\Controllers\Auth))
#8 C:\projectci4\system\CodeIgniter.php(340): CodeIgniter\CodeIgniter->handleRequest(NULL, Object(Config\Cache), false)
#9 C:\projectci4\public\index.php(67): CodeIgniter\CodeIgniter->run()
#10 C:\projectci4\system\Commands\Server\rewrite.php(43): require_once('C:\\projectci4\\p...')
#11 {main}

Next CodeIgniter\Database\Exceptions\DatabaseException: No connection could be made because the target machine actively refused it.
 in C:\projectci4\system\Database\MySQLi\Connection.php:215
Stack trace:
#0 C:\projectci4\system\Database\BaseConnection.php(382): CodeIgniter\Database\MySQLi\Connection->connect(false)
#1 C:\projectci4\system\Database\BaseConnection.php(588): CodeIgniter\Database\BaseConnection->initialize()
#2 C:\projectci4\system\Database\BaseBuilder.php(1585): CodeIgniter\Database\BaseConnection->query('SELECT *\nFROM `...', Array, false)
#3 C:\projectci4\app\Models\ModelAuth.php(15): CodeIgniter\Database\BaseBuilder->get()
#4 C:\projectci4\app\Controllers\Auth.php(52): App\Models\ModelAuth->LoginUser('admin@gmail.com', '211006')
#5 C:\projectci4\system\CodeIgniter.php(904): App\Controllers\Auth->CekLoginUser()
#6 C:\projectci4\system\CodeIgniter.php(457): CodeIgniter\CodeIgniter->runController(Object(App\Controllers\Auth))
#7 C:\projectci4\system\CodeIgniter.php(340): CodeIgniter\CodeIgniter->handleRequest(NULL, Object(Config\Cache), false)
#8 C:\projectci4\public\index.php(67): CodeIgniter\CodeIgniter->run()
#9 C:\projectci4\system\Commands\Server\rewrite.php(43): require_once('C:\\projectci4\\p...')
#10 {main}
CRITICAL - 2023-03-08 19:00:32 --> Unable to connect to the database.
Main connection [MySQLi]: No connection could be made because the target machine actively refused it.

in SYSTEMPATH\Database\BaseConnection.php on line 418.
 1 SYSTEMPATH\Database\BaseConnection.php(588): CodeIgniter\Database\BaseConnection->initialize()
 2 SYSTEMPATH\Database\BaseBuilder.php(1585): CodeIgniter\Database\BaseConnection->query('SELECT *
FROM `user`
WHERE `email` = :email:
AND `password` = :password:', [...], false)
 3 APPPATH\Models\ModelAuth.php(15): CodeIgniter\Database\BaseBuilder->get()
 4 APPPATH\Controllers\Auth.php(52): App\Models\ModelAuth->LoginUser('admin@gmail.com', '211006')
 5 SYSTEMPATH\CodeIgniter.php(904): App\Controllers\Auth->CekLoginUser()
 6 SYSTEMPATH\CodeIgniter.php(457): CodeIgniter\CodeIgniter->runController(Object(App\Controllers\Auth))
 7 SYSTEMPATH\CodeIgniter.php(340): CodeIgniter\CodeIgniter->handleRequest(null, Object(Config\Cache), false)
 8 FCPATH\index.php(67): CodeIgniter\CodeIgniter->run()
 9 SYSTEMPATH\Commands\Server\rewrite.php(43): require_once('FCPATH\\index.php')
ERROR - 2023-03-08 19:00:49 --> Error connecting to the database: mysqli_sql_exception: No connection could be made because the target machine actively refused it.
 in C:\projectci4\system\Database\MySQLi\Connection.php:171
Stack trace:
#0 C:\projectci4\system\Database\MySQLi\Connection.php(171): mysqli->real_connect('localhost', 'root', '', 'db_perpustakaan', 3306, '', 0)
#1 C:\projectci4\system\Database\BaseConnection.php(382): CodeIgniter\Database\MySQLi\Connection->connect(false)
#2 C:\projectci4\system\Database\BaseConnection.php(588): CodeIgniter\Database\BaseConnection->initialize()
#3 C:\projectci4\system\Database\BaseBuilder.php(1585): CodeIgniter\Database\BaseConnection->query('SELECT *\nFROM `...', Array, false)
#4 C:\projectci4\app\Models\ModelAuth.php(15): CodeIgniter\Database\BaseBuilder->get()
#5 C:\projectci4\app\Controllers\Auth.php(52): App\Models\ModelAuth->LoginUser('admin@gmail.com', '211006')
#6 C:\projectci4\system\CodeIgniter.php(904): App\Controllers\Auth->CekLoginUser()
#7 C:\projectci4\system\CodeIgniter.php(457): CodeIgniter\CodeIgniter->runController(Object(App\Controllers\Auth))
#8 C:\projectci4\system\CodeIgniter.php(340): CodeIgniter\CodeIgniter->handleRequest(NULL, Object(Config\Cache), false)
#9 C:\projectci4\public\index.php(67): CodeIgniter\CodeIgniter->run()
#10 C:\projectci4\system\Commands\Server\rewrite.php(43): require_once('C:\\projectci4\\p...')
#11 {main}

Next CodeIgniter\Database\Exceptions\DatabaseException: No connection could be made because the target machine actively refused it.
 in C:\projectci4\system\Database\MySQLi\Connection.php:215
Stack trace:
#0 C:\projectci4\system\Database\BaseConnection.php(382): CodeIgniter\Database\MySQLi\Connection->connect(false)
#1 C:\projectci4\system\Database\BaseConnection.php(588): CodeIgniter\Database\BaseConnection->initialize()
#2 C:\projectci4\system\Database\BaseBuilder.php(1585): CodeIgniter\Database\BaseConnection->query('SELECT *\nFROM `...', Array, false)
#3 C:\projectci4\app\Models\ModelAuth.php(15): CodeIgniter\Database\BaseBuilder->get()
#4 C:\projectci4\app\Controllers\Auth.php(52): App\Models\ModelAuth->LoginUser('admin@gmail.com', '211006')
#5 C:\projectci4\system\CodeIgniter.php(904): App\Controllers\Auth->CekLoginUser()
#6 C:\projectci4\system\CodeIgniter.php(457): CodeIgniter\CodeIgniter->runController(Object(App\Controllers\Auth))
#7 C:\projectci4\system\CodeIgniter.php(340): CodeIgniter\CodeIgniter->handleRequest(NULL, Object(Config\Cache), false)
#8 C:\projectci4\public\index.php(67): CodeIgniter\CodeIgniter->run()
#9 C:\projectci4\system\Commands\Server\rewrite.php(43): require_once('C:\\projectci4\\p...')
#10 {main}
CRITICAL - 2023-03-08 19:00:49 --> Unable to connect to the database.
Main connection [MySQLi]: No connection could be made because the target machine actively refused it.

in SYSTEMPATH\Database\BaseConnection.php on line 418.
 1 SYSTEMPATH\Database\BaseConnection.php(588): CodeIgniter\Database\BaseConnection->initialize()
 2 SYSTEMPATH\Database\BaseBuilder.php(1585): CodeIgniter\Database\BaseConnection->query('SELECT *
FROM `user`
WHERE `email` = :email:
AND `password` = :password:', [...], false)
 3 APPPATH\Models\ModelAuth.php(15): CodeIgniter\Database\BaseBuilder->get()
 4 APPPATH\Controllers\Auth.php(52): App\Models\ModelAuth->LoginUser('admin@gmail.com', '211006')
 5 SYSTEMPATH\CodeIgniter.php(904): App\Controllers\Auth->CekLoginUser()
 6 SYSTEMPATH\CodeIgniter.php(457): CodeIgniter\CodeIgniter->runController(Object(App\Controllers\Auth))
 7 SYSTEMPATH\CodeIgniter.php(340): CodeIgniter\CodeIgniter->handleRequest(null, Object(Config\Cache), false)
 8 FCPATH\index.php(67): CodeIgniter\CodeIgniter->run()
 9 SYSTEMPATH\Commands\Server\rewrite.php(43): require_once('FCPATH\\index.php')
ERROR - 2023-03-08 19:30:12 --> Error connecting to the database: mysqli_sql_exception: No connection could be made because the target machine actively refused it.
 in C:\projectci4\system\Database\MySQLi\Connection.php:171
Stack trace:
#0 C:\projectci4\system\Database\MySQLi\Connection.php(171): mysqli->real_connect('localhost', 'root', '', 'db_perpustakaan', 3306, '', 0)
#1 C:\projectci4\system\Database\BaseConnection.php(382): CodeIgniter\Database\MySQLi\Connection->connect(false)
#2 C:\projectci4\system\Database\BaseConnection.php(588): CodeIgniter\Database\BaseConnection->initialize()
#3 C:\projectci4\system\Database\BaseBuilder.php(1585): CodeIgniter\Database\BaseConnection->query('SELECT *\nFROM `...', Array, false)
#4 C:\projectci4\app\Models\ModelAuth.php(15): CodeIgniter\Database\BaseBuilder->get()
#5 C:\projectci4\app\Controllers\Auth.php(52): App\Models\ModelAuth->LoginUser('admin@gmail.com', '211006')
#6 C:\projectci4\system\CodeIgniter.php(904): App\Controllers\Auth->CekLoginUser()
#7 C:\projectci4\system\CodeIgniter.php(457): CodeIgniter\CodeIgniter->runController(Object(App\Controllers\Auth))
#8 C:\projectci4\system\CodeIgniter.php(340): CodeIgniter\CodeIgniter->handleRequest(NULL, Object(Config\Cache), false)
#9 C:\projectci4\public\index.php(67): CodeIgniter\CodeIgniter->run()
#10 C:\projectci4\system\Commands\Server\rewrite.php(43): require_once('C:\\projectci4\\p...')
#11 {main}

Next CodeIgniter\Database\Exceptions\DatabaseException: No connection could be made because the target machine actively refused it.
 in C:\projectci4\system\Database\MySQLi\Connection.php:215
Stack trace:
#0 C:\projectci4\system\Database\BaseConnection.php(382): CodeIgniter\Database\MySQLi\Connection->connect(false)
#1 C:\projectci4\system\Database\BaseConnection.php(588): CodeIgniter\Database\BaseConnection->initialize()
#2 C:\projectci4\system\Database\BaseBuilder.php(1585): CodeIgniter\Database\BaseConnection->query('SELECT *\nFROM `...', Array, false)
#3 C:\projectci4\app\Models\ModelAuth.php(15): CodeIgniter\Database\BaseBuilder->get()
#4 C:\projectci4\app\Controllers\Auth.php(52): App\Models\ModelAuth->LoginUser('admin@gmail.com', '211006')
#5 C:\projectci4\system\CodeIgniter.php(904): App\Controllers\Auth->CekLoginUser()
#6 C:\projectci4\system\CodeIgniter.php(457): CodeIgniter\CodeIgniter->runController(Object(App\Controllers\Auth))
#7 C:\projectci4\system\CodeIgniter.php(340): CodeIgniter\CodeIgniter->handleRequest(NULL, Object(Config\Cache), false)
#8 C:\projectci4\public\index.php(67): CodeIgniter\CodeIgniter->run()
#9 C:\projectci4\system\Commands\Server\rewrite.php(43): require_once('C:\\projectci4\\p...')
#10 {main}
CRITICAL - 2023-03-08 19:30:12 --> Unable to connect to the database.
Main connection [MySQLi]: No connection could be made because the target machine actively refused it.

in SYSTEMPATH\Database\BaseConnection.php on line 418.
 1 SYSTEMPATH\Database\BaseConnection.php(588): CodeIgniter\Database\BaseConnection->initialize()
 2 SYSTEMPATH\Database\BaseBuilder.php(1585): CodeIgniter\Database\BaseConnection->query('SELECT *
FROM `user`
WHERE `email` = :email:
AND `password` = :password:', [...], false)
 3 APPPATH\Models\ModelAuth.php(15): CodeIgniter\Database\BaseBuilder->get()
 4 APPPATH\Controllers\Auth.php(52): App\Models\ModelAuth->LoginUser('admin@gmail.com', '211006')
 5 SYSTEMPATH\CodeIgniter.php(904): App\Controllers\Auth->CekLoginUser()
 6 SYSTEMPATH\CodeIgniter.php(457): CodeIgniter\CodeIgniter->runController(Object(App\Controllers\Auth))
 7 SYSTEMPATH\CodeIgniter.php(340): CodeIgniter\CodeIgniter->handleRequest(null, Object(Config\Cache), false)
 8 FCPATH\index.php(67): CodeIgniter\CodeIgniter->run()
 9 SYSTEMPATH\Commands\Server\rewrite.php(43): require_once('FCPATH\\index.php')
ERROR - 2023-03-08 21:33:46 --> Error connecting to the database: mysqli_sql_exception: No connection could be made because the target machine actively refused it.
 in C:\projectci4\system\Database\MySQLi\Connection.php:171
Stack trace:
#0 C:\projectci4\system\Database\MySQLi\Connection.php(171): mysqli->real_connect('localhost', 'root', '', 'db_perpustakaan', 3306, '', 0)
#1 C:\projectci4\system\Database\BaseConnection.php(382): CodeIgniter\Database\MySQLi\Connection->connect(false)
#2 C:\projectci4\system\Database\BaseConnection.php(588): CodeIgniter\Database\BaseConnection->initialize()
#3 C:\projectci4\system\Database\BaseBuilder.php(1585): CodeIgniter\Database\BaseConnection->query('SELECT *\nFROM `...', Array, false)
#4 C:\projectci4\app\Models\ModelAuth.php(15): CodeIgniter\Database\BaseBuilder->get()
#5 C:\projectci4\app\Controllers\Auth.php(52): App\Models\ModelAuth->LoginUser('admin@gmail.com', '211006')
#6 C:\projectci4\system\CodeIgniter.php(904): App\Controllers\Auth->CekLoginUser()
#7 C:\projectci4\system\CodeIgniter.php(457): CodeIgniter\CodeIgniter->runController(Object(App\Controllers\Auth))
#8 C:\projectci4\system\CodeIgniter.php(340): CodeIgniter\CodeIgniter->handleRequest(NULL, Object(Config\Cache), false)
#9 C:\projectci4\public\index.php(67): CodeIgniter\CodeIgniter->run()
#10 C:\projectci4\system\Commands\Server\rewrite.php(43): require_once('C:\\projectci4\\p...')
#11 {main}

Next CodeIgniter\Database\Exceptions\DatabaseException: No connection could be made because the target machine actively refused it.
 in C:\projectci4\system\Database\MySQLi\Connection.php:215
Stack trace:
#0 C:\projectci4\system\Database\BaseConnection.php(382): CodeIgniter\Database\MySQLi\Connection->connect(false)
#1 C:\projectci4\system\Database\BaseConnection.php(588): CodeIgniter\Database\BaseConnection->initialize()
#2 C:\projectci4\system\Database\BaseBuilder.php(1585): CodeIgniter\Database\BaseConnection->query('SELECT *\nFROM `...', Array, false)
#3 C:\projectci4\app\Models\ModelAuth.php(15): CodeIgniter\Database\BaseBuilder->get()
#4 C:\projectci4\app\Controllers\Auth.php(52): App\Models\ModelAuth->LoginUser('admin@gmail.com', '211006')
#5 C:\projectci4\system\CodeIgniter.php(904): App\Controllers\Auth->CekLoginUser()
#6 C:\projectci4\system\CodeIgniter.php(457): CodeIgniter\CodeIgniter->runController(Object(App\Controllers\Auth))
#7 C:\projectci4\system\CodeIgniter.php(340): CodeIgniter\CodeIgniter->handleRequest(NULL, Object(Config\Cache), false)
#8 C:\projectci4\public\index.php(67): CodeIgniter\CodeIgniter->run()
#9 C:\projectci4\system\Commands\Server\rewrite.php(43): require_once('C:\\projectci4\\p...')
#10 {main}
CRITICAL - 2023-03-08 21:33:46 --> Unable to connect to the database.
Main connection [MySQLi]: No connection could be made because the target machine actively refused it.

in SYSTEMPATH\Database\BaseConnection.php on line 418.
 1 SYSTEMPATH\Database\BaseConnection.php(588): CodeIgniter\Database\BaseConnection->initialize()
 2 SYSTEMPATH\Database\BaseBuilder.php(1585): CodeIgniter\Database\BaseConnection->query('SELECT *
FROM `user`
WHERE `email` = :email:
AND `password` = :password:', [...], false)
 3 APPPATH\Models\ModelAuth.php(15): CodeIgniter\Database\BaseBuilder->get()
 4 APPPATH\Controllers\Auth.php(52): App\Models\ModelAuth->LoginUser('admin@gmail.com', '211006')
 5 SYSTEMPATH\CodeIgniter.php(904): App\Controllers\Auth->CekLoginUser()
 6 SYSTEMPATH\CodeIgniter.php(457): CodeIgniter\CodeIgniter->runController(Object(App\Controllers\Auth))
 7 SYSTEMPATH\CodeIgniter.php(340): CodeIgniter\CodeIgniter->handleRequest(null, Object(Config\Cache), false)
 8 FCPATH\index.php(67): CodeIgniter\CodeIgniter->run()
 9 SYSTEMPATH\Commands\Server\rewrite.php(43): require_once('FCPATH\\index.php')
