CRITICAL - 2023-03-13 01:57:46 --> unlink(foto/1678690557_22da0112b): No such file or directory
in APPPATH\Controllers\User.php on line 278.
 1 [internal function]: CodeIgniter\Debug\Exceptions->errorHandler(2, 'unlink(foto/1678690557_22da0112b): No such file or directory', 'APPPATH\\Controllers\\User.php', 278, [...])
 2 APPPATH\Controllers\User.php(278): unlink('foto/1678690557_22da0112b')
 3 SYSTEMPATH\CodeIgniter.php(904): App\Controllers\User->DeleteData('6')
 4 SYSTEMPATH\CodeIgniter.php(457): CodeIgniter\CodeIgniter->runController(Object(App\Controllers\User))
 5 SYSTEMPATH\CodeIgniter.php(340): CodeIgniter\CodeIgniter->handleRequest(null, Object(Config\Cache), false)
 6 FCPATH\index.php(67): CodeIgniter\CodeIgniter->run()
 7 SYSTEMPATH\Commands\Server\rewrite.php(43): require_once('FCPATH\\index.php')
CRITICAL - 2023-03-13 01:58:43 --> unlink(foto/1678690557_22da0112b): No such file or directory
in APPPATH\Controllers\User.php on line 278.
 1 [internal function]: CodeIgniter\Debug\Exceptions->errorHandler(2, 'unlink(foto/1678690557_22da0112b): No such file or directory', 'APPPATH\\Controllers\\User.php', 278, [...])
 2 APPPATH\Controllers\User.php(278): unlink('foto/1678690557_22da0112b')
 3 SYSTEMPATH\CodeIgniter.php(904): App\Controllers\User->DeleteData('6')
 4 SYSTEMPATH\CodeIgniter.php(457): CodeIgniter\CodeIgniter->runController(Object(App\Controllers\User))
 5 SYSTEMPATH\CodeIgniter.php(340): CodeIgniter\CodeIgniter->handleRequest(null, Object(Config\Cache), false)
 6 FCPATH\index.php(67): CodeIgniter\CodeIgniter->run()
 7 SYSTEMPATH\Commands\Server\rewrite.php(43): require_once('FCPATH\\index.php')
CRITICAL - 2023-03-13 02:05:17 --> unlink(foto/1678691102_1e8c2916f): No such file or directory
in APPPATH\Controllers\User.php on line 246.
 1 [internal function]: CodeIgniter\Debug\Exceptions->errorHandler(2, 'unlink(foto/1678691102_1e8c2916f): No such file or directory', 'APPPATH\\Controllers\\User.php', 246, [...])
 2 APPPATH\Controllers\User.php(246): unlink('foto/1678691102_1e8c2916f')
 3 SYSTEMPATH\CodeIgniter.php(904): App\Controllers\User->UpdateData('7')
 4 SYSTEMPATH\CodeIgniter.php(457): CodeIgniter\CodeIgniter->runController(Object(App\Controllers\User))
 5 SYSTEMPATH\CodeIgniter.php(340): CodeIgniter\CodeIgniter->handleRequest(null, Object(Config\Cache), false)
 6 FCPATH\index.php(67): CodeIgniter\CodeIgniter->run()
 7 SYSTEMPATH\Commands\Server\rewrite.php(43): require_once('FCPATH\\index.php')
CRITICAL - 2023-03-13 02:05:31 --> unlink(foto/1678691102_1e8c2916f): No such file or directory
in APPPATH\Controllers\User.php on line 246.
 1 [internal function]: CodeIgniter\Debug\Exceptions->errorHandler(2, 'unlink(foto/1678691102_1e8c2916f): No such file or directory', 'APPPATH\\Controllers\\User.php', 246, [...])
 2 APPPATH\Controllers\User.php(246): unlink('foto/1678691102_1e8c2916f')
 3 SYSTEMPATH\CodeIgniter.php(904): App\Controllers\User->UpdateData('7')
 4 SYSTEMPATH\CodeIgniter.php(457): CodeIgniter\CodeIgniter->runController(Object(App\Controllers\User))
 5 SYSTEMPATH\CodeIgniter.php(340): CodeIgniter\CodeIgniter->handleRequest(null, Object(Config\Cache), false)
 6 FCPATH\index.php(67): CodeIgniter\CodeIgniter->run()
 7 SYSTEMPATH\Commands\Server\rewrite.php(43): require_once('FCPATH\\index.php')
CRITICAL - 2023-03-13 02:07:39 --> unlink(foto/1678691179_34f8442d4): No such file or directory
in APPPATH\Controllers\User.php on line 246.
 1 [internal function]: CodeIgniter\Debug\Exceptions->errorHandler(2, 'unlink(foto/1678691179_34f8442d4): No such file or directory', 'APPPATH\\Controllers\\User.php', 246, [...])
 2 APPPATH\Controllers\User.php(246): unlink('foto/1678691179_34f8442d4')
 3 SYSTEMPATH\CodeIgniter.php(904): App\Controllers\User->UpdateData('7')
 4 SYSTEMPATH\CodeIgniter.php(457): CodeIgniter\CodeIgniter->runController(Object(App\Controllers\User))
 5 SYSTEMPATH\CodeIgniter.php(340): CodeIgniter\CodeIgniter->handleRequest(null, Object(Config\Cache), false)
 6 FCPATH\index.php(67): CodeIgniter\CodeIgniter->run()
 7 SYSTEMPATH\Commands\Server\rewrite.php(43): require_once('FCPATH\\index.php')
CRITICAL - 2023-03-13 19:33:14 --> unlink(foto/1678691179_34f8442d4): No such file or directory
in APPPATH\Controllers\User.php on line 246.
 1 [internal function]: CodeIgniter\Debug\Exceptions->errorHandler(2, 'unlink(foto/1678691179_34f8442d4): No such file or directory', 'APPPATH\\Controllers\\User.php', 246, [...])
 2 APPPATH\Controllers\User.php(246): unlink('foto/1678691179_34f8442d4')
 3 SYSTEMPATH\CodeIgniter.php(904): App\Controllers\User->UpdateData('7')
 4 SYSTEMPATH\CodeIgniter.php(457): CodeIgniter\CodeIgniter->runController(Object(App\Controllers\User))
 5 SYSTEMPATH\CodeIgniter.php(340): CodeIgniter\CodeIgniter->handleRequest(null, Object(Config\Cache), false)
 6 FCPATH\index.php(67): CodeIgniter\CodeIgniter->run()
 7 SYSTEMPATH\Commands\Server\rewrite.php(43): require_once('FCPATH\\index.php')
CRITICAL - 2023-03-13 19:33:48 --> unlink(foto/1678691179_34f8442d4): No such file or directory
in APPPATH\Controllers\User.php on line 246.
 1 [internal function]: CodeIgniter\Debug\Exceptions->errorHandler(2, 'unlink(foto/1678691179_34f8442d4): No such file or directory', 'APPPATH\\Controllers\\User.php', 246, [...])
 2 APPPATH\Controllers\User.php(246): unlink('foto/1678691179_34f8442d4')
 3 SYSTEMPATH\CodeIgniter.php(904): App\Controllers\User->UpdateData('7')
 4 SYSTEMPATH\CodeIgniter.php(457): CodeIgniter\CodeIgniter->runController(Object(App\Controllers\User))
 5 SYSTEMPATH\CodeIgniter.php(340): CodeIgniter\CodeIgniter->handleRequest(null, Object(Config\Cache), false)
 6 FCPATH\index.php(67): CodeIgniter\CodeIgniter->run()
 7 SYSTEMPATH\Commands\Server\rewrite.php(43): require_once('FCPATH\\index.php')
CRITICAL - 2023-03-13 20:11:22 --> unlink(foto/1678756252_893d91f6b): No such file or directory
in APPPATH\Controllers\User.php on line 278.
 1 [internal function]: CodeIgniter\Debug\Exceptions->errorHandler(2, 'unlink(foto/1678756252_893d91f6b): No such file or directory', 'APPPATH\\Controllers\\User.php', 278, [...])
 2 APPPATH\Controllers\User.php(278): unlink('foto/1678756252_893d91f6b')
 3 SYSTEMPATH\CodeIgniter.php(904): App\Controllers\User->DeleteData('8')
 4 SYSTEMPATH\CodeIgniter.php(457): CodeIgniter\CodeIgniter->runController(Object(App\Controllers\User))
 5 SYSTEMPATH\CodeIgniter.php(340): CodeIgniter\CodeIgniter->handleRequest(null, Object(Config\Cache), false)
 6 FCPATH\index.php(67): CodeIgniter\CodeIgniter->run()
 7 SYSTEMPATH\Commands\Server\rewrite.php(43): require_once('FCPATH\\index.php')
CRITICAL - 2023-03-13 20:12:44 --> Invalid argument supplied for foreach()
in APPPATH\Views\user\v_adddata.php on line 13.
 1 APPPATH\Views\user\v_adddata.php(13): CodeIgniter\Debug\Exceptions->errorHandler(2, 'Invalid argument supplied for foreach()', 'APPPATH\\Views\\user\\v_adddata.php', 13, [...])
 2 SYSTEMPATH\View\View.php(213): include('APPPATH\\Views\\user\\v_adddata.php')
 3 SYSTEMPATH\View\View.php(216): CodeIgniter\View\View->CodeIgniter\View\{closure}()
 4 SYSTEMPATH\Common.php(1137): CodeIgniter\View\View->render('user/v_adddata', [], true)
 5 APPPATH\Views\v_template_admin.php(217): view('user/v_adddata')
 6 SYSTEMPATH\View\View.php(213): include('APPPATH\\Views\\v_template_admin.php')
 7 SYSTEMPATH\View\View.php(216): CodeIgniter\View\View->CodeIgniter\View\{closure}()
 8 SYSTEMPATH\Common.php(1137): CodeIgniter\View\View->render('v_template_admin', [], true)
 9 APPPATH\Controllers\User.php(38): view('v_template_admin', [...])
10 SYSTEMPATH\CodeIgniter.php(904): App\Controllers\User->AddData()
11 SYSTEMPATH\CodeIgniter.php(457): CodeIgniter\CodeIgniter->runController(Object(App\Controllers\User))
12 SYSTEMPATH\CodeIgniter.php(340): CodeIgniter\CodeIgniter->handleRequest(null, Object(Config\Cache), false)
13 FCPATH\index.php(67): CodeIgniter\CodeIgniter->run()
14 SYSTEMPATH\Commands\Server\rewrite.php(43): require_once('FCPATH\\index.php')
CRITICAL - 2023-03-13 21:19:58 --> Undefined variable: validation
in APPPATH\Views\v_rak.php on line 73.
 1 APPPATH\Views\v_rak.php(73): CodeIgniter\Debug\Exceptions->errorHandler(8, 'Undefined variable: validation', 'APPPATH\\Views\\v_rak.php', 73, [...])
 2 SYSTEMPATH\View\View.php(213): include('APPPATH\\Views\\v_rak.php')
 3 SYSTEMPATH\View\View.php(216): CodeIgniter\View\View->CodeIgniter\View\{closure}()
 4 SYSTEMPATH\Common.php(1137): CodeIgniter\View\View->render('v_rak', [], true)
 5 APPPATH\Views\v_template_admin.php(217): view('v_rak')
 6 SYSTEMPATH\View\View.php(213): include('APPPATH\\Views\\v_template_admin.php')
 7 SYSTEMPATH\View\View.php(216): CodeIgniter\View\View->CodeIgniter\View\{closure}()
 8 SYSTEMPATH\Common.php(1137): CodeIgniter\View\View->render('v_template_admin', [], true)
 9 APPPATH\Controllers\Rak.php(27): view('v_template_admin', [...])
10 SYSTEMPATH\CodeIgniter.php(904): App\Controllers\Rak->index()
11 SYSTEMPATH\CodeIgniter.php(457): CodeIgniter\CodeIgniter->runController(Object(App\Controllers\Rak))
12 SYSTEMPATH\CodeIgniter.php(340): CodeIgniter\CodeIgniter->handleRequest(null, Object(Config\Cache), false)
13 FCPATH\index.php(67): CodeIgniter\CodeIgniter->run()
14 SYSTEMPATH\Commands\Server\rewrite.php(43): require_once('FCPATH\\index.php')
CRITICAL - 2023-03-13 21:21:16 --> Undefined variable: validation
in APPPATH\Views\v_rak.php on line 73.
 1 APPPATH\Views\v_rak.php(73): CodeIgniter\Debug\Exceptions->errorHandler(8, 'Undefined variable: validation', 'APPPATH\\Views\\v_rak.php', 73, [...])
 2 SYSTEMPATH\View\View.php(213): include('APPPATH\\Views\\v_rak.php')
 3 SYSTEMPATH\View\View.php(216): CodeIgniter\View\View->CodeIgniter\View\{closure}()
 4 SYSTEMPATH\Common.php(1137): CodeIgniter\View\View->render('v_rak', [], true)
 5 APPPATH\Views\v_template_admin.php(217): view('v_rak')
 6 SYSTEMPATH\View\View.php(213): include('APPPATH\\Views\\v_template_admin.php')
 7 SYSTEMPATH\View\View.php(216): CodeIgniter\View\View->CodeIgniter\View\{closure}()
 8 SYSTEMPATH\Common.php(1137): CodeIgniter\View\View->render('v_template_admin', [], true)
 9 APPPATH\Controllers\Rak.php(27): view('v_template_admin', [...])
10 SYSTEMPATH\CodeIgniter.php(904): App\Controllers\Rak->index()
11 SYSTEMPATH\CodeIgniter.php(457): CodeIgniter\CodeIgniter->runController(Object(App\Controllers\Rak))
12 SYSTEMPATH\CodeIgniter.php(340): CodeIgniter\CodeIgniter->handleRequest(null, Object(Config\Cache), false)
13 FCPATH\index.php(67): CodeIgniter\CodeIgniter->run()
14 SYSTEMPATH\Commands\Server\rewrite.php(43): require_once('FCPATH\\index.php')
CRITICAL - 2023-03-13 21:21:32 --> Undefined variable: validation
in APPPATH\Views\v_rak.php on line 73.
 1 APPPATH\Views\v_rak.php(73): CodeIgniter\Debug\Exceptions->errorHandler(8, 'Undefined variable: validation', 'APPPATH\\Views\\v_rak.php', 73, [...])
 2 SYSTEMPATH\View\View.php(213): include('APPPATH\\Views\\v_rak.php')
 3 SYSTEMPATH\View\View.php(216): CodeIgniter\View\View->CodeIgniter\View\{closure}()
 4 SYSTEMPATH\Common.php(1137): CodeIgniter\View\View->render('v_rak', [], true)
 5 APPPATH\Views\v_template_admin.php(217): view('v_rak')
 6 SYSTEMPATH\View\View.php(213): include('APPPATH\\Views\\v_template_admin.php')
 7 SYSTEMPATH\View\View.php(216): CodeIgniter\View\View->CodeIgniter\View\{closure}()
 8 SYSTEMPATH\Common.php(1137): CodeIgniter\View\View->render('v_template_admin', [], true)
 9 APPPATH\Controllers\Rak.php(27): view('v_template_admin', [...])
10 SYSTEMPATH\CodeIgniter.php(904): App\Controllers\Rak->index()
11 SYSTEMPATH\CodeIgniter.php(457): CodeIgniter\CodeIgniter->runController(Object(App\Controllers\Rak))
12 SYSTEMPATH\CodeIgniter.php(340): CodeIgniter\CodeIgniter->handleRequest(null, Object(Config\Cache), false)
13 FCPATH\index.php(67): CodeIgniter\CodeIgniter->run()
14 SYSTEMPATH\Commands\Server\rewrite.php(43): require_once('FCPATH\\index.php')
