CRITICAL - 2023-03-28 07:25:34 --> syntax error, unexpected ')', expecting ']'
in APPPATH\Controllers\Anggota.php on line 117.
 1 SYSTEMPATH\Router\Router.php(499): CodeIgniter\Router\AutoRouter->getRoute('Anggota')
 2 SYSTEMPATH\Router\Router.php(205): CodeIgniter\Router\Router->autoRoute('Anggota')
 3 SYSTEMPATH\CodeIgniter.php(779): CodeIgniter\Router\Router->handle('Anggota')
 4 SYSTEMPATH\CodeIgniter.php(406): CodeIgniter\CodeIgniter->tryToRouteIt(Object(CodeIgniter\Router\RouteCollection))
 5 SYSTEMPATH\CodeIgniter.php(340): CodeIgniter\CodeIgniter->handleRequest(null, Object(Config\Cache), false)
 6 FCPATH\index.php(67): CodeIgniter\CodeIgniter->run()
 7 SYSTEMPATH\Commands\Server\rewrite.php(43): require_once('FCPATH\\index.php')
CRITICAL - 2023-03-28 07:33:23 --> syntax error, unexpected 'else' (T_ELSE), expecting function (T_FUNCTION) or const (T_CONST)
in APPPATH\Controllers\User.php on line 116.
 1 SYSTEMPATH\Router\Router.php(499): CodeIgniter\Router\AutoRouter->getRoute('User')
 2 SYSTEMPATH\Router\Router.php(205): CodeIgniter\Router\Router->autoRoute('User')
 3 SYSTEMPATH\CodeIgniter.php(779): CodeIgniter\Router\Router->handle('User')
 4 SYSTEMPATH\CodeIgniter.php(406): CodeIgniter\CodeIgniter->tryToRouteIt(Object(CodeIgniter\Router\RouteCollection))
 5 SYSTEMPATH\CodeIgniter.php(340): CodeIgniter\CodeIgniter->handleRequest(null, Object(Config\Cache), false)
 6 FCPATH\index.php(67): CodeIgniter\CodeIgniter->run()
 7 SYSTEMPATH\Commands\Server\rewrite.php(43): require_once('FCPATH\\index.php')
CRITICAL - 2023-03-28 09:31:16 --> Undefined index: nama_kelas
in APPPATH\Views\anggota\v_editdata.php on line 66.
 1 APPPATH\Views\anggota\v_editdata.php(66): CodeIgniter\Debug\Exceptions->errorHandler(8, 'Undefined index: nama_kelas', 'APPPATH\\Views\\anggota\\v_editdata.php', 66, [...])
 2 SYSTEMPATH\View\View.php(213): include('APPPATH\\Views\\anggota\\v_editdata.php')
 3 SYSTEMPATH\View\View.php(216): CodeIgniter\View\View->CodeIgniter\View\{closure}()
 4 SYSTEMPATH\Common.php(1137): CodeIgniter\View\View->render('anggota/v_editdata', [], true)
 5 APPPATH\Views\v_template_admin.php(254): view('anggota/v_editdata')
 6 SYSTEMPATH\View\View.php(213): include('APPPATH\\Views\\v_template_admin.php')
 7 SYSTEMPATH\View\View.php(216): CodeIgniter\View\View->CodeIgniter\View\{closure}()
 8 SYSTEMPATH\Common.php(1137): CodeIgniter\View\View->render('v_template_admin', [], true)
 9 APPPATH\Controllers\Anggota.php(151): view('v_template_admin', [...])
10 SYSTEMPATH\CodeIgniter.php(904): App\Controllers\Anggota->EditData('9')
11 SYSTEMPATH\CodeIgniter.php(457): CodeIgniter\CodeIgniter->runController(Object(App\Controllers\Anggota))
12 SYSTEMPATH\CodeIgniter.php(340): CodeIgniter\CodeIgniter->handleRequest(null, Object(Config\Cache), false)
13 FCPATH\index.php(67): CodeIgniter\CodeIgniter->run()
14 SYSTEMPATH\Commands\Server\rewrite.php(43): require_once('FCPATH\\index.php')
CRITICAL - 2023-03-28 09:32:54 --> Undefined index: nama_kelas
in APPPATH\Views\anggota\v_editdata.php on line 68.
 1 APPPATH\Views\anggota\v_editdata.php(68): CodeIgniter\Debug\Exceptions->errorHandler(8, 'Undefined index: nama_kelas', 'APPPATH\\Views\\anggota\\v_editdata.php', 68, [...])
 2 SYSTEMPATH\View\View.php(213): include('APPPATH\\Views\\anggota\\v_editdata.php')
 3 SYSTEMPATH\View\View.php(216): CodeIgniter\View\View->CodeIgniter\View\{closure}()
 4 SYSTEMPATH\Common.php(1137): CodeIgniter\View\View->render('anggota/v_editdata', [], true)
 5 APPPATH\Views\v_template_admin.php(254): view('anggota/v_editdata')
 6 SYSTEMPATH\View\View.php(213): include('APPPATH\\Views\\v_template_admin.php')
 7 SYSTEMPATH\View\View.php(216): CodeIgniter\View\View->CodeIgniter\View\{closure}()
 8 SYSTEMPATH\Common.php(1137): CodeIgniter\View\View->render('v_template_admin', [], true)
 9 APPPATH\Controllers\Anggota.php(151): view('v_template_admin', [...])
10 SYSTEMPATH\CodeIgniter.php(904): App\Controllers\Anggota->EditData('9')
11 SYSTEMPATH\CodeIgniter.php(457): CodeIgniter\CodeIgniter->runController(Object(App\Controllers\Anggota))
12 SYSTEMPATH\CodeIgniter.php(340): CodeIgniter\CodeIgniter->handleRequest(null, Object(Config\Cache), false)
13 FCPATH\index.php(67): CodeIgniter\CodeIgniter->run()
14 SYSTEMPATH\Commands\Server\rewrite.php(43): require_once('FCPATH\\index.php')
CRITICAL - 2023-03-28 09:34:47 --> Undefined index: nama_kelas
in APPPATH\Views\anggota\v_editdata.php on line 68.
 1 APPPATH\Views\anggota\v_editdata.php(68): CodeIgniter\Debug\Exceptions->errorHandler(8, 'Undefined index: nama_kelas', 'APPPATH\\Views\\anggota\\v_editdata.php', 68, [...])
 2 SYSTEMPATH\View\View.php(213): include('APPPATH\\Views\\anggota\\v_editdata.php')
 3 SYSTEMPATH\View\View.php(216): CodeIgniter\View\View->CodeIgniter\View\{closure}()
 4 SYSTEMPATH\Common.php(1137): CodeIgniter\View\View->render('anggota/v_editdata', [], true)
 5 APPPATH\Views\v_template_admin.php(254): view('anggota/v_editdata')
 6 SYSTEMPATH\View\View.php(213): include('APPPATH\\Views\\v_template_admin.php')
 7 SYSTEMPATH\View\View.php(216): CodeIgniter\View\View->CodeIgniter\View\{closure}()
 8 SYSTEMPATH\Common.php(1137): CodeIgniter\View\View->render('v_template_admin', [], true)
 9 APPPATH\Controllers\Anggota.php(151): view('v_template_admin', [...])
10 SYSTEMPATH\CodeIgniter.php(904): App\Controllers\Anggota->EditData('9')
11 SYSTEMPATH\CodeIgniter.php(457): CodeIgniter\CodeIgniter->runController(Object(App\Controllers\Anggota))
12 SYSTEMPATH\CodeIgniter.php(340): CodeIgniter\CodeIgniter->handleRequest(null, Object(Config\Cache), false)
13 FCPATH\index.php(67): CodeIgniter\CodeIgniter->run()
14 SYSTEMPATH\Commands\Server\rewrite.php(43): require_once('FCPATH\\index.php')
CRITICAL - 2023-03-28 09:58:20 --> Undefined variable: user
in APPPATH\Controllers\Anggota.php on line 223.
 1 APPPATH\Controllers\Anggota.php(223): CodeIgniter\Debug\Exceptions->errorHandler(8, 'Undefined variable: user', 'APPPATH\\Controllers\\Anggota.php', 223, [...])
 2 SYSTEMPATH\CodeIgniter.php(904): App\Controllers\Anggota->UpdateData('9')
 3 SYSTEMPATH\CodeIgniter.php(457): CodeIgniter\CodeIgniter->runController(Object(App\Controllers\Anggota))
 4 SYSTEMPATH\CodeIgniter.php(340): CodeIgniter\CodeIgniter->handleRequest(null, Object(Config\Cache), false)
 5 FCPATH\index.php(67): CodeIgniter\CodeIgniter->run()
 6 SYSTEMPATH\Commands\Server\rewrite.php(43): require_once('FCPATH\\index.php')
CRITICAL - 2023-03-28 10:34:15 --> Undefined variable: user
in APPPATH\Controllers\Anggota.php on line 270.
 1 APPPATH\Controllers\Anggota.php(270): CodeIgniter\Debug\Exceptions->errorHandler(8, 'Undefined variable: user', 'APPPATH\\Controllers\\Anggota.php', 270, [...])
 2 SYSTEMPATH\CodeIgniter.php(904): App\Controllers\Anggota->DeleteData('5')
 3 SYSTEMPATH\CodeIgniter.php(457): CodeIgniter\CodeIgniter->runController(Object(App\Controllers\Anggota))
 4 SYSTEMPATH\CodeIgniter.php(340): CodeIgniter\CodeIgniter->handleRequest(null, Object(Config\Cache), false)
 5 FCPATH\index.php(67): CodeIgniter\CodeIgniter->run()
 6 SYSTEMPATH\Commands\Server\rewrite.php(43): require_once('FCPATH\\index.php')
CRITICAL - 2023-03-28 10:34:33 --> Undefined property: App\Controllers\Anggota::$ModelUser
in APPPATH\Controllers\Anggota.php on line 273.
 1 APPPATH\Controllers\Anggota.php(273): CodeIgniter\Debug\Exceptions->errorHandler(8, 'Undefined property: App\\Controllers\\Anggota::$ModelUser', 'APPPATH\\Controllers\\Anggota.php', 273, [...])
 2 SYSTEMPATH\CodeIgniter.php(904): App\Controllers\Anggota->DeleteData('5')
 3 SYSTEMPATH\CodeIgniter.php(457): CodeIgniter\CodeIgniter->runController(Object(App\Controllers\Anggota))
 4 SYSTEMPATH\CodeIgniter.php(340): CodeIgniter\CodeIgniter->handleRequest(null, Object(Config\Cache), false)
 5 FCPATH\index.php(67): CodeIgniter\CodeIgniter->run()
 6 SYSTEMPATH\Commands\Server\rewrite.php(43): require_once('FCPATH\\index.php')
CRITICAL - 2023-03-28 10:34:49 --> unlink(foto/1680007971_80c62563ef3d9302bdc1.jpg): No such file or directory
in APPPATH\Controllers\Anggota.php on line 270.
 1 [internal function]: CodeIgniter\Debug\Exceptions->errorHandler(2, 'unlink(foto/1680007971_80c62563ef3d9302bdc1.jpg): No such file or directory', 'APPPATH\\Controllers\\Anggota.php', 270, [...])
 2 APPPATH\Controllers\Anggota.php(270): unlink('foto/1680007971_80c62563ef3d9302bdc1.jpg')
 3 SYSTEMPATH\CodeIgniter.php(904): App\Controllers\Anggota->DeleteData('5')
 4 SYSTEMPATH\CodeIgniter.php(457): CodeIgniter\CodeIgniter->runController(Object(App\Controllers\Anggota))
 5 SYSTEMPATH\CodeIgniter.php(340): CodeIgniter\CodeIgniter->handleRequest(null, Object(Config\Cache), false)
 6 FCPATH\index.php(67): CodeIgniter\CodeIgniter->run()
 7 SYSTEMPATH\Commands\Server\rewrite.php(43): require_once('FCPATH\\index.php')
CRITICAL - 2023-03-28 10:37:39 --> unlink(foto/1680007971_80c62563ef3d9302bdc1.jpg): No such file or directory
in APPPATH\Controllers\Anggota.php on line 270.
 1 [internal function]: CodeIgniter\Debug\Exceptions->errorHandler(2, 'unlink(foto/1680007971_80c62563ef3d9302bdc1.jpg): No such file or directory', 'APPPATH\\Controllers\\Anggota.php', 270, [...])
 2 APPPATH\Controllers\Anggota.php(270): unlink('foto/1680007971_80c62563ef3d9302bdc1.jpg')
 3 SYSTEMPATH\CodeIgniter.php(904): App\Controllers\Anggota->DeleteData('5')
 4 SYSTEMPATH\CodeIgniter.php(457): CodeIgniter\CodeIgniter->runController(Object(App\Controllers\Anggota))
 5 SYSTEMPATH\CodeIgniter.php(340): CodeIgniter\CodeIgniter->handleRequest(null, Object(Config\Cache), false)
 6 FCPATH\index.php(67): CodeIgniter\CodeIgniter->run()
 7 SYSTEMPATH\Commands\Server\rewrite.php(43): require_once('FCPATH\\index.php')
CRITICAL - 2023-03-28 10:38:23 --> unlink(foto/1680007971_80c62563ef3d9302bdc1.jpg): No such file or directory
in APPPATH\Controllers\Anggota.php on line 269.
 1 [internal function]: CodeIgniter\Debug\Exceptions->errorHandler(2, 'unlink(foto/1680007971_80c62563ef3d9302bdc1.jpg): No such file or directory', 'APPPATH\\Controllers\\Anggota.php', 269, [...])
 2 APPPATH\Controllers\Anggota.php(269): unlink('foto/1680007971_80c62563ef3d9302bdc1.jpg')
 3 SYSTEMPATH\CodeIgniter.php(904): App\Controllers\Anggota->DeleteData('5')
 4 SYSTEMPATH\CodeIgniter.php(457): CodeIgniter\CodeIgniter->runController(Object(App\Controllers\Anggota))
 5 SYSTEMPATH\CodeIgniter.php(340): CodeIgniter\CodeIgniter->handleRequest(null, Object(Config\Cache), false)
 6 FCPATH\index.php(67): CodeIgniter\CodeIgniter->run()
 7 SYSTEMPATH\Commands\Server\rewrite.php(43): require_once('FCPATH\\index.php')
CRITICAL - 2023-03-28 19:26:14 --> Undefined property: CodeIgniter\View\View::$db
in APPPATH\Views\v_template.php on line 23.
 1 APPPATH\Views\v_template.php(23): CodeIgniter\Debug\Exceptions->errorHandler(8, 'Undefined property: CodeIgniter\\View\\View::$db', 'APPPATH\\Views\\v_template.php', 23, [...])
 2 SYSTEMPATH\View\View.php(213): include('APPPATH\\Views\\v_template.php')
 3 SYSTEMPATH\View\View.php(216): CodeIgniter\View\View->CodeIgniter\View\{closure}()
 4 SYSTEMPATH\Common.php(1137): CodeIgniter\View\View->render('v_template', [], true)
 5 APPPATH\Controllers\Home.php(13): view('v_template', [...])
 6 SYSTEMPATH\CodeIgniter.php(904): App\Controllers\Home->index()
 7 SYSTEMPATH\CodeIgniter.php(457): CodeIgniter\CodeIgniter->runController(Object(App\Controllers\Home))
 8 SYSTEMPATH\CodeIgniter.php(340): CodeIgniter\CodeIgniter->handleRequest(null, Object(Config\Cache), false)
 9 FCPATH\index.php(67): CodeIgniter\CodeIgniter->run()
10 SYSTEMPATH\Commands\Server\rewrite.php(43): require_once('FCPATH\\index.php')
CRITICAL - 2023-03-28 23:11:04 --> Undefined index: ind_slider
in APPPATH\Views\v_home.php on line 12.
 1 APPPATH\Views\v_home.php(12): CodeIgniter\Debug\Exceptions->errorHandler(8, 'Undefined index: ind_slider', 'APPPATH\\Views\\v_home.php', 12, [...])
 2 SYSTEMPATH\View\View.php(213): include('APPPATH\\Views\\v_home.php')
 3 SYSTEMPATH\View\View.php(216): CodeIgniter\View\View->CodeIgniter\View\{closure}()
 4 SYSTEMPATH\Common.php(1137): CodeIgniter\View\View->render('v_home', [], true)
 5 APPPATH\Views\v_template.php(110): view('v_home')
 6 SYSTEMPATH\View\View.php(213): include('APPPATH\\Views\\v_template.php')
 7 SYSTEMPATH\View\View.php(216): CodeIgniter\View\View->CodeIgniter\View\{closure}()
 8 SYSTEMPATH\Common.php(1137): CodeIgniter\View\View->render('v_template', [], true)
 9 APPPATH\Controllers\Home.php(21): view('v_template', [...])
10 SYSTEMPATH\CodeIgniter.php(904): App\Controllers\Home->index()
11 SYSTEMPATH\CodeIgniter.php(457): CodeIgniter\CodeIgniter->runController(Object(App\Controllers\Home))
12 SYSTEMPATH\CodeIgniter.php(340): CodeIgniter\CodeIgniter->handleRequest(null, Object(Config\Cache), false)
13 FCPATH\index.php(67): CodeIgniter\CodeIgniter->run()
14 SYSTEMPATH\Commands\Server\rewrite.php(43): require_once('FCPATH\\index.php')
