CRITICAL - 2023-03-15 00:00:17 --> Undefined variable: kelas
in APPPATH\Views\v_kelas.php on line 36.
 1 APPPATH\Views\v_kelas.php(36): CodeIgniter\Debug\Exceptions->errorHandler(8, 'Undefined variable: kelas', 'APPPATH\\Views\\v_kelas.php', 36, [...])
 2 SYSTEMPATH\View\View.php(213): include('APPPATH\\Views\\v_kelas.php')
 3 SYSTEMPATH\View\View.php(216): CodeIgniter\View\View->CodeIgniter\View\{closure}()
 4 SYSTEMPATH\Common.php(1137): CodeIgniter\View\View->render('v_kelas', [], true)
 5 APPPATH\Views\v_template_admin.php(249): view('v_kelas')
 6 SYSTEMPATH\View\View.php(213): include('APPPATH\\Views\\v_template_admin.php')
 7 SYSTEMPATH\View\View.php(216): CodeIgniter\View\View->CodeIgniter\View\{closure}()
 8 SYSTEMPATH\Common.php(1137): CodeIgniter\View\View->render('v_template_admin', [], true)
 9 APPPATH\Controllers\Kelas.php(27): view('v_template_admin', [...])
10 SYSTEMPATH\CodeIgniter.php(904): App\Controllers\Kelas->index()
11 SYSTEMPATH\CodeIgniter.php(457): CodeIgniter\CodeIgniter->runController(Object(App\Controllers\Kelas))
12 SYSTEMPATH\CodeIgniter.php(340): CodeIgniter\CodeIgniter->handleRequest(null, Object(Config\Cache), false)
13 FCPATH\index.php(67): CodeIgniter\CodeIgniter->run()
14 SYSTEMPATH\Commands\Server\rewrite.php(43): require_once('FCPATH\\index.php')
CRITICAL - 2023-03-15 00:01:09 --> Undefined variable: kelas
in APPPATH\Views\v_kelas.php on line 36.
 1 APPPATH\Views\v_kelas.php(36): CodeIgniter\Debug\Exceptions->errorHandler(8, 'Undefined variable: kelas', 'APPPATH\\Views\\v_kelas.php', 36, [...])
 2 SYSTEMPATH\View\View.php(213): include('APPPATH\\Views\\v_kelas.php')
 3 SYSTEMPATH\View\View.php(216): CodeIgniter\View\View->CodeIgniter\View\{closure}()
 4 SYSTEMPATH\Common.php(1137): CodeIgniter\View\View->render('v_kelas', [], true)
 5 APPPATH\Views\v_template_admin.php(249): view('v_kelas')
 6 SYSTEMPATH\View\View.php(213): include('APPPATH\\Views\\v_template_admin.php')
 7 SYSTEMPATH\View\View.php(216): CodeIgniter\View\View->CodeIgniter\View\{closure}()
 8 SYSTEMPATH\Common.php(1137): CodeIgniter\View\View->render('v_template_admin', [], true)
 9 APPPATH\Controllers\Kelas.php(27): view('v_template_admin', [...])
10 SYSTEMPATH\CodeIgniter.php(904): App\Controllers\Kelas->index()
11 SYSTEMPATH\CodeIgniter.php(457): CodeIgniter\CodeIgniter->runController(Object(App\Controllers\Kelas))
12 SYSTEMPATH\CodeIgniter.php(340): CodeIgniter\CodeIgniter->handleRequest(null, Object(Config\Cache), false)
13 FCPATH\index.php(67): CodeIgniter\CodeIgniter->run()
14 SYSTEMPATH\Commands\Server\rewrite.php(43): require_once('FCPATH\\index.php')
CRITICAL - 2023-03-15 00:01:17 --> Undefined variable: kelas
in APPPATH\Views\v_kelas.php on line 36.
 1 APPPATH\Views\v_kelas.php(36): CodeIgniter\Debug\Exceptions->errorHandler(8, 'Undefined variable: kelas', 'APPPATH\\Views\\v_kelas.php', 36, [...])
 2 SYSTEMPATH\View\View.php(213): include('APPPATH\\Views\\v_kelas.php')
 3 SYSTEMPATH\View\View.php(216): CodeIgniter\View\View->CodeIgniter\View\{closure}()
 4 SYSTEMPATH\Common.php(1137): CodeIgniter\View\View->render('v_kelas', [], true)
 5 APPPATH\Views\v_template_admin.php(249): view('v_kelas')
 6 SYSTEMPATH\View\View.php(213): include('APPPATH\\Views\\v_template_admin.php')
 7 SYSTEMPATH\View\View.php(216): CodeIgniter\View\View->CodeIgniter\View\{closure}()
 8 SYSTEMPATH\Common.php(1137): CodeIgniter\View\View->render('v_template_admin', [], true)
 9 APPPATH\Controllers\Kelas.php(27): view('v_template_admin', [...])
10 SYSTEMPATH\CodeIgniter.php(904): App\Controllers\Kelas->index()
11 SYSTEMPATH\CodeIgniter.php(457): CodeIgniter\CodeIgniter->runController(Object(App\Controllers\Kelas))
12 SYSTEMPATH\CodeIgniter.php(340): CodeIgniter\CodeIgniter->handleRequest(null, Object(Config\Cache), false)
13 FCPATH\index.php(67): CodeIgniter\CodeIgniter->run()
14 SYSTEMPATH\Commands\Server\rewrite.php(43): require_once('FCPATH\\index.php')
CRITICAL - 2023-03-15 21:55:35 --> syntax error, unexpected ';', expecting ']'
in APPPATH\Controllers\Auth.php on line 97.
 1 SYSTEMPATH\Router\Router.php(499): CodeIgniter\Router\AutoRouter->getRoute('Auth/Register')
 2 SYSTEMPATH\Router\Router.php(205): CodeIgniter\Router\Router->autoRoute('Auth/Register')
 3 SYSTEMPATH\CodeIgniter.php(779): CodeIgniter\Router\Router->handle('Auth/Register')
 4 SYSTEMPATH\CodeIgniter.php(406): CodeIgniter\CodeIgniter->tryToRouteIt(Object(CodeIgniter\Router\RouteCollection))
 5 SYSTEMPATH\CodeIgniter.php(340): CodeIgniter\CodeIgniter->handleRequest(null, Object(Config\Cache), false)
 6 FCPATH\index.php(67): CodeIgniter\CodeIgniter->run()
 7 SYSTEMPATH\Commands\Server\rewrite.php(43): require_once('FCPATH\\index.php')
CRITICAL - 2023-03-15 22:26:46 --> Undefined variable: value
in APPPATH\Views\v_daftar_anggota.php on line 42.
 1 APPPATH\Views\v_daftar_anggota.php(42): CodeIgniter\Debug\Exceptions->errorHandler(8, 'Undefined variable: value', 'APPPATH\\Views\\v_daftar_anggota.php', 42, [...])
 2 SYSTEMPATH\View\View.php(213): include('APPPATH\\Views\\v_daftar_anggota.php')
 3 SYSTEMPATH\View\View.php(216): CodeIgniter\View\View->CodeIgniter\View\{closure}()
 4 SYSTEMPATH\Common.php(1137): CodeIgniter\View\View->render('v_daftar_anggota', [], true)
 5 APPPATH\Views\v_template_login.php(26): view('v_daftar_anggota')
 6 SYSTEMPATH\View\View.php(213): include('APPPATH\\Views\\v_template_login.php')
 7 SYSTEMPATH\View\View.php(216): CodeIgniter\View\View->CodeIgniter\View\{closure}()
 8 SYSTEMPATH\Common.php(1137): CodeIgniter\View\View->render('v_template_login', [], true)
 9 APPPATH\Controllers\Auth.php(99): view('v_template_login', [...])
10 SYSTEMPATH\CodeIgniter.php(904): App\Controllers\Auth->Register()
11 SYSTEMPATH\CodeIgniter.php(457): CodeIgniter\CodeIgniter->runController(Object(App\Controllers\Auth))
12 SYSTEMPATH\CodeIgniter.php(340): CodeIgniter\CodeIgniter->handleRequest(null, Object(Config\Cache), false)
13 FCPATH\index.php(67): CodeIgniter\CodeIgniter->run()
14 SYSTEMPATH\Commands\Server\rewrite.php(43): require_once('FCPATH\\index.php')
